 t: 21 delta: 0.1
 eta: 0.1
 epsilon: 0.1
----------
Loop 0 of sampler_3_Net29_count_164_w.u.cnf:
----------
Threshold T : 0.5845238095238097	 Tilt : 1.0000000000000002
numSolutions : 6232	 MaxSolutions : 9604
file was constructed with these [-117, 118, -119, 120, 121, -122, 123, 124, 125, -126, 127, 128, 129, 130, 131, -132, 133, -134, 135, -136, -137, 138, 139, -140, -141, 142, -143, 144, 145, 146, 147, 148, 149, -150, 151, 152, -153, 154, -155, 156, 157, 158, -159, 160, -161, -162, -163, 164, 165, 166, -167, -168, 169, 170, 171, -172, -173, 174, -175, -176, -177, -178, -179, 180, -181, 182, 183, -184, -185, -186, -187, 188, 189, -190, -191, 192, 193, 194, -195, -196, -197, -198, -199, 200, -201, 202, -203, -204, 205, -206, 207, 208, 209, -210, 211, 212, -213, -214, -215, 216, 217, 218, 219, -220, 221, -222, 223, 224, 225, -226, 227, -228, -229, -230, -231, 232, 233, -234, -235, -236, 237, -238, -239, 240, -241, 242, 243, -244, -245, -246, -247, -248, -249, 250, 251, 252, 253, 254, 255, 256, 257, 258, 259, -260, -261, -262, 263, 264, -265, -266, 267, 268, 269, 270, -271, 272, 273, 274, -275, 276, 277, 278, -279, -280], [117, 118, 119, 120, 121, -122, -123, 124, 125, -126, 127, 128, 129, 130, 131, 132, 133, 134, -135, -136, 137, 138, 139, -140, 141, 142, 143, 144, -145, 146, 147, 148, 149, -150, 151, -152, 153, 154, 155, -156, -157, -158, -159, 160, 161, -162, -163, -164, 165, -166, 167, 168, -169, 170, 171, 172, -173, 174, 175, -176, -177, -178, -179, 180, -181, 182, 183, 184, 185, 186, 187, -188, -189, 190, 191, 192, -193, 194, 195, 196, -197, -198, 199, 200, -201, -202, 203, -204, 205, 206, 207, 208, 209, 210, 211, 212, 213, 214, -215, 216, 217, 218, 219, 220, 221, 222, 223, 224, -225, -226, -227, 228, 229, 230, -231, 232, 233, -234, -235, 236, -237, -238, -239, 240, 241, -242, 243, -244, 245, 246, -247, -248, 249, 250, 251, 252, 253, 254, -255, 256, 257, -258, 259, -260, 261, 262, -263, -264, 265, 266, 267, -268, 269, -270, 271, -272, -273, 274, 275, -276, 277, -278, 279, 280] 
sigma1: 3404, sigma2: 3804, zer0: 2792
Bias calculated: 0.47225305216426194
----------
Loop 1 of sampler_3_Net29_count_164_w.u.cnf:
----------
Threshold T : 0.4603993543556445	 Tilt : 0.6049382716049383
numSolutions : 4768	 MaxSolutions : 8100
file was constructed with these [-117, 118, -119, 120, 121, -122, 123, 124, 125, -126, 127, 128, 129, 130, 131, -132, 133, -134, 135, -136, 137, 138, -139, 140, -141, 142, 143, -144, -145, -146, 147, -148, -149, 150, -151, -152, 153, -154, 155, 156, 157, 158, -159, 160, -161, -162, 163, 164, -165, 166, -167, -168, 169, 170, 171, -172, -173, 174, 175, -176, 177, 178, -179, -180, -181, 182, 183, 184, -185, 186, 187, -188, -189, -190, 191, -192, 193, 194, -195, -196, -197, 198, -199, 200, 201, 202, 203, -204, 205, -206, 207, -208, -209, 210, -211, -212, 213, 214, -215, -216, -217, 218, 219, -220, -221, -222, 223, 224, -225, -226, 227, -228, -229, -230, 231, -232, -233, -234, -235, 236, 237, -238, -239, 240, -241, -242, -243, 244, -245, -246, 247, -248, 249, -250, 251, -252, 253, -254, -255, 256, -257, -258, -259, -260, 261, -262, -263, -264, 265, 266, 267, -268, 269, -270, 271, 272, -273, -274, 275, 276, -277, 278, -279, -280], [117, 118, 119, 120, 121, 122, 123, 124, 125, -126, 127, 128, 129, 130, -131, -132, 133, 134, 135, 136, -137, 138, 139, 140, 141, 142, -143, -144, 145, 146, 147, 148, 149, 150, 151, 152, 153, 154, -155, 156, 157, -158, 159, 160, 161, 162, 163, 164, 165, -166, 167, 168, 169, 170, 171, -172, -173, 174, 175, 176, 177, 178, 179, 180, -181, 182, 183, 184, 185, 186, 187, 188, 189, 190, 191, 192, 193, 194, 195, 196, 197, 198, -199, 200, 201, -202, -203, 204, 205, 206, -207, 208, -209, 210, 211, 212, 213, 214, 215, -216, -217, 218, 219, -220, 221, 222, 223, 224, 225, 226, -227, 228, 229, -230, 231, -232, -233, 234, 235, 236, 237, -238, 239, 240, 241, -242, -243, 244, 245, 246, -247, 248, 249, 250, -251, 252, 253, 254, -255, 256, -257, 258, 259, 260, 261, 262, 263, 264, 265, 266, -267, -268, 269, 270, 271, 272, 273, 274, -275, 276, -277, 278, 279, 280] 
sigma1: 3914, sigma2: 3518, zer0: 1568
Bias calculated: 0.5266415500538213
Sampler: STS RejectIteration:1 TotalSolutionsGenerated:17706 TotalIdealSamples:2


 time taken : 32.93671989440918
