 t: 21 delta: 0.1
 eta: 0.1
 epsilon: 0.1
----------
Loop 0 of sampler_1_Net6_count_91_w.u.cnf:
----------
Threshold T : 0.5228119903704279	 Tilt : 0.7777777777777778
numSolutions : 5324	 MaxSolutions : 8649
file was constructed with these [-63, 64, 65, -66, 67, -68, -69, 70, 71, -72, -73, 74, -75, -76, -77, 78, 79, -80, 81, -82, -83, 84, -85, -86, -87, 88, -89, 90, 91, 92, 93, 94, -95, 96, -97, -98, -99, -100, 101, 102, -103, 104, 105, -106, -107, 108, 109, 110, -111, -112, 113, -114, -115, -116, -117, -118, 119, -120, -121, -122, -123, 124, -125, -126, -127, 128, -129, -130, 131, -132, -133, -134, -135, 136, 137, 138, -139, 140, -141, 142, 143, 144, 145, -146, -147, -148, 149, 150, 151, -152, 153], [-63, -64, 65, -66, -67, 68, 69, -70, -71, 72, 73, 74, 75, 76, -77, 78, -79, 80, 81, 82, -83, 84, -85, 86, -87, -88, 89, -90, -91, 92, 93, -94, -95, -96, -97, 98, 99, 100, 101, 102, -103, 104, 105, 106, 107, 108, 109, 110, -111, -112, 113, 114, 115, 116, -117, -118, 119, -120, 121, -122, 123, 124, 125, -126, 127, 128, 129, -130, -131, 132, 133, 134, 135, 136, 137, -138, 139, 140, 141, 142, -143, 144, -145, 146, 147, 148, -149, -150, 151, -152, -153] 
sigma1: 2679, sigma2: 3558, zer0: 2763
Bias calculated: 0.42953342953342954
----------
Loop 1 of sampler_1_Net6_count_91_w.u.cnf:
----------
Threshold T : 0.6437058445728967	 Tilt : 1.285714285714286
numSolutions : 7638	 MaxSolutions : 11236
file was constructed with these [-63, -64, 65, 66, 67, -68, 69, 70, 71, 72, -73, -74, -75, 76, -77, -78, -79, 80, 81, 82, 83, -84, -85, 86, -87, -88, -89, -90, 91, 92, -93, -94, 95, -96, 97, 98, -99, -100, -101, -102, -103, 104, 105, -106, 107, 108, 109, 110, 111, 112, 113, 114, -115, 116, 117, -118, 119, 120, -121, -122, -123, 124, 125, 126, 127, -128, -129, 130, 131, 132, 133, -134, -135, 136, 137, -138, 139, -140, 141, 142, -143, -144, 145, -146, -147, -148, 149, 150, -151, 152, -153], [63, 64, 65, -66, 67, 68, -69, 70, 71, -72, 73, 74, 75, 76, 77, 78, 79, 80, 81, 82, 83, 84, -85, -86, -87, 88, 89, 90, 91, -92, -93, 94, -95, 96, -97, -98, 99, 100, 101, 102, 103, 104, 105, 106, 107, -108, 109, 110, -111, 112, 113, 114, 115, 116, 117, 118, 119, 120, 121, -122, -123, -124, -125, 126, 127, 128, 129, -130, -131, 132, 133, 134, -135, -136, 137, 138, -139, 140, -141, -142, 143, -144, -145, 146, 147, 148, 149, 150, -151, -152, 153] 
sigma1: 5311, sigma2: 3870, zer0: 2819
Bias calculated: 0.5784772900555495
----------
Loop 2 of sampler_1_Net6_count_91_w.u.cnf:
----------
Threshold T : 0.7928854408009137	 Tilt : 2.732611411911705
numSolutions : 18029	 MaxSolutions : 24336
file was constructed with these [63, 64, -65, 66, -67, -68, 69, 70, 71, 72, 73, 74, -75, 76, -77, 78, -79, 80, 81, 82, 83, 84, -85, -86, -87, 88, -89, 90, -91, -92, 93, -94, -95, 96, -97, 98, 99, -100, 101, -102, -103, -104, -105, 106, -107, 108, -109, 110, 111, 112, 113, 114, -115, -116, 117, -118, 119, -120, 121, -122, -123, -124, -125, 126, -127, 128, -129, -130, -131, -132, 133, 134, 135, -136, -137, 138, -139, -140, 141, -142, 143, 144, 145, 146, -147, -148, -149, 150, -151, 152, -153], [-63, 64, 65, -66, -67, 68, 69, 70, 71, -72, 73, -74, -75, 76, 77, 78, 79, 80, -81, 82, 83, 84, 85, 86, 87, -88, 89, 90, 91, 92, 93, 94, 95, 96, 97, 98, 99, -100, -101, 102, 103, 104, -105, -106, -107, -108, 109, -110, -111, -112, -113, 114, 115, -116, -117, 118, 119, 120, 121, -122, 123, 124, -125, 126, 127, 128, 129, 130, 131, 132, 133, 134, 135, -136, 137, -138, 139, -140, 141, -142, -143, 144, 145, -146, 147, 148, -149, 150, -151, -152, 153] 
sigma1: 13954, sigma2: 5301, zer0: 5745
Bias calculated: 0.7246948844455986
----------
Loop 3 of sampler_1_Net6_count_91_w.u.cnf:
----------
Threshold T : 0.522811990370428	 Tilt : 0.777777777777778
numSolutions : 5324	 MaxSolutions : 8649
file was constructed with these [63, 64, -65, 66, -67, -68, 69, 70, 71, 72, 73, 74, -75, 76, -77, 78, -79, 80, 81, 82, 83, 84, -85, -86, -87, 88, -89, 90, -91, -92, 93, -94, -95, 96, -97, 98, 99, -100, 101, -102, -103, -104, -105, 106, -107, 108, -109, 110, 111, 112, 113, 114, -115, -116, 117, -118, 119, -120, 121, -122, -123, -124, -125, 126, -127, 128, -129, -130, -131, -132, 133, 134, 135, -136, -137, 138, -139, -140, 141, -142, 143, 144, 145, 146, -147, -148, -149, 150, -151, 152, -153], [63, 64, -65, -66, 67, 68, -69, 70, 71, 72, 73, 74, 75, -76, -77, 78, -79, 80, 81, 82, -83, 84, 85, 86, 87, 88, 89, 90, -91, 92, 93, 94, 95, 96, 97, 98, 99, 100, 101, 102, 103, 104, 105, 106, 107, 108, 109, 110, 111, 112, 113, 114, 115, 116, 117, 118, 119, -120, 121, 122, 123, 124, 125, 126, -127, -128, 129, 130, -131, -132, -133, 134, 135, 136, 137, 138, 139, -140, 141, -142, -143, 144, -145, 146, -147, 148, 149, 150, 151, 152, 153] 
sigma1: 2716, sigma2: 3631, zer0: 2653
Bias calculated: 0.4279187017488577
----------
Loop 4 of sampler_1_Net6_count_91_w.u.cnf:
----------
Threshold T : 0.46039935435564455	 Tilt : 0.6049382716049384
numSolutions : 4768	 MaxSolutions : 7225
file was constructed with these [-63, 64, 65, -66, 67, -68, -69, 70, 71, -72, -73, 74, -75, -76, -77, 78, 79, -80, 81, -82, -83, 84, -85, -86, -87, 88, -89, 90, 91, 92, 93, 94, -95, 96, -97, -98, -99, -100, 101, 102, -103, 104, 105, -106, -107, 108, 109, 110, -111, -112, 113, -114, -115, -116, -117, -118, 119, -120, -121, -122, -123, 124, -125, -126, -127, 128, -129, -130, 131, -132, -133, -134, -135, 136, 137, 138, -139, 140, -141, 142, 143, 144, 145, -146, -147, -148, 149, 150, 151, -152, 153], [-63, 64, -65, -66, 67, 68, -69, 70, 71, -72, -73, -74, -75, 76, -77, 78, -79, 80, 81, -82, 83, 84, -85, 86, -87, 88, -89, -90, 91, 92, 93, 94, 95, -96, 97, -98, -99, 100, 101, -102, -103, -104, 105, 106, 107, 108, -109, 110, 111, 112, 113, -114, -115, -116, -117, 118, 119, 120, 121, 122, 123, 124, -125, 126, -127, 128, 129, 130, 131, 132, 133, 134, 135, -136, 137, 138, 139, -140, 141, 142, 143, -144, 145, 146, 147, 148, 149, -150, 151, 152, 153] 
sigma1: 2089, sigma2: 3779, zer0: 2132
Bias calculated: 0.3559986366734833
----------
Loop 5 of sampler_1_Net6_count_91_w.u.cnf:
----------
Threshold T : 0.5845238095238096	 Tilt : 1.0
numSolutions : 6232	 MaxSolutions : 10609
file was constructed with these [63, 64, -65, 66, -67, -68, 69, -70, -71, -72, 73, -74, -75, 76, 77, -78, -79, -80, -81, -82, -83, -84, -85, -86, -87, -88, 89, 90, -91, 92, 93, -94, -95, 96, 97, -98, 99, -100, -101, 102, 103, 104, 105, 106, -107, 108, 109, -110, -111, 112, 113, -114, -115, -116, 117, -118, 119, -120, 121, 122, -123, -124, -125, 126, -127, -128, 129, -130, -131, -132, 133, 134, -135, 136, -137, 138, -139, -140, 141, 142, 143, 144, 145, 146, -147, 148, 149, 150, -151, -152, -153], [63, 64, 65, 66, 67, 68, 69, 70, 71, -72, 73, -74, -75, 76, 77, 78, 79, 80, -81, 82, 83, 84, 85, 86, 87, 88, -89, 90, 91, 92, 93, -94, 95, 96, 97, 98, 99, 100, -101, 102, 103, -104, 105, 106, 107, 108, 109, -110, -111, 112, 113, 114, 115, 116, -117, 118, 119, 120, -121, 122, -123, 124, 125, 126, -127, 128, 129, 130, 131, -132, 133, 134, -135, -136, 137, 138, -139, 140, 141, 142, 143, 144, -145, 146, -147, 148, 149, 150, 151, 152, 153] 
sigma1: 3641, sigma2: 3728, zer0: 3631
Bias calculated: 0.49409689238702675
----------
Loop 6 of sampler_1_Net6_count_91_w.u.cnf:
----------
Threshold T : 0.39919835120426406	 Tilt : 0.47050754458161875
numSolutions : 4473	 MaxSolutions : 6561
file was constructed with these [-63, -64, 65, -66, -67, 68, 69, 70, -71, -72, -73, 74, -75, 76, 77, 78, -79, -80, -81, 82, -83, 84, -85, 86, 87, -88, -89, -90, -91, 92, 93, -94, 95, -96, 97, 98, 99, -100, -101, -102, -103, 104, -105, 106, -107, 108, -109, 110, 111, -112, -113, -114, 115, 116, 117, 118, 119, 120, -121, -122, -123, 124, 125, -126, -127, -128, -129, -130, 131, -132, 133, -134, -135, -136, -137, 138, -139, 140, 141, -142, -143, 144, -145, 146, -147, -148, 149, 150, -151, -152, 153], [-63, 64, -65, 66, 67, 68, 69, 70, -71, 72, 73, 74, -75, 76, -77, 78, -79, -80, 81, -82, 83, 84, 85, -86, 87, 88, 89, -90, 91, 92, 93, 94, 95, -96, 97, -98, -99, 100, 101, -102, -103, 104, 105, 106, 107, 108, 109, 110, 111, -112, -113, 114, 115, 116, -117, 118, 119, 120, 121, -122, 123, -124, 125, 126, 127, 128, -129, 130, 131, 132, 133, -134, -135, -136, 137, 138, 139, 140, 141, 142, 143, 144, 145, 146, -147, 148, 149, -150, 151, -152, -153] 
sigma1: 1672, sigma2: 3670, zer0: 1658
Bias calculated: 0.31299138899288653
----------
Loop 7 of sampler_1_Net6_count_91_w.u.cnf:
----------
Threshold T : 0.6437058445728967	 Tilt : 1.285714285714286
numSolutions : 7638	 MaxSolutions : 13689
file was constructed with these [-63, 64, -65, 66, -67, -68, 69, 70, 71, 72, 73, 74, 75, 76, 77, 78, -79, -80, 81, -82, -83, 84, 85, 86, 87, -88, -89, -90, -91, 92, 93, -94, 95, 96, 97, 98, 99, -100, 101, -102, -103, 104, -105, 106, -107, -108, 109, 110, 111, -112, -113, 114, -115, 116, -117, 118, 119, -120, 121, 122, 123, 124, -125, -126, -127, -128, 129, -130, -131, -132, 133, -134, -135, -136, -137, -138, 139, 140, 141, -142, 143, -144, -145, -146, -147, 148, -149, -150, 151, 152, -153], [63, 64, 65, -66, 67, 68, -69, 70, 71, 72, -73, -74, -75, 76, 77, 78, 79, 80, 81, -82, -83, 84, 85, -86, -87, 88, 89, 90, 91, 92, 93, 94, -95, 96, 97, 98, -99, 100, 101, 102, 103, -104, -105, 106, 107, -108, 109, 110, 111, -112, 113, 114, -115, -116, 117, 118, 119, 120, 121, 122, 123, -124, 125, 126, 127, 128, 129, -130, 131, 132, -133, 134, 135, 136, 137, 138, 139, -140, 141, 142, 143, 144, 145, 146, -147, 148, 149, -150, 151, -152, 153] 
sigma1: 5251, sigma2: 3733, zer0: 5016
Bias calculated: 0.5844835262689225
----------
Loop 8 of sampler_1_Net6_count_91_w.u.cnf:
----------
Threshold T : 0.7928854408009137	 Tilt : 2.732611411911705
numSolutions : 18029	 MaxSolutions : 26244
file was constructed with these [63, 64, -65, 66, -67, -68, 69, 70, 71, 72, 73, 74, -75, 76, -77, 78, -79, 80, 81, 82, 83, 84, -85, -86, -87, 88, -89, 90, -91, -92, 93, -94, -95, 96, -97, 98, 99, -100, 101, -102, -103, -104, -105, 106, -107, 108, -109, 110, 111, 112, 113, 114, -115, -116, 117, -118, 119, -120, 121, -122, -123, -124, -125, 126, -127, 128, -129, -130, -131, -132, 133, 134, 135, -136, -137, 138, -139, -140, 141, -142, 143, 144, 145, 146, -147, -148, -149, 150, -151, 152, -153], [63, 64, 65, -66, 67, 68, 69, 70, 71, 72, 73, -74, -75, 76, 77, 78, 79, 80, 81, 82, 83, -84, 85, 86, 87, 88, 89, -90, 91, 92, 93, -94, -95, 96, 97, 98, 99, 100, -101, 102, 103, 104, 105, 106, -107, -108, 109, 110, -111, 112, 113, -114, 115, -116, -117, 118, 119, 120, 121, 122, 123, 124, -125, 126, 127, 128, 129, 130, 131, -132, 133, 134, 135, 136, -137, 138, 139, 140, 141, -142, 143, -144, -145, -146, 147, -148, -149, 150, 151, -152, 153] 
sigma1: 14061, sigma2: 5451, zer0: 7488
Bias calculated: 0.7206334563345633
----------
Loop 9 of sampler_1_Net6_count_91_w.u.cnf:
----------
Threshold T : 0.6988193210511551	 Tilt : 1.6530612244897964
numSolutions : 9781	 MaxSolutions : 16384
file was constructed with these [63, 64, -65, -66, -67, -68, -69, 70, 71, -72, -73, 74, -75, 76, -77, -78, -79, -80, -81, 82, 83, 84, 85, 86, -87, -88, 89, -90, -91, 92, -93, 94, -95, -96, -97, -98, 99, -100, 101, -102, 103, 104, 105, -106, 107, 108, -109, 110, -111, 112, -113, 114, 115, 116, -117, 118, 119, -120, -121, -122, 123, 124, 125, 126, 127, -128, -129, -130, 131, -132, -133, 134, 135, -136, -137, -138, -139, -140, -141, -142, 143, 144, -145, -146, 147, 148, -149, 150, -151, 152, 153], [63, -64, -65, -66, 67, 68, -69, -70, 71, -72, -73, 74, 75, 76, -77, 78, 79, 80, 81, 82, 83, -84, -85, 86, -87, -88, -89, -90, 91, 92, -93, 94, -95, 96, 97, 98, 99, -100, 101, -102, 103, -104, -105, 106, 107, 108, 109, 110, 111, 112, 113, 114, -115, 116, -117, 118, -119, -120, 121, 122, 123, 124, 125, -126, -127, 128, 129, 130, -131, 132, 133, 134, 135, -136, 137, -138, -139, -140, 141, 142, 143, 144, 145, -146, 147, -148, 149, -150, 151, 152, 153] 
sigma1: 6926, sigma2: 4027, zer0: 6047
Bias calculated: 0.6323381721902676
----------
Loop 10 of sampler_1_Net6_count_91_w.u.cnf:
----------
Threshold T : 0.7928854408009137	 Tilt : 2.732611411911705
numSolutions : 18029	 MaxSolutions : 28900
file was constructed with these [-63, 64, -65, 66, -67, -68, 69, 70, 71, 72, 73, 74, 75, 76, 77, 78, -79, -80, 81, -82, -83, 84, 85, 86, 87, -88, -89, -90, -91, 92, 93, -94, 95, 96, 97, 98, 99, -100, 101, -102, -103, 104, -105, 106, -107, -108, 109, 110, 111, -112, -113, 114, -115, 116, -117, 118, 119, -120, 121, 122, 123, 124, -125, -126, -127, -128, 129, -130, -131, -132, 133, -134, -135, -136, -137, -138, 139, 140, 141, -142, 143, -144, -145, -146, -147, 148, -149, -150, 151, 152, -153], [63, 64, 65, -66, 67, 68, 69, 70, 71, -72, 73, 74, -75, -76, -77, 78, 79, -80, 81, -82, 83, -84, 85, -86, -87, 88, -89, 90, 91, -92, 93, 94, 95, 96, 97, 98, 99, -100, 101, -102, 103, 104, 105, 106, 107, 108, 109, -110, -111, 112, 113, -114, -115, -116, 117, -118, 119, 120, -121, 122, -123, 124, 125, 126, 127, 128, 129, 130, 131, 132, -133, 134, 135, 136, 137, 138, 139, -140, 141, -142, 143, 144, -145, 146, 147, 148, 149, -150, 151, 152, 153] 
sigma1: 15061, sigma2: 5485, zer0: 8454
Bias calculated: 0.7330380609364353
----------
Loop 11 of sampler_1_Net6_count_91_w.u.cnf:
----------
Threshold T : 0.5845238095238096	 Tilt : 1.0
numSolutions : 6232	 MaxSolutions : 10609
file was constructed with these [63, 64, 65, 66, -67, -68, 69, -70, -71, -72, 73, -74, 75, -76, -77, -78, -79, -80, -81, 82, 83, -84, 85, 86, -87, 88, 89, 90, -91, 92, 93, -94, -95, 96, -97, -98, 99, -100, 101, -102, -103, -104, -105, 106, 107, 108, -109, -110, -111, -112, 113, -114, -115, 116, 117, 118, -119, 120, -121, 122, -123, -124, -125, 126, -127, -128, -129, -130, 131, 132, -133, -134, 135, 136, -137, -138, 139, -140, -141, -142, 143, 144, 145, 146, -147, 148, -149, 150, -151, 152, 153], [-63, -64, 65, 66, -67, -68, 69, 70, -71, 72, 73, -74, -75, 76, -77, 78, 79, 80, -81, 82, 83, 84, -85, 86, -87, -88, 89, 90, 91, 92, -93, 94, -95, -96, 97, 98, 99, 100, -101, -102, 103, 104, 105, 106, -107, 108, 109, -110, 111, -112, 113, -114, 115, 116, 117, 118, 119, 120, 121, -122, 123, -124, 125, 126, -127, -128, 129, 130, -131, 132, 133, 134, 135, -136, -137, -138, 139, -140, 141, 142, 143, 144, 145, 146, -147, 148, -149, -150, 151, -152, 153] 
sigma1: 3675, sigma2: 3662, zer0: 3663
Bias calculated: 0.5008859206760257
----------
Loop 12 of sampler_1_Net6_count_91_w.u.cnf:
----------
Threshold T : 0.6437058445728967	 Tilt : 1.2857142857142867
numSolutions : 7638	 MaxSolutions : 11236
file was constructed with these [-63, -64, 65, -66, -67, 68, 69, 70, -71, -72, -73, 74, -75, 76, 77, 78, -79, -80, -81, 82, -83, 84, -85, 86, 87, -88, -89, -90, -91, 92, 93, -94, 95, -96, 97, 98, 99, -100, -101, -102, -103, 104, -105, 106, -107, 108, -109, 110, 111, -112, -113, -114, 115, 116, 117, 118, 119, 120, -121, -122, -123, 124, 125, -126, -127, -128, -129, -130, 131, -132, 133, -134, -135, -136, -137, 138, -139, 140, 141, -142, -143, 144, -145, 146, -147, -148, 149, 150, -151, -152, 153], [63, 64, -65, 66, 67, 68, 69, 70, 71, 72, -73, 74, -75, -76, -77, 78, -79, 80, 81, 82, 83, 84, 85, 86, 87, 88, 89, 90, 91, 92, 93, 94, -95, 96, 97, 98, 99, 100, -101, 102, 103, 104, -105, 106, 107, -108, 109, 110, 111, -112, -113, 114, 115, 116, -117, 118, 119, 120, 121, 122, 123, -124, 125, -126, 127, 128, 129, 130, 131, 132, 133, 134, -135, -136, 137, -138, -139, -140, -141, 142, 143, 144, 145, -146, 147, 148, 149, 150, 151, 152, 153] 
sigma1: 4728, sigma2: 4133, zer0: 3139
Bias calculated: 0.5335740887033066
----------
Loop 13 of sampler_1_Net6_count_91_w.u.cnf:
----------
Threshold T : 0.5228119903704279	 Tilt : 0.7777777777777778
numSolutions : 5324	 MaxSolutions : 8649
file was constructed with these [-63, -64, 65, -66, -67, 68, 69, 70, -71, -72, -73, 74, -75, 76, 77, 78, -79, -80, -81, 82, -83, 84, -85, 86, 87, -88, -89, -90, -91, 92, 93, -94, 95, -96, 97, 98, 99, -100, -101, -102, -103, 104, -105, 106, -107, 108, -109, 110, 111, -112, -113, -114, 115, 116, 117, 118, 119, 120, -121, -122, -123, 124, 125, -126, -127, -128, -129, -130, 131, -132, 133, -134, -135, -136, -137, 138, -139, 140, 141, -142, -143, 144, -145, 146, -147, -148, 149, 150, -151, -152, 153], [63, 64, 65, -66, 67, 68, -69, 70, 71, -72, 73, -74, 75, -76, 77, -78, 79, 80, 81, 82, 83, 84, 85, -86, -87, 88, -89, 90, 91, 92, 93, 94, 95, 96, 97, -98, 99, 100, 101, -102, -103, 104, 105, 106, 107, 108, 109, 110, -111, -112, -113, 114, -115, 116, -117, 118, -119, -120, 121, -122, 123, 124, -125, -126, 127, -128, -129, -130, 131, 132, -133, 134, 135, -136, 137, 138, 139, 140, 141, 142, 143, 144, 145, 146, 147, 148, -149, -150, 151, 152, -153] 
sigma1: 2743, sigma2: 3420, zer0: 2837
Bias calculated: 0.44507545026772677
----------
Loop 14 of sampler_1_Net6_count_91_w.u.cnf:
----------
Threshold T : 0.6437058445728967	 Tilt : 1.2857142857142858
numSolutions : 7638	 MaxSolutions : 12321
file was constructed with these [63, 64, 65, 66, -67, -68, 69, -70, -71, -72, 73, -74, 75, -76, -77, -78, -79, -80, -81, 82, 83, -84, 85, 86, -87, 88, 89, 90, -91, 92, 93, -94, -95, 96, -97, -98, 99, -100, 101, -102, -103, -104, -105, 106, 107, 108, -109, -110, -111, -112, 113, -114, -115, 116, 117, 118, -119, 120, -121, 122, -123, -124, -125, 126, -127, -128, -129, -130, 131, 132, -133, -134, 135, 136, -137, -138, 139, -140, -141, -142, 143, 144, 145, 146, -147, 148, -149, 150, -151, 152, 153], [63, 64, -65, -66, -67, -68, 69, 70, -71, -72, 73, 74, -75, 76, 77, 78, -79, 80, 81, 82, 83, 84, 85, 86, -87, 88, 89, 90, 91, -92, 93, -94, 95, 96, -97, -98, -99, 100, -101, 102, 103, -104, -105, 106, 107, 108, 109, 110, 111, -112, 113, 114, 115, 116, -117, 118, 119, -120, -121, 122, 123, -124, 125, -126, 127, 128, -129, -130, 131, -132, 133, 134, -135, -136, 137, -138, 139, -140, -141, 142, 143, -144, -145, -146, -147, 148, 149, 150, 151, 152, 153] 
sigma1: 5241, sigma2: 3924, zer0: 3835
Bias calculated: 0.5718494271685761
----------
Loop 15 of sampler_1_Net6_count_91_w.u.cnf:
----------
Threshold T : 0.46039935435564455	 Tilt : 0.6049382716049384
numSolutions : 4768	 MaxSolutions : 7225
file was constructed with these [-63, -64, 65, 66, 67, -68, 69, 70, 71, 72, -73, -74, -75, 76, -77, -78, -79, 80, 81, 82, 83, -84, -85, 86, -87, -88, -89, -90, 91, 92, -93, -94, 95, -96, 97, 98, -99, -100, -101, -102, -103, 104, 105, -106, 107, 108, 109, 110, 111, 112, 113, 114, -115, 116, 117, -118, 119, 120, -121, -122, -123, 124, 125, 126, 127, -128, -129, 130, 131, 132, 133, -134, -135, 136, 137, -138, 139, -140, 141, 142, -143, -144, 145, -146, -147, -148, 149, 150, -151, 152, -153], [63, 64, -65, 66, -67, 68, -69, 70, -71, -72, 73, -74, 75, -76, -77, 78, -79, 80, 81, 82, -83, 84, 85, 86, 87, 88, 89, 90, -91, -92, -93, -94, 95, 96, 97, 98, 99, 100, 101, 102, 103, -104, -105, 106, -107, 108, -109, 110, 111, 112, 113, 114, 115, 116, 117, 118, 119, 120, 121, -122, -123, -124, -125, -126, 127, -128, 129, 130, 131, 132, 133, 134, 135, 136, -137, -138, 139, -140, -141, 142, -143, -144, 145, 146, -147, 148, 149, 150, 151, 152, 153] 
sigma1: 2116, sigma2: 3666, zer0: 2218
Bias calculated: 0.3659633344863369
----------
Loop 16 of sampler_1_Net6_count_91_w.u.cnf:
----------
Threshold T : 0.7928854408009137	 Tilt : 2.732611411911705
numSolutions : 18029	 MaxSolutions : 26244
file was constructed with these [-63, 64, -65, 66, -67, -68, 69, 70, 71, 72, 73, 74, 75, 76, 77, 78, -79, -80, 81, -82, -83, 84, 85, 86, 87, -88, -89, -90, -91, 92, 93, -94, 95, 96, 97, 98, 99, -100, 101, -102, -103, 104, -105, 106, -107, -108, 109, 110, 111, -112, -113, 114, -115, 116, -117, 118, 119, -120, 121, 122, 123, 124, -125, -126, -127, -128, 129, -130, -131, -132, 133, -134, -135, -136, -137, -138, 139, 140, 141, -142, 143, -144, -145, -146, -147, 148, -149, -150, 151, 152, -153], [63, 64, -65, -66, 67, 68, 69, 70, 71, -72, 73, 74, -75, -76, 77, -78, -79, 80, -81, -82, -83, 84, 85, 86, 87, 88, 89, -90, 91, 92, 93, 94, 95, 96, -97, 98, -99, -100, 101, 102, -103, 104, -105, -106, 107, 108, 109, 110, -111, 112, 113, 114, 115, 116, -117, -118, 119, -120, -121, -122, -123, 124, -125, 126, 127, 128, -129, 130, 131, 132, 133, 134, 135, 136, -137, 138, -139, 140, 141, 142, 143, 144, 145, 146, -147, -148, -149, 150, 151, 152, 153] 
sigma1: 14646, sigma2: 5716, zer0: 6638
Bias calculated: 0.7192810136528828
----------
Loop 17 of sampler_1_Net6_count_91_w.u.cnf:
----------
Threshold T : 0.46039935435564455	 Tilt : 0.6049382716049384
numSolutions : 4768	 MaxSolutions : 7225
file was constructed with these [63, 64, -65, -66, -67, -68, -69, -70, -71, -72, -73, 74, -75, -76, -77, 78, -79, -80, 81, -82, 83, 84, 85, 86, 87, 88, 89, -90, 91, 92, 93, -94, 95, -96, -97, 98, 99, 100, -101, 102, 103, 104, -105, 106, 107, -108, 109, -110, -111, 112, 113, 114, 115, -116, -117, 118, -119, -120, -121, -122, 123, -124, 125, -126, -127, -128, 129, -130, 131, 132, -133, -134, 135, -136, -137, 138, -139, 140, 141, -142, -143, -144, -145, -146, 147, -148, 149, -150, -151, -152, -153], [63, 64, -65, 66, -67, -68, -69, -70, -71, 72, 73, 74, -75, 76, 77, -78, 79, 80, 81, 82, -83, -84, -85, -86, 87, 88, 89, 90, 91, -92, -93, 94, -95, 96, -97, -98, 99, 100, 101, 102, 103, -104, 105, -106, -107, -108, 109, -110, 111, 112, -113, 114, 115, -116, 117, 118, -119, -120, -121, 122, 123, 124, 125, -126, 127, 128, 129, 130, -131, 132, -133, -134, 135, 136, 137, 138, -139, 140, 141, 142, 143, 144, -145, -146, 147, 148, 149, 150, -151, 152, 153] 
sigma1: 2135, sigma2: 3737, zer0: 2128
Bias calculated: 0.3635899182561308
----------
Loop 18 of sampler_1_Net6_count_91_w.u.cnf:
----------
Threshold T : 0.522811990370428	 Tilt : 0.7777777777777781
numSolutions : 5324	 MaxSolutions : 7921
file was constructed with these [63, -64, 65, 66, -67, 68, 69, -70, -71, -72, -73, -74, 75, 76, 77, 78, -79, -80, -81, 82, 83, 84, 85, -86, -87, -88, -89, 90, -91, 92, 93, 94, -95, 96, -97, -98, 99, 100, -101, -102, -103, -104, -105, -106, -107, 108, 109, 110, 111, -112, -113, 114, 115, 116, -117, 118, -119, 120, -121, 122, -123, -124, -125, 126, -127, -128, -129, 130, 131, 132, -133, 134, -135, -136, -137, 138, 139, 140, 141, -142, -143, -144, 145, 146, 147, 148, -149, 150, 151, -152, 153], [63, 64, 65, 66, 67, -68, 69, 70, -71, -72, -73, 74, -75, 76, 77, -78, 79, 80, 81, -82, 83, -84, 85, 86, 87, 88, 89, 90, -91, 92, -93, 94, -95, 96, 97, 98, 99, 100, 101, -102, 103, 104, 105, 106, 107, -108, 109, 110, 111, -112, -113, 114, -115, 116, 117, -118, 119, -120, 121, 122, 123, -124, -125, 126, 127, -128, -129, 130, 131, -132, -133, 134, -135, 136, 137, 138, 139, -140, -141, 142, 143, 144, 145, 146, -147, -148, 149, 150, 151, 152, -153] 
sigma1: 2668, sigma2: 3265, zer0: 2067
Bias calculated: 0.4496881847294792
----------
Loop 19 of sampler_1_Net6_count_91_w.u.cnf:
----------
Threshold T : 0.6437058445728967	 Tilt : 1.285714285714286
numSolutions : 7638	 MaxSolutions : 12321
file was constructed with these [63, 64, -65, 66, -67, -68, 69, 70, 71, 72, 73, 74, -75, 76, -77, 78, -79, 80, 81, 82, 83, 84, -85, -86, -87, 88, -89, 90, -91, -92, 93, -94, -95, 96, -97, 98, 99, -100, 101, -102, -103, -104, -105, 106, -107, 108, -109, 110, 111, 112, 113, 114, -115, -116, 117, -118, 119, -120, 121, -122, -123, -124, -125, 126, -127, 128, -129, -130, -131, -132, 133, 134, 135, -136, -137, 138, -139, -140, 141, -142, 143, 144, 145, 146, -147, -148, -149, 150, -151, 152, -153], [63, 64, 65, -66, 67, 68, 69, 70, 71, 72, -73, 74, -75, 76, -77, 78, 79, 80, 81, -82, 83, 84, -85, -86, 87, 88, 89, -90, 91, 92, 93, 94, 95, 96, 97, 98, -99, 100, 101, 102, 103, -104, 105, -106, -107, 108, -109, 110, -111, -112, 113, 114, 115, 116, -117, -118, -119, -120, 121, 122, -123, 124, 125, 126, 127, -128, 129, 130, 131, 132, 133, -134, 135, 136, 137, -138, 139, 140, 141, -142, -143, 144, 145, 146, -147, 148, 149, 150, -151, -152, 153] 
sigma1: 4940, sigma2: 3971, zer0: 4089
Bias calculated: 0.5543710021321961
----------
Loop 20 of sampler_1_Net6_count_91_w.u.cnf:
----------
Threshold T : 0.522811990370428	 Tilt : 0.777777777777778
numSolutions : 5324	 MaxSolutions : 7921
file was constructed with these [63, 64, -65, 66, -67, -68, 69, 70, 71, 72, 73, 74, -75, 76, -77, 78, -79, 80, 81, 82, 83, 84, -85, -86, -87, 88, -89, 90, -91, -92, 93, -94, -95, 96, -97, 98, 99, -100, 101, -102, -103, -104, -105, 106, -107, 108, -109, 110, 111, 112, 113, 114, -115, -116, 117, -118, 119, -120, 121, -122, -123, -124, -125, 126, -127, 128, -129, -130, -131, -132, 133, 134, 135, -136, -137, 138, -139, -140, 141, -142, 143, 144, 145, 146, -147, -148, -149, 150, -151, 152, -153], [-63, 64, 65, 66, -67, 68, 69, 70, 71, -72, -73, -74, -75, 76, 77, -78, 79, -80, -81, 82, -83, -84, 85, -86, 87, 88, 89, 90, -91, -92, -93, -94, -95, -96, 97, 98, 99, 100, 101, 102, 103, 104, 105, 106, 107, -108, -109, 110, -111, 112, 113, -114, -115, 116, 117, 118, 119, 120, 121, -122, 123, -124, 125, 126, -127, -128, -129, 130, 131, 132, 133, -134, 135, 136, 137, 138, -139, 140, 141, 142, -143, 144, 145, -146, -147, 148, -149, -150, 151, -152, 153] 
sigma1: 2387, sigma2: 3526, zer0: 2087
Bias calculated: 0.4036867918146457
Sampler: UniGen3 Accept:1 TotalSolutionsGenerated: 274175 TotalIdealSamples: 21


 time taken : 3920.788838148117
