 t: 21 delta: 0.1
 eta: 0.1
 epsilon: 0.1
----------
Loop 0 of sampler_2_Net8_count_96_w.u.cnf:
----------
Threshold T : 0.6437058445728967	 Tilt : 1.2857142857142858
numSolutions : 7638	 MaxSolutions : 13689
file was constructed with these [67, -68, 69, -70, 71, -72, -73, -74, -75, 76, -77, 78, 79, -80, 81, 82, 83, -84, -85, 86, -87, 88, 89, 90, -91, -92, 93, 94, 95, 96, -97, -98, 99, -100, -101, 102, 103, 104, 105, 106, -107, 108, -109, 110, 111, 112, 113, 114, 115, 116, -117, -118, -119, 120, 121, -122, -123, -124, 125, 126, -127, -128, 129, 130, -131, -132, -133, 134, 135, 136, 137, 138, 139, 140, 141, -142, 143, -144, 145, -146, 147, -148, -149, 150, 151, 152, 153, 154, -155, -156, 157, -158, 159, -160, 161, -162], [67, 68, -69, -70, 71, -72, 73, 74, -75, 76, 77, 78, 79, -80, 81, 82, 83, 84, 85, -86, 87, 88, 89, 90, 91, -92, 93, 94, 95, -96, 97, 98, -99, 100, -101, 102, 103, 104, -105, 106, 107, 108, 109, 110, 111, 112, 113, 114, 115, -116, -117, -118, 119, -120, -121, -122, 123, 124, -125, 126, 127, 128, 129, 130, 131, 132, 133, 134, 135, 136, 137, -138, 139, -140, 141, 142, 143, -144, 145, 146, 147, 148, 149, 150, 151, 152, 153, 154, 155, -156, 157, 158, 159, 160, -161, 162] 
sigma1: 4430, sigma2: 4574, zer0: 4996
Bias calculated: 0.49200355397601064
----------
Loop 1 of sampler_2_Net8_count_96_w.u.cnf:
----------
Threshold T : 0.7487552976603098	 Tilt : 2.1253644314868816
numSolutions : 13040	 MaxSolutions : 25921
file was constructed with these [67, -68, 69, -70, 71, 72, -73, 74, -75, -76, -77, 78, -79, 80, -81, -82, -83, -84, -85, 86, 87, -88, 89, -90, -91, -92, -93, 94, -95, -96, -97, 98, -99, -100, 101, 102, -103, 104, 105, 106, -107, 108, 109, -110, -111, 112, 113, -114, 115, 116, 117, -118, -119, 120, -121, -122, 123, -124, -125, 126, -127, 128, 129, 130, 131, -132, -133, -134, -135, 136, -137, -138, -139, 140, -141, -142, -143, -144, -145, -146, 147, -148, -149, 150, 151, 152, -153, -154, 155, -156, -157, 158, 159, 160, -161, -162], [-67, -68, 69, -70, 71, 72, 73, -74, 75, 76, 77, 78, -79, 80, 81, 82, -83, 84, 85, 86, 87, 88, 89, 90, 91, 92, 93, 94, -95, 96, 97, 98, 99, -100, -101, 102, 103, -104, 105, 106, -107, 108, -109, 110, 111, 112, 113, 114, 115, 116, -117, 118, 119, -120, 121, -122, 123, -124, 125, -126, -127, 128, 129, 130, 131, 132, 133, 134, 135, 136, 137, 138, -139, 140, -141, 142, -143, -144, 145, -146, 147, -148, 149, 150, -151, 152, 153, 154, 155, 156, 157, 158, -159, -160, 161, -162] 
sigma1: 9221, sigma2: 8418, zer0: 8361
Bias calculated: 0.5227620613413458
----------
Loop 2 of sampler_2_Net8_count_96_w.u.cnf:
----------
Threshold T : 0.6988193210511551	 Tilt : 1.6530612244897962
numSolutions : 9781	 MaxSolutions : 21316
file was constructed with these [-67, 68, -69, -70, 71, -72, 73, 74, -75, -76, -77, -78, -79, -80, 81, -82, -83, 84, -85, 86, 87, -88, -89, -90, 91, -92, -93, -94, 95, -96, -97, -98, -99, 100, -101, 102, 103, 104, -105, -106, 107, -108, -109, 110, 111, -112, -113, 114, 115, -116, 117, -118, -119, 120, -121, 122, 123, -124, -125, 126, -127, -128, 129, -130, 131, 132, 133, 134, 135, -136, 137, -138, -139, 140, -141, 142, 143, -144, 145, 146, -147, -148, 149, -150, 151, -152, 153, -154, -155, -156, -157, -158, 159, 160, -161, 162], [67, 68, 69, -70, 71, -72, -73, 74, -75, -76, 77, 78, 79, -80, 81, -82, 83, 84, 85, 86, 87, -88, -89, -90, 91, 92, -93, 94, -95, 96, 97, 98, 99, 100, -101, 102, -103, -104, -105, 106, -107, -108, 109, 110, 111, 112, 113, -114, 115, 116, -117, 118, 119, 120, 121, -122, 123, 124, 125, -126, 127, -128, 129, -130, -131, 132, 133, 134, -135, -136, 137, 138, -139, 140, -141, -142, 143, -144, 145, -146, -147, -148, -149, 150, 151, 152, -153, -154, 155, 156, -157, 158, 159, 160, -161, 162] 
sigma1: 7306, sigma2: 7468, zer0: 7226
Bias calculated: 0.4945173954243942
----------
Loop 3 of sampler_2_Net8_count_96_w.u.cnf:
----------
Threshold T : 0.6988193210511551	 Tilt : 1.6530612244897962
numSolutions : 9781	 MaxSolutions : 18496
file was constructed with these [67, 68, 69, -70, 71, 72, -73, 74, -75, 76, -77, 78, -79, -80, -81, 82, -83, -84, 85, 86, 87, -88, 89, -90, -91, 92, 93, -94, 95, -96, 97, 98, 99, -100, -101, -102, -103, -104, 105, -106, -107, 108, 109, -110, 111, 112, 113, 114, 115, 116, -117, 118, 119, -120, 121, 122, 123, -124, -125, -126, -127, 128, 129, 130, 131, 132, 133, 134, -135, -136, 137, -138, 139, -140, -141, -142, 143, 144, -145, 146, -147, -148, -149, 150, -151, 152, -153, 154, 155, -156, 157, -158, 159, -160, 161, -162], [67, 68, -69, 70, 71, 72, 73, 74, 75, -76, 77, 78, -79, -80, -81, 82, 83, -84, 85, 86, 87, 88, 89, 90, 91, -92, 93, 94, -95, -96, 97, 98, -99, 100, -101, 102, -103, 104, 105, 106, 107, -108, 109, 110, -111, 112, 113, 114, 115, -116, 117, 118, 119, 120, 121, -122, 123, 124, 125, -126, 127, 128, -129, 130, 131, 132, 133, 134, 135, 136, 137, -138, 139, 140, 141, -142, 143, 144, 145, 146, -147, 148, -149, 150, 151, 152, 153, 154, 155, 156, 157, 158, -159, 160, 161, 162] 
sigma1: 6611, sigma2: 6215, zer0: 6174
Bias calculated: 0.5154373927958834
----------
Loop 4 of sampler_2_Net8_count_96_w.u.cnf:
----------
Threshold T : 0.7487552976603098	 Tilt : 2.125364431486881
numSolutions : 13040	 MaxSolutions : 25921
file was constructed with these [67, -68, -69, 70, 71, -72, -73, -74, -75, -76, 77, -78, -79, 80, 81, -82, -83, 84, 85, 86, -87, 88, -89, 90, -91, -92, -93, 94, 95, -96, 97, 98, -99, -100, -101, -102, -103, -104, -105, 106, 107, 108, 109, 110, -111, 112, -113, -114, -115, -116, 117, -118, 119, 120, 121, -122, 123, 124, 125, -126, 127, 128, -129, -130, 131, -132, -133, 134, 135, -136, -137, -138, 139, -140, 141, 142, 143, 144, 145, 146, 147, 148, 149, 150, -151, -152, 153, -154, 155, -156, -157, 158, 159, -160, 161, -162], [67, -68, 69, -70, 71, 72, 73, 74, -75, -76, 77, -78, 79, 80, 81, -82, 83, -84, 85, 86, -87, 88, -89, 90, 91, 92, 93, 94, 95, 96, -97, 98, 99, 100, 101, 102, 103, 104, 105, 106, 107, -108, -109, 110, 111, 112, 113, -114, 115, 116, -117, -118, 119, 120, 121, -122, 123, -124, -125, 126, 127, 128, -129, -130, 131, -132, -133, -134, -135, 136, -137, 138, 139, 140, -141, 142, 143, 144, -145, 146, -147, -148, 149, 150, 151, 152, 153, 154, 155, 156, 157, 158, 159, -160, 161, -162] 
sigma1: 9058, sigma2: 8169, zer0: 8773
Bias calculated: 0.5258025193010971
----------
Loop 5 of sampler_2_Net8_count_96_w.u.cnf:
----------
Threshold T : 0.522811990370428	 Tilt : 0.7777777777777781
numSolutions : 5324	 MaxSolutions : 9604
file was constructed with these [-67, 68, 69, -70, 71, -72, -73, -74, 75, -76, 77, 78, 79, 80, 81, -82, 83, 84, -85, 86, -87, 88, 89, 90, -91, 92, 93, -94, 95, 96, -97, 98, 99, 100, -101, -102, -103, -104, -105, 106, 107, 108, -109, -110, -111, 112, -113, -114, 115, 116, 117, 118, -119, -120, -121, -122, 123, 124, -125, -126, -127, 128, 129, 130, -131, -132, 133, -134, -135, -136, 137, -138, 139, 140, -141, -142, 143, 144, -145, -146, -147, 148, 149, -150, 151, 152, 153, 154, 155, -156, -157, -158, 159, -160, 161, 162], [-67, 68, 69, 70, 71, -72, 73, -74, -75, 76, 77, -78, 79, 80, -81, 82, 83, -84, -85, -86, -87, 88, -89, -90, -91, -92, 93, 94, 95, 96, -97, 98, -99, 100, 101, -102, -103, -104, -105, -106, -107, 108, -109, 110, 111, 112, 113, -114, -115, 116, -117, 118, 119, -120, 121, 122, 123, -124, 125, -126, 127, -128, -129, 130, -131, 132, 133, -134, 135, -136, 137, -138, 139, 140, 141, -142, 143, 144, -145, 146, 147, 148, -149, 150, 151, -152, 153, -154, 155, 156, 157, -158, -159, -160, 161, 162] 
sigma1: 3467, sigma2: 3560, zer0: 2973
Bias calculated: 0.49338266685641097
----------
Loop 6 of sampler_2_Net8_count_96_w.u.cnf:
----------
Threshold T : 0.522811990370428	 Tilt : 0.777777777777778
numSolutions : 5324	 MaxSolutions : 8649
file was constructed with these [-67, -68, 69, -70, 71, 72, -73, 74, -75, -76, 77, -78, -79, 80, 81, 82, -83, 84, 85, -86, 87, 88, -89, -90, -91, 92, 93, -94, 95, 96, -97, -98, -99, -100, 101, 102, -103, 104, 105, -106, -107, -108, 109, -110, 111, -112, 113, 114, 115, 116, 117, -118, -119, -120, -121, -122, 123, 124, 125, 126, -127, 128, 129, -130, 131, -132, -133, 134, -135, 136, -137, -138, 139, 140, -141, -142, 143, -144, 145, -146, 147, 148, -149, 150, 151, -152, -153, -154, 155, 156, 157, -158, -159, 160, -161, -162], [-67, 68, 69, -70, 71, -72, 73, 74, 75, 76, 77, 78, 79, 80, 81, 82, 83, 84, -85, 86, -87, 88, 89, 90, 91, -92, -93, 94, -95, 96, 97, 98, 99, 100, -101, -102, -103, 104, 105, 106, 107, -108, 109, -110, 111, 112, 113, 114, -115, -116, -117, 118, -119, 120, -121, 122, -123, -124, 125, 126, -127, 128, -129, -130, 131, 132, 133, 134, -135, -136, 137, -138, -139, 140, 141, -142, 143, 144, -145, 146, -147, -148, 149, 150, 151, -152, 153, -154, 155, 156, 157, -158, 159, -160, 161, 162] 
sigma1: 3172, sigma2: 3047, zer0: 2781
Bias calculated: 0.5100498472423219
----------
Loop 7 of sampler_2_Net8_count_96_w.u.cnf:
----------
Threshold T : 0.6437058445728967	 Tilt : 1.2857142857142858
numSolutions : 7638	 MaxSolutions : 15625
file was constructed with these [-67, 68, 69, -70, -71, -72, 73, 74, 75, 76, -77, -78, -79, 80, 81, 82, -83, -84, -85, -86, 87, 88, 89, 90, -91, -92, -93, -94, 95, 96, -97, -98, -99, 100, 101, -102, 103, -104, -105, -106, -107, -108, -109, -110, 111, -112, 113, -114, -115, -116, -117, 118, 119, 120, -121, 122, -123, -124, -125, 126, 127, 128, -129, 130, 131, 132, -133, -134, 135, -136, -137, 138, -139, -140, 141, 142, -143, 144, 145, -146, 147, 148, 149, -150, 151, -152, 153, -154, -155, -156, -157, 158, -159, -160, -161, 162], [67, 68, 69, -70, -71, -72, 73, -74, -75, -76, -77, -78, -79, 80, -81, 82, -83, 84, 85, -86, 87, 88, 89, 90, -91, -92, -93, -94, 95, 96, 97, 98, -99, 100, 101, -102, 103, 104, -105, 106, 107, 108, 109, 110, 111, 112, -113, 114, -115, 116, -117, 118, 119, 120, 121, -122, 123, 124, 125, -126, 127, -128, 129, 130, 131, -132, 133, 134, -135, -136, -137, 138, 139, 140, -141, 142, -143, 144, -145, 146, -147, 148, -149, -150, 151, -152, 153, -154, 155, 156, -157, 158, -159, 160, -161, 162] 
sigma1: 5067, sigma2: 5339, zer0: 5594
Bias calculated: 0.4869306169517586
----------
Loop 8 of sampler_2_Net8_count_96_w.u.cnf:
----------
Threshold T : 0.5845238095238097	 Tilt : 1.0000000000000002
numSolutions : 6232	 MaxSolutions : 13924
file was constructed with these [67, 68, -69, -70, 71, 72, 73, 74, -75, 76, 77, -78, -79, -80, 81, 82, 83, -84, 85, 86, -87, 88, -89, -90, -91, -92, -93, -94, -95, -96, -97, -98, -99, -100, -101, 102, -103, -104, 105, 106, 107, -108, 109, 110, -111, -112, -113, -114, 115, 116, 117, 118, -119, 120, 121, 122, 123, 124, -125, -126, 127, 128, -129, -130, -131, -132, 133, -134, -135, -136, 137, 138, -139, -140, -141, 142, 143, 144, 145, -146, -147, -148, 149, 150, -151, -152, -153, -154, 155, 156, 157, 158, 159, 160, 161, 162], [67, 68, 69, 70, 71, 72, 73, 74, -75, 76, 77, -78, 79, 80, -81, 82, -83, 84, -85, 86, -87, -88, 89, 90, -91, 92, 93, 94, -95, 96, -97, 98, 99, -100, 101, 102, 103, -104, -105, -106, 107, -108, -109, 110, 111, 112, -113, 114, 115, 116, 117, 118, 119, 120, 121, 122, -123, 124, 125, 126, 127, -128, -129, -130, -131, -132, -133, 134, 135, 136, 137, 138, -139, 140, -141, 142, 143, 144, 145, 146, 147, 148, 149, -150, 151, -152, -153, 154, 155, -156, 157, -158, -159, 160, 161, 162] 
sigma1: 4630, sigma2: 5010, zer0: 4360
Bias calculated: 0.4802904564315353
----------
Loop 9 of sampler_2_Net8_count_96_w.u.cnf:
----------
Threshold T : 0.7928854408009137	 Tilt : 2.7326114119117046
numSolutions : 18029	 MaxSolutions : 36864
file was constructed with these [67, -68, -69, -70, 71, 72, -73, -74, -75, -76, -77, -78, 79, -80, 81, 82, 83, -84, -85, -86, -87, 88, 89, 90, 91, -92, -93, 94, 95, 96, -97, 98, 99, -100, 101, 102, 103, 104, 105, 106, 107, -108, 109, -110, -111, -112, 113, 114, 115, 116, 117, 118, 119, 120, -121, -122, 123, 124, -125, -126, -127, 128, 129, -130, -131, -132, 133, -134, 135, -136, 137, 138, -139, 140, 141, -142, 143, 144, 145, -146, -147, 148, 149, 150, -151, -152, 153, -154, 155, -156, -157, -158, -159, 160, -161, -162], [67, 68, 69, -70, 71, 72, -73, 74, -75, 76, 77, 78, 79, -80, 81, 82, 83, 84, 85, 86, 87, 88, 89, 90, 91, 92, 93, 94, -95, 96, 97, 98, -99, 100, 101, 102, 103, -104, 105, 106, -107, 108, -109, 110, 111, 112, 113, 114, 115, -116, 117, -118, 119, -120, 121, 122, 123, 124, 125, 126, -127, 128, 129, 130, 131, -132, -133, 134, 135, 136, 137, 138, 139, -140, -141, -142, 143, 144, 145, -146, -147, 148, 149, 150, 151, 152, 153, 154, 155, 156, 157, 158, -159, 160, 161, 162] 
sigma1: 13526, sigma2: 10929, zer0: 12545
Bias calculated: 0.5530975260682887
----------
Loop 10 of sampler_2_Net8_count_96_w.u.cnf:
----------
Threshold T : 0.5845238095238097	 Tilt : 1.0000000000000002
numSolutions : 6232	 MaxSolutions : 10609
file was constructed with these [67, 68, -69, -70, 71, 72, 73, -74, -75, 76, -77, 78, -79, 80, -81, -82, -83, 84, -85, 86, -87, 88, 89, -90, -91, -92, -93, -94, 95, 96, 97, 98, 99, 100, 101, 102, -103, -104, 105, -106, 107, 108, 109, -110, -111, 112, -113, -114, 115, -116, 117, 118, 119, -120, 121, -122, 123, -124, -125, -126, -127, 128, 129, 130, -131, -132, -133, 134, -135, 136, 137, -138, -139, -140, -141, 142, -143, -144, 145, 146, -147, 148, -149, 150, 151, 152, 153, -154, 155, -156, -157, 158, 159, -160, -161, 162], [67, 68, 69, -70, 71, -72, 73, -74, -75, 76, 77, 78, -79, 80, 81, 82, -83, 84, 85, -86, -87, 88, 89, 90, -91, 92, 93, -94, 95, 96, 97, -98, 99, -100, 101, 102, 103, 104, -105, 106, 107, 108, 109, 110, 111, 112, 113, 114, -115, 116, 117, 118, 119, 120, -121, -122, 123, 124, 125, 126, 127, 128, 129, 130, 131, 132, 133, 134, 135, 136, 137, 138, 139, 140, 141, -142, -143, 144, -145, 146, 147, -148, 149, 150, 151, 152, -153, -154, 155, -156, -157, -158, 159, -160, 161, 162] 
sigma1: 3570, sigma2: 4460, zer0: 2970
Bias calculated: 0.44458281444582815
----------
Loop 11 of sampler_2_Net8_count_96_w.u.cnf:
----------
Threshold T : 0.6437058445728967	 Tilt : 1.285714285714286
numSolutions : 7638	 MaxSolutions : 12321
file was constructed with these [67, 68, 69, -70, 71, -72, 73, 74, -75, -76, -77, -78, 79, -80, 81, -82, -83, -84, -85, -86, -87, 88, -89, -90, 91, 92, -93, 94, 95, 96, -97, -98, 99, -100, 101, -102, 103, -104, -105, -106, -107, -108, -109, 110, -111, 112, -113, -114, 115, -116, 117, 118, 119, 120, 121, -122, 123, 124, 125, -126, 127, 128, 129, -130, -131, -132, 133, 134, -135, 136, 137, -138, 139, 140, -141, -142, -143, -144, -145, 146, -147, 148, -149, 150, 151, -152, -153, -154, 155, -156, -157, -158, 159, 160, 161, 162], [67, 68, -69, -70, 71, -72, 73, -74, -75, 76, 77, 78, 79, 80, 81, 82, -83, -84, 85, -86, -87, 88, 89, 90, 91, 92, 93, 94, 95, 96, 97, -98, -99, -100, 101, 102, 103, 104, 105, 106, 107, 108, -109, 110, -111, -112, 113, 114, -115, -116, -117, 118, 119, 120, 121, -122, 123, 124, 125, -126, 127, 128, -129, 130, 131, -132, 133, 134, 135, 136, 137, 138, 139, 140, -141, 142, 143, -144, 145, 146, 147, -148, 149, 150, 151, 152, 153, 154, -155, -156, 157, -158, 159, 160, -161, 162] 
sigma1: 4101, sigma2: 4326, zer0: 4573
Bias calculated: 0.4866500533997864
----------
Loop 12 of sampler_2_Net8_count_96_w.u.cnf:
----------
Threshold T : 0.7487552976603098	 Tilt : 2.1253644314868816
numSolutions : 13040	 MaxSolutions : 22801
file was constructed with these [67, 68, 69, 70, 71, 72, 73, 74, 75, 76, 77, -78, 79, 80, -81, -82, 83, 84, 85, -86, -87, -88, 89, -90, -91, 92, -93, 94, -95, 96, 97, -98, -99, 100, 101, -102, -103, -104, 105, 106, 107, 108, 109, 110, -111, 112, 113, 114, -115, -116, 117, -118, -119, -120, -121, 122, 123, 124, -125, 126, -127, 128, 129, 130, 131, 132, 133, -134, 135, -136, 137, 138, 139, -140, -141, -142, 143, 144, 145, -146, -147, 148, -149, -150, 151, 152, 153, -154, -155, -156, -157, 158, 159, -160, -161, -162], [67, 68, 69, 70, 71, -72, 73, 74, 75, 76, 77, -78, 79, 80, 81, 82, 83, 84, 85, -86, 87, 88, -89, -90, -91, 92, -93, 94, 95, 96, -97, -98, -99, 100, 101, 102, 103, -104, 105, -106, 107, -108, 109, 110, 111, 112, 113, 114, -115, -116, 117, -118, 119, -120, -121, -122, 123, 124, 125, 126, 127, 128, 129, 130, 131, 132, 133, -134, -135, 136, -137, -138, 139, 140, -141, 142, 143, 144, 145, 146, 147, 148, -149, 150, -151, -152, -153, 154, -155, 156, 157, 158, -159, -160, 161, 162] 
sigma1: 8549, sigma2: 7497, zer0: 6954
Bias calculated: 0.5327807553284307
----------
Loop 13 of sampler_2_Net8_count_96_w.u.cnf:
----------
Threshold T : 0.6437058445728967	 Tilt : 1.2857142857142858
numSolutions : 7638	 MaxSolutions : 12321
file was constructed with these [-67, 68, -69, -70, -71, 72, -73, 74, -75, 76, -77, 78, 79, -80, 81, -82, 83, -84, 85, -86, 87, -88, -89, -90, -91, -92, -93, 94, 95, 96, 97, 98, -99, -100, 101, -102, 103, 104, 105, 106, -107, -108, -109, 110, -111, 112, 113, -114, 115, -116, -117, -118, -119, 120, -121, -122, 123, -124, -125, -126, 127, 128, 129, 130, 131, -132, 133, -134, 135, 136, 137, 138, 139, 140, -141, 142, -143, -144, 145, -146, -147, -148, -149, 150, 151, 152, 153, -154, 155, 156, 157, -158, -159, -160, -161, 162], [67, 68, 69, 70, -71, -72, -73, -74, -75, 76, -77, -78, 79, -80, -81, -82, 83, 84, 85, 86, -87, -88, -89, 90, -91, 92, 93, 94, 95, 96, 97, 98, 99, -100, 101, 102, 103, 104, -105, -106, 107, 108, 109, -110, -111, 112, 113, -114, 115, 116, -117, -118, -119, 120, 121, -122, 123, 124, 125, 126, -127, 128, 129, 130, -131, -132, 133, 134, 135, 136, 137, 138, 139, 140, -141, 142, -143, -144, -145, -146, -147, 148, 149, 150, 151, 152, -153, -154, 155, 156, 157, -158, 159, 160, -161, 162] 
sigma1: 4462, sigma2: 3929, zer0: 4609
Bias calculated: 0.5317602192825647
----------
Loop 14 of sampler_2_Net8_count_96_w.u.cnf:
----------
Threshold T : 0.6437058445728967	 Tilt : 1.285714285714286
numSolutions : 7638	 MaxSolutions : 13689
file was constructed with these [-67, -68, 69, -70, -71, 72, -73, -74, -75, 76, 77, 78, 79, 80, -81, -82, 83, -84, -85, 86, 87, -88, 89, -90, 91, 92, -93, -94, 95, -96, -97, 98, 99, -100, 101, -102, 103, 104, -105, 106, -107, -108, -109, -110, 111, 112, -113, -114, 115, 116, 117, -118, 119, -120, -121, -122, -123, 124, 125, 126, 127, 128, -129, -130, 131, 132, -133, -134, -135, 136, 137, 138, 139, -140, 141, -142, 143, 144, -145, -146, -147, 148, -149, 150, -151, 152, -153, -154, -155, -156, 157, -158, -159, 160, -161, -162], [67, 68, 69, 70, 71, 72, 73, -74, -75, 76, 77, 78, 79, 80, -81, -82, 83, 84, -85, 86, -87, 88, 89, 90, -91, 92, 93, 94, 95, 96, 97, 98, -99, 100, 101, 102, 103, 104, 105, 106, -107, 108, 109, -110, 111, 112, -113, -114, 115, -116, 117, 118, 119, 120, -121, 122, -123, 124, 125, 126, 127, 128, 129, -130, 131, 132, 133, -134, 135, -136, 137, 138, 139, 140, 141, 142, 143, 144, 145, 146, 147, -148, 149, 150, 151, -152, -153, 154, 155, 156, 157, -158, 159, 160, -161, 162] 
sigma1: 4696, sigma2: 4169, zer0: 5135
Bias calculated: 0.5297236322617034
----------
Loop 15 of sampler_2_Net8_count_96_w.u.cnf:
----------
Threshold T : 0.6988193210511551	 Tilt : 1.6530612244897964
numSolutions : 9781	 MaxSolutions : 18496
file was constructed with these [-67, 68, -69, -70, -71, -72, 73, 74, -75, -76, -77, -78, -79, 80, -81, 82, 83, 84, -85, -86, 87, -88, 89, 90, -91, -92, -93, 94, -95, -96, 97, 98, -99, 100, 101, -102, 103, -104, 105, 106, -107, 108, -109, -110, 111, -112, 113, -114, 115, 116, -117, 118, -119, 120, -121, -122, -123, -124, -125, -126, -127, -128, 129, -130, 131, -132, -133, -134, -135, -136, -137, 138, 139, -140, 141, -142, -143, 144, 145, -146, -147, 148, 149, -150, 151, 152, -153, -154, 155, -156, 157, 158, -159, -160, -161, -162], [-67, 68, 69, -70, 71, -72, -73, 74, -75, 76, 77, 78, 79, 80, 81, 82, 83, 84, -85, 86, 87, 88, 89, 90, 91, 92, 93, 94, 95, -96, 97, 98, 99, 100, -101, 102, 103, 104, -105, 106, 107, 108, -109, 110, 111, 112, -113, -114, 115, 116, -117, 118, -119, -120, -121, 122, 123, 124, -125, 126, 127, 128, 129, 130, -131, 132, -133, -134, 135, -136, 137, 138, -139, 140, 141, -142, 143, 144, 145, 146, 147, 148, -149, 150, -151, 152, 153, 154, -155, 156, 157, 158, 159, 160, 161, -162] 
sigma1: 7135, sigma2: 6265, zer0: 5600
Bias calculated: 0.5324626865671642
----------
Loop 16 of sampler_2_Net8_count_96_w.u.cnf:
----------
Threshold T : 0.7928854408009137	 Tilt : 2.7326114119117046
numSolutions : 18029	 MaxSolutions : 36864
file was constructed with these [67, -68, -69, -70, -71, -72, 73, 74, -75, 76, 77, -78, 79, -80, -81, 82, 83, 84, 85, 86, -87, 88, 89, -90, -91, 92, -93, -94, -95, -96, -97, 98, 99, -100, 101, -102, -103, 104, 105, -106, -107, -108, -109, 110, 111, 112, 113, -114, -115, -116, 117, -118, -119, -120, -121, -122, 123, 124, -125, -126, 127, 128, 129, -130, 131, -132, -133, 134, 135, 136, -137, 138, -139, -140, 141, 142, 143, -144, 145, 146, -147, -148, -149, -150, -151, -152, -153, -154, 155, 156, -157, -158, -159, 160, -161, 162], [67, -68, 69, -70, 71, -72, -73, -74, 75, 76, 77, 78, 79, -80, -81, 82, 83, 84, -85, 86, 87, -88, -89, -90, 91, 92, 93, 94, 95, 96, 97, 98, 99, 100, 101, 102, -103, 104, 105, 106, 107, -108, -109, 110, 111, 112, 113, -114, 115, 116, 117, -118, -119, 120, 121, 122, 123, 124, -125, 126, -127, 128, 129, 130, 131, 132, 133, 134, 135, 136, 137, 138, 139, 140, 141, 142, -143, 144, 145, 146, 147, 148, 149, 150, 151, 152, 153, 154, -155, 156, 157, 158, -159, -160, -161, -162] 
sigma1: 12284, sigma2: 12489, zer0: 12227
Bias calculated: 0.4958624308723207
----------
Loop 17 of sampler_2_Net8_count_96_w.u.cnf:
----------
Threshold T : 0.5845238095238097	 Tilt : 1.0000000000000002
numSolutions : 6232	 MaxSolutions : 10609
file was constructed with these [-67, -68, -69, -70, 71, 72, 73, -74, -75, -76, 77, -78, -79, -80, -81, -82, 83, -84, 85, -86, 87, 88, 89, -90, -91, 92, -93, -94, -95, 96, 97, -98, 99, -100, -101, 102, -103, 104, 105, 106, 107, -108, -109, -110, -111, -112, -113, 114, -115, 116, 117, 118, -119, 120, 121, 122, -123, 124, -125, -126, 127, 128, -129, -130, 131, -132, 133, 134, 135, -136, -137, 138, -139, -140, 141, -142, -143, 144, -145, 146, 147, 148, -149, 150, -151, -152, -153, -154, 155, -156, 157, -158, 159, -160, -161, -162], [-67, 68, 69, 70, 71, 72, -73, 74, -75, 76, 77, -78, 79, 80, 81, 82, 83, 84, -85, 86, -87, -88, 89, -90, 91, -92, -93, 94, 95, 96, -97, 98, 99, 100, 101, 102, -103, 104, -105, 106, 107, 108, -109, -110, 111, 112, 113, 114, 115, 116, 117, 118, 119, 120, 121, -122, -123, 124, -125, 126, -127, 128, 129, -130, 131, 132, 133, 134, 135, 136, 137, 138, 139, 140, 141, -142, 143, -144, 145, 146, 147, 148, 149, -150, -151, -152, -153, 154, 155, 156, 157, -158, -159, 160, -161, 162] 
sigma1: 3629, sigma2: 3750, zer0: 3621
Bias calculated: 0.49180105705380134
----------
Loop 18 of sampler_2_Net8_count_96_w.u.cnf:
----------
Threshold T : 0.7487552976603098	 Tilt : 2.1253644314868816
numSolutions : 13040	 MaxSolutions : 22801
file was constructed with these [-67, 68, 69, -70, -71, 72, 73, -74, -75, 76, 77, 78, -79, -80, -81, 82, -83, -84, -85, 86, 87, 88, 89, -90, -91, -92, -93, -94, -95, 96, -97, 98, 99, 100, 101, 102, -103, -104, 105, 106, 107, -108, -109, 110, 111, -112, -113, 114, -115, -116, -117, 118, -119, 120, -121, -122, -123, 124, -125, -126, 127, -128, 129, -130, -131, -132, -133, 134, 135, 136, -137, -138, -139, -140, -141, 142, -143, -144, -145, 146, 147, 148, -149, 150, -151, 152, 153, -154, -155, -156, -157, 158, -159, 160, -161, -162], [67, 68, 69, -70, 71, 72, -73, -74, -75, -76, 77, 78, -79, 80, 81, -82, 83, -84, 85, 86, -87, 88, 89, 90, 91, -92, 93, 94, 95, 96, 97, 98, 99, 100, 101, 102, 103, 104, -105, 106, 107, 108, 109, 110, 111, -112, -113, -114, 115, 116, -117, -118, 119, -120, 121, -122, 123, 124, -125, -126, -127, 128, -129, 130, 131, 132, 133, 134, 135, 136, -137, 138, 139, 140, 141, 142, 143, -144, 145, 146, 147, -148, 149, -150, 151, -152, -153, 154, 155, 156, 157, 158, 159, 160, 161, 162] 
sigma1: 7519, sigma2: 8135, zer0: 7346
Bias calculated: 0.48032451769515777
----------
Loop 19 of sampler_2_Net8_count_96_w.u.cnf:
----------
Threshold T : 0.7928854408009137	 Tilt : 2.7326114119117046
numSolutions : 18029	 MaxSolutions : 26244
file was constructed with these [67, -68, -69, -70, 71, 72, -73, -74, -75, 76, 77, -78, 79, 80, 81, -82, -83, 84, 85, 86, -87, -88, 89, 90, 91, 92, -93, -94, -95, -96, 97, -98, 99, 100, -101, -102, 103, 104, 105, 106, -107, -108, 109, -110, 111, -112, -113, -114, 115, 116, 117, 118, 119, -120, -121, 122, 123, -124, -125, -126, -127, -128, -129, 130, 131, 132, 133, -134, -135, -136, 137, -138, -139, -140, -141, -142, 143, 144, -145, -146, -147, 148, -149, -150, 151, -152, 153, -154, -155, -156, -157, -158, -159, 160, 161, 162], [-67, -68, -69, 70, 71, -72, 73, 74, 75, 76, 77, 78, -79, 80, 81, 82, -83, 84, 85, 86, -87, 88, 89, -90, -91, -92, -93, -94, 95, 96, 97, 98, 99, -100, 101, -102, 103, 104, 105, -106, 107, 108, -109, 110, 111, 112, 113, 114, -115, -116, 117, -118, -119, 120, 121, 122, 123, 124, 125, 126, -127, -128, -129, 130, 131, -132, 133, 134, 135, 136, -137, -138, -139, -140, 141, 142, -143, 144, -145, -146, 147, 148, -149, 150, 151, 152, -153, -154, 155, -156, 157, 158, -159, 160, -161, 162] 
sigma1: 9967, sigma2: 9089, zer0: 7944
Bias calculated: 0.5230373635600336
----------
Loop 20 of sampler_2_Net8_count_96_w.u.cnf:
----------
Threshold T : 0.5845238095238097	 Tilt : 1.0000000000000007
numSolutions : 6232	 MaxSolutions : 12100
file was constructed with these [67, 68, 69, 70, -71, -72, 73, -74, 75, -76, -77, 78, -79, -80, -81, -82, 83, -84, 85, -86, -87, 88, -89, -90, 91, 92, -93, 94, -95, -96, -97, -98, -99, -100, 101, 102, -103, 104, 105, -106, 107, 108, 109, -110, 111, -112, -113, 114, -115, -116, 117, -118, 119, -120, 121, -122, 123, 124, -125, -126, -127, -128, -129, -130, -131, 132, 133, -134, -135, -136, -137, -138, -139, -140, -141, 142, -143, -144, -145, -146, -147, -148, 149, -150, -151, -152, -153, 154, 155, -156, 157, -158, -159, 160, -161, -162], [67, 68, 69, -70, 71, 72, -73, 74, -75, 76, 77, 78, -79, 80, 81, 82, 83, 84, 85, 86, -87, 88, 89, 90, 91, -92, 93, 94, 95, 96, 97, 98, 99, 100, 101, 102, 103, 104, 105, 106, 107, 108, -109, -110, 111, 112, 113, 114, 115, 116, 117, 118, 119, 120, 121, -122, 123, 124, 125, 126, 127, 128, 129, 130, -131, 132, 133, 134, 135, 136, -137, 138, -139, -140, 141, -142, 143, 144, 145, 146, 147, 148, -149, -150, 151, 152, -153, -154, 155, 156, -157, 158, -159, 160, 161, -162] 
sigma1: 5303, sigma2: 4085, zer0: 3612
Bias calculated: 0.5648700468683425
Sampler: QuickSampler Accept:1 TotalSolutionsGenerated: 388885 TotalIdealSamples: 21


 time taken : 486.010000705719
