 t: 21 delta: 0.1
 eta: 0.1
 epsilon: 0.1
----------
Loop 0 of sampler_1_Net12_count_106_w.u.cnf:
----------
Threshold T : 0.5845238095238096	 Tilt : 1.0
numSolutions : 6232	 MaxSolutions : 9604
file was constructed with these [-86, 87, -88, -89, 90, -91, 92, 93, -94, -95, -96, 97, 98, 99, 100, -101, 102, 103, 104, -105, -106, 107, -108, 109, -110, -111, 112, 113, -114, -115, 116, -117, -118, 119, 120, -121, -122, -123, -124, 125, -126, 127, -128, 129, 130, 131, -132, -133, 134, 135, -136, 137, 138, 139, 140, -141, -142, 143, 144, -145, 146, 147, 148, 149, -150, 151, 152, 153, -154, 155, 156, -157, 158, 159, 160, -161, 162, -163, -164, -165, 166, 167, 168, -169, -170, 171, -172, -173, -174, -175, 176, 177, -178, -179, 180, 181, -182, 183, 184, 185, 186, -187, 188, 189, -190, -191], [-86, 87, -88, 89, 90, -91, -92, -93, 94, 95, 96, 97, -98, 99, 100, -101, -102, -103, 104, -105, -106, -107, -108, 109, 110, 111, -112, 113, 114, 115, 116, -117, 118, 119, 120, 121, -122, 123, 124, 125, 126, 127, 128, 129, 130, 131, 132, 133, 134, -135, 136, 137, -138, 139, 140, -141, 142, -143, 144, 145, -146, 147, -148, -149, 150, -151, 152, 153, 154, -155, 156, 157, -158, 159, 160, -161, -162, 163, -164, 165, 166, 167, 168, 169, 170, 171, 172, 173, 174, 175, 176, 177, -178, 179, -180, 181, -182, 183, 184, -185, -186, 187, 188, -189, 190, 191] 
sigma1: 3478, sigma2: 3697, zer0: 2825
Bias calculated: 0.48473867595818815
----------
Loop 1 of sampler_1_Net12_count_106_w.u.cnf:
----------
Threshold T : 0.4603993543556445	 Tilt : 0.6049382716049383
numSolutions : 4768	 MaxSolutions : 8100
file was constructed with these [-86, 87, -88, -89, -90, 91, 92, -93, -94, -95, 96, -97, 98, -99, 100, 101, 102, -103, -104, -105, 106, -107, 108, -109, -110, -111, 112, 113, 114, -115, -116, 117, -118, 119, 120, 121, 122, -123, 124, 125, 126, -127, 128, -129, -130, 131, 132, -133, -134, -135, 136, -137, -138, -139, 140, 141, 142, 143, -144, 145, 146, 147, 148, -149, 150, 151, -152, -153, -154, -155, 156, 157, 158, -159, 160, -161, -162, 163, 164, 165, -166, 167, 168, -169, -170, 171, -172, 173, 174, -175, -176, 177, -178, 179, 180, 181, 182, 183, 184, -185, 186, -187, 188, -189, -190, -191], [-86, 87, 88, 89, -90, 91, -92, 93, 94, 95, 96, -97, 98, -99, 100, 101, 102, 103, 104, 105, -106, -107, 108, -109, 110, 111, 112, 113, 114, 115, 116, 117, -118, 119, -120, 121, 122, 123, 124, 125, 126, 127, -128, -129, 130, 131, 132, -133, -134, -135, 136, -137, 138, 139, 140, -141, 142, -143, 144, 145, 146, 147, -148, 149, 150, 151, -152, -153, 154, 155, 156, 157, 158, -159, 160, 161, 162, 163, -164, 165, -166, 167, 168, -169, 170, 171, 172, -173, 174, -175, 176, -177, -178, -179, -180, 181, -182, 183, -184, 185, 186, 187, 188, 189, 190, 191] 
sigma1: 2217, sigma2: 3770, zer0: 3013
Bias calculated: 0.37030232169701016
----------
Loop 2 of sampler_1_Net12_count_106_w.u.cnf:
----------
Threshold T : 0.5845238095238097	 Tilt : 1.0000000000000004
numSolutions : 6232	 MaxSolutions : 12100
file was constructed with these [86, -87, -88, -89, -90, -91, 92, -93, 94, 95, 96, -97, 98, -99, -100, -101, 102, -103, 104, -105, -106, -107, -108, -109, -110, -111, -112, 113, 114, -115, 116, 117, 118, -119, -120, -121, -122, -123, -124, 125, 126, 127, -128, 129, -130, 131, 132, -133, -134, 135, 136, -137, 138, -139, -140, 141, -142, 143, -144, -145, 146, -147, 148, 149, -150, -151, 152, 153, -154, -155, -156, 157, 158, -159, 160, -161, 162, 163, 164, 165, -166, 167, -168, 169, 170, -171, 172, -173, -174, 175, -176, -177, -178, 179, 180, -181, 182, -183, -184, -185, -186, -187, -188, 189, 190, 191], [-86, -87, 88, 89, 90, -91, -92, -93, -94, 95, 96, -97, 98, 99, 100, 101, -102, 103, 104, 105, 106, 107, 108, -109, 110, 111, -112, -113, -114, 115, 116, 117, -118, -119, 120, 121, 122, 123, -124, 125, 126, 127, 128, 129, 130, 131, 132, 133, 134, 135, 136, 137, 138, 139, 140, 141, 142, -143, 144, 145, 146, -147, 148, 149, 150, 151, -152, 153, 154, 155, 156, 157, -158, -159, -160, 161, -162, 163, -164, 165, 166, -167, 168, -169, 170, 171, 172, 173, -174, -175, 176, -177, 178, 179, -180, 181, -182, 183, 184, -185, 186, 187, 188, -189, 190, 191] 
sigma1: 3722, sigma2: 3983, zer0: 5295
Bias calculated: 0.48306294613887085
----------
Loop 3 of sampler_1_Net12_count_106_w.u.cnf:
----------
Threshold T : 0.5845238095238096	 Tilt : 1.0
numSolutions : 6232	 MaxSolutions : 10609
file was constructed with these [-86, -87, 88, 89, -90, -91, -92, 93, -94, -95, -96, -97, -98, 99, -100, 101, -102, -103, 104, 105, 106, -107, -108, 109, 110, -111, 112, -113, -114, -115, -116, 117, 118, -119, -120, 121, 122, -123, -124, 125, -126, -127, -128, 129, 130, -131, 132, 133, -134, 135, -136, 137, 138, -139, -140, 141, 142, -143, 144, 145, -146, -147, -148, 149, 150, -151, -152, 153, -154, 155, 156, -157, -158, -159, -160, -161, 162, -163, 164, 165, 166, -167, 168, -169, 170, 171, 172, -173, -174, -175, -176, 177, 178, -179, -180, 181, -182, 183, -184, 185, -186, 187, -188, 189, 190, -191], [-86, 87, 88, 89, 90, 91, 92, -93, 94, -95, -96, -97, -98, 99, 100, 101, 102, 103, 104, 105, 106, 107, 108, 109, 110, 111, 112, 113, 114, 115, -116, 117, 118, -119, 120, 121, -122, 123, 124, 125, -126, 127, -128, -129, 130, 131, 132, 133, 134, 135, 136, -137, 138, 139, 140, 141, 142, 143, 144, 145, -146, -147, 148, 149, 150, -151, 152, 153, 154, -155, -156, -157, 158, -159, 160, 161, 162, 163, -164, 165, 166, 167, -168, 169, 170, -171, 172, -173, 174, 175, -176, 177, 178, 179, -180, 181, 182, 183, -184, 185, 186, 187, 188, 189, 190, 191] 
sigma1: 3657, sigma2: 3736, zer0: 3607
Bias calculated: 0.4946571080752063
----------
Loop 4 of sampler_1_Net12_count_106_w.u.cnf:
----------
Threshold T : 0.5228119903704279	 Tilt : 0.7777777777777778
numSolutions : 5324	 MaxSolutions : 7921
file was constructed with these [-86, -87, -88, 89, 90, 91, -92, 93, 94, 95, -96, -97, 98, -99, -100, 101, 102, -103, -104, 105, 106, 107, -108, 109, 110, 111, 112, -113, -114, 115, -116, -117, 118, -119, 120, 121, -122, -123, 124, -125, 126, 127, -128, 129, 130, 131, -132, 133, -134, -135, -136, 137, 138, -139, 140, -141, -142, 143, -144, 145, -146, -147, 148, 149, -150, 151, -152, -153, 154, 155, -156, 157, 158, 159, 160, -161, 162, -163, 164, -165, -166, 167, 168, 169, -170, -171, -172, -173, 174, 175, -176, 177, -178, -179, -180, 181, 182, -183, -184, 185, -186, -187, 188, -189, 190, -191], [-86, 87, 88, 89, 90, 91, -92, 93, -94, 95, -96, -97, 98, 99, 100, -101, 102, 103, 104, 105, 106, -107, 108, 109, -110, 111, 112, -113, 114, 115, 116, 117, -118, 119, 120, 121, 122, -123, 124, -125, 126, 127, -128, 129, 130, -131, 132, 133, 134, 135, 136, -137, -138, -139, -140, 141, -142, -143, 144, 145, -146, 147, -148, 149, 150, -151, 152, 153, 154, -155, 156, 157, 158, -159, -160, -161, -162, 163, 164, 165, -166, 167, 168, 169, -170, -171, 172, 173, -174, 175, 176, 177, 178, 179, 180, -181, 182, -183, 184, 185, 186, -187, -188, 189, 190, 191] 
sigma1: 2579, sigma2: 3269, zer0: 2152
Bias calculated: 0.44100547195622436
----------
Loop 5 of sampler_1_Net12_count_106_w.u.cnf:
----------
Threshold T : 0.4603993543556446	 Tilt : 0.6049382716049385
numSolutions : 4768	 MaxSolutions : 8100
file was constructed with these [86, -87, -88, -89, 90, -91, 92, 93, -94, -95, 96, 97, 98, -99, -100, -101, -102, 103, 104, 105, 106, -107, 108, -109, -110, -111, -112, 113, -114, -115, 116, 117, -118, 119, 120, 121, 122, 123, -124, 125, 126, 127, -128, 129, 130, -131, -132, -133, -134, 135, -136, 137, -138, 139, -140, -141, -142, -143, -144, 145, -146, 147, -148, 149, 150, 151, 152, 153, -154, -155, 156, 157, -158, 159, 160, 161, -162, -163, -164, 165, 166, 167, 168, 169, -170, 171, -172, 173, -174, -175, 176, -177, -178, -179, 180, -181, -182, -183, 184, -185, 186, 187, 188, -189, 190, 191], [-86, -87, -88, -89, 90, -91, -92, 93, 94, 95, 96, 97, 98, 99, 100, -101, 102, 103, -104, 105, 106, 107, 108, -109, 110, -111, 112, 113, 114, -115, 116, 117, -118, 119, 120, 121, 122, 123, 124, 125, 126, -127, 128, 129, 130, 131, -132, 133, 134, -135, 136, 137, 138, 139, 140, 141, 142, 143, -144, 145, 146, -147, -148, -149, 150, 151, -152, -153, 154, -155, -156, 157, 158, 159, 160, 161, 162, 163, 164, -165, -166, -167, 168, 169, -170, 171, 172, 173, 174, 175, 176, -177, -178, 179, -180, 181, 182, 183, 184, 185, -186, 187, -188, 189, -190, 191] 
sigma1: 2194, sigma2: 3695, zer0: 3111
Bias calculated: 0.37255900832059774
----------
Loop 6 of sampler_1_Net12_count_106_w.u.cnf:
----------
Threshold T : 0.4603993543556446	 Tilt : 0.6049382716049385
numSolutions : 4768	 MaxSolutions : 7225
file was constructed with these [-86, 87, 88, -89, -90, 91, 92, 93, 94, -95, -96, -97, 98, 99, -100, -101, -102, -103, 104, 105, -106, -107, -108, -109, -110, -111, 112, 113, -114, -115, -116, 117, -118, 119, 120, 121, 122, 123, 124, -125, 126, 127, 128, 129, 130, 131, 132, 133, -134, -135, -136, 137, 138, 139, -140, -141, 142, 143, 144, -145, 146, 147, -148, -149, -150, 151, -152, 153, -154, -155, 156, 157, 158, -159, 160, -161, 162, 163, -164, 165, -166, -167, 168, -169, 170, -171, 172, 173, 174, 175, -176, -177, 178, 179, 180, 181, 182, 183, -184, 185, 186, -187, 188, 189, -190, 191], [-86, -87, -88, 89, 90, -91, 92, 93, -94, 95, 96, 97, 98, 99, 100, 101, 102, 103, 104, 105, -106, 107, 108, -109, 110, -111, -112, -113, -114, 115, 116, 117, 118, 119, 120, 121, 122, 123, -124, 125, -126, -127, 128, -129, 130, -131, 132, 133, 134, 135, 136, 137, 138, 139, 140, 141, 142, 143, -144, 145, 146, 147, 148, -149, 150, 151, 152, 153, -154, 155, 156, 157, 158, 159, 160, 161, -162, 163, -164, 165, 166, -167, -168, 169, -170, -171, 172, -173, 174, 175, 176, 177, 178, 179, -180, 181, 182, 183, 184, 185, 186, 187, -188, 189, 190, -191] 
sigma1: 2138, sigma2: 3633, zer0: 2229
Bias calculated: 0.3704730549298215
----------
Loop 7 of sampler_1_Net12_count_106_w.u.cnf:
----------
Threshold T : 0.39919835120426406	 Tilt : 0.47050754458161875
numSolutions : 4473	 MaxSolutions : 7056
file was constructed with these [-86, 87, 88, -89, -90, 91, 92, 93, 94, -95, -96, -97, 98, 99, -100, -101, -102, -103, 104, 105, -106, -107, -108, -109, -110, -111, 112, 113, -114, -115, -116, 117, -118, 119, 120, 121, 122, 123, 124, -125, 126, 127, 128, 129, 130, 131, 132, 133, -134, -135, -136, 137, 138, 139, -140, -141, 142, 143, 144, -145, 146, 147, -148, -149, -150, 151, -152, 153, -154, -155, 156, 157, 158, -159, 160, -161, 162, 163, -164, 165, -166, -167, 168, -169, 170, -171, 172, 173, 174, 175, -176, -177, 178, 179, 180, 181, 182, 183, -184, 185, 186, -187, 188, 189, -190, 191], [-86, -87, -88, -89, 90, -91, -92, 93, 94, 95, -96, 97, 98, -99, 100, 101, 102, 103, -104, 105, 106, -107, 108, 109, 110, 111, 112, -113, 114, 115, -116, 117, 118, 119, 120, -121, 122, 123, 124, -125, 126, 127, -128, 129, -130, 131, 132, 133, 134, 135, -136, -137, 138, 139, 140, -141, 142, 143, 144, 145, 146, 147, 148, 149, 150, 151, 152, 153, 154, 155, 156, 157, 158, 159, 160, -161, 162, 163, 164, 165, -166, -167, -168, -169, -170, 171, -172, 173, 174, -175, 176, 177, 178, 179, -180, -181, 182, -183, -184, -185, -186, -187, -188, 189, 190, -191] 
sigma1: 1729, sigma2: 3865, zer0: 2406
Bias calculated: 0.3090811583839828
----------
Loop 8 of sampler_1_Net12_count_106_w.u.cnf:
----------
Threshold T : 0.4603993543556446	 Tilt : 0.6049382716049385
numSolutions : 4768	 MaxSolutions : 6241
file was constructed with these [-86, 87, -88, -89, -90, -91, 92, 93, -94, -95, -96, -97, 98, 99, 100, 101, -102, -103, 104, 105, -106, -107, -108, -109, 110, 111, -112, -113, 114, 115, -116, 117, 118, -119, 120, -121, -122, 123, 124, 125, -126, 127, -128, -129, -130, -131, 132, 133, 134, -135, 136, -137, 138, 139, -140, 141, 142, 143, 144, 145, -146, -147, 148, 149, -150, 151, 152, -153, 154, -155, 156, 157, 158, -159, -160, 161, 162, -163, -164, -165, 166, 167, 168, 169, 170, -171, -172, -173, 174, -175, 176, -177, 178, 179, 180, -181, 182, -183, 184, 185, 186, 187, 188, 189, -190, -191], [-86, 87, 88, 89, 90, 91, -92, -93, -94, 95, 96, 97, -98, -99, 100, -101, 102, 103, 104, 105, 106, 107, 108, 109, -110, -111, 112, 113, 114, 115, 116, -117, 118, 119, 120, 121, -122, 123, 124, 125, 126, 127, 128, -129, -130, 131, -132, -133, 134, 135, 136, 137, 138, 139, 140, -141, 142, -143, 144, 145, 146, 147, -148, 149, -150, 151, -152, -153, 154, 155, -156, 157, 158, -159, -160, 161, 162, -163, -164, 165, 166, 167, -168, 169, 170, 171, -172, -173, 174, -175, -176, 177, 178, -179, -180, 181, 182, 183, 184, -185, -186, 187, 188, 189, 190, -191] 
sigma1: 2151, sigma2: 3477, zer0: 1372
Bias calculated: 0.3821961620469083
----------
Loop 9 of sampler_1_Net12_count_106_w.u.cnf:
----------
Threshold T : 0.4603993543556445	 Tilt : 0.6049382716049383
numSolutions : 4768	 MaxSolutions : 7225
file was constructed with these [86, 87, -88, -89, 90, -91, -92, 93, 94, 95, -96, 97, 98, 99, 100, -101, 102, -103, -104, 105, 106, 107, -108, 109, 110, 111, 112, 113, -114, 115, -116, -117, -118, -119, -120, -121, -122, 123, -124, -125, 126, -127, -128, 129, 130, 131, -132, 133, -134, 135, 136, -137, -138, -139, -140, -141, 142, -143, -144, -145, 146, 147, -148, 149, -150, 151, 152, -153, 154, -155, 156, 157, 158, -159, -160, 161, -162, -163, 164, 165, 166, -167, 168, -169, -170, 171, 172, 173, -174, -175, -176, 177, 178, 179, 180, -181, -182, -183, 184, 185, 186, 187, -188, 189, 190, -191], [86, 87, 88, -89, -90, 91, -92, 93, 94, 95, -96, 97, 98, 99, -100, -101, 102, -103, -104, -105, -106, 107, 108, 109, 110, 111, 112, 113, 114, 115, -116, 117, 118, 119, 120, -121, 122, 123, 124, 125, 126, 127, -128, 129, -130, 131, 132, 133, 134, 135, -136, 137, 138, 139, -140, -141, -142, 143, 144, -145, 146, 147, 148, -149, 150, 151, 152, 153, 154, 155, -156, 157, -158, 159, 160, 161, 162, -163, 164, -165, 166, 167, 168, -169, 170, -171, 172, 173, 174, 175, -176, -177, -178, -179, 180, 181, 182, 183, 184, 185, -186, 187, -188, 189, -190, -191] 
sigma1: 2250, sigma2: 3745, zer0: 2005
Bias calculated: 0.37531276063386154
----------
Loop 10 of sampler_1_Net12_count_106_w.u.cnf:
----------
Threshold T : 0.399198351204264	 Tilt : 0.4705075445816187
numSolutions : 4473	 MaxSolutions : 6561
file was constructed with these [-86, -87, 88, 89, -90, -91, -92, 93, -94, -95, -96, -97, -98, 99, -100, 101, -102, -103, 104, 105, 106, -107, -108, 109, 110, -111, 112, -113, -114, -115, -116, 117, 118, -119, -120, 121, 122, -123, -124, 125, -126, -127, -128, 129, 130, -131, 132, 133, -134, 135, -136, 137, 138, -139, -140, 141, 142, -143, 144, 145, -146, -147, -148, 149, 150, -151, -152, 153, -154, 155, 156, -157, -158, -159, -160, -161, 162, -163, 164, 165, 166, -167, 168, -169, 170, 171, 172, -173, -174, -175, -176, 177, 178, -179, -180, 181, -182, 183, -184, 185, -186, 187, -188, 189, 190, -191], [-86, 87, 88, 89, -90, 91, -92, 93, 94, 95, -96, -97, 98, 99, 100, -101, 102, 103, -104, 105, 106, 107, 108, 109, 110, 111, 112, 113, 114, 115, -116, 117, 118, 119, -120, 121, -122, 123, -124, 125, 126, 127, -128, 129, -130, -131, 132, 133, -134, -135, 136, -137, 138, 139, 140, 141, 142, -143, -144, 145, -146, 147, 148, -149, -150, 151, 152, 153, 154, 155, 156, 157, 158, 159, 160, -161, 162, -163, -164, -165, -166, 167, -168, 169, 170, 171, -172, 173, -174, 175, 176, -177, -178, 179, 180, 181, -182, 183, -184, 185, 186, 187, -188, 189, 190, -191] 
sigma1: 1786, sigma2: 3395, zer0: 1819
Bias calculated: 0.344721096313453
----------
Loop 11 of sampler_1_Net12_count_106_w.u.cnf:
----------
Threshold T : 0.6988193210511551	 Tilt : 1.6530612244897964
numSolutions : 9781	 MaxSolutions : 14884
file was constructed with these [86, -87, -88, -89, 90, -91, 92, 93, -94, -95, 96, 97, 98, -99, -100, -101, -102, 103, 104, 105, 106, -107, 108, -109, -110, -111, -112, 113, -114, -115, 116, 117, -118, 119, 120, 121, 122, 123, -124, 125, 126, 127, -128, 129, 130, -131, -132, -133, -134, 135, -136, 137, -138, 139, -140, -141, -142, -143, -144, 145, -146, 147, -148, 149, 150, 151, 152, 153, -154, -155, 156, 157, -158, 159, 160, 161, -162, -163, -164, 165, 166, 167, 168, 169, -170, 171, -172, 173, -174, -175, 176, -177, -178, -179, 180, -181, -182, -183, 184, -185, 186, 187, 188, -189, 190, 191], [86, 87, 88, -89, 90, 91, 92, 93, -94, 95, -96, -97, 98, 99, 100, -101, 102, 103, 104, 105, -106, 107, 108, -109, -110, -111, -112, 113, 114, 115, 116, 117, 118, 119, 120, 121, -122, 123, 124, -125, 126, 127, 128, 129, 130, -131, 132, 133, -134, 135, 136, 137, 138, -139, 140, 141, 142, 143, 144, 145, -146, 147, -148, 149, 150, 151, 152, 153, 154, 155, 156, 157, 158, 159, 160, 161, -162, -163, 164, 165, 166, 167, 168, 169, 170, 171, 172, 173, 174, -175, 176, 177, 178, 179, 180, 181, -182, 183, 184, 185, -186, -187, 188, 189, -190, 191] 
sigma1: 6679, sigma2: 4113, zer0: 4208
Bias calculated: 0.6188843587842846
----------
Loop 12 of sampler_1_Net12_count_106_w.u.cnf:
----------
Threshold T : 0.6437058445728967	 Tilt : 1.2857142857142865
numSolutions : 7638	 MaxSolutions : 12321
file was constructed with these [86, -87, -88, -89, 90, -91, -92, -93, 94, 95, -96, -97, -98, -99, 100, 101, -102, 103, -104, -105, 106, -107, -108, -109, 110, 111, -112, 113, -114, -115, -116, 117, 118, -119, -120, 121, 122, 123, 124, 125, -126, -127, -128, 129, -130, -131, 132, 133, -134, 135, 136, 137, 138, -139, -140, 141, 142, -143, 144, -145, -146, 147, -148, -149, -150, 151, 152, 153, 154, -155, -156, 157, -158, 159, 160, 161, 162, -163, -164, 165, 166, 167, -168, -169, -170, -171, -172, 173, 174, -175, 176, -177, 178, 179, -180, 181, -182, 183, -184, 185, 186, 187, -188, -189, -190, -191], [-86, 87, 88, 89, -90, 91, 92, 93, 94, 95, 96, -97, 98, 99, 100, 101, 102, 103, 104, -105, -106, -107, 108, 109, 110, 111, 112, -113, 114, 115, 116, 117, 118, 119, 120, -121, 122, 123, -124, -125, 126, 127, 128, -129, 130, -131, -132, -133, 134, 135, 136, 137, 138, 139, 140, 141, -142, -143, -144, 145, -146, 147, 148, 149, 150, 151, 152, -153, -154, -155, -156, 157, 158, 159, 160, -161, 162, 163, 164, 165, 166, 167, -168, 169, -170, 171, -172, 173, -174, -175, -176, 177, 178, -179, -180, 181, 182, 183, 184, 185, -186, 187, 188, 189, 190, -191] 
sigma1: 4948, sigma2: 3944, zer0: 4108
Bias calculated: 0.556455240665767
----------
Loop 13 of sampler_1_Net12_count_106_w.u.cnf:
----------
Threshold T : 0.5845238095238096	 Tilt : 1.0
numSolutions : 6232	 MaxSolutions : 12100
file was constructed with these [86, -87, -88, -89, 90, -91, 92, 93, -94, -95, 96, 97, 98, -99, -100, -101, -102, 103, 104, 105, 106, -107, 108, -109, -110, -111, -112, 113, -114, -115, 116, 117, -118, 119, 120, 121, 122, 123, -124, 125, 126, 127, -128, 129, 130, -131, -132, -133, -134, 135, -136, 137, -138, 139, -140, -141, -142, -143, -144, 145, -146, 147, -148, 149, 150, 151, 152, 153, -154, -155, 156, 157, -158, 159, 160, 161, -162, -163, -164, 165, 166, 167, 168, 169, -170, 171, -172, 173, -174, -175, 176, -177, -178, -179, 180, -181, -182, -183, 184, -185, 186, 187, 188, -189, 190, 191], [-86, 87, 88, 89, 90, 91, 92, 93, 94, 95, -96, 97, 98, 99, 100, 101, 102, 103, -104, 105, -106, 107, -108, -109, -110, -111, 112, 113, -114, 115, 116, 117, 118, 119, 120, 121, -122, -123, -124, 125, -126, -127, 128, 129, -130, 131, 132, -133, -134, -135, 136, 137, 138, -139, 140, 141, 142, 143, 144, 145, 146, 147, 148, 149, 150, 151, 152, 153, 154, 155, 156, -157, 158, 159, -160, 161, 162, 163, 164, 165, 166, 167, 168, 169, -170, 171, 172, -173, -174, -175, 176, 177, 178, -179, 180, -181, 182, -183, -184, -185, -186, 187, -188, 189, -190, 191] 
sigma1: 4020, sigma2: 4123, zer0: 4857
Bias calculated: 0.49367554955176224
----------
Loop 14 of sampler_1_Net12_count_106_w.u.cnf:
----------
Threshold T : 0.4603993543556445	 Tilt : 0.6049382716049383
numSolutions : 4768	 MaxSolutions : 8100
file was constructed with these [-86, 87, -88, -89, -90, -91, 92, 93, -94, -95, -96, -97, 98, 99, 100, 101, -102, -103, 104, 105, -106, -107, -108, -109, 110, 111, -112, -113, 114, 115, -116, 117, 118, -119, 120, -121, -122, 123, 124, 125, -126, 127, -128, -129, -130, -131, 132, 133, 134, -135, 136, -137, 138, 139, -140, 141, 142, 143, 144, 145, -146, -147, 148, 149, -150, 151, 152, -153, 154, -155, 156, 157, 158, -159, -160, 161, 162, -163, -164, -165, 166, 167, 168, 169, 170, -171, -172, -173, 174, -175, 176, -177, 178, 179, 180, -181, 182, -183, 184, 185, 186, 187, 188, 189, -190, -191], [86, -87, 88, 89, 90, 91, 92, 93, 94, 95, -96, -97, 98, 99, 100, -101, -102, 103, -104, 105, -106, 107, -108, 109, 110, 111, -112, 113, 114, 115, -116, 117, -118, 119, -120, -121, 122, 123, 124, 125, 126, 127, 128, -129, 130, -131, -132, -133, 134, -135, -136, -137, -138, -139, -140, 141, 142, -143, -144, -145, 146, 147, -148, 149, -150, 151, 152, -153, 154, -155, -156, 157, 158, -159, 160, 161, -162, 163, 164, 165, -166, 167, 168, 169, 170, -171, -172, 173, 174, 175, 176, 177, 178, 179, -180, 181, -182, 183, 184, 185, 186, 187, -188, 189, -190, 191] 
sigma1: 2184, sigma2: 3789, zer0: 3027
Bias calculated: 0.3656454043194375
----------
Loop 15 of sampler_1_Net12_count_106_w.u.cnf:
----------
Threshold T : 0.5845238095238097	 Tilt : 1.0000000000000004
numSolutions : 6232	 MaxSolutions : 9604
file was constructed with these [-86, 87, -88, -89, -90, 91, 92, -93, -94, -95, 96, -97, 98, -99, 100, 101, 102, -103, -104, -105, 106, -107, 108, -109, -110, -111, 112, 113, 114, -115, -116, 117, -118, 119, 120, 121, 122, -123, 124, 125, 126, -127, 128, -129, -130, 131, 132, -133, -134, -135, 136, -137, -138, -139, 140, 141, 142, 143, -144, 145, 146, 147, 148, -149, 150, 151, -152, -153, -154, -155, 156, 157, 158, -159, 160, -161, -162, 163, 164, 165, -166, 167, 168, -169, -170, 171, -172, 173, 174, -175, -176, 177, -178, 179, 180, 181, 182, 183, 184, -185, 186, -187, 188, -189, -190, -191], [-86, 87, 88, 89, 90, -91, 92, -93, 94, 95, 96, 97, 98, 99, -100, 101, 102, 103, 104, 105, -106, -107, 108, 109, 110, 111, 112, 113, 114, 115, 116, 117, -118, -119, 120, 121, 122, 123, 124, -125, -126, -127, -128, 129, -130, 131, 132, -133, -134, 135, 136, 137, 138, -139, 140, 141, -142, 143, 144, 145, 146, 147, -148, -149, 150, 151, -152, -153, 154, 155, 156, -157, -158, -159, 160, -161, 162, 163, 164, 165, 166, 167, 168, 169, 170, 171, 172, -173, -174, 175, 176, 177, -178, 179, 180, -181, 182, 183, 184, -185, 186, 187, 188, -189, 190, 191] 
sigma1: 3394, sigma2: 3652, zer0: 2954
Bias calculated: 0.481691739994323
----------
Loop 16 of sampler_1_Net12_count_106_w.u.cnf:
----------
Threshold T : 0.399198351204264	 Tilt : 0.4705075445816187
numSolutions : 4473	 MaxSolutions : 7056
file was constructed with these [-86, -87, -88, 89, 90, 91, -92, 93, 94, 95, -96, -97, 98, -99, -100, 101, 102, -103, -104, 105, 106, 107, -108, 109, 110, 111, 112, -113, -114, 115, -116, -117, 118, -119, 120, 121, -122, -123, 124, -125, 126, 127, -128, 129, 130, 131, -132, 133, -134, -135, -136, 137, 138, -139, 140, -141, -142, 143, -144, 145, -146, -147, 148, 149, -150, 151, -152, -153, 154, 155, -156, 157, 158, 159, 160, -161, 162, -163, 164, -165, -166, 167, 168, 169, -170, -171, -172, -173, 174, 175, -176, 177, -178, -179, -180, 181, 182, -183, -184, 185, -186, -187, 188, -189, 190, -191], [-86, 87, 88, 89, 90, -91, 92, -93, 94, 95, 96, -97, 98, -99, -100, 101, 102, 103, -104, 105, 106, -107, -108, -109, 110, -111, 112, 113, 114, 115, 116, 117, -118, -119, 120, 121, -122, -123, 124, 125, 126, 127, -128, 129, 130, 131, 132, 133, -134, 135, -136, -137, 138, 139, 140, 141, 142, 143, 144, -145, -146, -147, 148, 149, 150, 151, 152, -153, 154, -155, -156, 157, -158, -159, 160, 161, -162, 163, 164, -165, 166, 167, -168, 169, 170, -171, -172, 173, 174, -175, 176, 177, 178, -179, -180, 181, -182, 183, 184, -185, 186, -187, -188, 189, 190, -191] 
sigma1: 1861, sigma2: 3742, zer0: 2397
Bias calculated: 0.3321434945564876
----------
Loop 17 of sampler_1_Net12_count_106_w.u.cnf:
----------
Threshold T : 0.4603993543556446	 Tilt : 0.6049382716049385
numSolutions : 4768	 MaxSolutions : 6724
file was constructed with these [-86, 87, -88, -89, -90, -91, 92, 93, -94, -95, -96, -97, 98, 99, 100, 101, -102, -103, 104, 105, -106, -107, -108, -109, 110, 111, -112, -113, 114, 115, -116, 117, 118, -119, 120, -121, -122, 123, 124, 125, -126, 127, -128, -129, -130, -131, 132, 133, 134, -135, 136, -137, 138, 139, -140, 141, 142, 143, 144, 145, -146, -147, 148, 149, -150, 151, 152, -153, 154, -155, 156, 157, 158, -159, -160, 161, 162, -163, -164, -165, 166, 167, 168, 169, 170, -171, -172, -173, 174, -175, 176, -177, 178, 179, 180, -181, 182, -183, 184, 185, 186, 187, 188, 189, -190, -191], [-86, -87, 88, 89, 90, 91, 92, 93, -94, 95, 96, 97, 98, 99, 100, 101, -102, -103, 104, 105, -106, 107, -108, 109, -110, 111, 112, 113, 114, -115, 116, 117, -118, -119, 120, 121, 122, 123, 124, -125, 126, 127, 128, 129, 130, 131, -132, 133, 134, 135, 136, -137, -138, -139, 140, 141, 142, 143, -144, 145, 146, 147, 148, 149, 150, 151, -152, 153, 154, 155, -156, -157, 158, 159, -160, 161, -162, 163, -164, 165, 166, -167, -168, 169, 170, 171, 172, -173, 174, -175, 176, 177, 178, 179, 180, -181, 182, -183, -184, -185, 186, 187, 188, 189, -190, 191] 
sigma1: 2062, sigma2: 3344, zer0: 1594
Bias calculated: 0.3814280429152793
----------
Loop 18 of sampler_1_Net12_count_106_w.u.cnf:
----------
Threshold T : 0.6437058445728967	 Tilt : 1.285714285714286
numSolutions : 7638	 MaxSolutions : 11236
file was constructed with these [-86, 87, -88, -89, 90, -91, 92, 93, -94, -95, -96, 97, 98, 99, 100, -101, 102, 103, 104, -105, -106, 107, -108, 109, -110, -111, 112, 113, -114, -115, 116, -117, -118, 119, 120, -121, -122, -123, -124, 125, -126, 127, -128, 129, 130, 131, -132, -133, 134, 135, -136, 137, 138, 139, 140, -141, -142, 143, 144, -145, 146, 147, 148, 149, -150, 151, 152, 153, -154, 155, 156, -157, 158, 159, 160, -161, 162, -163, -164, -165, 166, 167, 168, -169, -170, 171, -172, -173, -174, -175, 176, 177, -178, -179, 180, 181, -182, 183, 184, 185, 186, -187, 188, 189, -190, -191], [-86, 87, 88, 89, 90, 91, 92, 93, 94, 95, -96, 97, 98, 99, 100, -101, 102, 103, 104, 105, 106, 107, 108, 109, 110, 111, 112, -113, 114, 115, -116, 117, -118, 119, 120, -121, -122, 123, 124, 125, -126, 127, 128, 129, 130, 131, 132, -133, 134, 135, 136, 137, 138, -139, 140, 141, 142, -143, -144, 145, 146, -147, 148, 149, 150, 151, 152, 153, 154, 155, 156, -157, -158, 159, 160, 161, -162, 163, 164, -165, 166, 167, 168, -169, 170, 171, -172, 173, 174, -175, 176, -177, -178, -179, 180, -181, 182, -183, -184, 185, 186, 187, 188, 189, -190, 191] 
sigma1: 4981, sigma2: 4058, zer0: 2961
Bias calculated: 0.5510565328023012
----------
Loop 19 of sampler_1_Net12_count_106_w.u.cnf:
----------
Threshold T : 0.6437058445728967	 Tilt : 1.285714285714286
numSolutions : 7638	 MaxSolutions : 11236
file was constructed with these [86, -87, -88, -89, 90, -91, 92, 93, -94, -95, 96, 97, 98, -99, -100, -101, -102, 103, 104, 105, 106, -107, 108, -109, -110, -111, -112, 113, -114, -115, 116, 117, -118, 119, 120, 121, 122, 123, -124, 125, 126, 127, -128, 129, 130, -131, -132, -133, -134, 135, -136, 137, -138, 139, -140, -141, -142, -143, -144, 145, -146, 147, -148, 149, 150, 151, 152, 153, -154, -155, 156, 157, -158, 159, 160, 161, -162, -163, -164, 165, 166, 167, 168, 169, -170, 171, -172, 173, -174, -175, 176, -177, -178, -179, 180, -181, -182, -183, 184, -185, 186, 187, 188, -189, 190, 191], [86, 87, 88, 89, 90, 91, -92, 93, 94, 95, 96, -97, 98, -99, 100, -101, 102, 103, 104, -105, 106, -107, -108, 109, 110, 111, 112, 113, 114, 115, 116, 117, 118, -119, 120, 121, 122, 123, 124, -125, 126, -127, 128, -129, 130, 131, 132, -133, 134, 135, 136, -137, 138, 139, 140, 141, 142, 143, 144, 145, 146, 147, 148, -149, 150, 151, 152, 153, 154, -155, 156, -157, -158, -159, 160, 161, 162, 163, 164, -165, 166, 167, 168, 169, -170, 171, 172, -173, 174, 175, 176, 177, -178, 179, 180, -181, -182, -183, 184, -185, 186, -187, 188, -189, 190, -191] 
sigma1: 4765, sigma2: 3835, zer0: 3400
Bias calculated: 0.5540697674418604
----------
Loop 20 of sampler_1_Net12_count_106_w.u.cnf:
----------
Threshold T : 0.6437058445728967	 Tilt : 1.2857142857142858
numSolutions : 7638	 MaxSolutions : 13689
file was constructed with these [-86, 87, 88, -89, -90, 91, 92, 93, 94, -95, -96, -97, 98, 99, -100, -101, -102, -103, 104, 105, -106, -107, -108, -109, -110, -111, 112, 113, -114, -115, -116, 117, -118, 119, 120, 121, 122, 123, 124, -125, 126, 127, 128, 129, 130, 131, 132, 133, -134, -135, -136, 137, 138, 139, -140, -141, 142, 143, 144, -145, 146, 147, -148, -149, -150, 151, -152, 153, -154, -155, 156, 157, 158, -159, 160, -161, 162, 163, -164, 165, -166, -167, 168, -169, 170, -171, 172, 173, 174, 175, -176, -177, 178, 179, 180, 181, 182, 183, -184, 185, 186, -187, 188, 189, -190, 191], [86, -87, 88, 89, -90, 91, 92, 93, 94, 95, -96, 97, 98, 99, -100, 101, -102, -103, 104, 105, -106, 107, -108, 109, -110, 111, 112, 113, -114, -115, 116, 117, 118, -119, -120, -121, 122, 123, 124, 125, -126, 127, -128, 129, 130, -131, 132, -133, 134, -135, 136, 137, -138, 139, 140, 141, 142, -143, 144, 145, 146, 147, 148, 149, 150, 151, 152, 153, 154, 155, 156, 157, -158, 159, -160, 161, -162, 163, 164, 165, -166, -167, 168, 169, 170, 171, 172, -173, 174, 175, -176, 177, 178, -179, 180, 181, 182, -183, -184, 185, 186, -187, 188, 189, 190, 191] 
sigma1: 4959, sigma2: 3985, zer0: 5056
Bias calculated: 0.5544499105545617
Sampler: UniGen3 Accept:1 TotalSolutionsGenerated: 197713 TotalIdealSamples: 21


 time taken : 3021.7157464027405
