 t: 21 delta: 0.1
 eta: 0.1
 epsilon: 0.1
----------
Loop 0 of sampler_1_Net22_count_116_w.u.cnf:
----------
Threshold T : 0.7928854408009137	 Tilt : 2.7326114119117046
numSolutions : 18029	 MaxSolutions : 26244
file was constructed with these [-104, 105, -106, 107, -108, -109, -110, -111, 112, 113, 114, 115, 116, 117, 118, 119, 120, 121, 122, 123, -124, 125, -126, -127, 128, 129, -130, -131, -132, -133, -134, 135, -136, -137, -138, -139, 140, 141, -142, -143, -144, 145, 146, -147, -148, 149, 150, -151, -152, 153, 154, 155, 156, -157, 158, -159, -160, 161, -162, 163, 164, -165, 166, 167, -168, -169, -170, -171, 172, 173, 174, -175, 176, 177, -178, 179, -180, 181, 182, -183, -184, 185, -186, -187, -188, 189, 190, 191, 192, -193, 194, -195, -196, -197, 198, 199, -200, 201, 202, -203, -204, -205, 206, -207, -208, -209, 210, -211, -212, 213, 214, 215, 216, -217, 218, 219], [104, -105, 106, 107, 108, 109, 110, 111, -112, 113, 114, 115, 116, 117, 118, -119, 120, 121, 122, 123, 124, 125, 126, -127, 128, -129, 130, 131, -132, 133, 134, 135, 136, 137, 138, 139, 140, -141, 142, 143, 144, 145, 146, 147, 148, 149, -150, -151, -152, 153, 154, 155, 156, -157, 158, 159, -160, 161, 162, -163, -164, 165, 166, 167, 168, 169, 170, 171, -172, 173, -174, -175, 176, 177, -178, -179, 180, 181, 182, 183, -184, 185, -186, 187, 188, 189, -190, 191, 192, -193, 194, 195, 196, 197, 198, 199, -200, 201, -202, 203, 204, 205, 206, -207, 208, 209, -210, -211, 212, 213, -214, 215, 216, 217, 218, 219] 
sigma1: 15452, sigma2: 4875, zer0: 6673
Bias calculated: 0.7601712008658434
----------
Loop 1 of sampler_1_Net22_count_116_w.u.cnf:
----------
Threshold T : 0.399198351204264	 Tilt : 0.4705075445816187
numSolutions : 4473	 MaxSolutions : 6561
file was constructed with these [104, 105, 106, 107, 108, -109, -110, 111, -112, 113, 114, -115, -116, -117, 118, 119, 120, 121, -122, -123, 124, 125, 126, 127, -128, 129, 130, 131, 132, 133, -134, -135, 136, 137, -138, -139, -140, -141, -142, 143, 144, 145, 146, -147, 148, 149, -150, 151, -152, -153, -154, -155, 156, -157, 158, -159, 160, 161, 162, -163, -164, -165, -166, 167, 168, 169, -170, -171, 172, -173, 174, -175, -176, 177, 178, -179, 180, 181, 182, 183, -184, 185, 186, -187, -188, 189, 190, 191, 192, -193, -194, -195, 196, 197, 198, -199, -200, 201, -202, -203, -204, 205, -206, -207, -208, 209, 210, 211, 212, 213, -214, 215, -216, -217, -218, -219], [104, 105, 106, 107, -108, 109, 110, 111, 112, -113, 114, 115, 116, 117, 118, -119, -120, 121, 122, -123, -124, 125, -126, 127, 128, 129, -130, -131, -132, 133, 134, -135, 136, -137, 138, -139, -140, 141, -142, 143, 144, 145, 146, -147, 148, -149, 150, 151, 152, 153, 154, -155, 156, 157, 158, 159, -160, 161, -162, 163, 164, 165, 166, 167, -168, 169, 170, 171, 172, 173, 174, -175, -176, -177, -178, -179, 180, -181, -182, 183, 184, 185, 186, 187, 188, -189, -190, -191, 192, 193, -194, -195, 196, -197, 198, 199, 200, 201, -202, 203, 204, 205, 206, -207, 208, -209, -210, 211, -212, 213, -214, 215, 216, -217, 218, -219] 
sigma1: 1566, sigma2: 3528, zer0: 1906
Bias calculated: 0.30742049469964666
----------
Loop 2 of sampler_1_Net22_count_116_w.u.cnf:
----------
Threshold T : 0.7487552976603098	 Tilt : 2.125364431486881
numSolutions : 13040	 MaxSolutions : 22801
file was constructed with these [-104, -105, -106, -107, -108, 109, 110, 111, -112, -113, -114, 115, 116, -117, 118, 119, -120, 121, -122, 123, 124, -125, -126, 127, 128, -129, 130, -131, -132, 133, 134, -135, 136, -137, -138, 139, -140, 141, -142, -143, 144, -145, 146, -147, 148, -149, 150, -151, -152, -153, 154, 155, -156, 157, 158, -159, -160, 161, 162, -163, -164, 165, -166, 167, 168, -169, -170, -171, -172, -173, -174, 175, -176, -177, 178, 179, 180, 181, -182, 183, 184, -185, 186, 187, 188, 189, -190, -191, -192, 193, -194, 195, -196, 197, -198, 199, -200, -201, 202, 203, -204, 205, -206, 207, -208, 209, 210, 211, 212, 213, 214, -215, -216, -217, 218, 219], [104, -105, 106, 107, 108, -109, -110, 111, -112, 113, -114, 115, -116, 117, -118, -119, -120, 121, 122, -123, 124, -125, 126, 127, 128, -129, 130, 131, 132, -133, 134, -135, 136, 137, 138, 139, 140, 141, 142, 143, 144, -145, 146, 147, 148, 149, 150, 151, 152, 153, -154, -155, 156, 157, 158, -159, -160, 161, -162, -163, -164, 165, 166, -167, 168, 169, 170, -171, 172, -173, 174, 175, 176, 177, 178, -179, 180, 181, 182, 183, 184, 185, -186, 187, 188, -189, 190, 191, -192, 193, 194, 195, -196, 197, 198, 199, 200, -201, 202, 203, 204, 205, 206, -207, 208, 209, 210, 211, -212, 213, 214, 215, 216, 217, 218, 219] 
sigma1: 9923, sigma2: 5062, zer0: 8015
Bias calculated: 0.6621955288621956
----------
Loop 3 of sampler_1_Net22_count_116_w.u.cnf:
----------
Threshold T : 0.5845238095238096	 Tilt : 1.0
numSolutions : 6232	 MaxSolutions : 9604
file was constructed with these [-104, 105, 106, 107, 108, -109, 110, 111, -112, 113, -114, -115, -116, 117, -118, 119, 120, -121, 122, -123, 124, 125, 126, -127, -128, -129, -130, -131, 132, 133, -134, -135, -136, -137, -138, 139, -140, -141, -142, -143, 144, 145, 146, -147, -148, 149, -150, -151, 152, -153, 154, 155, -156, -157, -158, -159, 160, -161, -162, 163, 164, -165, 166, 167, 168, -169, -170, -171, 172, -173, -174, -175, -176, 177, 178, 179, 180, 181, 182, 183, 184, -185, -186, -187, -188, 189, -190, -191, -192, -193, -194, -195, 196, -197, 198, 199, 200, 201, -202, 203, 204, 205, -206, -207, -208, -209, -210, -211, -212, 213, -214, -215, 216, 217, 218, 219], [104, 105, 106, -107, 108, -109, 110, -111, -112, 113, 114, 115, 116, -117, -118, 119, 120, 121, 122, -123, 124, 125, 126, -127, -128, 129, -130, 131, -132, 133, 134, -135, 136, 137, -138, 139, 140, -141, 142, -143, 144, -145, 146, -147, -148, -149, 150, -151, -152, -153, -154, -155, 156, 157, 158, -159, 160, 161, 162, 163, 164, 165, -166, -167, 168, -169, 170, -171, 172, 173, 174, 175, -176, 177, 178, 179, -180, 181, 182, -183, 184, 185, 186, -187, -188, 189, 190, 191, -192, 193, 194, -195, 196, -197, 198, -199, -200, 201, 202, 203, 204, 205, 206, -207, 208, -209, 210, 211, 212, 213, -214, -215, 216, 217, 218, -219] 
sigma1: 3790, sigma2: 3349, zer0: 2861
Bias calculated: 0.5308866788065555
----------
Loop 4 of sampler_1_Net22_count_116_w.u.cnf:
----------
Threshold T : 0.6988193210511551	 Tilt : 1.6530612244897962
numSolutions : 9781	 MaxSolutions : 16384
file was constructed with these [-104, -105, 106, 107, 108, -109, 110, 111, 112, 113, 114, 115, 116, -117, -118, -119, 120, 121, -122, 123, 124, -125, 126, 127, -128, -129, -130, -131, -132, 133, 134, 135, 136, 137, 138, -139, -140, -141, 142, -143, -144, 145, -146, 147, 148, 149, -150, -151, -152, -153, -154, -155, -156, -157, -158, 159, -160, 161, -162, -163, 164, -165, -166, 167, -168, 169, 170, -171, 172, -173, 174, -175, -176, -177, -178, 179, 180, -181, -182, 183, -184, -185, 186, 187, 188, -189, 190, 191, -192, -193, 194, 195, -196, -197, 198, 199, 200, -201, -202, -203, -204, 205, 206, 207, 208, 209, -210, 211, 212, 213, 214, 215, 216, 217, 218, 219], [-104, 105, -106, -107, 108, -109, -110, 111, 112, -113, 114, 115, 116, 117, 118, -119, 120, 121, -122, -123, 124, 125, -126, 127, -128, -129, 130, 131, 132, -133, -134, 135, -136, 137, 138, -139, -140, 141, 142, -143, -144, 145, 146, 147, 148, 149, 150, 151, 152, -153, -154, 155, 156, 157, 158, 159, 160, 161, 162, -163, 164, -165, 166, 167, 168, -169, -170, -171, -172, 173, -174, 175, -176, 177, 178, 179, 180, 181, -182, 183, 184, 185, 186, -187, 188, 189, 190, 191, -192, 193, 194, 195, 196, 197, 198, 199, 200, -201, -202, 203, -204, -205, 206, 207, -208, -209, -210, 211, 212, 213, 214, 215, -216, 217, -218, 219] 
sigma1: 7111, sigma2: 4467, zer0: 5422
Bias calculated: 0.6141820694420452
----------
Loop 5 of sampler_1_Net22_count_116_w.u.cnf:
----------
Threshold T : 0.6437058445728967	 Tilt : 1.2857142857142858
numSolutions : 7638	 MaxSolutions : 12321
file was constructed with these [-104, 105, 106, 107, 108, -109, -110, -111, -112, -113, -114, 115, 116, 117, 118, 119, 120, -121, -122, -123, -124, -125, -126, 127, -128, 129, -130, 131, -132, -133, 134, 135, -136, -137, -138, 139, 140, 141, -142, 143, 144, 145, 146, 147, 148, -149, 150, -151, -152, 153, 154, 155, -156, 157, -158, -159, 160, 161, -162, -163, 164, -165, 166, 167, -168, -169, -170, 171, 172, -173, 174, -175, 176, 177, -178, 179, -180, 181, -182, 183, 184, 185, -186, -187, 188, -189, 190, 191, 192, -193, 194, -195, 196, 197, -198, -199, 200, 201, -202, -203, -204, 205, 206, -207, -208, -209, 210, 211, -212, 213, 214, -215, -216, -217, 218, 219], [-104, -105, -106, 107, 108, -109, 110, -111, -112, -113, 114, -115, 116, 117, 118, 119, 120, 121, -122, 123, 124, -125, 126, 127, -128, 129, -130, -131, 132, 133, 134, 135, -136, -137, -138, 139, -140, 141, 142, 143, 144, -145, 146, 147, 148, -149, 150, 151, -152, -153, -154, -155, -156, 157, 158, 159, 160, 161, 162, -163, 164, 165, 166, 167, -168, -169, 170, 171, 172, -173, 174, 175, -176, -177, 178, 179, -180, 181, 182, 183, 184, 185, 186, 187, -188, -189, 190, -191, 192, -193, -194, 195, 196, 197, 198, 199, 200, 201, -202, -203, 204, 205, -206, -207, 208, 209, -210, 211, 212, 213, 214, -215, 216, 217, -218, 219] 
sigma1: 4810, sigma2: 4051, zer0: 4139
Bias calculated: 0.542828123236655
----------
Loop 6 of sampler_1_Net22_count_116_w.u.cnf:
----------
Threshold T : 0.5845238095238097	 Tilt : 1.0000000000000002
numSolutions : 6232	 MaxSolutions : 10609
file was constructed with these [-104, -105, -106, -107, -108, 109, 110, 111, -112, -113, -114, 115, 116, -117, 118, 119, -120, 121, -122, 123, 124, -125, -126, 127, 128, -129, 130, -131, -132, 133, 134, -135, 136, -137, -138, 139, -140, 141, -142, -143, 144, -145, 146, -147, 148, -149, 150, -151, -152, -153, 154, 155, -156, 157, 158, -159, -160, 161, 162, -163, -164, 165, -166, 167, 168, -169, -170, -171, -172, -173, -174, 175, -176, -177, 178, 179, 180, 181, -182, 183, 184, -185, 186, 187, 188, 189, -190, -191, -192, 193, -194, 195, -196, 197, -198, 199, -200, -201, 202, 203, -204, 205, -206, 207, -208, 209, 210, 211, 212, 213, 214, -215, -216, -217, 218, 219], [-104, -105, 106, 107, 108, 109, 110, 111, 112, 113, 114, 115, -116, 117, 118, 119, -120, -121, 122, 123, 124, 125, -126, 127, 128, -129, 130, -131, 132, -133, -134, 135, -136, -137, 138, 139, 140, 141, 142, 143, 144, -145, 146, -147, -148, -149, -150, -151, 152, 153, 154, 155, 156, 157, 158, -159, 160, -161, 162, 163, 164, 165, -166, 167, 168, 169, -170, -171, 172, 173, -174, 175, -176, 177, 178, 179, -180, -181, 182, 183, 184, -185, -186, 187, 188, -189, 190, 191, 192, 193, -194, 195, 196, -197, 198, 199, -200, 201, 202, 203, -204, -205, -206, 207, 208, -209, -210, 211, -212, -213, 214, -215, -216, 217, 218, -219] 
sigma1: 3700, sigma2: 3580, zer0: 3720
Bias calculated: 0.5082417582417582
----------
Loop 7 of sampler_1_Net22_count_116_w.u.cnf:
----------
Threshold T : 0.4603993543556445	 Tilt : 0.6049382716049383
numSolutions : 4768	 MaxSolutions : 7225
file was constructed with these [-104, 105, 106, 107, 108, -109, 110, 111, -112, 113, -114, -115, -116, 117, -118, 119, 120, -121, 122, -123, 124, 125, 126, -127, -128, -129, -130, -131, 132, 133, -134, -135, -136, -137, -138, 139, -140, -141, -142, -143, 144, 145, 146, -147, -148, 149, -150, -151, 152, -153, 154, 155, -156, -157, -158, -159, 160, -161, -162, 163, 164, -165, 166, 167, 168, -169, -170, -171, 172, -173, -174, -175, -176, 177, 178, 179, 180, 181, 182, 183, 184, -185, -186, -187, -188, 189, -190, -191, -192, -193, -194, -195, 196, -197, 198, 199, 200, 201, -202, 203, 204, 205, -206, -207, -208, -209, -210, -211, -212, 213, -214, -215, 216, 217, 218, 219], [104, -105, 106, -107, 108, -109, 110, -111, -112, 113, -114, 115, 116, 117, -118, 119, 120, -121, 122, 123, -124, 125, 126, 127, 128, -129, -130, -131, 132, -133, -134, 135, 136, 137, -138, -139, 140, 141, 142, 143, 144, 145, -146, 147, 148, 149, 150, 151, 152, 153, 154, 155, 156, 157, -158, 159, -160, 161, -162, 163, 164, -165, 166, 167, -168, 169, 170, 171, -172, -173, 174, 175, 176, -177, 178, -179, -180, 181, -182, -183, 184, 185, 186, 187, -188, -189, 190, 191, 192, -193, 194, -195, -196, 197, 198, 199, 200, -201, -202, 203, -204, -205, -206, 207, -208, 209, 210, -211, 212, 213, 214, 215, 216, -217, 218, 219] 
sigma1: 2117, sigma2: 3641, zer0: 2242
Bias calculated: 0.36766238277179575
----------
Loop 8 of sampler_1_Net22_count_116_w.u.cnf:
----------
Threshold T : 0.5228119903704279	 Tilt : 0.7777777777777778
numSolutions : 5324	 MaxSolutions : 9604
file was constructed with these [-104, 105, 106, 107, 108, -109, 110, 111, -112, 113, -114, -115, -116, 117, -118, 119, 120, -121, 122, -123, 124, 125, 126, -127, -128, -129, -130, -131, 132, 133, -134, -135, -136, -137, -138, 139, -140, -141, -142, -143, 144, 145, 146, -147, -148, 149, -150, -151, 152, -153, 154, 155, -156, -157, -158, -159, 160, -161, -162, 163, 164, -165, 166, 167, 168, -169, -170, -171, 172, -173, -174, -175, -176, 177, 178, 179, 180, 181, 182, 183, 184, -185, -186, -187, -188, 189, -190, -191, -192, -193, -194, -195, 196, -197, 198, 199, 200, 201, -202, 203, 204, 205, -206, -207, -208, -209, -210, -211, -212, 213, -214, -215, 216, 217, 218, 219], [-104, 105, 106, 107, 108, 109, 110, 111, -112, 113, 114, 115, 116, 117, 118, 119, 120, -121, -122, 123, 124, 125, -126, 127, 128, 129, 130, 131, -132, -133, -134, 135, 136, 137, 138, -139, -140, 141, 142, 143, -144, 145, -146, -147, 148, 149, -150, -151, 152, 153, 154, 155, 156, 157, 158, -159, 160, 161, 162, 163, 164, -165, 166, -167, -168, -169, 170, -171, -172, -173, 174, -175, -176, 177, -178, 179, 180, 181, 182, -183, 184, 185, -186, -187, 188, -189, -190, 191, 192, 193, 194, 195, -196, 197, 198, 199, 200, -201, 202, 203, 204, 205, 206, 207, -208, 209, 210, 211, 212, 213, 214, 215, 216, -217, 218, 219] 
sigma1: 2792, sigma2: 3702, zer0: 3506
Bias calculated: 0.42993532491530645
----------
Loop 9 of sampler_1_Net22_count_116_w.u.cnf:
----------
Threshold T : 0.5845238095238096	 Tilt : 1.0
numSolutions : 6232	 MaxSolutions : 10609
file was constructed with these [-104, 105, 106, 107, 108, -109, 110, 111, -112, 113, -114, -115, -116, 117, -118, 119, 120, -121, 122, -123, 124, 125, 126, -127, -128, -129, -130, -131, 132, 133, -134, -135, -136, -137, -138, 139, -140, -141, -142, -143, 144, 145, 146, -147, -148, 149, -150, -151, 152, -153, 154, 155, -156, -157, -158, -159, 160, -161, -162, 163, 164, -165, 166, 167, 168, -169, -170, -171, 172, -173, -174, -175, -176, 177, 178, 179, 180, 181, 182, 183, 184, -185, -186, -187, -188, 189, -190, -191, -192, -193, -194, -195, 196, -197, 198, 199, 200, 201, -202, 203, 204, 205, -206, -207, -208, -209, -210, -211, -212, 213, -214, -215, 216, 217, 218, 219], [-104, 105, 106, 107, 108, 109, 110, 111, -112, 113, 114, 115, 116, 117, 118, 119, 120, 121, -122, 123, 124, 125, 126, 127, 128, 129, 130, 131, 132, -133, 134, 135, 136, 137, 138, -139, -140, 141, 142, 143, -144, 145, -146, 147, 148, -149, -150, 151, -152, 153, -154, 155, 156, 157, 158, 159, -160, 161, 162, 163, -164, -165, -166, 167, -168, 169, 170, -171, 172, -173, 174, -175, 176, 177, -178, 179, -180, 181, 182, 183, -184, 185, 186, 187, 188, 189, -190, 191, 192, 193, 194, -195, -196, -197, 198, 199, 200, -201, 202, 203, -204, -205, 206, -207, -208, -209, 210, 211, -212, 213, 214, 215, 216, -217, -218, 219] 
sigma1: 3743, sigma2: 3627, zer0: 3630
Bias calculated: 0.5078697421981004
----------
Loop 10 of sampler_1_Net22_count_116_w.u.cnf:
----------
Threshold T : 0.6988193210511551	 Tilt : 1.6530612244897962
numSolutions : 9781	 MaxSolutions : 14884
file was constructed with these [-104, -105, -106, -107, -108, 109, 110, 111, -112, -113, -114, 115, 116, -117, 118, 119, -120, 121, -122, 123, 124, -125, -126, 127, 128, -129, 130, -131, -132, 133, 134, -135, 136, -137, -138, 139, -140, 141, -142, -143, 144, -145, 146, -147, 148, -149, 150, -151, -152, -153, 154, 155, -156, 157, 158, -159, -160, 161, 162, -163, -164, 165, -166, 167, 168, -169, -170, -171, -172, -173, -174, 175, -176, -177, 178, 179, 180, 181, -182, 183, 184, -185, 186, 187, 188, 189, -190, -191, -192, 193, -194, 195, -196, 197, -198, 199, -200, -201, 202, 203, -204, 205, -206, 207, -208, 209, 210, 211, 212, 213, 214, -215, -216, -217, 218, 219], [104, 105, 106, 107, 108, 109, 110, -111, -112, 113, 114, 115, 116, 117, 118, 119, -120, 121, 122, 123, -124, 125, -126, -127, -128, 129, -130, 131, 132, 133, 134, 135, -136, -137, 138, 139, 140, -141, 142, 143, -144, 145, -146, 147, 148, -149, 150, 151, -152, 153, -154, -155, 156, 157, 158, -159, -160, 161, 162, -163, -164, 165, 166, 167, 168, -169, -170, 171, 172, 173, 174, 175, 176, -177, -178, -179, 180, 181, 182, 183, -184, 185, 186, 187, -188, -189, -190, -191, 192, 193, -194, -195, 196, -197, -198, 199, 200, 201, 202, 203, 204, 205, 206, 207, 208, 209, 210, 211, -212, 213, 214, 215, -216, 217, -218, -219] 
sigma1: 6840, sigma2: 4246, zer0: 3914
Bias calculated: 0.616994407360635
----------
Loop 11 of sampler_1_Net22_count_116_w.u.cnf:
----------
Threshold T : 0.6437058445728967	 Tilt : 1.285714285714286
numSolutions : 7638	 MaxSolutions : 11236
file was constructed with these [104, 105, -106, 107, 108, -109, -110, -111, -112, 113, -114, 115, -116, 117, 118, -119, -120, -121, 122, 123, -124, 125, -126, -127, -128, 129, -130, 131, -132, 133, 134, -135, -136, -137, 138, -139, 140, -141, 142, -143, -144, 145, -146, -147, -148, 149, 150, 151, 152, 153, -154, -155, -156, 157, 158, -159, 160, -161, -162, 163, 164, 165, -166, 167, 168, 169, -170, -171, 172, -173, -174, -175, -176, 177, -178, 179, 180, 181, 182, -183, -184, -185, -186, -187, -188, 189, 190, -191, 192, 193, -194, 195, -196, -197, -198, -199, 200, 201, 202, -203, 204, 205, 206, 207, 208, 209, -210, 211, -212, 213, -214, -215, 216, 217, -218, 219], [-104, 105, 106, -107, 108, 109, 110, 111, -112, 113, 114, 115, 116, 117, -118, -119, 120, 121, 122, 123, 124, 125, 126, 127, 128, 129, 130, -131, 132, -133, 134, 135, -136, -137, 138, 139, 140, -141, 142, 143, 144, 145, 146, 147, -148, 149, 150, 151, 152, -153, -154, 155, 156, 157, -158, 159, 160, 161, 162, 163, 164, -165, 166, -167, -168, -169, 170, -171, -172, 173, 174, 175, -176, -177, 178, -179, -180, 181, 182, -183, -184, -185, -186, 187, 188, 189, 190, 191, 192, 193, 194, -195, 196, -197, -198, 199, 200, 201, 202, 203, -204, 205, -206, 207, 208, -209, -210, 211, 212, 213, -214, -215, 216, 217, 218, -219] 
sigma1: 5119, sigma2: 3816, zer0: 3065
Bias calculated: 0.5729155008393957
----------
Loop 12 of sampler_1_Net22_count_116_w.u.cnf:
----------
Threshold T : 0.6988193210511551	 Tilt : 1.6530612244897964
numSolutions : 9781	 MaxSolutions : 14884
file was constructed with these [-104, -105, 106, 107, 108, -109, 110, 111, 112, 113, 114, 115, 116, -117, -118, -119, 120, 121, -122, 123, 124, -125, 126, 127, -128, -129, -130, -131, -132, 133, 134, 135, 136, 137, 138, -139, -140, -141, 142, -143, -144, 145, -146, 147, 148, 149, -150, -151, -152, -153, -154, -155, -156, -157, -158, 159, -160, 161, -162, -163, 164, -165, -166, 167, -168, 169, 170, -171, 172, -173, 174, -175, -176, -177, -178, 179, 180, -181, -182, 183, -184, -185, 186, 187, 188, -189, 190, 191, -192, -193, 194, 195, -196, -197, 198, 199, 200, -201, -202, -203, -204, 205, 206, 207, 208, 209, -210, 211, 212, 213, 214, 215, 216, 217, 218, 219], [104, 105, -106, -107, -108, 109, 110, -111, -112, 113, 114, -115, 116, 117, -118, -119, 120, 121, -122, 123, 124, -125, 126, 127, -128, 129, 130, -131, 132, 133, 134, 135, 136, -137, 138, 139, 140, 141, 142, 143, 144, -145, 146, 147, 148, 149, -150, -151, -152, 153, 154, 155, -156, 157, 158, 159, -160, 161, 162, 163, 164, -165, 166, -167, 168, 169, 170, 171, 172, -173, 174, 175, 176, 177, -178, 179, 180, -181, 182, -183, -184, 185, -186, -187, 188, -189, -190, 191, 192, 193, -194, -195, -196, -197, 198, -199, 200, -201, -202, 203, 204, 205, -206, 207, -208, 209, 210, 211, 212, 213, 214, 215, -216, 217, 218, -219] 
sigma1: 6833, sigma2: 4020, zer0: 4147
Bias calculated: 0.6295955035474062
----------
Loop 13 of sampler_1_Net22_count_116_w.u.cnf:
----------
Threshold T : 0.7487552976603098	 Tilt : 2.125364431486881
numSolutions : 13040	 MaxSolutions : 18769
file was constructed with these [-104, 105, 106, 107, 108, -109, -110, -111, -112, -113, -114, 115, 116, 117, 118, 119, 120, -121, -122, -123, -124, -125, -126, 127, -128, 129, -130, 131, -132, -133, 134, 135, -136, -137, -138, 139, 140, 141, -142, 143, 144, 145, 146, 147, 148, -149, 150, -151, -152, 153, 154, 155, -156, 157, -158, -159, 160, 161, -162, -163, 164, -165, 166, 167, -168, -169, -170, 171, 172, -173, 174, -175, 176, 177, -178, 179, -180, 181, -182, 183, 184, 185, -186, -187, 188, -189, 190, 191, 192, -193, 194, -195, 196, 197, -198, -199, 200, 201, -202, -203, -204, 205, 206, -207, -208, -209, 210, 211, -212, 213, 214, -215, -216, -217, 218, 219], [-104, -105, 106, 107, 108, 109, 110, 111, 112, 113, -114, -115, -116, 117, -118, -119, 120, 121, 122, 123, 124, -125, -126, -127, 128, 129, 130, 131, 132, -133, 134, 135, 136, 137, 138, 139, 140, 141, -142, 143, -144, 145, -146, 147, 148, -149, -150, 151, 152, -153, 154, 155, -156, 157, 158, -159, 160, 161, 162, 163, -164, 165, 166, 167, 168, -169, 170, 171, -172, 173, -174, 175, 176, -177, 178, -179, 180, -181, 182, 183, 184, -185, 186, 187, 188, 189, -190, -191, 192, -193, 194, -195, -196, -197, -198, 199, 200, 201, 202, 203, -204, 205, -206, -207, -208, -209, 210, 211, 212, -213, -214, -215, 216, 217, -218, -219] 
sigma1: 9434, sigma2: 4561, zer0: 5005
Bias calculated: 0.674097892104323
----------
Loop 14 of sampler_1_Net22_count_116_w.u.cnf:
----------
Threshold T : 0.5845238095238096	 Tilt : 1.0
numSolutions : 6232	 MaxSolutions : 9604
file was constructed with these [-104, 105, 106, 107, -108, 109, 110, 111, -112, -113, 114, -115, -116, 117, 118, -119, 120, 121, -122, 123, 124, -125, -126, 127, 128, 129, -130, 131, -132, 133, 134, 135, 136, 137, -138, 139, -140, -141, 142, 143, 144, -145, 146, -147, 148, 149, -150, 151, -152, -153, -154, 155, 156, 157, 158, 159, 160, -161, 162, 163, 164, 165, -166, 167, -168, 169, -170, 171, 172, 173, -174, -175, -176, 177, 178, 179, -180, 181, 182, -183, -184, -185, -186, -187, 188, -189, 190, 191, -192, 193, -194, -195, -196, 197, 198, 199, -200, -201, -202, 203, -204, -205, 206, -207, 208, -209, 210, -211, 212, -213, -214, -215, 216, 217, 218, -219], [104, 105, 106, 107, 108, 109, 110, 111, -112, 113, 114, 115, 116, 117, 118, 119, 120, 121, 122, 123, 124, 125, 126, -127, -128, -129, 130, 131, -132, 133, 134, 135, 136, 137, 138, 139, -140, -141, 142, -143, -144, -145, -146, 147, -148, 149, -150, -151, 152, 153, 154, -155, 156, 157, -158, 159, -160, 161, 162, -163, 164, 165, 166, -167, -168, 169, -170, 171, 172, 173, 174, -175, 176, -177, 178, 179, 180, 181, 182, -183, 184, -185, 186, 187, -188, 189, 190, 191, 192, 193, 194, -195, 196, -197, 198, -199, 200, -201, -202, -203, 204, -205, -206, 207, 208, 209, -210, 211, -212, 213, 214, 215, -216, 217, 218, 219] 
sigma1: 3750, sigma2: 3666, zer0: 2584
Bias calculated: 0.5056634304207119
----------
Loop 15 of sampler_1_Net22_count_116_w.u.cnf:
----------
Threshold T : 0.522811990370428	 Tilt : 0.777777777777778
numSolutions : 5324	 MaxSolutions : 9604
file was constructed with these [-104, 105, 106, 107, 108, -109, 110, 111, -112, 113, -114, -115, -116, 117, -118, 119, 120, -121, 122, -123, 124, 125, 126, -127, -128, -129, -130, -131, 132, 133, -134, -135, -136, -137, -138, 139, -140, -141, -142, -143, 144, 145, 146, -147, -148, 149, -150, -151, 152, -153, 154, 155, -156, -157, -158, -159, 160, -161, -162, 163, 164, -165, 166, 167, 168, -169, -170, -171, 172, -173, -174, -175, -176, 177, 178, 179, 180, 181, 182, 183, 184, -185, -186, -187, -188, 189, -190, -191, -192, -193, -194, -195, 196, -197, 198, 199, 200, 201, -202, 203, 204, 205, -206, -207, -208, -209, -210, -211, -212, 213, -214, -215, 216, 217, 218, 219], [104, 105, 106, 107, 108, 109, 110, -111, -112, 113, -114, 115, -116, 117, -118, 119, 120, 121, 122, 123, -124, -125, 126, 127, 128, 129, -130, -131, 132, 133, 134, 135, -136, 137, 138, 139, 140, 141, -142, -143, -144, 145, 146, 147, -148, 149, 150, 151, -152, 153, 154, 155, -156, 157, -158, 159, 160, 161, 162, 163, 164, 165, -166, -167, -168, 169, -170, -171, 172, -173, -174, -175, 176, 177, -178, 179, 180, -181, 182, 183, 184, 185, -186, -187, 188, 189, 190, 191, 192, 193, 194, -195, 196, 197, -198, 199, 200, 201, 202, 203, 204, 205, 206, -207, 208, -209, 210, -211, 212, 213, 214, 215, -216, 217, 218, 219] 
sigma1: 2856, sigma2: 3686, zer0: 3458
Bias calculated: 0.4365637419749312
----------
Loop 16 of sampler_1_Net22_count_116_w.u.cnf:
----------
Threshold T : 0.7928854408009137	 Tilt : 2.732611411911705
numSolutions : 18029	 MaxSolutions : 26244
file was constructed with these [-104, 105, 106, 107, 108, -109, -110, -111, -112, -113, -114, 115, 116, 117, 118, 119, 120, -121, -122, -123, -124, -125, -126, 127, -128, 129, -130, 131, -132, -133, 134, 135, -136, -137, -138, 139, 140, 141, -142, 143, 144, 145, 146, 147, 148, -149, 150, -151, -152, 153, 154, 155, -156, 157, -158, -159, 160, 161, -162, -163, 164, -165, 166, 167, -168, -169, -170, 171, 172, -173, 174, -175, 176, 177, -178, 179, -180, 181, -182, 183, 184, 185, -186, -187, 188, -189, 190, 191, 192, -193, 194, -195, 196, 197, -198, -199, 200, 201, -202, -203, -204, 205, 206, -207, -208, -209, 210, 211, -212, 213, 214, -215, -216, -217, 218, 219], [104, -105, 106, 107, 108, 109, 110, 111, 112, 113, 114, 115, 116, 117, 118, -119, -120, 121, 122, 123, 124, 125, 126, 127, 128, 129, 130, 131, -132, 133, -134, -135, -136, -137, 138, -139, -140, -141, -142, 143, 144, -145, 146, -147, 148, 149, 150, 151, 152, 153, 154, 155, 156, 157, -158, 159, 160, 161, 162, 163, -164, 165, -166, 167, 168, -169, 170, 171, 172, 173, 174, 175, -176, -177, 178, -179, 180, 181, 182, 183, -184, -185, 186, 187, 188, 189, -190, 191, -192, 193, 194, 195, 196, -197, 198, 199, 200, 201, 202, 203, 204, 205, -206, -207, 208, -209, 210, 211, -212, -213, 214, 215, 216, 217, 218, -219] 
sigma1: 14736, sigma2: 5705, zer0: 6559
Bias calculated: 0.7209040653588377
----------
Loop 17 of sampler_1_Net22_count_116_w.u.cnf:
----------
Threshold T : 0.7487552976603098	 Tilt : 2.1253644314868816
numSolutions : 13040	 MaxSolutions : 20449
file was constructed with these [-104, 105, -106, 107, -108, -109, 110, 111, -112, -113, 114, -115, -116, 117, -118, 119, -120, 121, 122, 123, 124, 125, -126, 127, 128, -129, -130, -131, -132, -133, -134, -135, 136, -137, -138, -139, 140, 141, 142, 143, 144, -145, -146, -147, 148, 149, -150, -151, 152, 153, -154, -155, -156, 157, -158, -159, -160, -161, -162, 163, -164, 165, -166, -167, 168, -169, -170, 171, 172, 173, 174, -175, -176, -177, -178, 179, -180, -181, -182, 183, 184, 185, -186, 187, -188, -189, -190, -191, -192, 193, -194, -195, -196, 197, 198, -199, 200, -201, -202, 203, 204, 205, 206, -207, -208, 209, -210, -211, -212, 213, 214, 215, 216, -217, -218, 219], [104, 105, 106, 107, 108, 109, 110, 111, -112, 113, 114, -115, 116, 117, -118, -119, 120, -121, 122, 123, 124, -125, 126, 127, 128, 129, 130, 131, 132, 133, 134, -135, 136, 137, 138, 139, 140, 141, -142, -143, -144, 145, 146, 147, 148, 149, 150, -151, 152, -153, -154, 155, 156, 157, 158, 159, -160, 161, 162, 163, -164, 165, 166, 167, -168, 169, 170, -171, -172, -173, -174, 175, 176, -177, 178, 179, 180, 181, 182, 183, 184, 185, -186, -187, 188, -189, -190, 191, -192, -193, 194, 195, 196, 197, 198, -199, 200, -201, 202, -203, 204, 205, 206, -207, -208, 209, -210, 211, 212, -213, 214, -215, 216, -217, 218, 219] 
sigma1: 9782, sigma2: 4767, zer0: 6451
Bias calculated: 0.6723486150250876
----------
Loop 18 of sampler_1_Net22_count_116_w.u.cnf:
----------
Threshold T : 0.7487552976603098	 Tilt : 2.125364431486881
numSolutions : 13040	 MaxSolutions : 18769
file was constructed with these [-104, 105, 106, 107, 108, -109, 110, 111, -112, 113, -114, -115, -116, 117, -118, 119, 120, -121, 122, -123, 124, 125, 126, -127, -128, -129, -130, -131, 132, 133, -134, -135, -136, -137, -138, 139, -140, -141, -142, -143, 144, 145, 146, -147, -148, 149, -150, -151, 152, -153, 154, 155, -156, -157, -158, -159, 160, -161, -162, 163, 164, -165, 166, 167, 168, -169, -170, -171, 172, -173, -174, -175, -176, 177, 178, 179, 180, 181, 182, 183, 184, -185, -186, -187, -188, 189, -190, -191, -192, -193, -194, -195, 196, -197, 198, 199, 200, 201, -202, 203, 204, 205, -206, -207, -208, -209, -210, -211, -212, 213, -214, -215, 216, 217, 218, 219], [104, 105, 106, 107, -108, 109, 110, -111, -112, -113, 114, 115, 116, 117, -118, -119, 120, 121, 122, 123, -124, -125, 126, -127, 128, 129, 130, 131, -132, 133, 134, 135, 136, 137, 138, -139, -140, -141, -142, 143, 144, -145, 146, 147, -148, 149, 150, -151, 152, 153, -154, -155, 156, 157, 158, 159, 160, 161, 162, -163, -164, 165, -166, 167, 168, 169, 170, -171, 172, 173, 174, -175, -176, 177, 178, 179, 180, 181, -182, 183, -184, -185, 186, -187, 188, 189, 190, 191, 192, 193, 194, 195, 196, -197, 198, -199, 200, 201, -202, 203, -204, 205, -206, 207, -208, 209, 210, -211, 212, 213, 214, -215, 216, 217, -218, 219] 
sigma1: 9564, sigma2: 4626, zer0: 4810
Bias calculated: 0.6739957716701903
----------
Loop 19 of sampler_1_Net22_count_116_w.u.cnf:
----------
Threshold T : 0.6437058445728967	 Tilt : 1.2857142857142858
numSolutions : 7638	 MaxSolutions : 11236
file was constructed with these [-104, 105, 106, 107, 108, -109, 110, 111, -112, 113, -114, -115, -116, 117, -118, 119, 120, -121, 122, -123, 124, 125, 126, -127, -128, -129, -130, -131, 132, 133, -134, -135, -136, -137, -138, 139, -140, -141, -142, -143, 144, 145, 146, -147, -148, 149, -150, -151, 152, -153, 154, 155, -156, -157, -158, -159, 160, -161, -162, 163, 164, -165, 166, 167, 168, -169, -170, -171, 172, -173, -174, -175, -176, 177, 178, 179, 180, 181, 182, 183, 184, -185, -186, -187, -188, 189, -190, -191, -192, -193, -194, -195, 196, -197, 198, 199, 200, 201, -202, 203, 204, 205, -206, -207, -208, -209, -210, -211, -212, 213, -214, -215, 216, 217, 218, 219], [-104, 105, 106, 107, 108, 109, 110, 111, 112, 113, 114, 115, 116, 117, -118, -119, 120, -121, 122, -123, 124, -125, -126, 127, 128, 129, 130, -131, -132, 133, 134, 135, 136, 137, 138, 139, 140, 141, 142, 143, 144, 145, -146, 147, 148, 149, 150, 151, -152, -153, 154, 155, 156, 157, 158, 159, 160, 161, 162, -163, 164, 165, -166, -167, -168, 169, -170, -171, 172, 173, 174, 175, -176, 177, 178, -179, 180, 181, 182, -183, 184, 185, -186, -187, 188, -189, -190, -191, -192, -193, 194, -195, -196, 197, -198, 199, 200, 201, -202, -203, 204, 205, -206, 207, 208, 209, 210, -211, 212, 213, -214, 215, 216, 217, -218, -219] 
sigma1: 5085, sigma2: 3806, zer0: 3109
Bias calculated: 0.5719266674164886
----------
Loop 20 of sampler_1_Net22_count_116_w.u.cnf:
----------
Threshold T : 0.6988193210511551	 Tilt : 1.6530612244897962
numSolutions : 9781	 MaxSolutions : 14884
file was constructed with these [-104, 105, 106, 107, 108, -109, -110, -111, -112, -113, -114, 115, 116, 117, 118, 119, 120, -121, -122, -123, -124, -125, -126, 127, -128, 129, -130, 131, -132, -133, 134, 135, -136, -137, -138, 139, 140, 141, -142, 143, 144, 145, 146, 147, 148, -149, 150, -151, -152, 153, 154, 155, -156, 157, -158, -159, 160, 161, -162, -163, 164, -165, 166, 167, -168, -169, -170, 171, 172, -173, 174, -175, 176, 177, -178, 179, -180, 181, -182, 183, 184, 185, -186, -187, 188, -189, 190, 191, 192, -193, 194, -195, 196, 197, -198, -199, 200, 201, -202, -203, -204, 205, 206, -207, -208, -209, 210, 211, -212, 213, 214, -215, -216, -217, 218, 219], [104, 105, 106, 107, 108, 109, 110, 111, 112, 113, -114, -115, 116, 117, 118, -119, 120, -121, 122, -123, -124, 125, 126, -127, 128, 129, 130, -131, -132, 133, -134, -135, 136, 137, 138, -139, -140, 141, 142, 143, 144, 145, 146, -147, 148, 149, 150, 151, -152, -153, 154, 155, 156, -157, 158, -159, 160, 161, 162, -163, 164, 165, -166, -167, 168, 169, 170, 171, 172, -173, 174, -175, 176, -177, 178, 179, 180, 181, 182, -183, -184, 185, 186, 187, 188, 189, -190, -191, 192, 193, -194, -195, -196, -197, 198, -199, 200, 201, 202, 203, 204, 205, 206, 207, 208, -209, -210, 211, 212, 213, 214, -215, 216, -217, -218, 219] 
sigma1: 6834, sigma2: 3958, zer0: 4208
Bias calculated: 0.6332468495181616
Sampler: UniGen3 Accept:1 TotalSolutionsGenerated: 302546 TotalIdealSamples: 21


 time taken : 4551.207696914673
