 t: 21 delta: 0.1
 eta: 0.1
 epsilon: 0.1
----------
Loop 0 of sampler_2_Net6_count_91_w.u.cnf:
----------
Threshold T : 0.5845238095238096	 Tilt : 1.0
numSolutions : 6232	 MaxSolutions : 10609
file was constructed with these [63, -64, 65, -66, 67, -68, -69, -70, -71, 72, -73, 74, -75, -76, 77, 78, 79, -80, -81, 82, -83, 84, 85, 86, -87, -88, 89, 90, -91, 92, -93, -94, 95, -96, -97, 98, 99, 100, 101, 102, -103, 104, -105, 106, 107, 108, 109, 110, 111, 112, -113, -114, -115, 116, 117, -118, -119, -120, -121, 122, -123, -124, 125, 126, -127, -128, -129, 130, 131, 132, 133, 134, 135, 136, 137, -138, 139, -140, 141, -142, 143, -144, -145, 146, -147, -148, 149, 150, -151, 152, 153], [-63, -64, 65, -66, -67, 68, 69, -70, -71, 72, 73, 74, 75, 76, -77, 78, -79, 80, 81, 82, -83, 84, -85, 86, -87, -88, 89, -90, -91, 92, 93, -94, -95, -96, -97, 98, 99, 100, 101, 102, -103, 104, 105, 106, 107, 108, 109, 110, -111, -112, 113, 114, 115, 116, -117, -118, 119, -120, 121, -122, 123, 124, 125, -126, 127, 128, 129, -130, -131, 132, 133, 134, 135, 136, 137, -138, 139, 140, 141, 142, -143, 144, -145, 146, 147, 148, -149, -150, 151, -152, -153] 
sigma1: 3625, sigma2: 3225, zer0: 4150
Bias calculated: 0.5291970802919708
----------
Loop 1 of sampler_2_Net6_count_91_w.u.cnf:
----------
Threshold T : 0.39919835120426406	 Tilt : 0.47050754458161875
numSolutions : 4473	 MaxSolutions : 7056
file was constructed with these [63, 64, 65, -66, -67, -68, 69, 70, -71, 72, -73, -74, -75, 76, -77, -78, -79, -80, -81, 82, -83, -84, 85, -86, 87, 88, -89, -90, 91, 92, -93, -94, 95, 96, 97, 98, 99, -100, -101, -102, 103, 104, -105, 106, -107, 108, 109, -110, 111, -112, 113, -114, -115, -116, -117, -118, 119, 120, 121, 122, -123, 124, 125, 126, -127, -128, -129, -130, 131, 132, -133, -134, -135, -136, -137, -138, 139, 140, -141, 142, 143, 144, 145, 146, -147, -148, 149, 150, -151, -152, -153], [-63, -64, 65, 66, -67, -68, -69, 70, 71, -72, 73, 74, -75, 76, 77, 78, 79, -80, -81, 82, -83, 84, 85, 86, 87, 88, -89, 90, -91, -92, -93, -94, -95, 96, -97, 98, 99, 100, 101, -102, -103, 104, -105, -106, -107, -108, -109, -110, 111, 112, 113, -114, -115, 116, 117, -118, 119, 120, -121, 122, 123, -124, 125, -126, 127, 128, -129, 130, 131, 132, 133, 134, -135, -136, 137, -138, 139, 140, -141, 142, -143, 144, 145, 146, -147, 148, 149, 150, -151, 152, 153] 
sigma1: 2525, sigma2: 2436, zer0: 3039
Bias calculated: 0.5089699657327151
Sampler: QuickSampler RejectIteration:1 TotalSolutionsGenerated:17667 TotalIdealSamples:2


 time taken : 22.56118106842041
