 t: 21 delta: 0.1
 eta: 0.1
 epsilon: 0.1
----------
Loop 0 of sampler_3_Net6_count_91_w.u.cnf:
----------
Threshold T : 0.5845238095238096	 Tilt : 1.0
numSolutions : 6232	 MaxSolutions : 10609
file was constructed with these [63, -64, 65, 66, -67, 68, 69, 70, 71, -72, 73, -74, 75, -76, -77, -78, 79, 80, -81, -82, -83, -84, -85, -86, 87, 88, 89, 90, 91, 92, -93, -94, -95, 96, -97, 98, -99, -100, 101, -102, -103, -104, -105, -106, -107, -108, 109, 110, -111, 112, 113, 114, -115, -116, -117, -118, 119, -120, -121, -122, -123, -124, 125, -126, -127, 128, 129, 130, -131, -132, -133, 134, 135, 136, 137, -138, -139, 140, 141, 142, 143, 144, -145, 146, -147, 148, 149, -150, 151, 152, 153], [-63, -64, 65, -66, -67, 68, 69, -70, -71, 72, 73, 74, 75, 76, -77, 78, -79, 80, 81, 82, -83, 84, -85, 86, -87, -88, 89, -90, -91, 92, 93, -94, -95, -96, -97, 98, 99, 100, 101, 102, -103, 104, 105, 106, 107, 108, 109, 110, -111, -112, 113, 114, 115, 116, -117, -118, 119, -120, 121, -122, 123, 124, 125, -126, 127, 128, 129, -130, -131, 132, 133, 134, 135, 136, 137, -138, 139, 140, 141, 142, -143, 144, -145, 146, 147, 148, -149, -150, 151, -152, -153] 
sigma1: 4486, sigma2: 3715, zer0: 2799
Bias calculated: 0.547006462626509
----------
Loop 1 of sampler_3_Net6_count_91_w.u.cnf:
----------
Threshold T : 0.6988193210511551	 Tilt : 1.6530612244897962
numSolutions : 9781	 MaxSolutions : 16384
file was constructed with these [63, -64, 65, 66, -67, 68, 69, -70, -71, -72, -73, 74, -75, -76, -77, 78, -79, 80, -81, -82, 83, -84, 85, 86, 87, -88, 89, -90, 91, -92, -93, -94, 95, -96, 97, 98, -99, -100, 101, 102, -103, -104, 105, -106, 107, -108, -109, 110, -111, 112, -113, -114, 115, -116, -117, -118, 119, 120, -121, 122, 123, 124, -125, 126, 127, -128, 129, 130, 131, 132, -133, 134, 135, 136, -137, 138, 139, -140, 141, 142, -143, 144, 145, -146, -147, 148, 149, -150, 151, 152, -153], [-63, -64, 65, 66, -67, -68, -69, 70, 71, -72, 73, 74, -75, 76, 77, 78, 79, -80, -81, 82, -83, 84, 85, 86, 87, 88, -89, 90, -91, -92, -93, -94, -95, 96, -97, 98, 99, 100, 101, -102, -103, 104, -105, -106, -107, -108, -109, -110, 111, 112, 113, -114, -115, 116, 117, -118, 119, 120, -121, 122, 123, -124, 125, -126, 127, 128, -129, 130, 131, 132, 133, 134, -135, -136, 137, -138, 139, 140, -141, 142, -143, 144, 145, 146, -147, 148, 149, 150, -151, 152, 153] 
sigma1: 6424, sigma2: 3348, zer0: 7228
Bias calculated: 0.6573884568153909
Sampler: STS RejectIteration:1 TotalSolutionsGenerated:26995 TotalIdealSamples:2


 time taken : 30.48509931564331
