 t: 21 delta: 0.1
 eta: 0.1
 epsilon: 0.1
----------
Loop 0 of sampler_1_Net8_count_96_w.u.cnf:
----------
Threshold T : 0.6988193210511551	 Tilt : 1.6530612244897964
numSolutions : 9781	 MaxSolutions : 16384
file was constructed with these [67, 68, -69, -70, -71, 72, -73, -74, -75, -76, 77, 78, -79, 80, 81, 82, 83, -84, -85, -86, 87, 88, 89, -90, -91, 92, 93, 94, -95, -96, -97, -98, -99, -100, 101, -102, -103, -104, 105, -106, 107, -108, -109, 110, 111, 112, -113, 114, -115, 116, 117, 118, 119, -120, 121, -122, -123, -124, -125, 126, -127, 128, -129, -130, -131, 132, -133, 134, 135, -136, -137, -138, -139, -140, 141, -142, -143, -144, -145, -146, 147, -148, 149, 150, -151, 152, 153, -154, 155, 156, -157, 158, 159, -160, 161, 162], [67, 68, -69, -70, 71, -72, 73, 74, -75, 76, 77, 78, 79, -80, 81, 82, 83, 84, 85, -86, 87, 88, 89, 90, 91, -92, 93, 94, 95, -96, 97, 98, -99, 100, -101, 102, 103, 104, -105, 106, 107, 108, 109, 110, 111, 112, 113, 114, 115, -116, -117, -118, 119, -120, -121, -122, 123, 124, -125, 126, 127, 128, 129, 130, 131, 132, 133, 134, 135, 136, 137, -138, 139, -140, 141, 142, 143, -144, 145, 146, 147, 148, 149, 150, 151, 152, 153, 154, 155, -156, 157, 158, 159, 160, -161, 162] 
sigma1: 7260, sigma2: 4232, zer0: 5508
Bias calculated: 0.6317438217890706
----------
Loop 1 of sampler_1_Net8_count_96_w.u.cnf:
----------
Threshold T : 0.5845238095238097	 Tilt : 1.0000000000000002
numSolutions : 6232	 MaxSolutions : 13924
file was constructed with these [67, 68, -69, -70, -71, 72, -73, -74, -75, -76, 77, 78, -79, 80, 81, 82, 83, -84, -85, -86, 87, 88, 89, -90, -91, 92, 93, 94, -95, -96, -97, -98, -99, -100, 101, -102, -103, -104, 105, -106, 107, -108, -109, 110, 111, 112, -113, 114, -115, 116, 117, 118, 119, -120, 121, -122, -123, -124, -125, 126, -127, 128, -129, -130, -131, 132, -133, 134, 135, -136, -137, -138, -139, -140, 141, -142, -143, -144, -145, -146, 147, -148, 149, 150, -151, 152, 153, -154, 155, 156, -157, 158, 159, -160, 161, 162], [-67, 68, 69, -70, 71, -72, -73, 74, -75, 76, 77, 78, 79, 80, -81, 82, 83, -84, 85, -86, 87, 88, 89, 90, -91, 92, -93, 94, 95, -96, 97, 98, -99, 100, 101, -102, 103, -104, -105, 106, 107, 108, 109, -110, 111, 112, 113, -114, -115, 116, -117, 118, 119, 120, 121, -122, -123, 124, 125, 126, 127, 128, 129, 130, -131, 132, -133, 134, -135, -136, 137, 138, -139, 140, 141, 142, 143, 144, 145, -146, 147, 148, 149, -150, -151, 152, 153, 154, -155, -156, 157, -158, 159, -160, 161, 162] 
sigma1: 3867, sigma2: 3840, zer0: 6293
Bias calculated: 0.5017516543402102
----------
Loop 2 of sampler_1_Net8_count_96_w.u.cnf:
----------
Threshold T : 0.6988193210511551	 Tilt : 1.6530612244897969
numSolutions : 9781	 MaxSolutions : 18496
file was constructed with these [-67, -68, 69, 70, -71, -72, -73, 74, 75, 76, 77, -78, 79, -80, 81, -82, -83, 84, -85, -86, 87, -88, -89, -90, -91, 92, -93, -94, -95, -96, -97, 98, -99, 100, -101, 102, -103, -104, 105, 106, 107, -108, 109, 110, -111, -112, -113, -114, 115, -116, 117, -118, -119, -120, 121, 122, -123, 124, -125, -126, -127, 128, -129, -130, 131, 132, -133, 134, -135, 136, -137, -138, -139, 140, 141, 142, -143, 144, -145, 146, 147, -148, -149, -150, 151, -152, -153, -154, 155, -156, -157, 158, 159, -160, -161, -162], [67, -68, 69, -70, -71, -72, 73, 74, 75, 76, 77, 78, 79, 80, -81, 82, -83, 84, -85, 86, 87, 88, 89, 90, 91, -92, 93, -94, 95, -96, 97, 98, 99, -100, 101, 102, 103, 104, 105, 106, 107, 108, 109, 110, -111, -112, 113, -114, 115, 116, 117, 118, -119, -120, -121, 122, 123, 124, 125, -126, 127, 128, -129, 130, 131, -132, -133, 134, 135, 136, 137, -138, -139, 140, 141, 142, -143, 144, 145, 146, -147, 148, -149, -150, -151, 152, 153, 154, -155, 156, 157, -158, -159, 160, 161, 162] 
sigma1: 7271, sigma2: 4311, zer0: 7418
Bias calculated: 0.6277844931790709
----------
Loop 3 of sampler_1_Net8_count_96_w.u.cnf:
----------
Threshold T : 0.5228119903704279	 Tilt : 0.7777777777777778
numSolutions : 5324	 MaxSolutions : 8649
file was constructed with these [-67, -68, 69, 70, -71, -72, -73, 74, 75, 76, 77, -78, 79, -80, 81, -82, -83, 84, -85, -86, 87, -88, -89, -90, -91, 92, -93, -94, -95, -96, -97, 98, -99, 100, -101, 102, -103, -104, 105, 106, 107, -108, 109, 110, -111, -112, -113, -114, 115, -116, 117, -118, -119, -120, 121, 122, -123, 124, -125, -126, -127, 128, -129, -130, 131, 132, -133, 134, -135, 136, -137, -138, -139, 140, 141, 142, -143, 144, -145, 146, 147, -148, -149, -150, 151, -152, -153, -154, 155, -156, -157, 158, 159, -160, -161, -162], [-67, -68, -69, -70, 71, -72, 73, 74, 75, -76, -77, 78, -79, 80, -81, 82, -83, -84, 85, 86, 87, 88, -89, 90, -91, 92, -93, 94, 95, -96, -97, 98, -99, 100, -101, -102, -103, 104, 105, 106, 107, 108, 109, 110, -111, -112, -113, 114, -115, 116, -117, -118, 119, 120, 121, 122, 123, -124, 125, 126, 127, 128, -129, 130, 131, 132, 133, 134, 135, 136, -137, 138, -139, 140, 141, -142, -143, -144, 145, 146, -147, -148, 149, -150, 151, 152, 153, 154, 155, -156, 157, -158, -159, 160, 161, 162] 
sigma1: 2680, sigma2: 3571, zer0: 2749
Bias calculated: 0.4287314029755239
----------
Loop 4 of sampler_1_Net8_count_96_w.u.cnf:
----------
Threshold T : 0.7928854408009137	 Tilt : 2.7326114119117046
numSolutions : 18029	 MaxSolutions : 26244
file was constructed with these [67, -68, -69, 70, 71, -72, -73, 74, -75, -76, -77, 78, -79, -80, 81, 82, -83, 84, -85, -86, -87, -88, -89, -90, -91, 92, -93, -94, -95, 96, -97, 98, -99, 100, 101, 102, 103, -104, 105, -106, -107, -108, 109, -110, -111, -112, 113, 114, -115, 116, -117, 118, -119, -120, -121, 122, 123, 124, -125, -126, 127, -128, 129, -130, -131, -132, -133, 134, -135, -136, -137, 138, -139, 140, 141, 142, 143, -144, -145, 146, -147, -148, 149, -150, -151, -152, -153, 154, 155, 156, 157, -158, 159, -160, 161, -162], [67, 68, -69, -70, -71, -72, 73, 74, -75, -76, 77, 78, 79, 80, 81, -82, 83, 84, -85, 86, -87, -88, -89, -90, 91, 92, 93, 94, 95, 96, 97, 98, 99, 100, 101, 102, 103, 104, -105, 106, 107, 108, -109, 110, 111, 112, 113, -114, 115, 116, 117, 118, 119, 120, -121, 122, -123, 124, -125, 126, 127, 128, 129, -130, 131, -132, -133, 134, 135, 136, 137, 138, -139, -140, 141, -142, -143, 144, 145, 146, 147, 148, 149, 150, 151, 152, 153, 154, 155, 156, -157, -158, 159, -160, -161, 162] 
sigma1: 14669, sigma2: 5489, zer0: 6842
Bias calculated: 0.7277011608294474
----------
Loop 5 of sampler_1_Net8_count_96_w.u.cnf:
----------
Threshold T : 0.890356108034825	 Tilt : 5.8077950999522825
numSolutions : 56670	 MaxSolutions : 96721
file was constructed with these [-67, 68, -69, 70, 71, 72, 73, -74, -75, -76, -77, -78, 79, 80, -81, 82, -83, -84, 85, 86, -87, -88, -89, 90, 91, -92, 93, 94, -95, 96, -97, 98, -99, 100, 101, 102, -103, 104, 105, 106, 107, -108, 109, -110, 111, -112, 113, 114, -115, 116, 117, 118, 119, 120, 121, -122, -123, -124, -125, 126, 127, -128, 129, 130, 131, -132, 133, -134, -135, 136, -137, 138, 139, -140, -141, 142, 143, 144, 145, -146, -147, -148, 149, -150, 151, 152, 153, -154, -155, 156, 157, -158, 159, -160, -161, -162], [-67, 68, -69, 70, 71, -72, -73, 74, 75, 76, 77, 78, -79, -80, -81, -82, -83, 84, 85, 86, -87, 88, 89, 90, -91, -92, 93, 94, 95, -96, 97, -98, 99, -100, 101, -102, 103, -104, -105, 106, 107, 108, 109, 110, 111, -112, 113, -114, 115, -116, 117, -118, -119, 120, 121, 122, 123, 124, 125, 126, -127, 128, 129, 130, 131, 132, 133, -134, -135, 136, 137, 138, -139, 140, -141, -142, 143, -144, 145, -146, -147, 148, 149, 150, 151, 152, 153, 154, 155, 156, 157, 158, 159, 160, -161, -162] 
sigma1: 55246, sigma2: 10241, zer0: 31513
Bias calculated: 0.8436178172767114
----------
Loop 6 of sampler_1_Net8_count_96_w.u.cnf:
----------
Threshold T : 0.6988193210511551	 Tilt : 1.6530612244897964
numSolutions : 9781	 MaxSolutions : 16384
file was constructed with these [-67, 68, -69, 70, 71, 72, 73, -74, -75, -76, -77, -78, 79, 80, -81, 82, -83, -84, 85, 86, -87, -88, -89, 90, 91, -92, 93, 94, -95, 96, -97, 98, -99, 100, 101, 102, -103, 104, 105, 106, 107, -108, 109, -110, 111, -112, 113, 114, -115, 116, 117, 118, 119, 120, 121, -122, -123, -124, -125, 126, 127, -128, 129, 130, 131, -132, 133, -134, -135, 136, -137, 138, 139, -140, -141, 142, 143, 144, 145, -146, -147, -148, 149, -150, 151, 152, 153, -154, -155, 156, 157, -158, 159, -160, -161, -162], [-67, 68, 69, -70, -71, -72, 73, 74, -75, 76, 77, 78, 79, 80, 81, 82, 83, -84, 85, 86, 87, 88, 89, 90, 91, -92, -93, -94, 95, -96, 97, 98, 99, 100, -101, 102, -103, 104, 105, 106, 107, -108, 109, -110, 111, 112, 113, 114, 115, 116, 117, 118, 119, 120, 121, 122, 123, 124, 125, -126, 127, 128, -129, -130, 131, 132, 133, 134, -135, -136, 137, -138, 139, -140, -141, 142, 143, 144, -145, 146, 147, 148, 149, 150, -151, -152, 153, -154, 155, 156, -157, 158, 159, 160, 161, -162] 
sigma1: 6851, sigma2: 4219, zer0: 5930
Bias calculated: 0.6188798554652213
----------
Loop 7 of sampler_1_Net8_count_96_w.u.cnf:
----------
Threshold T : 0.5845238095238096	 Tilt : 1.0
numSolutions : 6232	 MaxSolutions : 9604
file was constructed with these [67, -68, -69, -70, 71, 72, 73, 74, -75, -76, -77, 78, -79, -80, -81, -82, -83, -84, -85, 86, 87, -88, -89, 90, -91, 92, 93, -94, 95, 96, -97, 98, 99, -100, 101, 102, -103, -104, -105, -106, -107, -108, 109, -110, -111, -112, -113, 114, 115, 116, 117, 118, -119, -120, -121, 122, -123, 124, -125, 126, -127, -128, 129, 130, 131, 132, -133, -134, -135, 136, 137, 138, 139, 140, -141, -142, 143, 144, -145, 146, 147, 148, -149, -150, 151, 152, 153, -154, 155, -156, -157, 158, -159, -160, 161, -162], [67, 68, 69, 70, 71, 72, 73, -74, 75, -76, -77, 78, 79, 80, 81, 82, 83, 84, 85, 86, 87, -88, 89, -90, 91, -92, 93, 94, 95, 96, -97, 98, 99, -100, 101, 102, -103, 104, 105, 106, 107, 108, -109, -110, 111, 112, 113, 114, 115, 116, -117, 118, -119, -120, 121, 122, 123, 124, -125, -126, 127, 128, -129, 130, -131, 132, 133, 134, 135, 136, -137, 138, 139, 140, 141, -142, 143, 144, 145, 146, 147, 148, 149, 150, 151, 152, -153, -154, 155, -156, 157, 158, 159, -160, 161, 162] 
sigma1: 3654, sigma2: 3723, zer0: 2623
Bias calculated: 0.4953233021553477
----------
Loop 8 of sampler_1_Net8_count_96_w.u.cnf:
----------
Threshold T : 0.6437058445728967	 Tilt : 1.285714285714286
numSolutions : 7638	 MaxSolutions : 15625
file was constructed with these [67, 68, -69, -70, -71, 72, -73, -74, -75, -76, 77, 78, -79, 80, 81, 82, 83, -84, -85, -86, 87, 88, 89, -90, -91, 92, 93, 94, -95, -96, -97, -98, -99, -100, 101, -102, -103, -104, 105, -106, 107, -108, -109, 110, 111, 112, -113, 114, -115, 116, 117, 118, 119, -120, 121, -122, -123, -124, -125, 126, -127, 128, -129, -130, -131, 132, -133, 134, 135, -136, -137, -138, -139, -140, 141, -142, -143, -144, -145, -146, 147, -148, 149, 150, -151, 152, 153, -154, 155, 156, -157, 158, 159, -160, 161, 162], [67, 68, 69, -70, 71, 72, 73, 74, -75, 76, 77, 78, 79, 80, 81, 82, -83, -84, 85, 86, -87, 88, 89, 90, 91, -92, 93, 94, 95, 96, 97, -98, 99, -100, 101, 102, 103, 104, -105, 106, -107, 108, 109, -110, -111, 112, -113, 114, -115, 116, -117, 118, 119, 120, 121, 122, 123, 124, 125, 126, 127, 128, 129, 130, 131, 132, 133, 134, 135, 136, -137, 138, 139, 140, -141, 142, 143, -144, 145, 146, -147, 148, 149, 150, 151, 152, 153, 154, 155, 156, 157, -158, -159, 160, 161, -162] 
sigma1: 5420, sigma2: 4037, zer0: 6543
Bias calculated: 0.5731204398857989
----------
Loop 9 of sampler_1_Net8_count_96_w.u.cnf:
----------
Threshold T : 0.6988193210511551	 Tilt : 1.6530612244897964
numSolutions : 9781	 MaxSolutions : 16384
file was constructed with these [67, -68, -69, 70, 71, -72, -73, 74, -75, -76, -77, 78, -79, -80, 81, 82, -83, 84, -85, -86, -87, -88, -89, -90, -91, 92, -93, -94, -95, 96, -97, 98, -99, 100, 101, 102, 103, -104, 105, -106, -107, -108, 109, -110, -111, -112, 113, 114, -115, 116, -117, 118, -119, -120, -121, 122, 123, 124, -125, -126, 127, -128, 129, -130, -131, -132, -133, 134, -135, -136, -137, 138, -139, 140, 141, 142, 143, -144, -145, 146, -147, -148, 149, -150, -151, -152, -153, 154, 155, 156, 157, -158, 159, -160, 161, -162], [-67, -68, 69, -70, -71, 72, -73, -74, 75, -76, 77, 78, -79, 80, -81, -82, 83, 84, -85, 86, 87, 88, 89, 90, 91, -92, -93, 94, -95, 96, 97, 98, 99, 100, 101, 102, 103, 104, 105, 106, -107, 108, 109, -110, 111, -112, -113, 114, 115, 116, 117, 118, -119, -120, -121, 122, 123, 124, 125, -126, -127, -128, 129, 130, 131, 132, -133, 134, 135, 136, -137, -138, -139, 140, -141, 142, 143, 144, 145, 146, 147, 148, -149, -150, 151, -152, 153, -154, 155, 156, 157, 158, 159, 160, 161, 162] 
sigma1: 7161, sigma2: 4317, zer0: 5522
Bias calculated: 0.6238891792995296
----------
Loop 10 of sampler_1_Net8_count_96_w.u.cnf:
----------
Threshold T : 0.5845238095238096	 Tilt : 1.0
numSolutions : 6232	 MaxSolutions : 12100
file was constructed with these [-67, -68, -69, -70, -71, 72, 73, -74, 75, -76, 77, 78, 79, 80, 81, -82, 83, -84, -85, 86, 87, 88, 89, 90, -91, -92, -93, 94, -95, 96, 97, -98, 99, 100, -101, -102, 103, -104, 105, -106, -107, -108, 109, -110, -111, -112, -113, -114, -115, -116, 117, -118, 119, -120, 121, -122, -123, 124, -125, 126, -127, -128, 129, 130, -131, 132, 133, -134, -135, -136, -137, 138, -139, -140, 141, 142, 143, -144, 145, -146, -147, -148, -149, 150, 151, -152, 153, 154, 155, 156, -157, -158, 159, 160, -161, -162], [67, 68, 69, 70, -71, -72, -73, -74, -75, 76, -77, -78, 79, -80, -81, -82, 83, 84, 85, 86, -87, -88, -89, 90, -91, 92, 93, 94, 95, 96, 97, 98, 99, -100, 101, 102, 103, 104, -105, -106, 107, 108, 109, -110, -111, 112, 113, -114, 115, 116, -117, -118, -119, 120, 121, -122, 123, 124, 125, 126, -127, 128, 129, 130, -131, -132, 133, 134, 135, 136, 137, 138, 139, 140, -141, 142, -143, -144, -145, -146, -147, 148, 149, 150, 151, 152, -153, -154, 155, 156, 157, -158, 159, 160, -161, 162] 
sigma1: 4090, sigma2: 4136, zer0: 4774
Bias calculated: 0.4972039873571602
----------
Loop 11 of sampler_1_Net8_count_96_w.u.cnf:
----------
Threshold T : 0.6988193210511551	 Tilt : 1.6530612244897962
numSolutions : 9781	 MaxSolutions : 14884
file was constructed with these [67, -68, -69, 70, 71, -72, -73, 74, -75, -76, -77, 78, -79, -80, 81, 82, -83, 84, -85, -86, -87, -88, -89, -90, -91, 92, -93, -94, -95, 96, -97, 98, -99, 100, 101, 102, 103, -104, 105, -106, -107, -108, 109, -110, -111, -112, 113, 114, -115, 116, -117, 118, -119, -120, -121, 122, 123, 124, -125, -126, 127, -128, 129, -130, -131, -132, -133, 134, -135, -136, -137, 138, -139, 140, 141, 142, 143, -144, -145, 146, -147, -148, 149, -150, -151, -152, -153, 154, 155, 156, 157, -158, 159, -160, 161, -162], [67, 68, 69, 70, 71, 72, 73, -74, -75, 76, 77, 78, 79, 80, -81, -82, 83, 84, -85, 86, -87, 88, 89, 90, -91, 92, 93, 94, 95, 96, 97, 98, -99, 100, 101, 102, 103, 104, 105, 106, -107, 108, 109, -110, 111, 112, -113, -114, 115, -116, 117, 118, 119, 120, -121, 122, -123, 124, 125, 126, 127, 128, 129, -130, 131, 132, 133, -134, 135, -136, 137, 138, 139, 140, 141, 142, 143, 144, 145, 146, 147, -148, 149, 150, 151, -152, -153, 154, 155, 156, 157, -158, 159, 160, -161, 162] 
sigma1: 6641, sigma2: 4199, zer0: 4160
Bias calculated: 0.6126383763837638
----------
Loop 12 of sampler_1_Net8_count_96_w.u.cnf:
----------
Threshold T : 0.4603993543556446	 Tilt : 0.6049382716049385
numSolutions : 4768	 MaxSolutions : 8100
file was constructed with these [67, 68, -69, 70, -71, 72, -73, 74, 75, -76, -77, -78, -79, 80, 81, -82, -83, -84, 85, -86, 87, -88, 89, 90, 91, 92, 93, -94, -95, -96, 97, 98, -99, -100, -101, 102, 103, 104, 105, -106, -107, -108, -109, 110, 111, 112, -113, -114, 115, -116, -117, -118, -119, 120, 121, -122, -123, 124, -125, 126, 127, 128, 129, -130, -131, 132, 133, -134, 135, 136, -137, -138, 139, 140, -141, -142, 143, -144, 145, -146, 147, 148, 149, 150, 151, -152, -153, 154, -155, 156, -157, 158, 159, 160, -161, -162], [-67, 68, 69, 70, -71, 72, 73, 74, -75, 76, 77, 78, -79, 80, -81, 82, 83, -84, 85, -86, -87, 88, 89, -90, -91, -92, -93, 94, 95, 96, 97, -98, -99, 100, -101, -102, 103, 104, 105, -106, 107, 108, -109, -110, 111, 112, -113, 114, 115, 116, 117, 118, -119, -120, 121, 122, 123, 124, 125, 126, -127, 128, 129, 130, 131, 132, -133, 134, 135, 136, -137, -138, 139, 140, 141, 142, -143, 144, -145, -146, 147, -148, 149, 150, -151, -152, -153, 154, 155, 156, 157, 158, 159, 160, 161, 162] 
sigma1: 2262, sigma2: 3723, zer0: 3015
Bias calculated: 0.3779448621553885
----------
Loop 13 of sampler_1_Net8_count_96_w.u.cnf:
----------
Threshold T : 0.7487552976603098	 Tilt : 2.1253644314868816
numSolutions : 13040	 MaxSolutions : 20449
file was constructed with these [-67, 68, -69, 70, 71, 72, 73, -74, -75, -76, -77, -78, 79, 80, -81, 82, -83, -84, 85, 86, -87, -88, -89, 90, 91, -92, 93, 94, -95, 96, -97, 98, -99, 100, 101, 102, -103, 104, 105, 106, 107, -108, 109, -110, 111, -112, 113, 114, -115, 116, 117, 118, 119, 120, 121, -122, -123, -124, -125, 126, 127, -128, 129, 130, 131, -132, 133, -134, -135, 136, -137, 138, 139, -140, -141, 142, 143, 144, 145, -146, -147, -148, 149, -150, 151, 152, 153, -154, -155, 156, 157, -158, 159, -160, -161, -162], [-67, 68, -69, -70, 71, 72, 73, 74, -75, 76, 77, 78, 79, 80, -81, -82, -83, 84, -85, 86, 87, 88, 89, 90, 91, 92, 93, 94, 95, -96, 97, 98, 99, -100, -101, 102, 103, 104, 105, 106, 107, 108, 109, 110, 111, 112, 113, 114, 115, 116, -117, 118, -119, 120, -121, 122, 123, -124, -125, -126, -127, -128, -129, 130, 131, 132, 133, -134, -135, 136, -137, 138, -139, 140, 141, 142, 143, -144, -145, 146, 147, 148, -149, 150, 151, 152, 153, 154, -155, 156, -157, -158, 159, -160, 161, 162] 
sigma1: 9855, sigma2: 4644, zer0: 6501
Bias calculated: 0.6797020484171322
----------
Loop 14 of sampler_1_Net8_count_96_w.u.cnf:
----------
Threshold T : 0.5845238095238096	 Tilt : 1.0
numSolutions : 6232	 MaxSolutions : 10609
file was constructed with these [67, -68, -69, -70, -71, 72, 73, -74, -75, -76, -77, 78, 79, 80, -81, -82, -83, -84, 85, -86, -87, 88, 89, 90, -91, -92, -93, -94, -95, 96, -97, 98, 99, 100, -101, 102, -103, -104, -105, -106, 107, -108, -109, -110, -111, 112, -113, -114, -115, -116, -117, -118, 119, 120, 121, -122, -123, 124, -125, -126, -127, 128, -129, -130, -131, 132, -133, 134, 135, -136, 137, 138, -139, -140, -141, 142, 143, -144, 145, 146, 147, 148, -149, 150, 151, -152, 153, 154, -155, -156, -157, 158, -159, -160, -161, 162], [67, 68, 69, -70, -71, -72, -73, 74, -75, -76, 77, -78, 79, 80, -81, 82, 83, 84, 85, 86, -87, -88, 89, 90, 91, -92, -93, 94, -95, -96, -97, 98, 99, 100, 101, 102, -103, 104, -105, -106, -107, 108, -109, -110, -111, 112, 113, 114, 115, 116, 117, 118, 119, 120, -121, -122, 123, 124, 125, 126, 127, 128, 129, 130, 131, -132, -133, -134, -135, 136, -137, 138, 139, 140, 141, -142, 143, 144, 145, -146, 147, -148, -149, 150, 151, -152, 153, -154, 155, -156, 157, 158, 159, 160, -161, 162] 
sigma1: 3991, sigma2: 3629, zer0: 3380
Bias calculated: 0.523753280839895
----------
Loop 15 of sampler_1_Net8_count_96_w.u.cnf:
----------
Threshold T : 0.6437058445728967	 Tilt : 1.285714285714286
numSolutions : 7638	 MaxSolutions : 15625
file was constructed with these [-67, -68, 69, 70, -71, -72, -73, 74, 75, 76, 77, -78, 79, -80, 81, -82, -83, 84, -85, -86, 87, -88, -89, -90, -91, 92, -93, -94, -95, -96, -97, 98, -99, 100, -101, 102, -103, -104, 105, 106, 107, -108, 109, 110, -111, -112, -113, -114, 115, -116, 117, -118, -119, -120, 121, 122, -123, 124, -125, -126, -127, 128, -129, -130, 131, 132, -133, 134, -135, 136, -137, -138, -139, 140, 141, 142, -143, 144, -145, 146, 147, -148, -149, -150, 151, -152, -153, -154, 155, -156, -157, 158, 159, -160, -161, -162], [-67, 68, -69, 70, -71, -72, -73, -74, 75, 76, 77, 78, -79, 80, 81, 82, -83, 84, 85, 86, -87, 88, 89, 90, 91, 92, 93, 94, 95, -96, 97, 98, 99, -100, 101, 102, 103, -104, -105, 106, 107, 108, 109, 110, -111, -112, 113, 114, 115, 116, 117, -118, 119, 120, 121, 122, 123, -124, 125, 126, 127, -128, 129, 130, 131, 132, -133, -134, 135, -136, 137, 138, 139, -140, 141, -142, 143, 144, 145, -146, 147, 148, 149, -150, 151, 152, 153, 154, -155, 156, 157, -158, -159, 160, 161, 162] 
sigma1: 5305, sigma2: 3884, zer0: 6811
Bias calculated: 0.57732070954402
----------
Loop 16 of sampler_1_Net8_count_96_w.u.cnf:
----------
Threshold T : 0.6988193210511551	 Tilt : 1.6530612244897964
numSolutions : 9781	 MaxSolutions : 21316
file was constructed with these [-67, 68, -69, 70, 71, 72, 73, -74, -75, -76, -77, -78, 79, 80, -81, 82, -83, -84, 85, 86, -87, -88, -89, 90, 91, -92, 93, 94, -95, 96, -97, 98, -99, 100, 101, 102, -103, 104, 105, 106, 107, -108, 109, -110, 111, -112, 113, 114, -115, 116, 117, 118, 119, 120, 121, -122, -123, -124, -125, 126, 127, -128, 129, 130, 131, -132, 133, -134, -135, 136, -137, 138, 139, -140, -141, 142, 143, 144, 145, -146, -147, -148, 149, -150, 151, 152, 153, -154, -155, 156, 157, -158, 159, -160, -161, -162], [-67, 68, -69, 70, 71, -72, -73, -74, -75, 76, 77, 78, 79, 80, -81, 82, 83, 84, 85, -86, -87, 88, 89, 90, 91, -92, -93, 94, 95, -96, 97, -98, -99, 100, 101, 102, 103, 104, 105, 106, -107, 108, 109, 110, 111, -112, 113, 114, -115, -116, 117, -118, 119, 120, 121, 122, 123, -124, 125, 126, 127, -128, 129, 130, 131, 132, 133, -134, -135, 136, 137, -138, -139, 140, 141, -142, 143, 144, -145, 146, 147, 148, -149, -150, 151, -152, 153, -154, 155, -156, -157, 158, 159, -160, -161, 162] 
sigma1: 7919, sigma2: 4287, zer0: 9794
Bias calculated: 0.6487792888743241
----------
Loop 17 of sampler_1_Net8_count_96_w.u.cnf:
----------
Threshold T : 0.6988193210511551	 Tilt : 1.6530612244897962
numSolutions : 9781	 MaxSolutions : 21316
file was constructed with these [67, -68, -69, -70, 71, 72, 73, 74, -75, -76, -77, 78, -79, -80, -81, -82, -83, -84, -85, 86, 87, -88, -89, 90, -91, 92, 93, -94, 95, 96, -97, 98, 99, -100, 101, 102, -103, -104, -105, -106, -107, -108, 109, -110, -111, -112, -113, 114, 115, 116, 117, 118, -119, -120, -121, 122, -123, 124, -125, 126, -127, -128, 129, 130, 131, 132, -133, -134, -135, 136, 137, 138, 139, 140, -141, -142, 143, 144, -145, 146, 147, 148, -149, -150, 151, 152, 153, -154, 155, -156, -157, 158, -159, -160, 161, -162], [67, 68, 69, -70, 71, 72, -73, 74, 75, 76, 77, 78, 79, 80, 81, 82, 83, -84, 85, 86, 87, 88, 89, 90, 91, -92, -93, -94, 95, 96, 97, -98, 99, 100, 101, 102, 103, 104, 105, 106, -107, 108, -109, 110, 111, 112, 113, 114, -115, 116, -117, 118, 119, 120, -121, 122, 123, 124, -125, 126, 127, -128, -129, 130, -131, 132, 133, -134, 135, -136, 137, 138, 139, 140, 141, 142, 143, 144, -145, 146, 147, 148, 149, 150, 151, 152, 153, 154, 155, 156, 157, 158, 159, -160, 161, -162] 
sigma1: 7562, sigma2: 4550, zer0: 9888
Bias calculated: 0.6243394980184941
----------
Loop 18 of sampler_1_Net8_count_96_w.u.cnf:
----------
Threshold T : 0.5845238095238096	 Tilt : 1.0
numSolutions : 6232	 MaxSolutions : 10609
file was constructed with these [-67, -68, -69, -70, -71, 72, 73, -74, 75, -76, 77, 78, 79, 80, 81, -82, 83, -84, -85, 86, 87, 88, 89, 90, -91, -92, -93, 94, -95, 96, 97, -98, 99, 100, -101, -102, 103, -104, 105, -106, -107, -108, 109, -110, -111, -112, -113, -114, -115, -116, 117, -118, 119, -120, 121, -122, -123, 124, -125, 126, -127, -128, 129, 130, -131, 132, 133, -134, -135, -136, -137, 138, -139, -140, 141, 142, 143, -144, 145, -146, -147, -148, -149, 150, 151, -152, 153, 154, 155, 156, -157, -158, 159, 160, -161, -162], [67, -68, 69, -70, -71, -72, -73, 74, -75, 76, 77, 78, 79, 80, -81, 82, 83, -84, -85, 86, -87, 88, 89, 90, 91, -92, 93, 94, 95, -96, 97, 98, 99, 100, -101, -102, 103, 104, -105, 106, 107, 108, -109, -110, 111, 112, 113, -114, -115, -116, 117, -118, 119, -120, 121, 122, 123, 124, -125, -126, -127, -128, 129, 130, -131, 132, 133, -134, -135, 136, 137, 138, -139, 140, -141, 142, 143, 144, -145, 146, 147, -148, 149, 150, -151, 152, 153, 154, -155, 156, -157, 158, -159, 160, 161, 162] 
sigma1: 3527, sigma2: 3874, zer0: 3599
Bias calculated: 0.47655722199702744
----------
Loop 19 of sampler_1_Net8_count_96_w.u.cnf:
----------
Threshold T : 0.46039935435564455	 Tilt : 0.6049382716049384
numSolutions : 4768	 MaxSolutions : 8100
file was constructed with these [67, 68, -69, 70, -71, 72, -73, 74, 75, -76, -77, -78, -79, 80, 81, -82, -83, -84, 85, -86, 87, -88, 89, 90, 91, 92, 93, -94, -95, -96, 97, 98, -99, -100, -101, 102, 103, 104, 105, -106, -107, -108, -109, 110, 111, 112, -113, -114, 115, -116, -117, -118, -119, 120, 121, -122, -123, 124, -125, 126, 127, 128, 129, -130, -131, 132, 133, -134, 135, 136, -137, -138, 139, 140, -141, -142, 143, -144, 145, -146, 147, 148, 149, 150, 151, -152, -153, 154, -155, 156, -157, 158, 159, 160, -161, -162], [67, 68, 69, 70, -71, 72, 73, 74, -75, 76, 77, 78, 79, 80, 81, 82, 83, -84, 85, 86, 87, 88, 89, 90, 91, 92, 93, 94, 95, 96, 97, 98, -99, 100, -101, 102, 103, 104, 105, 106, 107, 108, 109, 110, 111, -112, -113, 114, 115, -116, 117, -118, 119, -120, -121, -122, 123, 124, 125, 126, -127, 128, 129, -130, -131, -132, 133, 134, 135, 136, 137, 138, 139, 140, -141, -142, -143, 144, -145, 146, 147, 148, -149, 150, 151, 152, 153, 154, -155, 156, 157, 158, 159, 160, 161, -162] 
sigma1: 2258, sigma2: 3838, zer0: 2904
Bias calculated: 0.3704068241469816
----------
Loop 20 of sampler_1_Net8_count_96_w.u.cnf:
----------
Threshold T : 0.6437058445728967	 Tilt : 1.2857142857142867
numSolutions : 7638	 MaxSolutions : 15625
file was constructed with these [-67, -68, 69, 70, -71, -72, -73, 74, 75, 76, 77, -78, 79, -80, 81, -82, -83, 84, -85, -86, 87, -88, -89, -90, -91, 92, -93, -94, -95, -96, -97, 98, -99, 100, -101, 102, -103, -104, 105, 106, 107, -108, 109, 110, -111, -112, -113, -114, 115, -116, 117, -118, -119, -120, 121, 122, -123, 124, -125, -126, -127, 128, -129, -130, 131, 132, -133, 134, -135, 136, -137, -138, -139, 140, 141, 142, -143, 144, -145, 146, 147, -148, -149, -150, 151, -152, -153, -154, 155, -156, -157, 158, 159, -160, -161, -162], [-67, 68, 69, 70, 71, 72, 73, 74, -75, 76, 77, 78, 79, -80, -81, 82, 83, -84, 85, 86, -87, -88, -89, -90, -91, -92, 93, 94, 95, 96, 97, 98, 99, 100, -101, 102, 103, 104, 105, 106, 107, 108, 109, 110, 111, -112, 113, 114, 115, 116, 117, -118, 119, -120, 121, -122, 123, 124, 125, 126, -127, 128, 129, -130, 131, 132, 133, -134, 135, -136, -137, 138, 139, 140, 141, 142, 143, 144, 145, 146, 147, -148, 149, 150, 151, -152, -153, 154, 155, 156, 157, 158, -159, -160, 161, -162] 
sigma1: 5350, sigma2: 4155, zer0: 6495
Bias calculated: 0.5628616517622304
Sampler: UniGen3 Accept:1 TotalSolutionsGenerated: 397169 TotalIdealSamples: 21


 time taken : 5836.637036085129
