 t: 21 delta: 0.1
 eta: 0.1
 epsilon: 0.1
----------
Loop 0 of sampler_1_Net27_count_118_w.u.cnf:
----------
Threshold T : 0.5228119903704279	 Tilt : 0.7777777777777778
numSolutions : 5324	 MaxSolutions : 8649
file was constructed with these [113, -114, -115, 116, 117, -118, -119, -120, 121, -122, 123, -124, -125, 126, 127, -128, -129, -130, -131, -132, 133, -134, -135, -136, -137, -138, 139, 140, -141, -142, 143, -144, 145, 146, 147, -148, 149, -150, 151, 152, 153, -154, 155, 156, 157, -158, 159, -160, -161, -162, 163, 164, 165, -166, 167, 168, -169, 170, 171, -172, -173, -174, -175, 176, -177, -178, 179, 180, 181, 182, -183, -184, -185, -186, -187, -188, 189, 190, 191, 192, 193, 194, -195, 196, 197, -198, 199, 200, -201, -202, 203, -204, 205, 206, -207, -208, -209, -210, -211, 212, -213, 214, 215, -216, -217, -218, 219, -220, 221, -222, 223, -224, -225, 226, 227, 228, -229, -230], [113, 114, 115, 116, -117, -118, -119, 120, -121, 122, 123, 124, -125, 126, -127, -128, -129, 130, 131, 132, 133, -134, -135, 136, -137, -138, -139, -140, -141, 142, 143, 144, -145, 146, 147, 148, 149, -150, 151, 152, -153, -154, -155, 156, -157, 158, 159, 160, -161, 162, -163, 164, -165, 166, -167, 168, 169, 170, 171, 172, -173, -174, 175, -176, -177, -178, 179, 180, 181, 182, 183, 184, -185, 186, -187, 188, 189, 190, 191, 192, 193, -194, 195, 196, -197, 198, 199, -200, 201, 202, 203, 204, 205, 206, -207, -208, 209, -210, -211, 212, 213, 214, 215, 216, 217, 218, -219, -220, -221, -222, 223, -224, -225, 226, 227, -228, -229, 230] 
sigma1: 2986, sigma2: 3357, zer0: 2657
Bias calculated: 0.4707551631720006
----------
Loop 1 of sampler_1_Net27_count_118_w.u.cnf:
----------
Threshold T : 0.28717119434707383	 Tilt : 0.28462802079628785
numSolutions : 4488	 MaxSolutions : 6889
file was constructed with these [113, -114, -115, 116, 117, -118, -119, -120, 121, -122, 123, -124, -125, 126, 127, -128, -129, -130, -131, -132, 133, -134, -135, -136, -137, -138, 139, 140, -141, -142, 143, -144, 145, 146, 147, -148, 149, -150, 151, 152, 153, -154, 155, 156, 157, -158, 159, -160, -161, -162, 163, 164, 165, -166, 167, 168, -169, 170, 171, -172, -173, -174, -175, 176, -177, -178, 179, 180, 181, 182, -183, -184, -185, -186, -187, -188, 189, 190, 191, 192, 193, 194, -195, 196, 197, -198, 199, 200, -201, -202, 203, -204, 205, 206, -207, -208, -209, -210, -211, 212, -213, 214, 215, -216, -217, -218, 219, -220, 221, -222, 223, -224, -225, 226, 227, 228, -229, -230], [-113, 114, 115, 116, 117, -118, 119, -120, 121, 122, 123, 124, 125, 126, 127, 128, -129, 130, 131, 132, 133, 134, 135, 136, -137, 138, -139, -140, 141, -142, -143, 144, -145, -146, 147, 148, -149, -150, 151, 152, 153, -154, 155, -156, 157, 158, -159, 160, 161, 162, 163, 164, 165, 166, -167, -168, -169, 170, 171, 172, -173, 174, 175, -176, -177, 178, 179, -180, 181, 182, 183, 184, 185, 186, -187, -188, 189, 190, 191, 192, 193, -194, 195, -196, 197, -198, -199, 200, 201, 202, 203, 204, 205, -206, 207, 208, -209, 210, 211, 212, 213, -214, 215, -216, 217, 218, 219, -220, 221, 222, -223, -224, 225, -226, 227, -228, 229, 230] 
sigma1: 1131, sigma2: 4057, zer0: 1812
Bias calculated: 0.21800308404009253
----------
Loop 2 of sampler_1_Net27_count_118_w.u.cnf:
----------
Threshold T : 0.6988193210511551	 Tilt : 1.6530612244897962
numSolutions : 9781	 MaxSolutions : 16384
file was constructed with these [113, 114, 115, -116, -117, 118, 119, -120, 121, 122, -123, -124, 125, -126, -127, -128, -129, 130, 131, 132, 133, -134, 135, 136, -137, -138, -139, 140, 141, 142, -143, 144, 145, 146, -147, -148, 149, -150, 151, -152, -153, -154, 155, -156, -157, 158, -159, 160, 161, -162, -163, -164, 165, 166, -167, 168, -169, 170, -171, 172, -173, 174, 175, -176, 177, 178, -179, -180, -181, 182, 183, 184, 185, 186, -187, -188, 189, -190, -191, 192, 193, 194, -195, 196, 197, -198, -199, -200, 201, 202, -203, 204, 205, -206, -207, -208, 209, 210, 211, -212, -213, 214, 215, -216, 217, -218, 219, -220, -221, 222, 223, 224, -225, 226, -227, 228, -229, -230], [113, 114, 115, 116, 117, -118, 119, -120, 121, 122, 123, 124, -125, 126, 127, -128, 129, 130, 131, 132, 133, 134, 135, 136, 137, 138, -139, 140, -141, 142, 143, 144, 145, -146, -147, 148, -149, 150, 151, 152, 153, 154, 155, 156, 157, -158, 159, -160, -161, -162, 163, -164, -165, -166, 167, 168, 169, 170, 171, 172, -173, -174, 175, 176, -177, 178, 179, 180, 181, -182, 183, 184, 185, 186, -187, 188, 189, 190, -191, -192, 193, 194, 195, -196, -197, 198, 199, 200, 201, 202, 203, 204, 205, 206, -207, 208, 209, 210, 211, -212, -213, -214, 215, 216, -217, 218, 219, 220, -221, -222, 223, -224, 225, 226, -227, 228, 229, 230] 
sigma1: 7203, sigma2: 4343, zer0: 5454
Bias calculated: 0.6238524164212714
----------
Loop 3 of sampler_1_Net27_count_118_w.u.cnf:
----------
Threshold T : 0.7487552976603098	 Tilt : 2.1253644314868816
numSolutions : 13040	 MaxSolutions : 22801
file was constructed with these [113, 114, 115, -116, -117, 118, 119, -120, 121, 122, -123, -124, 125, -126, -127, -128, -129, 130, 131, 132, 133, -134, 135, 136, -137, -138, -139, 140, 141, 142, -143, 144, 145, 146, -147, -148, 149, -150, 151, -152, -153, -154, 155, -156, -157, 158, -159, 160, 161, -162, -163, -164, 165, 166, -167, 168, -169, 170, -171, 172, -173, 174, 175, -176, 177, 178, -179, -180, -181, 182, 183, 184, 185, 186, -187, -188, 189, -190, -191, 192, 193, 194, -195, 196, 197, -198, -199, -200, 201, 202, -203, 204, 205, -206, -207, -208, 209, 210, 211, -212, -213, 214, 215, -216, 217, -218, 219, -220, -221, 222, 223, 224, -225, 226, -227, 228, -229, -230], [-113, 114, -115, -116, 117, -118, 119, 120, 121, -122, 123, 124, 125, -126, 127, -128, -129, 130, 131, 132, 133, 134, -135, 136, 137, -138, 139, -140, 141, 142, 143, -144, 145, 146, -147, -148, 149, -150, 151, 152, -153, 154, -155, 156, 157, 158, 159, -160, 161, -162, 163, 164, 165, 166, 167, 168, 169, 170, 171, 172, 173, 174, 175, -176, -177, -178, 179, -180, 181, 182, 183, 184, 185, -186, 187, -188, 189, 190, 191, -192, -193, 194, 195, -196, 197, 198, 199, -200, 201, 202, 203, 204, -205, -206, 207, 208, 209, 210, 211, 212, -213, 214, 215, 216, -217, 218, 219, -220, -221, -222, -223, -224, 225, 226, 227, 228, -229, 230] 
sigma1: 10317, sigma2: 5093, zer0: 7590
Bias calculated: 0.6695003244646334
----------
Loop 4 of sampler_1_Net27_count_118_w.u.cnf:
----------
Threshold T : 0.6437058445728967	 Tilt : 1.285714285714286
numSolutions : 7638	 MaxSolutions : 13689
file was constructed with these [-113, -114, 115, -116, -117, -118, 119, -120, 121, 122, -123, 124, -125, -126, -127, -128, -129, -130, -131, 132, 133, 134, 135, 136, 137, -138, 139, -140, -141, -142, 143, 144, 145, -146, -147, 148, -149, 150, -151, 152, 153, 154, -155, 156, 157, -158, -159, -160, 161, 162, 163, 164, -165, 166, 167, 168, 169, 170, 171, 172, -173, 174, -175, 176, -177, -178, -179, 180, -181, 182, 183, -184, 185, 186, 187, 188, 189, -190, -191, -192, 193, -194, -195, -196, -197, 198, -199, -200, 201, 202, 203, 204, 205, 206, 207, 208, 209, 210, 211, -212, 213, -214, -215, 216, 217, 218, -219, -220, -221, -222, 223, -224, -225, 226, -227, 228, 229, -230], [113, 114, -115, 116, 117, 118, 119, -120, -121, 122, 123, 124, 125, -126, 127, -128, -129, -130, -131, 132, 133, 134, 135, 136, 137, -138, -139, 140, 141, 142, 143, 144, -145, -146, -147, 148, 149, 150, 151, 152, 153, -154, 155, 156, 157, 158, 159, 160, 161, -162, 163, -164, 165, -166, -167, 168, -169, -170, 171, 172, 173, 174, -175, -176, 177, 178, 179, 180, 181, 182, -183, 184, 185, -186, -187, -188, 189, 190, 191, -192, 193, -194, 195, 196, 197, 198, 199, 200, -201, 202, 203, 204, 205, 206, 207, -208, 209, 210, 211, -212, 213, -214, 215, -216, -217, -218, -219, 220, 221, 222, -223, -224, 225, -226, 227, 228, 229, -230] 
sigma1: 4896, sigma2: 4047, zer0: 5057
Bias calculated: 0.5474672928547467
----------
Loop 5 of sampler_1_Net27_count_118_w.u.cnf:
----------
Threshold T : 0.4603993543556445	 Tilt : 0.6049382716049383
numSolutions : 4768	 MaxSolutions : 7225
file was constructed with these [-113, 114, -115, 116, -117, -118, -119, 120, -121, 122, 123, 124, -125, 126, -127, -128, 129, 130, -131, 132, -133, 134, 135, 136, 137, 138, 139, -140, -141, 142, -143, -144, -145, -146, -147, 148, 149, -150, -151, -152, -153, -154, -155, -156, -157, 158, 159, 160, -161, 162, -163, -164, -165, -166, -167, -168, 169, -170, 171, 172, -173, 174, -175, 176, 177, -178, 179, 180, -181, 182, 183, 184, -185, -186, -187, 188, -189, 190, -191, -192, 193, 194, -195, -196, -197, 198, -199, 200, 201, -202, 203, 204, -205, -206, 207, 208, -209, -210, 211, 212, -213, -214, 215, 216, 217, 218, -219, -220, 221, 222, 223, 224, 225, 226, -227, -228, 229, -230], [113, 114, -115, -116, 117, -118, 119, 120, 121, -122, 123, 124, 125, 126, -127, -128, 129, -130, 131, 132, 133, -134, -135, -136, -137, 138, -139, -140, 141, -142, 143, 144, -145, 146, -147, -148, -149, 150, 151, -152, -153, -154, 155, 156, 157, -158, 159, 160, 161, 162, -163, 164, 165, 166, -167, 168, -169, 170, -171, 172, 173, -174, -175, -176, 177, -178, 179, 180, 181, 182, -183, 184, -185, -186, 187, -188, 189, 190, -191, 192, -193, 194, 195, 196, 197, -198, -199, 200, 201, 202, 203, -204, 205, 206, 207, 208, -209, 210, 211, 212, 213, 214, -215, -216, -217, 218, 219, 220, 221, 222, -223, -224, 225, 226, -227, 228, 229, 230] 
sigma1: 2181, sigma2: 3528, zer0: 2291
Bias calculated: 0.38202837624802943
----------
Loop 6 of sampler_1_Net27_count_118_w.u.cnf:
----------
Threshold T : 0.9125560521498365	 Tilt : 7.467165128510078
numSolutions : 86722	 MaxSolutions : 123201
file was constructed with these [113, 114, -115, 116, 117, -118, 119, 120, -121, -122, 123, -124, -125, -126, -127, 128, 129, -130, -131, 132, -133, -134, 135, -136, 137, 138, -139, -140, -141, 142, 143, 144, -145, 146, -147, -148, 149, -150, -151, 152, -153, 154, 155, -156, -157, 158, -159, 160, -161, 162, 163, 164, -165, -166, -167, -168, -169, -170, -171, -172, 173, 174, 175, 176, -177, 178, 179, -180, 181, -182, 183, 184, -185, -186, 187, 188, -189, -190, -191, -192, -193, -194, 195, 196, -197, -198, -199, 200, -201, -202, -203, 204, 205, -206, 207, -208, 209, 210, 211, -212, 213, -214, -215, -216, -217, 218, 219, -220, 221, 222, -223, -224, 225, -226, -227, 228, -229, -230], [113, 114, -115, 116, 117, 118, -119, 120, 121, -122, 123, 124, 125, -126, 127, -128, 129, 130, 131, 132, 133, 134, -135, -136, 137, -138, 139, 140, 141, 142, -143, 144, 145, 146, 147, 148, -149, 150, 151, 152, 153, 154, -155, -156, 157, -158, 159, 160, -161, 162, 163, 164, 165, -166, 167, 168, 169, -170, 171, -172, -173, -174, 175, 176, 177, -178, -179, -180, 181, -182, 183, -184, -185, -186, 187, 188, 189, 190, 191, 192, 193, -194, 195, 196, 197, 198, -199, 200, 201, 202, 203, 204, -205, 206, 207, 208, 209, -210, 211, -212, -213, -214, 215, 216, 217, -218, -219, 220, 221, -222, 223, -224, -225, 226, -227, 228, -229, 230] 
sigma1: 85196, sigma2: 10742, zer0: 28062
Bias calculated: 0.8880318539056474
----------
Loop 7 of sampler_1_Net27_count_118_w.u.cnf:
----------
Threshold T : 0.4603993543556445	 Tilt : 0.6049382716049383
numSolutions : 4768	 MaxSolutions : 7225
file was constructed with these [113, -114, -115, 116, 117, -118, -119, -120, 121, -122, 123, -124, -125, 126, 127, -128, -129, -130, -131, -132, 133, -134, -135, -136, -137, -138, 139, 140, -141, -142, 143, -144, 145, 146, 147, -148, 149, -150, 151, 152, 153, -154, 155, 156, 157, -158, 159, -160, -161, -162, 163, 164, 165, -166, 167, 168, -169, 170, 171, -172, -173, -174, -175, 176, -177, -178, 179, 180, 181, 182, -183, -184, -185, -186, -187, -188, 189, 190, 191, 192, 193, 194, -195, 196, 197, -198, 199, 200, -201, -202, 203, -204, 205, 206, -207, -208, -209, -210, -211, 212, -213, 214, 215, -216, -217, -218, 219, -220, 221, -222, 223, -224, -225, 226, 227, 228, -229, -230], [-113, 114, 115, 116, 117, -118, 119, 120, -121, 122, 123, -124, -125, 126, 127, -128, 129, -130, 131, -132, 133, -134, -135, -136, -137, -138, 139, -140, -141, -142, -143, 144, 145, 146, 147, 148, 149, 150, -151, 152, -153, 154, -155, 156, 157, 158, -159, 160, 161, 162, 163, -164, 165, 166, 167, -168, 169, 170, 171, 172, -173, 174, 175, 176, 177, 178, -179, 180, 181, -182, 183, 184, 185, 186, 187, -188, 189, 190, 191, -192, -193, 194, 195, 196, 197, 198, 199, 200, -201, -202, 203, 204, 205, -206, 207, 208, -209, 210, 211, 212, -213, -214, 215, 216, 217, 218, 219, 220, 221, 222, 223, 224, -225, -226, 227, 228, -229, -230] 
sigma1: 2057, sigma2: 3613, zer0: 2330
Bias calculated: 0.36278659611992947
----------
Loop 8 of sampler_1_Net27_count_118_w.u.cnf:
----------
Threshold T : 0.399198351204264	 Tilt : 0.4705075445816187
numSolutions : 4473	 MaxSolutions : 6561
file was constructed with these [-113, -114, -115, 116, -117, -118, -119, -120, -121, -122, 123, 124, -125, -126, 127, -128, 129, -130, 131, 132, -133, 134, -135, -136, 137, -138, -139, 140, 141, -142, -143, -144, 145, -146, -147, 148, -149, 150, -151, -152, -153, 154, 155, -156, -157, 158, -159, 160, -161, -162, 163, 164, -165, -166, -167, 168, 169, -170, 171, 172, -173, -174, -175, 176, 177, 178, -179, -180, 181, 182, 183, -184, 185, 186, -187, -188, -189, -190, -191, -192, 193, 194, 195, 196, -197, 198, 199, -200, 201, 202, 203, -204, -205, 206, 207, 208, 209, -210, 211, 212, 213, 214, 215, -216, 217, 218, 219, 220, 221, -222, 223, 224, -225, -226, -227, -228, -229, -230], [113, 114, 115, 116, 117, 118, -119, 120, -121, -122, 123, 124, 125, 126, 127, -128, 129, 130, -131, 132, -133, 134, 135, -136, 137, 138, -139, 140, 141, 142, 143, -144, 145, 146, -147, 148, 149, -150, 151, 152, 153, 154, 155, 156, 157, 158, -159, -160, -161, -162, -163, 164, -165, -166, 167, 168, 169, -170, 171, 172, 173, 174, -175, 176, 177, 178, -179, 180, 181, 182, 183, 184, 185, 186, 187, -188, 189, -190, -191, 192, -193, 194, 195, 196, -197, 198, -199, -200, 201, -202, 203, 204, -205, 206, 207, 208, 209, 210, 211, 212, -213, -214, 215, 216, 217, 218, 219, 220, 221, 222, 223, -224, -225, 226, 227, -228, -229, 230] 
sigma1: 1690, sigma2: 3700, zer0: 1610
Bias calculated: 0.313543599257885
----------
Loop 9 of sampler_1_Net27_count_118_w.u.cnf:
----------
Threshold T : 0.28717119434707383	 Tilt : 0.28462802079628785
numSolutions : 4488	 MaxSolutions : 6241
file was constructed with these [113, -114, -115, 116, 117, -118, -119, -120, 121, -122, 123, -124, -125, 126, 127, -128, -129, -130, -131, -132, 133, -134, -135, -136, -137, -138, 139, 140, -141, -142, 143, -144, 145, 146, 147, -148, 149, -150, 151, 152, 153, -154, 155, 156, 157, -158, 159, -160, -161, -162, 163, 164, 165, -166, 167, 168, -169, 170, 171, -172, -173, -174, -175, 176, -177, -178, 179, 180, 181, 182, -183, -184, -185, -186, -187, -188, 189, 190, 191, 192, 193, 194, -195, 196, 197, -198, 199, 200, -201, -202, 203, -204, 205, 206, -207, -208, -209, -210, -211, 212, -213, 214, 215, -216, -217, -218, 219, -220, 221, -222, 223, -224, -225, 226, 227, 228, -229, -230], [113, 114, -115, -116, -117, 118, 119, -120, -121, 122, 123, 124, 125, 126, 127, -128, 129, -130, 131, -132, 133, -134, 135, 136, -137, 138, 139, 140, 141, 142, 143, -144, -145, 146, 147, 148, 149, -150, 151, 152, 153, -154, 155, 156, 157, 158, -159, 160, 161, 162, -163, 164, -165, 166, 167, 168, -169, -170, 171, -172, -173, 174, -175, 176, 177, 178, 179, -180, 181, 182, -183, 184, -185, -186, 187, -188, -189, 190, 191, 192, 193, -194, 195, 196, -197, 198, 199, 200, -201, 202, -203, 204, 205, 206, -207, 208, 209, 210, 211, 212, 213, 214, 215, 216, -217, -218, 219, -220, -221, 222, 223, -224, 225, -226, 227, 228, -229, 230] 
sigma1: 1264, sigma2: 4215, zer0: 1521
Bias calculated: 0.2306990326701953
----------
Loop 10 of sampler_1_Net27_count_118_w.u.cnf:
----------
Threshold T : 0.5228119903704279	 Tilt : 0.7777777777777779
numSolutions : 5324	 MaxSolutions : 8649
file was constructed with these [-113, -114, 115, 116, -117, -118, 119, -120, -121, -122, -123, -124, 125, -126, 127, -128, 129, -130, 131, -132, -133, 134, 135, -136, -137, 138, 139, -140, 141, 142, 143, -144, 145, 146, 147, -148, 149, -150, 151, -152, 153, -154, -155, -156, 157, -158, 159, 160, 161, -162, 163, -164, 165, -166, 167, -168, 169, 170, -171, -172, 173, -174, 175, 176, 177, -178, 179, -180, 181, -182, 183, -184, -185, 186, -187, 188, -189, -190, -191, 192, -193, -194, -195, 196, -197, 198, 199, -200, 201, -202, 203, 204, 205, 206, -207, 208, 209, -210, -211, -212, -213, 214, -215, -216, 217, 218, -219, 220, -221, -222, -223, 224, -225, 226, 227, 228, 229, 230], [-113, 114, -115, 116, 117, 118, 119, 120, -121, 122, 123, -124, -125, 126, -127, -128, 129, -130, -131, 132, -133, 134, 135, 136, 137, -138, -139, -140, 141, 142, 143, -144, 145, 146, -147, -148, 149, 150, -151, 152, -153, -154, -155, 156, 157, -158, 159, 160, -161, -162, 163, -164, 165, 166, -167, 168, 169, 170, 171, -172, 173, 174, 175, -176, 177, 178, 179, -180, 181, 182, 183, 184, 185, -186, -187, -188, 189, 190, -191, -192, -193, 194, -195, -196, 197, 198, 199, 200, 201, -202, -203, 204, 205, 206, 207, -208, 209, 210, 211, -212, 213, 214, 215, -216, 217, 218, 219, -220, 221, 222, 223, 224, 225, -226, 227, 228, 229, 230] 
sigma1: 2881, sigma2: 3541, zer0: 2578
Bias calculated: 0.4486141388975397
----------
Loop 11 of sampler_1_Net27_count_118_w.u.cnf:
----------
Threshold T : 0.522811990370428	 Tilt : 0.7777777777777781
numSolutions : 5324	 MaxSolutions : 8649
file was constructed with these [113, -114, -115, -116, 117, -118, 119, 120, 121, -122, -123, 124, 125, -126, -127, 128, 129, -130, 131, -132, 133, -134, 135, 136, -137, -138, 139, 140, 141, 142, 143, -144, 145, 146, 147, 148, -149, -150, -151, 152, -153, 154, -155, -156, 157, -158, 159, -160, 161, 162, -163, -164, 165, 166, -167, -168, -169, -170, 171, -172, 173, 174, -175, 176, -177, 178, 179, -180, 181, 182, 183, 184, -185, -186, 187, 188, 189, 190, 191, -192, 193, -194, 195, 196, -197, -198, -199, 200, -201, -202, 203, -204, 205, -206, 207, -208, 209, 210, 211, -212, 213, -214, -215, 216, -217, 218, 219, -220, -221, -222, -223, -224, 225, 226, 227, -228, -229, -230], [113, -114, -115, 116, 117, 118, 119, 120, 121, 122, -123, 124, 125, 126, 127, 128, 129, 130, 131, 132, 133, -134, 135, -136, 137, 138, -139, 140, 141, 142, -143, -144, 145, -146, 147, -148, 149, 150, 151, 152, 153, 154, 155, 156, 157, -158, 159, 160, 161, 162, 163, 164, -165, 166, 167, 168, -169, 170, 171, -172, -173, 174, 175, 176, 177, -178, 179, 180, -181, -182, 183, 184, 185, 186, -187, 188, 189, -190, -191, 192, 193, 194, 195, 196, -197, 198, 199, 200, 201, 202, 203, 204, 205, 206, 207, 208, -209, -210, -211, 212, 213, -214, 215, 216, 217, -218, 219, 220, 221, 222, 223, 224, -225, -226, 227, 228, -229, 230] 
sigma1: 2788, sigma2: 3322, zer0: 2890
Bias calculated: 0.4563011456628478
----------
Loop 12 of sampler_1_Net27_count_118_w.u.cnf:
----------
Threshold T : 0.7487552976603098	 Tilt : 2.125364431486881
numSolutions : 13040	 MaxSolutions : 22801
file was constructed with these [113, 114, 115, -116, -117, 118, 119, -120, 121, 122, -123, -124, 125, -126, -127, -128, -129, 130, 131, 132, 133, -134, 135, 136, -137, -138, -139, 140, 141, 142, -143, 144, 145, 146, -147, -148, 149, -150, 151, -152, -153, -154, 155, -156, -157, 158, -159, 160, 161, -162, -163, -164, 165, 166, -167, 168, -169, 170, -171, 172, -173, 174, 175, -176, 177, 178, -179, -180, -181, 182, 183, 184, 185, 186, -187, -188, 189, -190, -191, 192, 193, 194, -195, 196, 197, -198, -199, -200, 201, 202, -203, 204, 205, -206, -207, -208, 209, 210, 211, -212, -213, 214, 215, -216, 217, -218, 219, -220, -221, 222, 223, 224, -225, 226, -227, 228, -229, -230], [113, 114, 115, 116, 117, 118, -119, 120, 121, 122, 123, -124, -125, 126, -127, 128, 129, 130, 131, 132, 133, 134, 135, 136, 137, 138, 139, 140, 141, 142, 143, 144, 145, 146, -147, 148, 149, 150, -151, 152, 153, 154, 155, 156, 157, -158, 159, 160, -161, 162, 163, 164, 165, 166, 167, 168, 169, -170, 171, -172, 173, 174, -175, -176, 177, -178, -179, -180, 181, 182, 183, 184, 185, 186, -187, -188, 189, 190, 191, 192, 193, 194, 195, 196, -197, 198, -199, 200, -201, -202, -203, 204, 205, -206, 207, 208, 209, -210, 211, 212, -213, 214, 215, 216, 217, -218, 219, 220, 221, 222, 223, -224, 225, 226, 227, 228, 229, 230] 
sigma1: 10080, sigma2: 4895, zer0: 8025
Bias calculated: 0.6731218697829716
----------
Loop 13 of sampler_1_Net27_count_118_w.u.cnf:
----------
Threshold T : 0.6437058445728967	 Tilt : 1.285714285714286
numSolutions : 7638	 MaxSolutions : 12321
file was constructed with these [-113, -114, -115, 116, -117, -118, -119, -120, -121, -122, 123, 124, -125, -126, 127, -128, 129, -130, 131, 132, -133, 134, -135, -136, 137, -138, -139, 140, 141, -142, -143, -144, 145, -146, -147, 148, -149, 150, -151, -152, -153, 154, 155, -156, -157, 158, -159, 160, -161, -162, 163, 164, -165, -166, -167, 168, 169, -170, 171, 172, -173, -174, -175, 176, 177, 178, -179, -180, 181, 182, 183, -184, 185, 186, -187, -188, -189, -190, -191, -192, 193, 194, 195, 196, -197, 198, 199, -200, 201, 202, 203, -204, -205, 206, 207, 208, 209, -210, 211, 212, 213, 214, 215, -216, 217, 218, 219, 220, 221, -222, 223, 224, -225, -226, -227, -228, -229, -230], [-113, 114, 115, -116, 117, 118, 119, 120, -121, 122, 123, 124, 125, -126, -127, 128, 129, 130, 131, 132, 133, 134, -135, -136, -137, 138, -139, 140, 141, 142, -143, 144, 145, 146, 147, 148, 149, 150, 151, 152, 153, 154, 155, 156, 157, 158, 159, 160, 161, -162, -163, -164, 165, -166, -167, -168, 169, 170, 171, 172, -173, 174, 175, 176, -177, 178, -179, -180, -181, 182, -183, 184, 185, 186, 187, 188, 189, -190, 191, 192, 193, 194, -195, 196, -197, 198, -199, 200, 201, 202, 203, 204, 205, 206, -207, 208, -209, 210, 211, 212, 213, -214, -215, -216, 217, 218, 219, 220, -221, 222, -223, 224, 225, 226, 227, -228, 229, 230] 
sigma1: 5165, sigma2: 3776, zer0: 4059
Bias calculated: 0.577675875181747
----------
Loop 14 of sampler_1_Net27_count_118_w.u.cnf:
----------
Threshold T : 0.46039935435564455	 Tilt : 0.6049382716049384
numSolutions : 4768	 MaxSolutions : 6724
file was constructed with these [113, -114, 115, -116, 117, 118, -119, -120, 121, 122, -123, 124, 125, 126, 127, -128, -129, -130, -131, 132, -133, 134, 135, -136, 137, 138, -139, 140, 141, -142, 143, 144, -145, -146, -147, 148, 149, 150, 151, -152, -153, 154, 155, -156, -157, 158, 159, 160, 161, 162, 163, -164, 165, 166, 167, 168, 169, -170, -171, 172, -173, -174, -175, -176, 177, 178, 179, 180, -181, -182, -183, 184, 185, 186, 187, 188, 189, -190, 191, -192, 193, -194, 195, -196, -197, -198, 199, 200, 201, 202, -203, 204, -205, -206, -207, -208, 209, 210, 211, 212, -213, -214, 215, -216, 217, 218, 219, 220, 221, -222, 223, -224, 225, -226, -227, -228, 229, 230], [-113, 114, -115, -116, 117, 118, 119, 120, 121, -122, 123, 124, 125, -126, 127, -128, -129, 130, 131, -132, 133, -134, -135, 136, -137, -138, -139, 140, 141, 142, 143, -144, 145, 146, -147, 148, 149, 150, -151, -152, -153, 154, -155, -156, 157, -158, 159, 160, -161, -162, 163, 164, -165, 166, 167, -168, 169, 170, 171, -172, 173, -174, -175, 176, -177, -178, -179, 180, -181, 182, 183, 184, -185, 186, 187, 188, -189, 190, -191, 192, 193, 194, 195, -196, -197, 198, 199, 200, 201, -202, 203, 204, 205, -206, 207, 208, 209, -210, -211, 212, 213, 214, 215, 216, 217, 218, 219, 220, 221, 222, 223, 224, -225, 226, 227, 228, 229, 230] 
sigma1: 2173, sigma2: 3384, zer0: 1443
Bias calculated: 0.3910383300341911
----------
Loop 15 of sampler_1_Net27_count_118_w.u.cnf:
----------
Threshold T : 0.7928854408009137	 Tilt : 2.7326114119117046
numSolutions : 18029	 MaxSolutions : 26244
file was constructed with these [-113, -114, 115, 116, 117, -118, 119, 120, -121, -122, 123, -124, 125, -126, -127, 128, -129, -130, 131, 132, 133, 134, 135, -136, -137, 138, -139, -140, 141, 142, 143, 144, 145, -146, 147, 148, 149, -150, 151, -152, 153, 154, 155, -156, -157, 158, 159, -160, -161, -162, 163, -164, -165, -166, 167, 168, -169, 170, -171, -172, -173, 174, -175, 176, -177, -178, -179, -180, 181, 182, -183, -184, 185, -186, 187, 188, -189, 190, 191, 192, 193, 194, -195, -196, 197, -198, 199, -200, 201, -202, -203, -204, 205, -206, -207, 208, 209, 210, -211, -212, 213, -214, -215, 216, -217, 218, -219, -220, -221, -222, -223, -224, -225, -226, 227, -228, -229, -230], [113, 114, 115, 116, 117, 118, -119, -120, 121, 122, -123, 124, -125, -126, -127, -128, 129, 130, 131, 132, 133, -134, -135, -136, 137, -138, -139, -140, 141, 142, -143, 144, 145, 146, -147, 148, 149, -150, 151, -152, -153, 154, 155, -156, -157, -158, 159, 160, 161, 162, 163, 164, -165, 166, -167, 168, 169, -170, 171, -172, 173, -174, 175, -176, -177, 178, -179, -180, -181, 182, 183, 184, -185, 186, 187, 188, 189, -190, -191, 192, 193, 194, 195, 196, -197, -198, -199, 200, 201, 202, 203, 204, 205, 206, 207, 208, -209, 210, -211, 212, 213, -214, -215, 216, 217, 218, -219, -220, 221, -222, 223, -224, 225, -226, -227, 228, 229, -230] 
sigma1: 14853, sigma2: 5504, zer0: 6643
Bias calculated: 0.7296261728152478
----------
Loop 16 of sampler_1_Net27_count_118_w.u.cnf:
----------
Threshold T : 0.5845238095238096	 Tilt : 1.0
numSolutions : 6232	 MaxSolutions : 10609
file was constructed with these [-113, -114, 115, 116, 117, -118, 119, 120, -121, -122, 123, -124, 125, -126, -127, 128, -129, -130, 131, 132, 133, 134, 135, -136, -137, 138, -139, -140, 141, 142, 143, 144, 145, -146, 147, 148, 149, -150, 151, -152, 153, 154, 155, -156, -157, 158, 159, -160, -161, -162, 163, -164, -165, -166, 167, 168, -169, 170, -171, -172, -173, 174, -175, 176, -177, -178, -179, -180, 181, 182, -183, -184, 185, -186, 187, 188, -189, 190, 191, 192, 193, 194, -195, -196, 197, -198, 199, -200, 201, -202, -203, -204, 205, -206, -207, 208, 209, 210, -211, -212, 213, -214, -215, 216, -217, 218, -219, -220, -221, -222, -223, -224, -225, -226, 227, -228, -229, -230], [-113, -114, 115, -116, 117, 118, -119, -120, 121, 122, 123, 124, 125, 126, 127, -128, 129, 130, 131, -132, 133, -134, 135, 136, 137, -138, -139, -140, -141, 142, -143, 144, -145, -146, -147, -148, 149, 150, 151, 152, 153, 154, 155, 156, -157, 158, 159, -160, 161, -162, -163, -164, 165, 166, 167, 168, -169, 170, 171, 172, 173, -174, -175, 176, 177, -178, -179, -180, 181, 182, -183, 184, 185, 186, -187, 188, 189, -190, -191, -192, 193, 194, 195, -196, 197, -198, -199, 200, 201, 202, -203, 204, 205, 206, 207, 208, 209, 210, 211, 212, 213, 214, 215, -216, -217, 218, -219, -220, 221, 222, 223, -224, 225, 226, 227, -228, -229, 230] 
sigma1: 3747, sigma2: 3746, zer0: 3507
Bias calculated: 0.5000667289470172
----------
Loop 17 of sampler_1_Net27_count_118_w.u.cnf:
----------
Threshold T : 0.4603993543556445	 Tilt : 0.6049382716049383
numSolutions : 4768	 MaxSolutions : 8100
file was constructed with these [-113, -114, -115, 116, -117, -118, -119, -120, -121, -122, 123, 124, -125, -126, 127, -128, 129, -130, 131, 132, -133, 134, -135, -136, 137, -138, -139, 140, 141, -142, -143, -144, 145, -146, -147, 148, -149, 150, -151, -152, -153, 154, 155, -156, -157, 158, -159, 160, -161, -162, 163, 164, -165, -166, -167, 168, 169, -170, 171, 172, -173, -174, -175, 176, 177, 178, -179, -180, 181, 182, 183, -184, 185, 186, -187, -188, -189, -190, -191, -192, 193, 194, 195, 196, -197, 198, 199, -200, 201, 202, 203, -204, -205, 206, 207, 208, 209, -210, 211, 212, 213, 214, 215, -216, 217, 218, 219, 220, 221, -222, 223, 224, -225, -226, -227, -228, -229, -230], [113, 114, 115, 116, -117, -118, 119, 120, -121, 122, 123, 124, -125, 126, 127, -128, 129, 130, -131, 132, -133, 134, -135, 136, 137, 138, -139, 140, 141, -142, -143, 144, 145, 146, -147, 148, 149, -150, 151, -152, -153, 154, 155, 156, -157, 158, -159, -160, 161, 162, 163, 164, 165, -166, -167, 168, 169, 170, 171, 172, 173, -174, 175, 176, 177, 178, -179, -180, -181, 182, 183, -184, 185, -186, 187, -188, -189, 190, -191, 192, 193, -194, 195, 196, 197, -198, 199, 200, -201, 202, 203, 204, 205, -206, 207, 208, 209, -210, 211, 212, 213, 214, -215, 216, 217, 218, 219, 220, -221, 222, -223, 224, 225, 226, -227, 228, -229, 230] 
sigma1: 2387, sigma2: 3795, zer0: 2818
Bias calculated: 0.3861209964412811
----------
Loop 18 of sampler_1_Net27_count_118_w.u.cnf:
----------
Threshold T : 0.7487552976603098	 Tilt : 2.125364431486881
numSolutions : 13040	 MaxSolutions : 20449
file was constructed with these [113, 114, 115, -116, -117, 118, 119, -120, 121, 122, -123, -124, 125, -126, -127, -128, -129, 130, 131, 132, 133, -134, 135, 136, -137, -138, -139, 140, 141, 142, -143, 144, 145, 146, -147, -148, 149, -150, 151, -152, -153, -154, 155, -156, -157, 158, -159, 160, 161, -162, -163, -164, 165, 166, -167, 168, -169, 170, -171, 172, -173, 174, 175, -176, 177, 178, -179, -180, -181, 182, 183, 184, 185, 186, -187, -188, 189, -190, -191, 192, 193, 194, -195, 196, 197, -198, -199, -200, 201, 202, -203, 204, 205, -206, -207, -208, 209, 210, 211, -212, -213, 214, 215, -216, 217, -218, 219, -220, -221, 222, 223, 224, -225, 226, -227, 228, -229, -230], [-113, 114, 115, 116, -117, 118, 119, 120, 121, -122, 123, 124, 125, 126, 127, -128, 129, 130, 131, -132, 133, -134, -135, 136, -137, 138, 139, 140, 141, 142, 143, -144, -145, 146, -147, 148, 149, -150, 151, 152, 153, 154, 155, 156, 157, 158, -159, 160, 161, 162, 163, -164, -165, -166, -167, 168, -169, -170, 171, 172, 173, -174, 175, -176, 177, 178, 179, 180, -181, -182, 183, 184, 185, -186, 187, 188, 189, 190, -191, 192, 193, 194, 195, 196, 197, 198, 199, -200, 201, 202, -203, 204, -205, 206, 207, 208, 209, -210, -211, 212, 213, -214, 215, 216, -217, -218, 219, 220, 221, 222, 223, -224, 225, 226, -227, 228, -229, 230] 
sigma1: 10541, sigma2: 4625, zer0: 5834
Bias calculated: 0.6950415402874852
----------
Loop 19 of sampler_1_Net27_count_118_w.u.cnf:
----------
Threshold T : 0.890356108034825	 Tilt : 5.8077950999522825
numSolutions : 56670	 MaxSolutions : 80089
file was constructed with these [113, 114, -115, 116, 117, -118, 119, 120, -121, -122, 123, -124, -125, -126, -127, 128, 129, -130, -131, 132, -133, -134, 135, -136, 137, 138, -139, -140, -141, 142, 143, 144, -145, 146, -147, -148, 149, -150, -151, 152, -153, 154, 155, -156, -157, 158, -159, 160, -161, 162, 163, 164, -165, -166, -167, -168, -169, -170, -171, -172, 173, 174, 175, 176, -177, 178, 179, -180, 181, -182, 183, 184, -185, -186, 187, 188, -189, -190, -191, -192, -193, -194, 195, 196, -197, -198, -199, 200, -201, -202, -203, 204, 205, -206, 207, -208, 209, 210, 211, -212, 213, -214, -215, -216, -217, 218, 219, -220, 221, 222, -223, -224, 225, -226, -227, 228, -229, -230], [113, 114, -115, -116, -117, 118, -119, -120, 121, -122, 123, -124, 125, 126, 127, -128, 129, 130, 131, 132, -133, 134, -135, 136, 137, 138, -139, 140, 141, 142, -143, 144, 145, 146, 147, 148, 149, 150, 151, -152, 153, 154, -155, 156, 157, 158, 159, 160, 161, 162, 163, -164, 165, 166, 167, 168, 169, 170, -171, 172, -173, 174, 175, 176, -177, 178, 179, 180, 181, 182, 183, -184, 185, -186, 187, -188, 189, 190, 191, 192, 193, -194, 195, 196, 197, -198, -199, 200, 201, 202, 203, -204, -205, -206, 207, -208, 209, 210, -211, -212, 213, 214, 215, 216, -217, 218, 219, 220, 221, -222, -223, 224, 225, 226, 227, 228, 229, 230] 
sigma1: 54375, sigma2: 8259, zer0: 18366
Bias calculated: 0.868138710604464
