 t: 21 delta: 0.1
 eta: 0.1
 epsilon: 0.1
----------
Loop 0 of sampler_1_Net29_count_164_w.u.cnf:
----------
Threshold T : 0.6988193210511551	 Tilt : 1.6530612244897964
numSolutions : 9781	 MaxSolutions : 13689
file was constructed with these [-117, -118, 119, 120, 121, -122, 123, -124, -125, 126, 127, -128, -129, 130, 131, 132, -133, 134, -135, 136, 137, 138, -139, -140, -141, 142, -143, -144, 145, -146, 147, 148, -149, -150, 151, 152, 153, -154, -155, -156, 157, -158, 159, 160, 161, -162, -163, -164, -165, 166, -167, -168, 169, -170, -171, -172, -173, 174, -175, -176, 177, -178, -179, -180, 181, 182, 183, 184, 185, -186, -187, -188, -189, 190, -191, -192, 193, -194, -195, -196, -197, 198, -199, 200, 201, -202, -203, 204, 205, 206, 207, -208, -209, -210, -211, -212, -213, -214, 215, 216, 217, -218, 219, -220, -221, -222, -223, -224, -225, 226, -227, -228, -229, 230, -231, -232, 233, 234, 235, 236, -237, -238, -239, 240, 241, 242, 243, -244, -245, 246, 247, 248, -249, -250, -251, 252, -253, -254, 255, -256, -257, 258, 259, 260, 261, -262, -263, 264, 265, -266, 267, -268, -269, -270, -271, -272, -273, -274, 275, 276, 277, 278, -279, -280], [117, 118, 119, 120, 121, -122, -123, 124, 125, -126, 127, 128, 129, 130, 131, 132, 133, 134, -135, -136, 137, 138, 139, -140, 141, 142, 143, 144, -145, 146, 147, 148, 149, -150, 151, -152, 153, 154, 155, -156, -157, -158, -159, 160, 161, -162, -163, -164, 165, -166, 167, 168, -169, 170, 171, 172, -173, 174, 175, -176, -177, -178, -179, 180, -181, 182, 183, 184, 185, 186, 187, -188, -189, 190, 191, 192, -193, 194, 195, 196, -197, -198, 199, 200, -201, -202, 203, -204, 205, 206, 207, 208, 209, 210, 211, 212, 213, 214, -215, 216, 217, 218, 219, 220, 221, 222, 223, 224, -225, -226, -227, 228, 229, 230, -231, 232, 233, -234, -235, 236, -237, -238, -239, 240, 241, -242, 243, -244, 245, 246, -247, -248, 249, 250, 251, 252, 253, 254, -255, 256, 257, -258, 259, -260, 261, 262, -263, -264, 265, 266, 267, -268, 269, -270, 271, -272, -273, 274, 275, -276, 277, -278, 279, 280] 
sigma1: 6732, sigma2: 4221, zer0: 3047
Bias calculated: 0.6146261298274446
----------
Loop 1 of sampler_1_Net29_count_164_w.u.cnf:
----------
Threshold T : 0.4603993543556446	 Tilt : 0.6049382716049386
numSolutions : 4768	 MaxSolutions : 7225
file was constructed with these [117, -118, 119, -120, 121, 122, -123, -124, 125, -126, 127, -128, 129, -130, 131, 132, -133, 134, -135, -136, 137, -138, 139, 140, 141, -142, 143, 144, -145, -146, -147, 148, -149, 150, -151, -152, 153, 154, 155, 156, 157, -158, 159, 160, 161, -162, 163, -164, 165, 166, -167, -168, 169, 170, 171, 172, -173, -174, 175, -176, 177, -178, 179, 180, -181, 182, -183, -184, -185, 186, -187, -188, 189, 190, 191, -192, 193, 194, 195, 196, -197, -198, 199, 200, 201, -202, -203, -204, -205, 206, 207, -208, 209, 210, 211, 212, 213, 214, -215, 216, 217, 218, 219, -220, 221, 222, 223, 224, 225, -226, -227, 228, 229, 230, 231, 232, 233, 234, -235, 236, -237, 238, -239, 240, -241, 242, 243, -244, 245, 246, 247, -248, 249, -250, -251, -252, 253, 254, -255, 256, 257, 258, 259, 260, -261, -262, 263, -264, -265, -266, -267, 268, -269, -270, -271, -272, 273, -274, 275, -276, 277, 278, 279, -280], [-117, 118, 119, 120, -121, -122, 123, -124, 125, 126, -127, 128, 129, 130, -131, -132, 133, 134, -135, -136, -137, -138, 139, -140, 141, 142, 143, 144, -145, 146, 147, 148, -149, 150, 151, -152, 153, 154, 155, -156, 157, 158, -159, 160, -161, 162, -163, 164, 165, -166, -167, -168, 169, 170, 171, 172, -173, 174, -175, 176, 177, 178, -179, 180, -181, -182, -183, -184, 185, 186, 187, 188, -189, 190, 191, -192, -193, -194, 195, 196, 197, 198, -199, 200, 201, -202, -203, -204, 205, 206, 207, -208, 209, 210, 211, 212, 213, 214, 215, 216, 217, -218, -219, 220, 221, 222, 223, -224, 225, -226, -227, -228, 229, 230, 231, -232, 233, -234, 235, -236, 237, 238, 239, 240, 241, 242, -243, -244, 245, 246, 247, -248, 249, 250, 251, -252, 253, -254, 255, -256, 257, -258, 259, 260, 261, 262, 263, 264, 265, 266, -267, -268, 269, 270, -271, 272, -273, 274, 275, 276, -277, 278, -279, 280] 
sigma1: 2165, sigma2: 3880, zer0: 1955
Bias calculated: 0.35814722911497104
----------
Loop 2 of sampler_1_Net29_count_164_w.u.cnf:
----------
Threshold T : 0.5228119903704279	 Tilt : 0.7777777777777778
numSolutions : 5324	 MaxSolutions : 7921
file was constructed with these [-117, 118, -119, 120, 121, 122, -123, -124, -125, 126, -127, -128, 129, 130, -131, -132, -133, 134, 135, 136, -137, 138, -139, -140, -141, 142, -143, 144, 145, -146, 147, -148, 149, 150, 151, -152, 153, 154, 155, -156, -157, 158, -159, 160, -161, 162, 163, -164, -165, -166, -167, -168, -169, 170, -171, 172, 173, 174, -175, -176, 177, 178, 179, 180, 181, 182, 183, 184, -185, -186, 187, -188, -189, -190, -191, 192, -193, 194, -195, 196, 197, -198, -199, 200, 201, -202, 203, 204, -205, 206, -207, -208, -209, 210, 211, -212, -213, 214, -215, -216, 217, -218, -219, -220, 221, -222, -223, -224, -225, -226, 227, -228, -229, 230, -231, 232, 233, -234, 235, 236, 237, 238, -239, -240, -241, -242, -243, 244, -245, 246, -247, -248, 249, -250, -251, 252, 253, 254, -255, 256, -257, -258, -259, 260, -261, -262, -263, 264, 265, -266, -267, 268, -269, -270, 271, -272, 273, -274, -275, 276, -277, 278, 279, 280], [117, 118, 119, 120, 121, 122, -123, 124, -125, 126, 127, 128, 129, 130, -131, 132, 133, -134, 135, 136, -137, -138, 139, 140, 141, 142, 143, 144, 145, 146, 147, 148, 149, -150, 151, 152, -153, 154, 155, 156, -157, 158, -159, 160, -161, 162, 163, 164, 165, 166, 167, 168, -169, 170, 171, 172, -173, 174, 175, 176, 177, -178, -179, 180, -181, -182, -183, 184, 185, -186, -187, 188, -189, -190, 191, 192, 193, 194, -195, 196, -197, 198, 199, -200, -201, -202, 203, 204, -205, 206, 207, 208, 209, -210, 211, 212, 213, -214, -215, 216, -217, 218, 219, 220, 221, 222, -223, 224, 225, 226, 227, -228, 229, 230, 231, 232, -233, 234, -235, -236, 237, 238, 239, -240, 241, 242, -243, -244, 245, 246, -247, 248, -249, -250, -251, 252, -253, 254, -255, 256, 257, 258, 259, 260, 261, 262, -263, -264, 265, 266, 267, 268, 269, -270, -271, 272, -273, 274, 275, -276, -277, -278, -279, 280] 
sigma1: 2681, sigma2: 3353, zer0: 1966
Bias calculated: 0.4443155452436195
----------
Loop 3 of sampler_1_Net29_count_164_w.u.cnf:
----------
Threshold T : 0.6437058445728967	 Tilt : 1.285714285714286
numSolutions : 7638	 MaxSolutions : 12321
file was constructed with these [117, -118, 119, 120, -121, -122, -123, 124, 125, -126, 127, 128, 129, 130, -131, 132, -133, 134, 135, -136, -137, -138, -139, -140, -141, 142, 143, -144, 145, -146, 147, -148, 149, -150, -151, -152, 153, -154, 155, 156, -157, 158, -159, 160, 161, 162, -163, -164, 165, 166, 167, 168, -169, -170, 171, -172, -173, 174, 175, -176, -177, -178, 179, -180, -181, 182, 183, 184, 185, 186, 187, -188, 189, -190, 191, -192, 193, 194, -195, 196, -197, 198, 199, -200, -201, 202, 203, -204, -205, 206, -207, 208, -209, 210, 211, 212, 213, 214, -215, -216, 217, 218, 219, 220, -221, -222, 223, 224, -225, -226, 227, 228, 229, -230, 231, -232, 233, -234, 235, 236, 237, -238, 239, 240, 241, -242, 243, -244, -245, 246, 247, -248, 249, -250, 251, 252, -253, -254, -255, 256, -257, -258, 259, -260, 261, -262, -263, 264, -265, 266, -267, -268, 269, -270, -271, 272, 273, 274, 275, -276, 277, -278, 279, 280], [117, 118, 119, 120, 121, 122, 123, -124, 125, -126, 127, 128, 129, 130, 131, 132, 133, 134, -135, 136, -137, -138, 139, -140, 141, 142, -143, 144, -145, -146, 147, -148, -149, 150, 151, 152, 153, -154, -155, 156, 157, 158, 159, 160, 161, -162, 163, -164, 165, -166, 167, 168, 169, 170, 171, 172, 173, 174, 175, -176, 177, 178, 179, 180, 181, 182, 183, 184, 185, 186, 187, 188, 189, -190, 191, 192, 193, 194, -195, 196, 197, 198, 199, -200, 201, 202, -203, 204, 205, 206, 207, -208, 209, -210, -211, 212, 213, 214, -215, 216, -217, -218, -219, 220, -221, -222, 223, 224, 225, -226, 227, 228, 229, -230, 231, -232, 233, -234, -235, 236, 237, 238, 239, -240, -241, -242, 243, -244, 245, 246, 247, -248, -249, 250, -251, -252, 253, 254, -255, 256, 257, 258, 259, 260, -261, 262, 263, 264, -265, 266, 267, -268, 269, 270, 271, 272, 273, 274, -275, 276, 277, 278, 279, 280] 
sigma1: 5244, sigma2: 3944, zer0: 3812
Bias calculated: 0.5707444492816718
----------
Loop 4 of sampler_1_Net29_count_164_w.u.cnf:
----------
Threshold T : 0.6437058445728967	 Tilt : 1.2857142857142858
numSolutions : 7638	 MaxSolutions : 12321
file was constructed with these [-117, -118, -119, -120, -121, 122, 123, 124, 125, 126, 127, 128, -129, -130, 131, 132, -133, -134, 135, -136, 137, 138, 139, -140, -141, -142, 143, -144, -145, 146, 147, 148, -149, 150, 151, -152, 153, 154, 155, -156, -157, 158, -159, 160, -161, 162, 163, 164, 165, 166, 167, -168, 169, 170, -171, 172, -173, 174, -175, 176, 177, -178, -179, -180, -181, 182, 183, -184, 185, -186, -187, -188, -189, -190, -191, 192, 193, 194, -195, 196, 197, 198, 199, 200, -201, -202, -203, -204, 205, -206, -207, 208, -209, -210, 211, -212, 213, 214, -215, -216, -217, -218, 219, -220, 221, -222, 223, 224, 225, -226, 227, -228, 229, 230, 231, 232, 233, -234, -235, -236, 237, -238, 239, 240, 241, 242, -243, -244, 245, -246, -247, -248, 249, 250, -251, -252, -253, 254, 255, 256, 257, 258, 259, -260, -261, -262, -263, 264, -265, 266, 267, 268, -269, 270, -271, -272, -273, 274, 275, -276, -277, 278, -279, 280], [-117, 118, -119, 120, 121, 122, 123, 124, -125, 126, 127, -128, 129, -130, 131, 132, 133, 134, -135, -136, 137, 138, -139, 140, 141, 142, 143, 144, 145, -146, -147, -148, -149, 150, -151, 152, 153, -154, 155, 156, -157, 158, 159, 160, 161, 162, 163, -164, -165, -166, 167, 168, 169, -170, -171, 172, 173, -174, -175, 176, 177, 178, -179, 180, 181, 182, 183, -184, -185, 186, -187, -188, 189, 190, -191, 192, 193, 194, -195, 196, 197, -198, 199, 200, 201, 202, 203, -204, 205, 206, 207, 208, 209, 210, 211, 212, -213, 214, 215, 216, -217, 218, 219, 220, -221, 222, 223, 224, -225, -226, 227, 228, 229, 230, 231, 232, -233, 234, 235, 236, -237, 238, 239, 240, 241, 242, 243, 244, 245, 246, 247, 248, 249, 250, 251, 252, 253, 254, -255, -256, 257, 258, 259, -260, 261, 262, 263, 264, 265, 266, 267, -268, 269, -270, 271, -272, 273, 274, 275, 276, 277, 278, -279, -280] 
sigma1: 4719, sigma2: 4208, zer0: 4073
Bias calculated: 0.5286210373025653
----------
Loop 5 of sampler_1_Net29_count_164_w.u.cnf:
----------
Threshold T : 0.39919835120426406	 Tilt : 0.47050754458161875
numSolutions : 4473	 MaxSolutions : 7921
file was constructed with these [117, -118, -119, -120, -121, -122, 123, 124, -125, -126, 127, 128, 129, 130, 131, -132, -133, 134, -135, 136, 137, 138, -139, -140, -141, -142, -143, 144, -145, 146, 147, 148, -149, -150, -151, -152, 153, 154, -155, -156, 157, 158, -159, 160, -161, -162, 163, -164, -165, 166, -167, -168, -169, 170, 171, -172, 173, -174, 175, 176, 177, -178, -179, 180, -181, -182, 183, 184, -185, 186, 187, 188, -189, 190, -191, 192, 193, 194, 195, -196, 197, -198, 199, 200, 201, -202, 203, -204, -205, 206, 207, 208, 209, 210, -211, -212, 213, 214, -215, -216, -217, -218, 219, 220, 221, -222, -223, -224, 225, -226, 227, -228, -229, 230, 231, -232, 233, 234, -235, 236, -237, 238, 239, -240, 241, -242, -243, 244, 245, 246, 247, -248, -249, -250, -251, 252, 253, 254, 255, -256, 257, -258, -259, 260, -261, -262, -263, -264, -265, 266, 267, -268, 269, -270, -271, -272, -273, 274, 275, -276, -277, -278, 279, 280], [117, 118, 119, 120, 121, -122, 123, 124, 125, -126, 127, -128, 129, 130, -131, 132, 133, 134, -135, 136, 137, -138, 139, -140, 141, 142, 143, 144, -145, 146, 147, -148, 149, 150, 151, -152, 153, 154, 155, 156, 157, 158, 159, 160, 161, 162, 163, 164, 165, 166, 167, -168, 169, -170, -171, -172, -173, 174, -175, 176, 177, 178, 179, 180, -181, -182, 183, -184, -185, 186, -187, -188, -189, -190, 191, 192, -193, 194, -195, 196, 197, -198, 199, 200, 201, 202, -203, -204, -205, 206, 207, 208, 209, -210, 211, -212, 213, -214, -215, 216, 217, 218, 219, 220, -221, 222, -223, -224, 225, 226, 227, 228, 229, 230, 231, 232, 233, 234, 235, 236, 237, -238, -239, -240, -241, -242, -243, 244, 245, 246, -247, -248, 249, 250, 251, 252, 253, 254, 255, 256, 257, 258, 259, 260, 261, 262, 263, 264, 265, 266, 267, -268, 269, 270, 271, -272, -273, -274, 275, 276, -277, 278, 279, 280] 
sigma1: 1697, sigma2: 3429, zer0: 2874
Bias calculated: 0.33105735466250485
----------
Loop 6 of sampler_1_Net29_count_164_w.u.cnf:
----------
Threshold T : 0.46039935435564455	 Tilt : 0.6049382716049384
numSolutions : 4768	 MaxSolutions : 8100
file was constructed with these [-117, -118, 119, -120, -121, -122, -123, 124, 125, 126, 127, -128, -129, 130, 131, 132, -133, -134, 135, 136, -137, 138, -139, 140, 141, 142, -143, 144, -145, 146, -147, -148, -149, 150, -151, 152, -153, 154, -155, -156, 157, -158, -159, -160, -161, 162, 163, -164, -165, -166, 167, -168, 169, -170, -171, 172, -173, 174, 175, 176, 177, 178, 179, -180, -181, 182, 183, 184, -185, -186, 187, 188, 189, 190, 191, 192, -193, -194, -195, 196, 197, 198, 199, -200, 201, 202, -203, 204, -205, -206, -207, 208, 209, -210, -211, 212, 213, -214, 215, 216, -217, -218, -219, 220, -221, -222, -223, 224, -225, 226, -227, -228, -229, 230, -231, -232, -233, 234, 235, -236, 237, -238, -239, -240, 241, -242, 243, 244, 245, -246, -247, -248, 249, 250, 251, 252, -253, 254, 255, -256, 257, 258, -259, 260, -261, -262, -263, -264, -265, 266, 267, -268, 269, 270, -271, -272, 273, -274, -275, -276, -277, 278, 279, 280], [-117, -118, 119, 120, 121, -122, 123, 124, -125, 126, 127, 128, -129, -130, 131, 132, 133, 134, -135, -136, -137, 138, 139, 140, 141, 142, 143, 144, 145, 146, -147, 148, 149, -150, 151, 152, -153, 154, 155, 156, -157, 158, 159, 160, -161, 162, -163, 164, 165, -166, 167, -168, -169, 170, 171, 172, -173, 174, -175, 176, 177, 178, 179, -180, 181, 182, 183, 184, 185, 186, 187, -188, 189, -190, 191, 192, 193, 194, -195, 196, 197, 198, 199, 200, -201, 202, 203, -204, -205, 206, 207, 208, 209, -210, -211, 212, 213, 214, -215, -216, 217, -218, -219, -220, 221, -222, -223, 224, -225, -226, -227, -228, -229, 230, -231, 232, 233, 234, -235, -236, 237, -238, 239, -240, 241, 242, 243, 244, 245, 246, 247, -248, 249, -250, -251, 252, 253, 254, -255, 256, 257, 258, 259, 260, 261, 262, 263, 264, 265, 266, 267, -268, 269, -270, -271, -272, -273, 274, 275, 276, -277, 278, -279, -280] 
sigma1: 2356, sigma2: 3587, zer0: 3057
Bias calculated: 0.39643277805821975
----------
Loop 7 of sampler_1_Net29_count_164_w.u.cnf:
----------
Threshold T : 0.3409779426211574	 Tilt : 0.36595031245237014
numSolutions : 4388	 MaxSolutions : 8100
file was constructed with these [-117, -118, 119, -120, -121, -122, -123, -124, 125, -126, -127, -128, 129, -130, 131, 132, 133, -134, 135, -136, 137, 138, 139, -140, 141, 142, -143, 144, 145, 146, -147, -148, 149, 150, -151, 152, 153, 154, 155, -156, 157, 158, 159, -160, 161, 162, -163, -164, -165, -166, -167, -168, 169, -170, -171, 172, -173, 174, 175, 176, 177, -178, 179, -180, -181, 182, -183, -184, 185, 186, -187, 188, -189, 190, 191, 192, 193, 194, 195, 196, 197, 198, -199, -200, 201, -202, -203, -204, 205, -206, -207, 208, 209, -210, -211, 212, -213, 214, 215, -216, 217, 218, 219, 220, -221, -222, -223, 224, -225, 226, -227, -228, -229, -230, 231, -232, -233, 234, -235, -236, -237, 238, 239, 240, 241, 242, 243, -244, -245, -246, -247, -248, -249, -250, 251, -252, 253, -254, 255, 256, -257, -258, 259, 260, -261, 262, 263, -264, 265, 266, 267, -268, -269, 270, 271, 272, 273, 274, 275, -276, 277, -278, -279, -280], [117, 118, -119, 120, 121, 122, -123, 124, 125, -126, -127, 128, 129, 130, 131, 132, 133, 134, 135, 136, 137, 138, -139, -140, -141, 142, 143, 144, 145, 146, -147, -148, 149, -150, 151, 152, 153, 154, -155, 156, 157, 158, -159, -160, -161, -162, 163, 164, 165, 166, -167, 168, -169, -170, 171, 172, 173, -174, 175, -176, -177, 178, -179, 180, 181, -182, -183, 184, 185, -186, 187, -188, 189, -190, -191, 192, 193, 194, 195, -196, 197, 198, 199, 200, 201, 202, 203, -204, 205, -206, 207, 208, -209, -210, 211, 212, -213, -214, -215, 216, 217, 218, 219, 220, 221, 222, 223, -224, 225, 226, 227, 228, 229, 230, -231, 232, -233, -234, -235, 236, -237, -238, 239, 240, 241, 242, 243, 244, -245, 246, 247, 248, 249, 250, 251, 252, 253, -254, 255, -256, 257, 258, -259, 260, 261, 262, 263, 264, 265, 266, 267, 268, 269, 270, -271, 272, 273, 274, 275, 276, -277, -278, 279, 280] 
sigma1: 1518, sigma2: 4362, zer0: 3120
Bias calculated: 0.25816326530612244
----------
Loop 8 of sampler_1_Net29_count_164_w.u.cnf:
----------
Threshold T : 0.39919835120426406	 Tilt : 0.47050754458161875
numSolutions : 4473	 MaxSolutions : 7056
file was constructed with these [-117, -118, 119, -120, -121, -122, -123, -124, 125, -126, -127, -128, 129, -130, 131, 132, 133, -134, 135, -136, 137, 138, 139, -140, 141, 142, -143, 144, 145, 146, -147, -148, 149, 150, -151, 152, 153, 154, 155, -156, 157, 158, 159, -160, 161, 162, -163, -164, -165, -166, -167, -168, 169, -170, -171, 172, -173, 174, 175, 176, 177, -178, 179, -180, -181, 182, -183, -184, 185, 186, -187, 188, -189, 190, 191, 192, 193, 194, 195, 196, 197, 198, -199, -200, 201, -202, -203, -204, 205, -206, -207, 208, 209, -210, -211, 212, -213, 214, 215, -216, 217, 218, 219, 220, -221, -222, -223, 224, -225, 226, -227, -228, -229, -230, 231, -232, -233, 234, -235, -236, -237, 238, 239, 240, 241, 242, 243, -244, -245, -246, -247, -248, -249, -250, 251, -252, 253, -254, 255, 256, -257, -258, 259, 260, -261, 262, 263, -264, 265, 266, 267, -268, -269, 270, 271, 272, 273, 274, 275, -276, 277, -278, -279, -280], [117, 118, 119, -120, -121, 122, 123, 124, 125, -126, 127, -128, -129, 130, -131, 132, 133, 134, 135, -136, 137, -138, 139, 140, 141, 142, 143, 144, 145, 146, -147, 148, 149, -150, -151, 152, 153, 154, 155, 156, -157, 158, 159, 160, 161, -162, -163, -164, -165, 166, -167, 168, -169, 170, 171, 172, 173, 174, 175, 176, 177, -178, -179, -180, 181, -182, 183, 184, 185, -186, -187, 188, 189, -190, -191, -192, 193, 194, -195, 196, 197, 198, 199, 200, -201, 202, 203, -204, 205, 206, 207, -208, 209, 210, -211, 212, 213, -214, 215, 216, -217, 218, 219, 220, 221, 222, -223, 224, 225, 226, 227, 228, 229, 230, 231, -232, 233, 234, 235, 236, 237, 238, 239, 240, -241, 242, 243, 244, 245, 246, 247, 248, 249, -250, 251, 252, 253, 254, 255, -256, -257, 258, 259, 260, 261, 262, 263, 264, 265, 266, 267, -268, 269, -270, 271, 272, 273, 274, 275, -276, 277, 278, 279, 280] 
sigma1: 1682, sigma2: 3846, zer0: 2472
Bias calculated: 0.30426917510853835
----------
Loop 9 of sampler_1_Net29_count_164_w.u.cnf:
----------
Threshold T : 0.5228119903704279	 Tilt : 0.7777777777777778
numSolutions : 5324	 MaxSolutions : 9604
file was constructed with these [-117, -118, -119, -120, -121, 122, 123, 124, 125, 126, 127, 128, -129, -130, 131, 132, -133, -134, 135, -136, 137, 138, 139, -140, -141, -142, 143, -144, -145, 146, 147, 148, -149, 150, 151, -152, 153, 154, 155, -156, -157, 158, -159, 160, -161, 162, 163, 164, 165, 166, 167, -168, 169, 170, -171, 172, -173, 174, -175, 176, 177, -178, -179, -180, -181, 182, 183, -184, 185, -186, -187, -188, -189, -190, -191, 192, 193, 194, -195, 196, 197, 198, 199, 200, -201, -202, -203, -204, 205, -206, -207, 208, -209, -210, 211, -212, 213, 214, -215, -216, -217, -218, 219, -220, 221, -222, 223, 224, 225, -226, 227, -228, 229, 230, 231, 232, 233, -234, -235, -236, 237, -238, 239, 240, 241, 242, -243, -244, 245, -246, -247, -248, 249, 250, -251, -252, -253, 254, 255, 256, 257, 258, 259, -260, -261, -262, -263, 264, -265, 266, 267, 268, -269, 270, -271, -272, -273, 274, 275, -276, -277, 278, -279, 280], [117, 118, 119, 120, 121, 122, 123, -124, 125, 126, -127, 128, 129, 130, -131, -132, 133, 134, -135, 136, 137, 138, -139, 140, 141, 142, -143, 144, 145, 146, 147, 148, 149, 150, -151, 152, 153, 154, -155, -156, 157, 158, -159, 160, 161, -162, -163, 164, 165, -166, 167, -168, 169, 170, 171, -172, 173, 174, 175, 176, 177, 178, -179, -180, -181, -182, 183, 184, 185, 186, 187, 188, 189, -190, 191, 192, 193, 194, -195, 196, -197, 198, 199, 200, 201, -202, -203, 204, 205, 206, 207, -208, 209, 210, 211, -212, 213, 214, 215, 216, 217, 218, 219, 220, 221, 222, 223, 224, 225, 226, 227, 228, 229, 230, 231, -232, 233, 234, -235, -236, -237, -238, 239, 240, 241, -242, -243, -244, -245, 246, -247, -248, -249, -250, 251, 252, 253, -254, 255, -256, 257, 258, 259, 260, 261, 262, 263, -264, -265, 266, -267, 268, 269, 270, 271, -272, 273, 274, -275, 276, -277, -278, -279, 280] 
sigma1: 2825, sigma2: 3659, zer0: 3516
Bias calculated: 0.43568784700801977
----------
Loop 10 of sampler_1_Net29_count_164_w.u.cnf:
----------
Threshold T : 0.522811990370428	 Tilt : 0.777777777777778
numSolutions : 5324	 MaxSolutions : 8649
file was constructed with these [-117, 118, -119, 120, 121, 122, -123, -124, -125, 126, -127, -128, 129, 130, -131, -132, -133, 134, 135, 136, -137, 138, -139, -140, -141, 142, -143, 144, 145, -146, 147, -148, 149, 150, 151, -152, 153, 154, 155, -156, -157, 158, -159, 160, -161, 162, 163, -164, -165, -166, -167, -168, -169, 170, -171, 172, 173, 174, -175, -176, 177, 178, 179, 180, 181, 182, 183, 184, -185, -186, 187, -188, -189, -190, -191, 192, -193, 194, -195, 196, 197, -198, -199, 200, 201, -202, 203, 204, -205, 206, -207, -208, -209, 210, 211, -212, -213, 214, -215, -216, 217, -218, -219, -220, 221, -222, -223, -224, -225, -226, 227, -228, -229, 230, -231, 232, 233, -234, 235, 236, 237, 238, -239, -240, -241, -242, -243, 244, -245, 246, -247, -248, 249, -250, -251, 252, 253, 254, -255, 256, -257, -258, -259, 260, -261, -262, -263, 264, 265, -266, -267, 268, -269, -270, 271, -272, 273, -274, -275, 276, -277, 278, 279, 280], [-117, 118, -119, 120, 121, 122, 123, -124, -125, 126, 127, 128, 129, 130, -131, 132, -133, 134, 135, 136, 137, -138, -139, 140, 141, 142, 143, 144, 145, 146, 147, 148, 149, 150, 151, 152, 153, -154, 155, 156, 157, 158, -159, 160, 161, 162, 163, 164, 165, 166, 167, 168, -169, 170, 171, 172, -173, 174, 175, -176, 177, 178, 179, -180, -181, -182, 183, 184, 185, 186, -187, 188, 189, 190, -191, 192, 193, 194, -195, -196, 197, -198, 199, -200, 201, 202, 203, 204, 205, 206, 207, 208, 209, 210, -211, -212, 213, -214, 215, 216, 217, 218, 219, 220, 221, 222, 223, -224, -225, 226, 227, 228, 229, -230, -231, 232, -233, -234, 235, 236, -237, -238, 239, -240, 241, 242, 243, 244, 245, -246, -247, 248, 249, 250, 251, -252, 253, 254, 255, -256, 257, 258, 259, 260, -261, 262, 263, 264, 265, 266, -267, -268, -269, 270, 271, 272, 273, -274, 275, -276, -277, 278, -279, -280] 
sigma1: 2673, sigma2: 3516, zer0: 2811
Bias calculated: 0.4318952981095492
----------
Loop 11 of sampler_1_Net29_count_164_w.u.cnf:
----------
Threshold T : 0.5228119903704279	 Tilt : 0.7777777777777779
numSolutions : 5324	 MaxSolutions : 8649
file was constructed with these [-117, -118, 119, 120, 121, -122, 123, -124, -125, 126, 127, -128, -129, 130, 131, 132, -133, 134, -135, 136, 137, 138, -139, -140, -141, 142, -143, -144, 145, -146, 147, 148, -149, -150, 151, 152, 153, -154, -155, -156, 157, -158, 159, 160, 161, -162, -163, -164, -165, 166, -167, -168, 169, -170, -171, -172, -173, 174, -175, -176, 177, -178, -179, -180, 181, 182, 183, 184, 185, -186, -187, -188, -189, 190, -191, -192, 193, -194, -195, -196, -197, 198, -199, 200, 201, -202, -203, 204, 205, 206, 207, -208, -209, -210, -211, -212, -213, -214, 215, 216, 217, -218, 219, -220, -221, -222, -223, -224, -225, 226, -227, -228, -229, 230, -231, -232, 233, 234, 235, 236, -237, -238, -239, 240, 241, 242, 243, -244, -245, 246, 247, 248, -249, -250, -251, 252, -253, -254, 255, -256, -257, 258, 259, 260, 261, -262, -263, 264, 265, -266, 267, -268, -269, -270, -271, -272, -273, -274, 275, 276, 277, 278, -279, -280], [117, 118, 119, 120, 121, 122, 123, 124, 125, -126, 127, 128, 129, 130, 131, 132, -133, 134, 135, 136, 137, 138, -139, -140, 141, 142, -143, 144, 145, 146, 147, 148, 149, -150, 151, 152, 153, -154, -155, 156, -157, 158, 159, 160, 161, -162, 163, -164, 165, -166, -167, 168, 169, 170, -171, 172, 173, -174, 175, 176, -177, -178, 179, -180, 181, 182, -183, 184, 185, -186, -187, -188, -189, -190, 191, -192, -193, 194, 195, 196, 197, -198, 199, 200, 201, 202, 203, 204, 205, 206, 207, 208, 209, 210, 211, 212, 213, 214, -215, 216, 217, 218, 219, -220, 221, 222, 223, 224, -225, 226, -227, 228, 229, -230, -231, 232, 233, 234, -235, 236, -237, 238, 239, 240, 241, -242, -243, 244, 245, 246, 247, 248, 249, -250, 251, 252, 253, 254, 255, 256, 257, -258, 259, 260, -261, 262, 263, 264, -265, 266, -267, 268, 269, 270, 271, -272, -273, 274, 275, -276, -277, 278, -279, 280] 
sigma1: 2735, sigma2: 3643, zer0: 2622
Bias calculated: 0.4288178112260897
----------
Loop 12 of sampler_1_Net29_count_164_w.u.cnf:
----------
Threshold T : 0.522811990370428	 Tilt : 0.777777777777778
numSolutions : 5324	 MaxSolutions : 8649
file was constructed with these [117, -118, 119, -120, 121, 122, -123, -124, 125, -126, 127, -128, 129, -130, 131, 132, -133, 134, -135, -136, 137, -138, 139, 140, 141, -142, 143, 144, -145, -146, -147, 148, -149, 150, -151, -152, 153, 154, 155, 156, 157, -158, 159, 160, 161, -162, 163, -164, 165, 166, -167, -168, 169, 170, 171, 172, -173, -174, 175, -176, 177, -178, 179, 180, -181, 182, -183, -184, -185, 186, -187, -188, 189, 190, 191, -192, 193, 194, 195, 196, -197, -198, 199, 200, 201, -202, -203, -204, -205, 206, 207, -208, 209, 210, 211, 212, 213, 214, -215, 216, 217, 218, 219, -220, 221, 222, 223, 224, 225, -226, -227, 228, 229, 230, 231, 232, 233, 234, -235, 236, -237, 238, -239, 240, -241, 242, 243, -244, 245, 246, 247, -248, 249, -250, -251, -252, 253, 254, -255, 256, 257, 258, 259, 260, -261, -262, 263, -264, -265, -266, -267, 268, -269, -270, -271, -272, 273, -274, 275, -276, 277, 278, 279, -280], [117, -118, -119, 120, -121, 122, -123, 124, 125, -126, 127, 128, 129, 130, -131, 132, 133, 134, 135, 136, -137, 138, -139, 140, 141, 142, 143, 144, 145, 146, 147, 148, 149, 150, 151, 152, 153, 154, 155, -156, 157, 158, 159, -160, 161, -162, 163, 164, 165, 166, 167, 168, 169, 170, 171, 172, 173, 174, 175, 176, 177, 178, -179, 180, -181, 182, 183, -184, 185, 186, 187, -188, 189, 190, -191, 192, 193, -194, 195, 196, 197, 198, 199, 200, 201, 202, 203, 204, 205, 206, 207, 208, 209, -210, 211, 212, 213, -214, 215, 216, 217, 218, 219, 220, 221, 222, 223, 224, 225, 226, 227, 228, 229, -230, 231, 232, -233, 234, -235, -236, 237, 238, 239, 240, 241, 242, 243, 244, 245, 246, -247, -248, 249, -250, 251, 252, -253, 254, -255, 256, 257, 258, 259, 260, 261, 262, 263, 264, 265, 266, 267, 268, 269, 270, -271, 272, 273, 274, 275, 276, 277, 278, -279, 280] 
sigma1: 2854, sigma2: 3364, zer0: 2782
Bias calculated: 0.45899002894821483
----------
Loop 13 of sampler_1_Net29_count_164_w.u.cnf:
----------
Threshold T : 0.4603993543556446	 Tilt : 0.6049382716049385
numSolutions : 4768	 MaxSolutions : 8100
file was constructed with these [117, -118, 119, 120, -121, -122, -123, 124, 125, -126, -127, -128, 129, -130, 131, 132, -133, 134, 135, 136, -137, 138, 139, -140, -141, 142, -143, -144, 145, 146, 147, -148, -149, -150, 151, 152, 153, -154, 155, -156, -157, -158, 159, -160, -161, 162, -163, -164, -165, -166, -167, 168, 169, 170, 171, 172, 173, -174, 175, -176, 177, 178, 179, -180, 181, -182, -183, 184, -185, 186, 187, -188, -189, -190, -191, 192, -193, 194, -195, 196, -197, -198, 199, -200, -201, 202, 203, 204, -205, -206, 207, -208, -209, 210, 211, 212, 213, -214, -215, 216, 217, -218, -219, 220, 221, 222, -223, 224, -225, -226, 227, 228, 229, 230, 231, 232, -233, -234, -235, 236, 237, 238, 239, -240, 241, -242, -243, 244, 245, -246, -247, -248, -249, 250, -251, -252, -253, 254, -255, 256, 257, -258, -259, -260, -261, -262, -263, -264, -265, -266, -267, -268, 269, 270, 271, -272, -273, 274, 275, 276, -277, -278, 279, -280], [-117, 118, 119, 120, 121, -122, -123, 124, 125, 126, 127, 128, 129, -130, -131, -132, 133, 134, 135, -136, -137, -138, 139, 140, -141, 142, 143, 144, 145, -146, 147, 148, 149, 150, 151, 152, 153, -154, 155, 156, 157, 158, 159, 160, 161, -162, -163, -164, -165, 166, -167, 168, -169, 170, 171, 172, 173, 174, -175, 176, 177, -178, 179, 180, 181, -182, 183, -184, 185, 186, 187, 188, 189, -190, 191, -192, 193, 194, 195, 196, 197, 198, -199, -200, 201, -202, -203, 204, -205, 206, 207, 208, 209, -210, 211, 212, -213, -214, -215, 216, 217, 218, -219, 220, 221, 222, 223, -224, 225, 226, -227, 228, 229, -230, 231, 232, 233, 234, 235, 236, 237, -238, 239, 240, 241, 242, -243, -244, -245, 246, -247, 248, -249, 250, 251, 252, 253, 254, 255, 256, -257, 258, 259, 260, 261, 262, -263, 264, 265, 266, -267, -268, -269, 270, 271, 272, 273, 274, 275, 276, 277, 278, -279, 280] 
sigma1: 2137, sigma2: 4112, zer0: 2751
Bias calculated: 0.34197471595455275
----------
Loop 14 of sampler_1_Net29_count_164_w.u.cnf:
----------
Threshold T : 0.7928854408009137	 Tilt : 2.732611411911705
numSolutions : 18029	 MaxSolutions : 28900
file was constructed with these [-117, -118, -119, -120, -121, 122, 123, 124, 125, 126, 127, 128, -129, -130, 131, 132, -133, -134, 135, -136, 137, 138, 139, -140, -141, -142, 143, -144, -145, 146, 147, 148, -149, 150, 151, -152, 153, 154, 155, -156, -157, 158, -159, 160, -161, 162, 163, 164, 165, 166, 167, -168, 169, 170, -171, 172, -173, 174, -175, 176, 177, -178, -179, -180, -181, 182, 183, -184, 185, -186, -187, -188, -189, -190, -191, 192, 193, 194, -195, 196, 197, 198, 199, 200, -201, -202, -203, -204, 205, -206, -207, 208, -209, -210, 211, -212, 213, 214, -215, -216, -217, -218, 219, -220, 221, -222, 223, 224, 225, -226, 227, -228, 229, 230, 231, 232, 233, -234, -235, -236, 237, -238, 239, 240, 241, 242, -243, -244, 245, -246, -247, -248, 249, 250, -251, -252, -253, 254, 255, 256, 257, 258, 259, -260, -261, -262, -263, 264, -265, 266, 267, 268, -269, 270, -271, -272, -273, 274, 275, -276, -277, 278, -279, 280], [117, 118, 119, -120, 121, -122, -123, 124, -125, -126, 127, -128, -129, 130, 131, -132, 133, 134, -135, 136, -137, 138, 139, 140, -141, 142, 143, 144, 145, -146, -147, -148, -149, -150, 151, -152, 153, 154, 155, 156, -157, 158, 159, 160, 161, 162, 163, 164, 165, 166, 167, 168, 169, -170, 171, -172, -173, 174, 175, 176, 177, -178, 179, 180, 181, -182, 183, -184, -185, -186, 187, 188, -189, 190, -191, 192, 193, -194, 195, -196, 197, -198, 199, -200, 201, 202, 203, 204, 205, 206, 207, -208, 209, 210, 211, -212, 213, 214, 215, -216, 217, 218, 219, 220, 221, 222, -223, -224, -225, 226, 227, -228, -229, 230, 231, 232, -233, -234, -235, 236, 237, 238, -239, 240, 241, 242, 243, 244, 245, -246, -247, 248, 249, 250, -251, -252, -253, -254, 255, 256, 257, 258, 259, 260, 261, 262, -263, 264, 265, -266, -267, 268, 269, 270, 271, 272, 273, 274, 275, -276, 277, -278, 279, 280] 
sigma1: 14433, sigma2: 5482, zer0: 9085
Bias calculated: 0.7247301029374843
----------
Loop 15 of sampler_1_Net29_count_164_w.u.cnf:
----------
Threshold T : 0.3409779426211573	 Tilt : 0.3659503124523701
numSolutions : 4388	 MaxSolutions : 7225
file was constructed with these [-117, -118, 119, -120, -121, -122, -123, -124, 125, -126, -127, -128, 129, -130, 131, 132, 133, -134, 135, -136, 137, 138, 139, -140, 141, 142, -143, 144, 145, 146, -147, -148, 149, 150, -151, 152, 153, 154, 155, -156, 157, 158, 159, -160, 161, 162, -163, -164, -165, -166, -167, -168, 169, -170, -171, 172, -173, 174, 175, 176, 177, -178, 179, -180, -181, 182, -183, -184, 185, 186, -187, 188, -189, 190, 191, 192, 193, 194, 195, 196, 197, 198, -199, -200, 201, -202, -203, -204, 205, -206, -207, 208, 209, -210, -211, 212, -213, 214, 215, -216, 217, 218, 219, 220, -221, -222, -223, 224, -225, 226, -227, -228, -229, -230, 231, -232, -233, 234, -235, -236, -237, 238, 239, 240, 241, 242, 243, -244, -245, -246, -247, -248, -249, -250, 251, -252, 253, -254, 255, 256, -257, -258, 259, 260, -261, 262, 263, -264, 265, 266, 267, -268, -269, 270, 271, 272, 273, 274, 275, -276, 277, -278, -279, -280], [-117, -118, -119, 120, 121, 122, 123, -124, 125, 126, 127, -128, -129, 130, -131, 132, 133, 134, 135, -136, -137, 138, -139, 140, 141, 142, 143, 144, 145, 146, -147, 148, 149, 150, 151, -152, 153, -154, -155, 156, -157, 158, -159, -160, 161, 162, -163, 164, 165, -166, -167, -168, -169, 170, 171, 172, 173, -174, 175, -176, 177, 178, 179, 180, 181, 182, 183, 184, -185, 186, 187, 188, -189, -190, -191, 192, 193, 194, 195, 196, 197, 198, 199, 200, -201, 202, 203, 204, -205, 206, 207, 208, 209, -210, -211, -212, 213, 214, -215, 216, 217, 218, -219, -220, 221, 222, 223, 224, 225, 226, 227, -228, 229, 230, 231, 232, 233, -234, -235, 236, 237, 238, 239, 240, 241, 242, -243, -244, 245, -246, 247, 248, 249, 250, -251, -252, 253, 254, -255, 256, 257, 258, 259, -260, -261, -262, 263, 264, 265, 266, 267, 268, 269, -270, 271, -272, 273, 274, 275, -276, 277, 278, 279, 280] 
sigma1: 1456, sigma2: 4028, zer0: 2516
Bias calculated: 0.26549963530269877
----------
Loop 16 of sampler_1_Net29_count_164_w.u.cnf:
----------
Threshold T : 0.7928854408009137	 Tilt : 2.7326114119117046
numSolutions : 18029	 MaxSolutions : 28900
file was constructed with these [117, 118, 119, -120, 121, 122, -123, -124, 125, 126, 127, -128, 129, -130, -131, 132, -133, 134, -135, 136, -137, -138, 139, -140, -141, 142, 143, 144, -145, -146, 147, 148, 149, 150, -151, 152, -153, -154, -155, -156, 157, 158, -159, 160, -161, 162, -163, 164, 165, -166, -167, 168, -169, -170, -171, 172, 173, -174, -175, -176, 177, -178, 179, -180, -181, -182, 183, 184, -185, -186, 187, -188, -189, 190, 191, 192, 193, -194, -195, 196, -197, -198, -199, -200, -201, 202, -203, 204, -205, -206, -207, 208, -209, 210, 211, -212, 213, 214, -215, -216, -217, -218, -219, -220, 221, 222, -223, -224, -225, -226, 227, -228, 229, -230, -231, 232, 233, -234, -235, -236, -237, -238, 239, -240, 241, -242, -243, 244, 245, 246, -247, 248, -249, 250, -251, 252, 253, -254, -255, 256, -257, -258, 259, -260, 261, -262, 263, 264, -265, 266, 267, -268, -269, -270, 271, 272, 273, 274, -275, -276, 277, 278, -279, -280], [117, 118, 119, 120, 121, 122, 123, 124, 125, 126, 127, 128, -129, -130, -131, -132, 133, -134, 135, 136, 137, 138, 139, 140, -141, -142, -143, 144, 145, 146, -147, 148, 149, 150, -151, -152, 153, -154, 155, 156, 157, 158, -159, 160, 161, -162, 163, -164, 165, 166, 167, 168, 169, 170, -171, 172, -173, 174, 175, -176, 177, -178, 179, 180, 181, -182, -183, 184, 185, 186, 187, 188, 189, 190, 191, 192, 193, 194, 195, -196, -197, 198, -199, 200, 201, 202, 203, 204, 205, -206, -207, -208, 209, 210, -211, 212, 213, -214, 215, 216, 217, -218, -219, 220, -221, 222, -223, 224, 225, 226, 227, 228, 229, -230, -231, 232, -233, 234, -235, 236, 237, -238, 239, 240, 241, 242, 243, 244, 245, 246, 247, 248, 249, -250, 251, 252, -253, 254, -255, -256, 257, -258, -259, 260, -261, 262, 263, 264, -265, 266, -267, 268, 269, 270, 271, -272, -273, -274, 275, -276, 277, 278, 279, 280] 
sigma1: 14281, sigma2: 5386, zer0: 9333
Bias calculated: 0.7261402349112727
----------
Loop 17 of sampler_1_Net29_count_164_w.u.cnf:
----------
Threshold T : 0.4603993543556445	 Tilt : 0.6049382716049383
numSolutions : 4768	 MaxSolutions : 8100
file was constructed with these [117, -118, 119, 120, -121, -122, -123, 124, 125, -126, 127, 128, 129, 130, -131, 132, -133, 134, 135, -136, -137, -138, -139, -140, -141, 142, 143, -144, 145, -146, 147, -148, 149, -150, -151, -152, 153, -154, 155, 156, -157, 158, -159, 160, 161, 162, -163, -164, 165, 166, 167, 168, -169, -170, 171, -172, -173, 174, 175, -176, -177, -178, 179, -180, -181, 182, 183, 184, 185, 186, 187, -188, 189, -190, 191, -192, 193, 194, -195, 196, -197, 198, 199, -200, -201, 202, 203, -204, -205, 206, -207, 208, -209, 210, 211, 212, 213, 214, -215, -216, 217, 218, 219, 220, -221, -222, 223, 224, -225, -226, 227, 228, 229, -230, 231, -232, 233, -234, 235, 236, 237, -238, 239, 240, 241, -242, 243, -244, -245, 246, 247, -248, 249, -250, 251, 252, -253, -254, -255, 256, -257, -258, 259, -260, 261, -262, -263, 264, -265, 266, -267, -268, 269, -270, -271, 272, 273, 274, 275, -276, 277, -278, 279, 280], [117, 118, 119, 120, 121, -122, -123, 124, 125, 126, -127, 128, 129, 130, 131, 132, 133, 134, -135, -136, 137, 138, -139, -140, -141, 142, 143, 144, -145, 146, 147, 148, 149, 150, 151, 152, 153, -154, 155, 156, 157, -158, -159, 160, 161, -162, -163, -164, 165, -166, -167, -168, -169, 170, 171, 172, -173, -174, 175, 176, 177, -178, 179, 180, -181, 182, 183, 184, 185, 186, -187, 188, 189, -190, 191, 192, 193, 194, -195, -196, 197, 198, 199, 200, 201, 202, 203, 204, 205, -206, 207, 208, -209, 210, 211, -212, -213, 214, 215, 216, 217, -218, 219, 220, -221, -222, -223, 224, 225, 226, -227, 228, 229, -230, 231, 232, -233, -234, 235, -236, -237, 238, -239, 240, -241, 242, 243, 244, 245, 246, -247, -248, 249, 250, 251, 252, 253, 254, -255, -256, 257, 258, 259, -260, 261, 262, -263, -264, 265, 266, 267, -268, 269, -270, 271, 272, 273, -274, 275, 276, 277, -278, 279, 280] 
sigma1: 2193, sigma2: 3702, zer0: 3105
Bias calculated: 0.37201017811704834
----------
Loop 18 of sampler_1_Net29_count_164_w.u.cnf:
----------
Threshold T : 0.6988193210511551	 Tilt : 1.6530612244897964
numSolutions : 9781	 MaxSolutions : 13689
file was constructed with these [-117, -118, 119, 120, 121, -122, 123, -124, -125, 126, 127, -128, -129, 130, 131, 132, -133, 134, -135, 136, 137, 138, -139, -140, -141, 142, -143, -144, 145, -146, 147, 148, -149, -150, 151, 152, 153, -154, -155, -156, 157, -158, 159, 160, 161, -162, -163, -164, -165, 166, -167, -168, 169, -170, -171, -172, -173, 174, -175, -176, 177, -178, -179, -180, 181, 182, 183, 184, 185, -186, -187, -188, -189, 190, -191, -192, 193, -194, -195, -196, -197, 198, -199, 200, 201, -202, -203, 204, 205, 206, 207, -208, -209, -210, -211, -212, -213, -214, 215, 216, 217, -218, 219, -220, -221, -222, -223, -224, -225, 226, -227, -228, -229, 230, -231, -232, 233, 234, 235, 236, -237, -238, -239, 240, 241, 242, 243, -244, -245, 246, 247, 248, -249, -250, -251, 252, -253, -254, 255, -256, -257, 258, 259, 260, 261, -262, -263, 264, 265, -266, 267, -268, -269, -270, -271, -272, -273, -274, 275, 276, 277, 278, -279, -280], [117, 118, 119, 120, 121, -122, -123, 124, -125, -126, 127, -128, -129, -130, -131, -132, -133, 134, 135, 136, -137, 138, 139, 140, 141, -142, 143, -144, -145, 146, -147, -148, 149, 150, 151, 152, 153, -154, 155, -156, 157, 158, 159, 160, 161, -162, 163, 164, 165, 166, -167, 168, 169, 170, 171, 172, 173, 174, 175, 176, 177, 178, -179, -180, 181, 182, 183, 184, 185, -186, -187, 188, 189, 190, 191, 192, -193, 194, 195, 196, 197, 198, 199, 200, 201, 202, 203, -204, 205, 206, 207, 208, 209, 210, 211, -212, -213, 214, 215, 216, -217, 218, 219, -220, 221, 222, -223, 224, 225, 226, 227, 228, 229, 230, 231, 232, -233, 234, 235, 236, 237, -238, -239, -240, -241, -242, -243, 244, 245, 246, -247, 248, -249, 250, -251, -252, 253, 254, -255, 256, -257, 258, 259, 260, 261, 262, 263, -264, -265, -266, 267, 268, 269, -270, 271, -272, 273, -274, 275, 276, 277, 278, -279, 280] 
sigma1: 6257, sigma2: 4259, zer0: 3484
Bias calculated: 0.5949980981361734
----------
Loop 19 of sampler_1_Net29_count_164_w.u.cnf:
----------
Threshold T : 0.522811990370428	 Tilt : 0.777777777777778
numSolutions : 5324	 MaxSolutions : 8649
file was constructed with these [117, -118, 119, 120, -121, -122, -123, 124, 125, -126, -127, -128, 129, -130, 131, 132, -133, 134, 135, 136, -137, 138, 139, -140, -141, 142, -143, -144, 145, 146, 147, -148, -149, -150, 151, 152, 153, -154, 155, -156, -157, -158, 159, -160, -161, 162, -163, -164, -165, -166, -167, 168, 169, 170, 171, 172, 173, -174, 175, -176, 177, 178, 179, -180, 181, -182, -183, 184, -185, 186, 187, -188, -189, -190, -191, 192, -193, 194, -195, 196, -197, -198, 199, -200, -201, 202, 203, 204, -205, -206, 207, -208, -209, 210, 211, 212, 213, -214, -215, 216, 217, -218, -219, 220, 221, 222, -223, 224, -225, -226, 227, 228, 229, 230, 231, 232, -233, -234, -235, 236, 237, 238, 239, -240, 241, -242, -243, 244, 245, -246, -247, -248, -249, 250, -251, -252, -253, 254, -255, 256, 257, -258, -259, -260, -261, -262, -263, -264, -265, -266, -267, -268, 269, 270, 271, -272, -273, 274, 275, 276, -277, -278, 279, -280], [117, 118, 119, 120, 121, 122, 123, -124, -125, -126, -127, 128, 129, 130, -131, 132, 133, 134, 135, 136, 137, 138, 139, 140, -141, -142, 143, 144, 145, 146, 147, 148, -149, 150, -151, 152, 153, -154, -155, 156, 157, 158, 159, -160, 161, -162, 163, 164, 165, 166, 167, 168, -169, -170, -171, -172, 173, 174, -175, 176, 177, 178, 179, 180, -181, -182, 183, 184, 185, 186, 187, -188, 189, -190, 191, -192, 193, 194, 195, 196, 197, 198, 199, 200, 201, 202, 203, 204, 205, 206, -207, 208, -209, 210, 211, 212, 213, 214, 215, 216, 217, 218, 219, 220, 221, 222, 223, -224, 225, -226, -227, 228, -229, -230, 231, 232, -233, -234, -235, 236, 237, 238, 239, -240, 241, 242, 243, 244, -245, -246, -247, 248, -249, 250, 251, 252, 253, -254, 255, 256, -257, 258, -259, 260, 261, 262, -263, 264, 265, -266, 267, 268, -269, 270, 271, 272, -273, 274, -275, 276, 277, 278, 279, 280] 
sigma1: 2533, sigma2: 3621, zer0: 2846
Bias calculated: 0.4116022099447514
----------
Loop 20 of sampler_1_Net29_count_164_w.u.cnf:
----------
Threshold T : 0.6988193210511551	 Tilt : 1.6530612244897969
numSolutions : 9781	 MaxSolutions : 14884
file was constructed with these [117, -118, 119, 120, -121, -122, -123, 124, 125, -126, -127, -128, 129, -130, 131, 132, -133, 134, 135, 136, -137, 138, 139, -140, -141, 142, -143, -144, 145, 146, 147, -148, -149, -150, 151, 152, 153, -154, 155, -156, -157, -158, 159, -160, -161, 162, -163, -164, -165, -166, -167, 168, 169, 170, 171, 172, 173, -174, 175, -176, 177, 178, 179, -180, 181, -182, -183, 184, -185, 186, 187, -188, -189, -190, -191, 192, -193, 194, -195, 196, -197, -198, 199, -200, -201, 202, 203, 204, -205, -206, 207, -208, -209, 210, 211, 212, 213, -214, -215, 216, 217, -218, -219, 220, 221, 222, -223, 224, -225, -226, 227, 228, 229, 230, 231, 232, -233, -234, -235, 236, 237, 238, 239, -240, 241, -242, -243, 244, 245, -246, -247, -248, -249, 250, -251, -252, -253, 254, -255, 256, 257, -258, -259, -260, -261, -262, -263, -264, -265, -266, -267, -268, 269, 270, 271, -272, -273, 274, 275, 276, -277, -278, 279, -280], [-117, 118, 119, 120, 121, -122, -123, 124, 125, -126, 127, 128, 129, -130, 131, 132, 133, 134, 135, -136, -137, -138, 139, 140, 141, 142, -143, 144, -145, -146, -147, -148, -149, 150, 151, 152, -153, -154, 155, 156, 157, -158, 159, -160, 161, 162, -163, 164, 165, 166, -167, 168, 169, 170, -171, -172, -173, 174, 175, 176, 177, 178, 179, 180, 181, 182, 183, 184, 185, -186, 187, 188, 189, -190, 191, -192, 193, 194, 195, 196, 197, -198, 199, 200, 201, 202, 203, -204, 205, -206, 207, -208, -209, 210, 211, 212, -213, 214, -215, 216, 217, 218, 219, -220, 221, 222, 223, 224, 225, -226, 227, 228, 229, 230, 231, 232, 233, 234, 235, 236, 237, 238, 239, 240, -241, -242, 243, 244, -245, 246, -247, 248, 249, 250, 251, 252, 253, 254, 255, 256, 257, 258, -259, 260, 261, 262, -263, -264, -265, 266, 267, 268, 269, 270, 271, -272, 273, 274, 275, 276, -277, 278, 279, 280] 
sigma1: 6669, sigma2: 4278, zer0: 4053
Bias calculated: 0.6092080021923815
Sampler: UniGen3 Accept:1 TotalSolutionsGenerated: 238673 TotalIdealSamples: 21


 time taken : 3986.368043422699
