 t: 21 delta: 0.1
 eta: 0.1
 epsilon: 0.1
----------
Loop 0 of sampler_3_Net22_count_116_w.u.cnf:
----------
Threshold T : 0.46039935435564455	 Tilt : 0.6049382716049384
numSolutions : 4768	 MaxSolutions : 6724
file was constructed with these [104, 105, -106, 107, -108, 109, -110, -111, -112, 113, -114, 115, 116, -117, 118, 119, 120, -121, 122, 123, -124, -125, -126, 127, -128, -129, 130, -131, -132, -133, -134, 135, 136, -137, 138, -139, -140, -141, -142, -143, 144, 145, -146, 147, -148, -149, 150, -151, -152, 153, 154, 155, -156, 157, -158, -159, -160, 161, -162, 163, -164, -165, 166, -167, 168, 169, 170, -171, 172, 173, -174, -175, -176, -177, -178, -179, 180, 181, 182, -183, 184, 185, 186, 187, -188, 189, 190, 191, -192, -193, 194, 195, 196, -197, 198, -199, -200, 201, 202, 203, 204, 205, 206, 207, -208, -209, -210, -211, 212, -213, -214, 215, -216, -217, -218, -219], [104, -105, 106, 107, 108, 109, 110, 111, -112, 113, 114, 115, 116, 117, 118, -119, 120, 121, 122, 123, 124, 125, 126, -127, 128, -129, 130, 131, -132, 133, 134, 135, 136, 137, 138, 139, 140, -141, 142, 143, 144, 145, 146, 147, 148, 149, -150, -151, -152, 153, 154, 155, 156, -157, 158, 159, -160, 161, 162, -163, -164, 165, 166, 167, 168, 169, 170, 171, -172, 173, -174, -175, 176, 177, -178, -179, 180, 181, 182, 183, -184, 185, -186, 187, 188, 189, -190, 191, 192, -193, 194, 195, 196, 197, 198, 199, -200, 201, -202, 203, 204, 205, 206, -207, 208, 209, -210, -211, 212, 213, -214, 215, 216, 217, 218, 219] 
sigma1: 1417, sigma2: 3887, zer0: 1696
Bias calculated: 0.26715686274509803
----------
Loop 1 of sampler_3_Net22_count_116_w.u.cnf:
----------
Threshold T : 0.5845238095238096	 Tilt : 1.0
numSolutions : 6232	 MaxSolutions : 10609
file was constructed with these [104, 105, -106, 107, -108, 109, -110, -111, -112, 113, -114, 115, 116, -117, 118, 119, 120, -121, 122, 123, -124, -125, -126, 127, -128, -129, 130, -131, -132, -133, -134, 135, 136, -137, 138, -139, -140, -141, -142, -143, 144, 145, -146, 147, -148, -149, 150, -151, -152, 153, 154, 155, -156, 157, -158, -159, -160, 161, -162, 163, -164, -165, 166, -167, 168, 169, 170, -171, 172, 173, -174, -175, -176, -177, -178, 179, 180, -181, -182, 183, 184, -185, -186, -187, -188, 189, 190, 191, -192, -193, -194, -195, 196, -197, -198, -199, 200, 201, -202, 203, 204, 205, 206, -207, 208, 209, 210, 211, 212, -213, 214, -215, 216, -217, 218, 219], [104, -105, -106, 107, 108, -109, 110, 111, -112, -113, 114, -115, 116, 117, -118, -119, -120, -121, 122, 123, -124, 125, -126, 127, 128, -129, 130, 131, -132, -133, -134, 135, 136, 137, -138, 139, 140, 141, 142, -143, 144, -145, -146, 147, -148, 149, 150, 151, 152, 153, 154, 155, -156, 157, 158, 159, 160, 161, 162, -163, 164, -165, 166, 167, -168, -169, 170, 171, -172, 173, 174, 175, -176, 177, 178, 179, 180, 181, -182, 183, -184, 185, 186, -187, -188, 189, 190, 191, 192, 193, 194, 195, 196, 197, -198, -199, 200, 201, -202, 203, 204, 205, -206, 207, -208, 209, -210, -211, 212, 213, 214, -215, -216, 217, 218, -219] 
sigma1: 3243, sigma2: 4334, zer0: 3423
Bias calculated: 0.4280058070476442
----------
Loop 2 of sampler_3_Net22_count_116_w.u.cnf:
----------
Threshold T : 0.4603993543556446	 Tilt : 0.6049382716049385
numSolutions : 4768	 MaxSolutions : 7225
file was constructed with these [104, 105, -106, 107, -108, 109, -110, -111, -112, 113, -114, 115, 116, -117, 118, 119, 120, -121, 122, 123, -124, -125, -126, 127, -128, -129, 130, -131, -132, -133, -134, 135, 136, -137, 138, -139, -140, -141, -142, -143, 144, 145, -146, 147, -148, -149, 150, -151, -152, 153, 154, 155, -156, 157, -158, -159, -160, 161, -162, 163, -164, -165, 166, -167, 168, 169, 170, -171, 172, 173, -174, -175, -176, -177, -178, -179, 180, 181, 182, -183, 184, 185, 186, 187, -188, 189, 190, 191, -192, -193, 194, 195, 196, -197, 198, -199, -200, 201, 202, 203, 204, 205, 206, 207, -208, -209, -210, -211, 212, -213, -214, 215, -216, -217, -218, -219], [104, 105, 106, -107, 108, -109, -110, -111, -112, 113, -114, 115, -116, 117, 118, -119, 120, 121, -122, -123, 124, -125, -126, 127, -128, 129, -130, -131, 132, 133, 134, -135, 136, 137, 138, 139, -140, -141, -142, 143, -144, 145, 146, 147, -148, 149, 150, -151, -152, -153, 154, 155, 156, -157, -158, 159, 160, 161, 162, 163, 164, 165, -166, 167, 168, 169, 170, 171, -172, 173, -174, 175, 176, 177, 178, -179, 180, -181, 182, 183, -184, 185, 186, 187, -188, 189, 190, -191, 192, 193, -194, 195, -196, 197, -198, 199, 200, 201, -202, -203, 204, 205, -206, -207, -208, -209, 210, 211, 212, 213, 214, -215, -216, 217, 218, 219] 
sigma1: 2755, sigma2: 1993, zer0: 3252
Bias calculated: 0.5802443133951137
Sampler: STS RejectIteration:2 TotalSolutionsGenerated:24561 TotalIdealSamples:3


 time taken : 35.9798538684845
