 t: 21 delta: 0.1
 eta: 0.1
 epsilon: 0.1
----------
Loop 0 of sampler_1_Net8_count_96_w.u.cnf:
----------
Threshold T : 0.5845238095238097	 Tilt : 1.0000000000000002
numSolutions : 6232	 MaxSolutions : 9604
file was constructed with these [-67, 68, 69, 70, 71, -72, -73, -74, -75, -76, 77, 78, -79, 80, -81, 82, 83, -84, 85, 86, -87, -88, -89, -90, -91, -92, -93, -94, -95, -96, -97, -98, -99, -100, 101, -102, -103, 104, -105, -106, -107, -108, -109, 110, 111, 112, -113, 114, 115, 116, 117, -118, -119, 120, 121, 122, 123, 124, -125, -126, 127, 128, 129, -130, 131, 132, 133, 134, -135, -136, 137, -138, -139, -140, -141, -142, 143, 144, -145, 146, -147, 148, -149, 150, 151, 152, -153, 154, 155, 156, 157, -158, -159, 160, 161, 162], [67, 68, 69, 70, -71, 72, -73, 74, -75, 76, 77, 78, 79, 80, 81, 82, 83, 84, 85, 86, 87, 88, 89, 90, 91, 92, -93, 94, -95, 96, 97, -98, 99, 100, 101, -102, 103, 104, -105, 106, 107, 108, -109, 110, -111, 112, -113, 114, 115, -116, 117, -118, -119, 120, 121, -122, 123, 124, -125, 126, 127, 128, 129, -130, 131, 132, 133, -134, -135, 136, 137, 138, 139, -140, 141, 142, -143, 144, -145, 146, -147, -148, -149, -150, 151, 152, 153, 154, 155, 156, -157, -158, 159, 160, 161, 162] 
sigma1: 3546, sigma2: 3778, zer0: 2676
Bias calculated: 0.4841616602949208
----------
Loop 1 of sampler_1_Net8_count_96_w.u.cnf:
----------
Threshold T : 0.3409779426211574	 Tilt : 0.36595031245237014
numSolutions : 4388	 MaxSolutions : 6084
file was constructed with these [-67, 68, -69, 70, 71, -72, 73, 74, -75, -76, -77, 78, -79, 80, 81, -82, 83, -84, 85, 86, -87, -88, -89, 90, -91, -92, -93, -94, 95, -96, 97, 98, -99, 100, 101, 102, 103, 104, 105, -106, 107, 108, 109, 110, 111, 112, 113, -114, 115, 116, 117, -118, -119, 120, -121, 122, -123, -124, 125, -126, 127, 128, 129, -130, -131, -132, -133, -134, -135, 136, 137, 138, -139, -140, 141, -142, 143, 144, 145, 146, 147, 148, 149, -150, -151, 152, 153, 154, 155, 156, -157, -158, -159, -160, -161, -162], [67, 68, -69, 70, -71, -72, 73, 74, 75, 76, 77, 78, 79, 80, 81, -82, -83, 84, -85, 86, -87, -88, -89, 90, -91, 92, -93, 94, -95, 96, 97, 98, 99, -100, 101, 102, 103, -104, 105, -106, 107, 108, 109, -110, 111, 112, 113, -114, 115, 116, 117, -118, 119, -120, 121, -122, -123, 124, 125, -126, -127, -128, 129, -130, -131, 132, 133, 134, 135, 136, 137, -138, -139, 140, -141, 142, 143, -144, 145, 146, -147, -148, 149, -150, -151, 152, 153, 154, 155, -156, -157, -158, 159, 160, 161, -162] 
sigma1: 1581, sigma2: 4054, zer0: 1365
Bias calculated: 0.2805678793256433
----------
Loop 2 of sampler_1_Net8_count_96_w.u.cnf:
----------
Threshold T : 0.4603993543556445	 Tilt : 0.6049382716049383
numSolutions : 4768	 MaxSolutions : 7225
file was constructed with these [67, 68, -69, 70, 71, 72, -73, 74, 75, 76, -77, -78, -79, -80, 81, 82, -83, 84, -85, 86, -87, 88, 89, -90, -91, -92, -93, -94, -95, -96, -97, 98, 99, -100, -101, -102, 103, -104, -105, -106, -107, 108, -109, -110, -111, 112, -113, 114, -115, -116, 117, 118, -119, -120, 121, -122, 123, -124, 125, 126, -127, 128, -129, 130, 131, 132, -133, 134, -135, -136, 137, 138, 139, 140, 141, -142, -143, -144, 145, -146, -147, 148, -149, -150, 151, 152, 153, -154, -155, 156, -157, 158, -159, -160, -161, -162], [67, 68, 69, 70, -71, -72, -73, 74, 75, -76, 77, 78, 79, -80, 81, -82, -83, 84, 85, 86, 87, -88, 89, 90, 91, -92, -93, 94, 95, -96, 97, 98, 99, -100, 101, 102, 103, 104, 105, 106, -107, 108, -109, 110, 111, 112, 113, -114, 115, 116, 117, 118, 119, 120, -121, -122, 123, 124, 125, 126, 127, 128, 129, 130, 131, 132, 133, 134, 135, 136, 137, -138, 139, -140, -141, -142, 143, -144, 145, 146, 147, -148, -149, -150, -151, 152, 153, 154, -155, 156, -157, -158, 159, -160, 161, 162] 
sigma1: 2223, sigma2: 3723, zer0: 2054
Bias calculated: 0.3738647830474268
----------
Loop 3 of sampler_1_Net8_count_96_w.u.cnf:
----------
Threshold T : 0.34097794262115744	 Tilt : 0.36595031245237025
numSolutions : 4388	 MaxSolutions : 7225
file was constructed with these [-67, 68, 69, -70, -71, 72, 73, -74, 75, 76, -77, 78, -79, 80, -81, -82, 83, 84, 85, 86, -87, -88, 89, -90, 91, -92, -93, -94, -95, -96, 97, 98, 99, 100, -101, 102, 103, -104, 105, -106, 107, -108, 109, -110, -111, -112, -113, 114, 115, 116, -117, -118, 119, 120, 121, -122, 123, 124, -125, 126, 127, 128, -129, 130, 131, -132, 133, 134, 135, 136, 137, -138, 139, -140, 141, 142, 143, 144, 145, -146, -147, -148, -149, 150, -151, -152, 153, 154, -155, -156, -157, -158, -159, -160, -161, 162], [67, 68, -69, 70, 71, 72, 73, 74, -75, 76, 77, 78, 79, 80, 81, 82, 83, 84, 85, 86, 87, -88, 89, 90, 91, -92, -93, 94, 95, -96, 97, -98, 99, 100, -101, 102, 103, 104, -105, 106, 107, 108, 109, -110, 111, 112, 113, 114, -115, 116, -117, 118, 119, -120, 121, 122, 123, -124, 125, 126, 127, 128, -129, 130, 131, 132, 133, 134, 135, 136, -137, 138, 139, -140, 141, 142, -143, 144, 145, 146, 147, -148, 149, 150, 151, 152, 153, 154, 155, 156, 157, -158, 159, -160, 161, 162] 
sigma1: 1693, sigma2: 3989, zer0: 2318
Bias calculated: 0.29795846532910947
----------
Loop 4 of sampler_1_Net8_count_96_w.u.cnf:
----------
Threshold T : 0.4603993543556446	 Tilt : 0.6049382716049385
numSolutions : 4768	 MaxSolutions : 7225
file was constructed with these [67, 68, 69, -70, 71, -72, 73, 74, 75, -76, 77, -78, 79, 80, -81, 82, 83, 84, 85, 86, 87, -88, -89, -90, -91, 92, -93, 94, 95, -96, 97, -98, 99, -100, -101, 102, 103, -104, -105, -106, -107, -108, 109, 110, -111, -112, 113, -114, 115, 116, -117, -118, -119, 120, 121, 122, 123, 124, -125, -126, -127, -128, 129, 130, 131, -132, -133, 134, -135, 136, 137, -138, -139, -140, -141, -142, 143, 144, 145, 146, -147, 148, 149, 150, -151, -152, 153, 154, -155, 156, -157, -158, -159, 160, 161, 162], [-67, 68, 69, 70, 71, 72, -73, -74, -75, -76, 77, 78, 79, 80, -81, 82, 83, 84, 85, 86, 87, -88, 89, -90, 91, 92, -93, 94, 95, 96, 97, 98, 99, 100, 101, 102, 103, -104, -105, -106, 107, 108, 109, 110, -111, -112, -113, 114, 115, 116, 117, 118, 119, 120, 121, 122, 123, 124, 125, -126, 127, -128, 129, -130, 131, 132, 133, 134, 135, 136, -137, -138, 139, 140, 141, 142, 143, 144, 145, 146, 147, -148, 149, 150, 151, 152, 153, 154, 155, -156, -157, -158, 159, -160, 161, 162] 
sigma1: 2126, sigma2: 3741, zer0: 2133
Bias calculated: 0.3623657746718936
