 t: 21 delta: 0.1
 eta: 0.1
 epsilon: 0.1
----------
Loop 0 of sampler_2_Net6_count_91_w.u.cnf:
----------
Threshold T : 0.6437058445728967	 Tilt : 1.2857142857142867
numSolutions : 7638	 MaxSolutions : 18496
file was constructed with these [-63, -64, 65, -66, 67, 68, -69, -70, -71, -72, 73, 74, 75, -76, 77, -78, -79, 80, 81, -82, 83, -84, 85, -86, 87, -88, 89, -90, -91, 92, 93, 94, -95, -96, 97, -98, 99, -100, -101, 102, 103, 104, -105, -106, 107, -108, 109, -110, 111, -112, -113, 114, -115, 116, -117, -118, -119, 120, -121, -122, -123, 124, 125, -126, 127, -128, -129, -130, -131, -132, -133, -134, 135, -136, -137, -138, -139, 140, 141, -142, 143, 144, 145, -146, -147, 148, -149, 150, -151, -152, 153], [63, -64, -65, 66, 67, -68, -69, 70, -71, 72, 73, 74, 75, -76, 77, -78, -79, 80, 81, 82, 83, 84, -85, -86, 87, 88, 89, 90, 91, 92, 93, 94, 95, 96, -97, -98, -99, 100, 101, 102, 103, -104, 105, 106, 107, 108, -109, 110, -111, 112, 113, -114, -115, 116, 117, 118, -119, 120, -121, -122, 123, 124, -125, 126, 127, -128, -129, -130, 131, 132, -133, 134, 135, 136, 137, 138, -139, 140, 141, -142, -143, 144, 145, 146, 147, 148, 149, -150, -151, 152, -153] 
sigma1: 6771, sigma2: 6541, zer0: 5688
Bias calculated: 0.5086388221153846
----------
Loop 1 of sampler_2_Net6_count_91_w.u.cnf:
----------
Threshold T : 0.6988193210511551	 Tilt : 1.6530612244897964
numSolutions : 9781	 MaxSolutions : 16384
file was constructed with these [63, -64, -65, -66, -67, 68, -69, 70, -71, -72, 73, 74, 75, -76, -77, 78, 79, -80, 81, 82, -83, 84, -85, -86, 87, 88, -89, -90, -91, 92, -93, -94, -95, 96, 97, -98, -99, 100, -101, 102, -103, 104, -105, -106, -107, -108, 109, -110, -111, -112, 113, -114, 115, -116, -117, 118, 119, -120, 121, 122, -123, -124, -125, -126, 127, 128, 129, 130, -131, 132, 133, -134, -135, -136, -137, -138, -139, 140, 141, -142, 143, -144, -145, 146, -147, 148, -149, 150, -151, 152, -153], [63, -64, -65, 66, 67, -68, -69, -70, -71, -72, 73, 74, 75, 76, 77, -78, 79, 80, -81, -82, 83, 84, -85, -86, -87, 88, 89, 90, -91, 92, 93, 94, 95, -96, 97, -98, 99, -100, 101, 102, -103, -104, 105, 106, 107, 108, -109, -110, 111, 112, 113, 114, -115, -116, 117, 118, 119, 120, 121, 122, 123, 124, 125, 126, -127, 128, -129, 130, -131, -132, -133, -134, 135, -136, 137, 138, 139, 140, 141, -142, -143, -144, 145, -146, -147, 148, 149, -150, -151, 152, -153] 
sigma1: 6603, sigma2: 5371, zer0: 5026
Bias calculated: 0.5514447970602974
----------
Loop 2 of sampler_2_Net6_count_91_w.u.cnf:
----------
Threshold T : 0.8633754228295004	 Tilt : 4.517173966629553
numSolutions : 37749	 MaxSolutions : 63001
file was constructed with these [-63, -64, -65, -66, -67, -68, -69, 70, -71, 72, 73, -74, 75, -76, -77, -78, 79, 80, 81, -82, -83, 84, -85, 86, -87, -88, -89, -90, -91, 92, -93, -94, 95, -96, 97, -98, -99, -100, 101, -102, 103, 104, -105, 106, 107, 108, 109, -110, -111, 112, 113, -114, -115, 116, -117, 118, -119, -120, -121, 122, 123, -124, -125, 126, -127, -128, 129, -130, 131, -132, -133, -134, -135, -136, -137, 138, 139, 140, 141, 142, -143, -144, -145, 146, -147, -148, -149, -150, -151, -152, 153], [63, -64, 65, -66, -67, -68, -69, -70, -71, -72, 73, 74, 75, -76, -77, 78, -79, 80, 81, 82, 83, -84, -85, -86, -87, 88, -89, -90, 91, 92, 93, 94, 95, 96, -97, 98, -99, 100, 101, 102, -103, -104, 105, 106, 107, 108, 109, 110, -111, -112, 113, 114, 115, -116, 117, 118, 119, -120, 121, -122, 123, 124, -125, 126, 127, 128, -129, 130, 131, 132, 133, 134, 135, 136, 137, 138, -139, 140, 141, 142, 143, 144, 145, 146, 147, -148, -149, -150, 151, 152, -153] 
sigma1: 21322, sigma2: 22466, zer0: 20212
Bias calculated: 0.48693706038183976
----------
Loop 3 of sampler_2_Net6_count_91_w.u.cnf:
----------
Threshold T : 0.39919835120426417	 Tilt : 0.47050754458161886
numSolutions : 4473	 MaxSolutions : 9025
file was constructed with these [-63, 64, 65, 66, 67, -68, -69, 70, -71, -72, 73, 74, 75, -76, 77, 78, -79, 80, -81, 82, -83, 84, 85, -86, 87, -88, 89, -90, -91, -92, -93, 94, 95, -96, -97, -98, 99, 100, -101, 102, 103, 104, -105, 106, -107, -108, -109, 110, 111, -112, -113, -114, 115, 116, -117, 118, -119, 120, 121, -122, 123, -124, -125, 126, -127, -128, -129, 130, 131, -132, -133, -134, -135, 136, -137, -138, 139, -140, 141, 142, -143, -144, 145, 146, 147, 148, -149, 150, 151, -152, -153], [63, -64, 65, -66, 67, 68, -69, -70, -71, -72, -73, -74, 75, 76, 77, 78, -79, -80, 81, 82, -83, 84, -85, 86, 87, -88, 89, 90, 91, 92, 93, 94, 95, -96, -97, -98, -99, 100, 101, 102, 103, -104, -105, 106, 107, -108, 109, 110, 111, -112, -113, -114, 115, 116, 117, 118, -119, 120, 121, -122, 123, 124, 125, 126, -127, 128, -129, 130, 131, 132, 133, 134, 135, 136, 137, 138, 139, 140, 141, 142, 143, 144, 145, 146, 147, 148, 149, 150, 151, 152, 153] 
sigma1: 4287, sigma2: 2684, zer0: 3029
Bias calculated: 0.6149763305121216
Sampler: QuickSampler RejectIteration:3 TotalSolutionsGenerated:106910 TotalIdealSamples:4


 time taken : 158.2166302204132
