 t: 21 delta: 0.1
 eta: 0.1
 epsilon: 0.1
----------
Loop 0 of sampler_2_Net12_count_106_w.u.cnf:
----------
Threshold T : 0.5845238095238097	 Tilt : 1.0000000000000004
numSolutions : 6232	 MaxSolutions : 12100
file was constructed with these [86, 87, 88, -89, 90, -91, -92, -93, -94, 95, -96, 97, 98, -99, 100, -101, -102, -103, -104, -105, 106, -107, 108, 109, 110, -111, 112, -113, 114, 115, 116, 117, -118, -119, 120, 121, 122, -123, -124, 125, 126, 127, -128, -129, 130, -131, 132, 133, 134, -135, -136, 137, -138, 139, -140, -141, 142, 143, -144, -145, -146, 147, 148, -149, 150, -151, -152, -153, -154, -155, -156, 157, 158, -159, -160, -161, -162, 163, -164, -165, -166, 167, 168, -169, -170, 171, -172, 173, -174, 175, 176, 177, 178, -179, 180, 181, 182, 183, 184, 185, 186, 187, 188, -189, -190, 191], [-86, 87, 88, -89, -90, 91, 92, 93, -94, 95, 96, -97, 98, 99, 100, 101, -102, -103, 104, 105, 106, 107, 108, 109, 110, 111, 112, -113, 114, 115, 116, 117, -118, 119, 120, 121, -122, -123, 124, 125, -126, -127, 128, 129, 130, -131, 132, -133, 134, -135, -136, 137, -138, 139, 140, -141, 142, -143, 144, 145, -146, 147, -148, 149, 150, 151, 152, -153, -154, -155, -156, 157, -158, 159, -160, 161, 162, -163, -164, 165, -166, 167, 168, -169, 170, -171, 172, 173, -174, 175, 176, 177, 178, 179, -180, 181, 182, 183, -184, 185, -186, 187, 188, 189, 190, 191] 
sigma1: 4541, sigma2: 4136, zer0: 4323
Bias calculated: 0.5233375590641927
----------
Loop 1 of sampler_2_Net12_count_106_w.u.cnf:
----------
Threshold T : 0.4603993543556447	 Tilt : 0.6049382716049388
numSolutions : 4768	 MaxSolutions : 8100
file was constructed with these [-86, -87, 88, 89, 90, -91, 92, -93, 94, 95, 96, -97, 98, -99, 100, -101, 102, 103, -104, -105, -106, 107, -108, 109, -110, -111, -112, 113, 114, 115, -116, 117, -118, 119, 120, 121, -122, -123, -124, 125, -126, -127, -128, 129, -130, 131, 132, 133, -134, -135, -136, -137, 138, -139, -140, -141, -142, -143, 144, -145, 146, 147, 148, 149, 150, -151, -152, 153, 154, -155, 156, 157, -158, 159, -160, -161, -162, 163, -164, -165, 166, 167, -168, 169, 170, -171, 172, -173, -174, 175, -176, -177, -178, 179, 180, -181, -182, -183, -184, 185, -186, 187, -188, -189, -190, -191], [86, 87, 88, 89, -90, -91, 92, 93, -94, 95, 96, 97, 98, 99, 100, 101, 102, -103, 104, 105, 106, 107, 108, -109, 110, 111, 112, 113, 114, 115, 116, 117, 118, 119, 120, 121, -122, 123, -124, 125, 126, 127, 128, 129, 130, -131, 132, 133, 134, -135, 136, 137, -138, 139, -140, -141, 142, -143, 144, -145, 146, 147, -148, -149, 150, 151, 152, 153, 154, -155, 156, 157, -158, -159, 160, 161, 162, 163, 164, 165, -166, -167, -168, 169, 170, 171, 172, 173, 174, 175, 176, 177, 178, 179, 180, -181, 182, 183, -184, 185, 186, 187, 188, 189, 190, 191] 
sigma1: 3011, sigma2: 3571, zer0: 2418
Bias calculated: 0.4574597386812519
----------
Loop 2 of sampler_2_Net12_count_106_w.u.cnf:
----------
Threshold T : 0.4603993543556446	 Tilt : 0.6049382716049386
numSolutions : 4768	 MaxSolutions : 7225
file was constructed with these [-86, -87, 88, 89, 90, 91, -92, -93, -94, 95, 96, -97, 98, 99, -100, -101, 102, 103, 104, -105, 106, 107, 108, 109, 110, 111, -112, -113, -114, -115, -116, -117, -118, -119, -120, 121, 122, -123, 124, -125, 126, -127, -128, 129, 130, 131, 132, -133, -134, -135, -136, 137, -138, 139, 140, -141, -142, 143, 144, 145, 146, -147, 148, 149, -150, 151, -152, -153, -154, 155, -156, 157, -158, 159, -160, 161, -162, 163, -164, -165, -166, -167, -168, -169, -170, 171, 172, -173, -174, -175, 176, 177, -178, 179, -180, 181, -182, -183, 184, -185, -186, 187, -188, -189, -190, -191], [-86, -87, -88, -89, 90, 91, -92, -93, -94, -95, -96, -97, -98, 99, 100, -101, -102, 103, 104, -105, 106, 107, 108, -109, -110, 111, 112, 113, 114, 115, 116, 117, 118, 119, 120, -121, 122, 123, 124, 125, 126, -127, 128, 129, -130, -131, 132, 133, 134, -135, -136, -137, 138, 139, 140, -141, 142, 143, 144, 145, -146, 147, -148, 149, -150, -151, -152, 153, -154, 155, -156, 157, -158, -159, 160, 161, 162, 163, 164, 165, 166, -167, 168, 169, 170, -171, 172, 173, 174, 175, -176, 177, 178, 179, 180, -181, -182, 183, -184, 185, 186, -187, 188, 189, 190, 191] 
sigma1: 2728, sigma2: 2558, zer0: 2714
Bias calculated: 0.5160802118804388
Sampler: QuickSampler RejectIteration:2 TotalSolutionsGenerated:27428 TotalIdealSamples:3


 time taken : 47.84900641441345
