 t: 21 delta: 0.1
 eta: 0.1
 epsilon: 0.1
----------
Loop 0 of sampler_2_Net22_count_116_w.u.cnf:
----------
Threshold T : 0.7928854408009138	 Tilt : 2.7326114119117055
numSolutions : 18029	 MaxSolutions : 32400
file was constructed with these [-104, -105, 106, -107, 108, 109, -110, -111, -112, 113, 114, 115, 116, -117, 118, -119, -120, 121, 122, -123, 124, -125, 126, 127, 128, -129, 130, -131, 132, 133, 134, 135, -136, -137, 138, 139, 140, -141, -142, 143, 144, 145, -146, -147, 148, -149, 150, 151, 152, 153, -154, 155, -156, 157, -158, -159, 160, 161, -162, -163, -164, 165, 166, -167, 168, -169, -170, -171, -172, -173, -174, 175, 176, -177, -178, -179, -180, 181, 182, 183, 184, -185, 186, -187, -188, 189, -190, 191, -192, -193, 194, 195, 196, -197, 198, 199, 200, 201, 202, 203, 204, 205, 206, -207, -208, 209, -210, -211, -212, -213, -214, -215, 216, 217, 218, -219], [104, -105, 106, -107, 108, -109, -110, -111, -112, -113, -114, -115, 116, 117, -118, 119, 120, -121, 122, 123, 124, 125, -126, 127, -128, 129, -130, 131, -132, 133, 134, -135, -136, 137, 138, 139, 140, -141, -142, 143, 144, 145, 146, 147, -148, 149, 150, 151, 152, 153, 154, 155, 156, -157, 158, 159, 160, -161, -162, 163, -164, -165, -166, 167, 168, 169, 170, 171, -172, 173, -174, -175, 176, 177, -178, -179, 180, 181, 182, 183, -184, 185, -186, 187, 188, 189, -190, 191, 192, -193, 194, -195, -196, -197, 198, -199, 200, 201, 202, 203, 204, 205, 206, 207, 208, 209, 210, 211, -212, 213, 214, 215, 216, 217, -218, -219] 
sigma1: 11315, sigma2: 11904, zer0: 9781
Bias calculated: 0.48731642189586116
----------
Loop 1 of sampler_2_Net22_count_116_w.u.cnf:
----------
Threshold T : 0.7487552976603098	 Tilt : 2.1253644314868816
numSolutions : 13040	 MaxSolutions : 29929
file was constructed with these [104, 105, 106, 107, -108, 109, 110, -111, -112, -113, -114, 115, 116, -117, 118, -119, -120, 121, 122, 123, -124, -125, -126, -127, -128, -129, -130, 131, -132, -133, -134, -135, -136, 137, -138, -139, -140, -141, 142, -143, -144, -145, -146, -147, -148, 149, -150, -151, 152, -153, 154, 155, 156, 157, 158, 159, -160, -161, -162, -163, -164, -165, -166, 167, 168, -169, -170, 171, 172, 173, -174, -175, 176, -177, 178, -179, -180, 181, 182, -183, 184, 185, 186, -187, -188, 189, -190, -191, 192, -193, -194, -195, 196, -197, -198, -199, 200, -201, -202, 203, 204, -205, 206, -207, -208, -209, 210, 211, -212, -213, -214, 215, -216, -217, -218, -219], [-104, 105, 106, 107, 108, 109, 110, 111, -112, -113, 114, -115, -116, 117, 118, 119, 120, 121, 122, 123, -124, 125, 126, 127, 128, -129, 130, 131, -132, 133, 134, 135, -136, 137, 138, 139, 140, -141, -142, 143, -144, 145, 146, -147, -148, -149, -150, 151, 152, 153, 154, 155, 156, 157, 158, 159, 160, -161, 162, -163, 164, 165, 166, -167, 168, -169, -170, -171, -172, -173, -174, 175, 176, -177, 178, 179, 180, 181, -182, 183, 184, 185, -186, 187, 188, 189, 190, 191, 192, 193, 194, 195, 196, 197, 198, 199, -200, 201, -202, 203, 204, 205, -206, -207, 208, 209, 210, 211, 212, 213, -214, -215, -216, 217, 218, -219] 
sigma1: 9871, sigma2: 10300, zer0: 9829
Bias calculated: 0.48936592137226714
----------
Loop 2 of sampler_2_Net22_count_116_w.u.cnf:
----------
Threshold T : 0.7928854408009137	 Tilt : 2.732611411911705
numSolutions : 18029	 MaxSolutions : 28900
file was constructed with these [-104, -105, -106, 107, -108, 109, 110, -111, 112, -113, -114, -115, 116, -117, 118, -119, 120, 121, -122, -123, -124, 125, -126, 127, -128, -129, 130, -131, -132, 133, 134, -135, 136, -137, 138, 139, 140, -141, 142, -143, 144, -145, -146, -147, -148, 149, -150, 151, -152, 153, -154, 155, 156, -157, -158, -159, -160, 161, -162, -163, -164, 165, -166, -167, 168, 169, -170, 171, 172, 173, 174, -175, 176, -177, -178, 179, 180, -181, 182, -183, -184, 185, 186, -187, 188, 189, -190, -191, 192, -193, -194, -195, 196, 197, -198, 199, -200, -201, -202, -203, -204, 205, -206, 207, 208, 209, 210, 211, 212, -213, 214, -215, 216, -217, -218, -219], [-104, 105, 106, 107, -108, -109, 110, -111, 112, -113, -114, -115, -116, 117, 118, 119, -120, -121, 122, 123, -124, 125, -126, 127, -128, 129, -130, -131, -132, 133, 134, -135, 136, 137, -138, -139, 140, 141, -142, -143, 144, 145, 146, 147, -148, 149, 150, 151, -152, 153, 154, 155, -156, 157, 158, 159, 160, 161, 162, 163, 164, 165, -166, 167, -168, 169, 170, 171, 172, -173, -174, -175, -176, 177, -178, 179, 180, 181, 182, 183, 184, 185, 186, 187, -188, 189, 190, -191, -192, 193, -194, 195, 196, -197, 198, 199, -200, 201, 202, 203, -204, -205, -206, -207, 208, 209, 210, 211, -212, 213, -214, 215, 216, -217, 218, 219] 
sigma1: 10159, sigma2: 10033, zer0: 8808
Bias calculated: 0.5031200475435816
----------
Loop 3 of sampler_2_Net22_count_116_w.u.cnf:
----------
Threshold T : 0.23875870460244392	 Tilt : 0.22137734950822405
numSolutions : 4767	 MaxSolutions : 7396
file was constructed with these [-104, -105, 106, -107, -108, -109, -110, 111, -112, 113, -114, 115, -116, 117, 118, 119, 120, 121, 122, -123, -124, -125, -126, -127, 128, 129, -130, -131, 132, 133, -134, -135, 136, -137, 138, 139, -140, -141, -142, -143, -144, -145, -146, 147, -148, -149, -150, 151, 152, -153, 154, 155, -156, -157, -158, -159, 160, -161, -162, -163, 164, -165, -166, -167, 168, 169, -170, 171, -172, -173, -174, 175, 176, 177, -178, -179, 180, -181, -182, -183, -184, -185, -186, 187, -188, -189, 190, 191, -192, 193, 194, -195, -196, -197, -198, 199, 200, -201, -202, 203, 204, 205, -206, -207, -208, -209, 210, 211, 212, 213, 214, 215, 216, 217, -218, 219], [104, 105, 106, -107, 108, 109, 110, 111, -112, -113, -114, -115, 116, 117, 118, 119, -120, -121, 122, 123, -124, -125, -126, 127, -128, 129, 130, -131, 132, 133, -134, 135, -136, 137, 138, 139, 140, 141, -142, 143, 144, -145, 146, 147, 148, -149, 150, -151, 152, -153, 154, -155, 156, 157, 158, -159, 160, 161, 162, -163, 164, -165, 166, 167, -168, 169, 170, 171, -172, 173, 174, -175, 176, 177, 178, -179, -180, 181, 182, 183, -184, 185, 186, -187, -188, 189, -190, -191, 192, -193, -194, -195, 196, -197, -198, 199, 200, 201, 202, 203, 204, 205, 206, 207, 208, -209, -210, 211, 212, 213, 214, 215, 216, 217, 218, -219] 
sigma1: 2566, sigma2: 2864, zer0: 2570
Bias calculated: 0.4725598526703499
Sampler: QuickSampler RejectIteration:3 TotalSolutionsGenerated:98629 TotalIdealSamples:4


 time taken : 181.57368326187134
