 t: 21 delta: 0.1
 eta: 0.1
 epsilon: 0.1
----------
Loop 0 of sampler_2_Net8_count_96_w.u.cnf:
----------
Threshold T : 0.6437058445728967	 Tilt : 1.285714285714286
numSolutions : 7638	 MaxSolutions : 13689
file was constructed with these [67, -68, -69, -70, 71, 72, -73, -74, -75, 76, 77, 78, 79, -80, 81, -82, -83, 84, 85, -86, 87, -88, 89, 90, 91, -92, -93, -94, 95, -96, 97, -98, -99, -100, 101, 102, 103, -104, -105, 106, 107, 108, -109, -110, 111, -112, 113, 114, 115, -116, -117, 118, -119, 120, -121, -122, 123, 124, -125, -126, -127, 128, -129, -130, 131, -132, -133, -134, -135, -136, -137, 138, 139, -140, -141, -142, -143, 144, -145, -146, 147, 148, 149, -150, -151, 152, -153, 154, -155, -156, 157, 158, -159, -160, 161, 162], [67, 68, 69, 70, -71, 72, -73, 74, -75, 76, 77, 78, 79, 80, 81, 82, 83, 84, 85, 86, 87, 88, 89, 90, 91, 92, -93, 94, -95, 96, 97, -98, 99, 100, 101, -102, 103, 104, -105, 106, 107, 108, -109, 110, -111, 112, -113, 114, 115, -116, 117, -118, -119, 120, 121, -122, 123, 124, -125, 126, 127, 128, 129, -130, 131, 132, 133, -134, -135, 136, 137, 138, 139, -140, 141, 142, -143, 144, -145, 146, -147, -148, -149, -150, 151, 152, 153, 154, 155, 156, -157, -158, 159, 160, 161, 162] 
sigma1: 5151, sigma2: 4390, zer0: 4459
Bias calculated: 0.539880515669217
----------
Loop 1 of sampler_2_Net8_count_96_w.u.cnf:
----------
Threshold T : 0.39919835120426417	 Tilt : 0.4705075445816189
numSolutions : 4473	 MaxSolutions : 9025
file was constructed with these [67, -68, -69, -70, -71, 72, 73, -74, -75, 76, -77, -78, -79, -80, 81, 82, -83, 84, -85, 86, -87, -88, -89, 90, -91, -92, 93, 94, -95, 96, -97, 98, -99, -100, 101, -102, 103, 104, -105, -106, -107, 108, -109, -110, -111, 112, -113, 114, -115, -116, -117, 118, -119, 120, -121, -122, 123, -124, 125, -126, 127, 128, -129, 130, -131, 132, 133, 134, -135, 136, 137, 138, -139, -140, 141, -142, 143, 144, -145, -146, 147, -148, 149, 150, 151, 152, -153, -154, 155, 156, 157, -158, -159, 160, 161, -162], [67, 68, 69, 70, 71, -72, 73, 74, 75, 76, 77, 78, -79, 80, -81, 82, -83, 84, -85, 86, 87, -88, 89, 90, 91, 92, -93, 94, 95, -96, 97, -98, -99, -100, -101, 102, 103, -104, 105, 106, 107, 108, 109, 110, 111, 112, 113, -114, -115, -116, -117, 118, -119, -120, 121, 122, 123, 124, -125, 126, 127, 128, 129, 130, 131, -132, 133, 134, 135, 136, 137, -138, -139, 140, -141, 142, -143, -144, -145, -146, 147, 148, 149, -150, 151, 152, 153, 154, 155, 156, 157, 158, -159, -160, 161, -162] 
sigma1: 3391, sigma2: 3237, zer0: 3372
Bias calculated: 0.5116173808086905
Sampler: QuickSampler RejectIteration:1 TotalSolutionsGenerated:22716 TotalIdealSamples:2


 time taken : 36.56727409362793
