 t: 21 delta: 0.1
 eta: 0.1
 epsilon: 0.1
----------
Loop 0 of sampler_2_Net27_count_118_w.u.cnf:
----------
Threshold T : 0.8310308388163843	 Tilt : 3.5133575296007646
numSolutions : 25733	 MaxSolutions : 38416
file was constructed with these [113, 114, 115, -116, 117, -118, -119, -120, -121, 122, 123, 124, 125, -126, 127, -128, -129, 130, 131, -132, 133, -134, 135, 136, 137, -138, 139, -140, 141, 142, 143, 144, -145, -146, 147, 148, 149, -150, -151, 152, 153, 154, -155, -156, 157, -158, 159, 160, 161, -162, -163, 164, -165, 166, -167, -168, 169, 170, -171, 172, -173, 174, 175, -176, 177, -178, -179, -180, -181, -182, -183, 184, 185, -186, -187, -188, -189, 190, 191, -192, 193, 194, 195, -196, -197, 198, -199, 200, -201, -202, 203, 204, 205, -206, 207, 208, 209, 210, 211, 212, 213, 214, 215, -216, -217, 218, -219, -220, -221, -222, -223, 224, 225, 226, 227, -228, -229, -230], [-113, -114, 115, 116, 117, -118, -119, -120, 121, 122, 123, 124, 125, -126, -127, 128, -129, -130, -131, 132, 133, 134, 135, -136, -137, -138, 139, -140, 141, -142, -143, -144, 145, -146, 147, 148, -149, -150, -151, -152, 153, -154, -155, -156, -157, -158, 159, 160, 161, -162, 163, 164, 165, 166, -167, 168, 169, 170, 171, 172, 173, 174, -175, 176, -177, 178, 179, 180, 181, 182, 183, 184, -185, 186, 187, 188, 189, -190, -191, 192, 193, 194, 195, 196, 197, 198, 199, 200, 201, -202, 203, 204, 205, 206, 207, 208, 209, -210, 211, 212, -213, 214, 215, -216, -217, 218, 219, 220, 221, -222, 223, -224, -225, 226, -227, 228, -229, 230] 
sigma1: 13573, sigma2: 13557, zer0: 11870
Bias calculated: 0.500294876520457
----------
Loop 1 of sampler_2_Net27_count_118_w.u.cnf:
----------
Threshold T : 0.6437058445728967	 Tilt : 1.285714285714286
numSolutions : 7638	 MaxSolutions : 11236
file was constructed with these [-113, -114, 115, -116, -117, -118, 119, -120, -121, 122, -123, -124, -125, -126, -127, 128, 129, 130, -131, 132, -133, 134, -135, 136, -137, -138, -139, -140, -141, -142, -143, -144, -145, -146, -147, -148, 149, 150, 151, 152, -153, 154, 155, -156, -157, 158, -159, 160, -161, 162, -163, -164, -165, -166, 167, -168, -169, -170, -171, -172, -173, 174, -175, -176, -177, -178, 179, 180, -181, -182, -183, -184, 185, 186, 187, 188, -189, -190, -191, -192, -193, -194, 195, -196, -197, 198, -199, -200, 201, 202, -203, 204, 205, -206, 207, 208, 209, -210, -211, 212, -213, -214, 215, -216, 217, -218, 219, 220, 221, -222, -223, -224, -225, -226, -227, 228, 229, 230], [-113, 114, 115, 116, -117, -118, 119, -120, 121, -122, -123, 124, 125, 126, -127, 128, 129, 130, 131, -132, 133, -134, 135, 136, -137, -138, -139, -140, -141, 142, 143, -144, -145, -146, -147, 148, 149, 150, 151, 152, 153, 154, 155, 156, 157, -158, -159, -160, 161, 162, 163, -164, 165, -166, 167, 168, -169, -170, 171, -172, 173, 174, 175, 176, 177, 178, -179, 180, -181, -182, 183, 184, -185, -186, 187, -188, 189, 190, 191, 192, -193, 194, -195, -196, 197, -198, 199, 200, 201, 202, -203, -204, 205, 206, 207, -208, -209, -210, 211, 212, 213, 214, 215, 216, 217, 218, -219, -220, 221, 222, 223, 224, 225, -226, -227, 228, 229, 230] 
sigma1: 3830, sigma2: 3955, zer0: 4215
Bias calculated: 0.4919717405266538
Sampler: QuickSampler RejectIteration:1 TotalSolutionsGenerated:49654 TotalIdealSamples:2


 time taken : 93.64843583106995
