 t: 21 delta: 0.1
 eta: 0.1
 epsilon: 0.1
----------
Loop 0 of sampler_3_Net8_count_96_w.u.cnf:
----------
Threshold T : 0.6988193210511551	 Tilt : 1.6530612244897969
numSolutions : 9781	 MaxSolutions : 18496
file was constructed with these [67, -68, 69, -70, 71, -72, 73, -74, -75, 76, -77, -78, -79, -80, 81, 82, 83, 84, 85, 86, 87, -88, -89, 90, 91, -92, 93, 94, -95, -96, -97, -98, -99, -100, -101, 102, 103, 104, -105, 106, 107, -108, -109, -110, 111, 112, -113, 114, -115, 116, 117, -118, -119, -120, 121, -122, 123, 124, 125, -126, 127, -128, 129, 130, -131, 132, -133, 134, -135, 136, 137, 138, 139, -140, 141, 142, 143, 144, -145, 146, 147, 148, -149, 150, 151, -152, -153, -154, 155, -156, 157, -158, 159, 160, -161, -162], [67, 68, 69, 70, -71, 72, -73, 74, -75, 76, 77, 78, 79, 80, 81, 82, 83, 84, 85, 86, 87, 88, 89, 90, 91, 92, -93, 94, -95, 96, 97, -98, 99, 100, 101, -102, 103, 104, -105, 106, 107, 108, -109, 110, -111, 112, -113, 114, 115, -116, 117, -118, -119, 120, 121, -122, 123, 124, -125, 126, 127, 128, 129, -130, 131, 132, 133, -134, -135, 136, 137, 138, 139, -140, 141, 142, -143, 144, -145, 146, -147, -148, -149, -150, 151, 152, 153, 154, 155, 156, -157, -158, 159, 160, 161, 162] 
sigma1: 8088, sigma2: 4128, zer0: 6784
Bias calculated: 0.6620825147347741
----------
Loop 1 of sampler_3_Net8_count_96_w.u.cnf:
----------
Threshold T : 0.6988193210511551	 Tilt : 1.6530612244897969
numSolutions : 9781	 MaxSolutions : 14884
file was constructed with these [67, -68, 69, -70, 71, -72, 73, -74, -75, 76, -77, -78, -79, -80, 81, 82, 83, 84, 85, 86, 87, -88, -89, 90, 91, -92, 93, 94, -95, -96, -97, -98, -99, -100, -101, 102, 103, 104, -105, 106, 107, -108, -109, -110, 111, 112, -113, 114, -115, 116, 117, -118, -119, -120, 121, -122, 123, 124, 125, -126, 127, -128, 129, 130, -131, 132, -133, 134, -135, 136, 137, 138, 139, -140, 141, 142, 143, 144, -145, 146, 147, 148, -149, 150, 151, -152, -153, -154, 155, -156, 157, -158, 159, 160, -161, -162], [67, 68, 69, 70, -71, -72, -73, -74, -75, 76, 77, -78, 79, 80, 81, 82, 83, -84, 85, 86, -87, -88, 89, -90, 91, 92, -93, 94, -95, -96, -97, -98, 99, 100, -101, -102, -103, 104, -105, 106, 107, 108, 109, 110, 111, 112, 113, 114, 115, -116, 117, 118, -119, 120, 121, -122, 123, -124, 125, -126, -127, 128, 129, 130, 131, 132, 133, 134, 135, 136, 137, -138, 139, 140, 141, 142, 143, 144, 145, 146, 147, -148, -149, 150, -151, 152, 153, 154, -155, 156, -157, -158, 159, -160, -161, -162] 
sigma1: 7051, sigma2: 3373, zer0: 4576
Bias calculated: 0.6764198004604758
----------
Loop 2 of sampler_3_Net8_count_96_w.u.cnf:
----------
Threshold T : 0.39919835120426417	 Tilt : 0.47050754458161886
numSolutions : 4473	 MaxSolutions : 6561
file was constructed with these [67, -68, 69, -70, 71, -72, 73, -74, -75, 76, -77, -78, -79, -80, 81, 82, 83, 84, 85, 86, 87, -88, -89, 90, 91, -92, -93, -94, -95, -96, -97, 98, -99, -100, -101, 102, 103, 104, -105, -106, -107, 108, 109, 110, -111, -112, -113, 114, -115, -116, 117, 118, 119, 120, -121, 122, -123, 124, -125, 126, 127, -128, 129, -130, 131, -132, 133, 134, -135, -136, 137, 138, 139, -140, 141, 142, -143, -144, -145, -146, -147, 148, 149, -150, 151, 152, -153, -154, 155, 156, 157, 158, -159, 160, -161, -162], [67, 68, 69, 70, -71, 72, 73, 74, 75, 76, 77, -78, -79, 80, 81, -82, -83, -84, 85, 86, -87, -88, -89, 90, -91, -92, -93, 94, 95, 96, -97, 98, 99, -100, -101, 102, -103, -104, 105, 106, -107, 108, 109, -110, 111, -112, -113, -114, 115, 116, 117, 118, 119, -120, 121, 122, 123, -124, 125, 126, 127, 128, -129, 130, 131, 132, 133, 134, 135, 136, -137, 138, 139, 140, 141, -142, -143, 144, 145, -146, 147, 148, 149, -150, 151, -152, -153, 154, -155, 156, 157, -158, -159, -160, -161, 162] 
sigma1: 3235, sigma2: 1781, zer0: 1984
Bias calculated: 0.6449362041467305
Sampler: STS RejectIteration:2 TotalSolutionsGenerated:39944 TotalIdealSamples:3


 time taken : 73.4455213546753
