 t: 21 delta: 0.1
 eta: 0.1
 epsilon: 0.1
----------
Loop 0 of sampler_1_Net6_count_91_w.u.cnf:
----------
Threshold T : 0.4603993543556446	 Tilt : 0.6049382716049385
numSolutions : 4768	 MaxSolutions : 9025
file was constructed with these [63, 64, 65, -66, 67, 68, 69, 70, -71, 72, -73, 74, 75, 76, 77, 78, 79, -80, 81, 82, 83, -84, 85, -86, -87, 88, -89, 90, 91, 92, -93, -94, -95, 96, -97, -98, -99, -100, 101, 102, -103, 104, -105, -106, 107, 108, 109, -110, 111, -112, 113, -114, -115, 116, 117, -118, -119, 120, -121, 122, -123, -124, -125, -126, 127, 128, -129, 130, -131, -132, 133, -134, 135, -136, -137, 138, 139, -140, -141, -142, -143, 144, -145, -146, -147, 148, 149, -150, -151, -152, 153], [63, -64, -65, 66, 67, -68, -69, 70, -71, 72, 73, 74, 75, -76, 77, -78, -79, 80, 81, 82, 83, 84, -85, -86, 87, 88, 89, 90, 91, 92, 93, 94, 95, 96, -97, -98, -99, 100, 101, 102, 103, -104, 105, 106, 107, 108, -109, 110, -111, 112, 113, -114, -115, 116, 117, 118, -119, 120, -121, -122, 123, 124, -125, 126, 127, -128, -129, -130, 131, 132, -133, 134, 135, 136, 137, 138, -139, 140, 141, -142, -143, 144, 145, 146, 147, 148, 149, -150, -151, 152, -153] 
sigma1: 2250, sigma2: 3748, zer0: 4002
Bias calculated: 0.3751250416805602
----------
Loop 1 of sampler_1_Net6_count_91_w.u.cnf:
----------
Threshold T : 0.7487552976603098	 Tilt : 2.1253644314868816
numSolutions : 13040	 MaxSolutions : 25921
file was constructed with these [63, 64, -65, -66, -67, 68, -69, -70, 71, 72, -73, -74, 75, 76, 77, -78, 79, -80, -81, -82, -83, -84, -85, 86, 87, -88, 89, 90, 91, 92, -93, -94, -95, -96, -97, -98, -99, -100, -101, 102, -103, -104, -105, 106, -107, -108, -109, 110, -111, -112, -113, -114, 115, 116, -117, 118, -119, -120, -121, -122, -123, 124, 125, -126, -127, -128, -129, -130, 131, 132, 133, 134, -135, 136, -137, -138, -139, 140, 141, -142, -143, -144, 145, 146, 147, -148, -149, 150, -151, 152, -153], [-63, -64, -65, -66, 67, -68, -69, 70, -71, -72, 73, 74, 75, -76, 77, 78, -79, -80, 81, -82, 83, -84, -85, -86, -87, 88, -89, 90, -91, -92, -93, -94, 95, 96, 97, 98, 99, 100, 101, 102, 103, 104, -105, -106, -107, 108, -109, -110, 111, -112, 113, -114, -115, 116, 117, 118, -119, -120, 121, -122, 123, 124, 125, 126, 127, -128, 129, 130, 131, 132, 133, 134, -135, 136, 137, 138, 139, 140, 141, 142, 143, 144, 145, 146, 147, 148, 149, 150, -151, 152, -153] 
sigma1: 9687, sigma2: 4696, zer0: 11617
Bias calculated: 0.6735034415629563
----------
Loop 2 of sampler_1_Net6_count_91_w.u.cnf:
----------
Threshold T : 0.7487552976603098	 Tilt : 2.125364431486882
numSolutions : 13040	 MaxSolutions : 36100
file was constructed with these [-63, 64, -65, 66, -67, 68, 69, 70, 71, -72, -73, -74, -75, 76, 77, 78, 79, 80, 81, 82, 83, -84, -85, 86, 87, -88, -89, 90, -91, 92, 93, 94, -95, 96, 97, 98, -99, -100, -101, 102, -103, 104, -105, -106, -107, 108, 109, 110, -111, 112, 113, -114, -115, -116, -117, 118, -119, -120, 121, 122, 123, 124, -125, 126, 127, -128, -129, -130, -131, -132, 133, 134, 135, 136, 137, -138, -139, 140, 141, 142, 143, -144, -145, 146, 147, 148, 149, -150, 151, -152, 153], [63, -64, 65, -66, -67, -68, -69, -70, -71, -72, 73, 74, 75, -76, -77, 78, -79, 80, 81, 82, 83, -84, -85, -86, -87, 88, -89, -90, 91, 92, 93, 94, 95, 96, -97, 98, -99, 100, 101, 102, -103, -104, 105, 106, 107, 108, 109, 110, -111, -112, 113, 114, 115, -116, 117, 118, 119, -120, 121, -122, 123, 124, -125, 126, 127, 128, -129, 130, 131, 132, 133, 134, 135, 136, 137, 138, -139, 140, 141, 142, 143, 144, 145, 146, 147, -148, -149, -150, 151, 152, -153] 
sigma1: 11720, sigma2: 5541, zer0: 19739
Bias calculated: 0.678987312438445
----------
Loop 3 of sampler_1_Net6_count_91_w.u.cnf:
----------
Threshold T : 0.6988193210511551	 Tilt : 1.6530612244897969
numSolutions : 9781	 MaxSolutions : 18496
file was constructed with these [63, 64, -65, -66, -67, 68, -69, -70, 71, 72, -73, -74, 75, 76, 77, -78, 79, -80, -81, -82, -83, -84, -85, 86, 87, -88, 89, 90, 91, 92, -93, -94, -95, -96, -97, -98, -99, -100, -101, 102, -103, -104, -105, 106, -107, -108, -109, 110, -111, -112, -113, -114, 115, 116, -117, 118, -119, -120, -121, -122, -123, 124, 125, -126, -127, -128, -129, -130, 131, 132, 133, 134, -135, 136, -137, -138, -139, 140, 141, -142, -143, -144, 145, 146, 147, -148, -149, 150, -151, 152, -153], [63, -64, 65, 66, 67, 68, 69, 70, -71, -72, 73, 74, 75, 76, -77, 78, 79, 80, 81, 82, 83, 84, -85, -86, 87, 88, 89, 90, 91, 92, -93, 94, 95, 96, 97, 98, 99, 100, -101, 102, 103, 104, -105, -106, -107, 108, 109, 110, 111, 112, -113, -114, 115, 116, 117, -118, 119, 120, 121, 122, 123, 124, 125, -126, -127, -128, 129, 130, -131, 132, 133, 134, 135, 136, 137, 138, 139, 140, 141, 142, 143, 144, 145, 146, 147, 148, 149, 150, 151, 152, 153] 
sigma1: 6797, sigma2: 4122, zer0: 8081
Bias calculated: 0.6224929022804286
