 t: 21 delta: 0.1
 eta: 0.1
 epsilon: 0.1
----------
Loop 0 of sampler_3_Net12_count_106_w.u.cnf:
----------
Threshold T : 0.4603993543556447	 Tilt : 0.6049382716049387
numSolutions : 4768	 MaxSolutions : 10609
file was constructed with these [-86, -87, -88, 89, 90, -91, -92, -93, -94, 95, -96, 97, 98, 99, -100, 101, 102, 103, -104, 105, -106, 107, 108, -109, 110, 111, 112, -113, 114, 115, -116, -117, 118, 119, -120, -121, 122, 123, 124, -125, -126, -127, -128, 129, 130, 131, -132, 133, -134, 135, -136, 137, -138, 139, 140, -141, -142, -143, 144, 145, -146, -147, 148, -149, 150, -151, -152, -153, 154, 155, 156, -157, 158, -159, -160, 161, 162, -163, -164, 165, -166, 167, 168, 169, 170, 171, -172, 173, -174, 175, -176, 177, -178, -179, 180, 181, 182, 183, 184, 185, -186, -187, 188, 189, -190, -191], [-86, 87, 88, -89, -90, 91, 92, 93, -94, 95, 96, -97, 98, 99, 100, 101, -102, -103, 104, 105, 106, 107, 108, 109, 110, 111, 112, -113, 114, 115, 116, 117, -118, 119, 120, 121, -122, -123, 124, 125, -126, -127, 128, 129, 130, -131, 132, -133, 134, -135, -136, 137, -138, 139, 140, -141, 142, -143, 144, 145, -146, 147, -148, 149, 150, 151, 152, -153, -154, -155, -156, 157, -158, 159, -160, 161, 162, -163, -164, 165, -166, 167, 168, -169, 170, -171, 172, 173, -174, 175, 176, 177, 178, 179, -180, 181, 182, 183, -184, 185, -186, 187, 188, 189, 190, 191] 
sigma1: 2744, sigma2: 4199, zer0: 4057
Bias calculated: 0.3952182053867204
----------
Loop 1 of sampler_3_Net12_count_106_w.u.cnf:
----------
Threshold T : 0.3991983512042643	 Tilt : 0.4705075445816191
numSolutions : 4473	 MaxSolutions : 7921
file was constructed with these [-86, -87, -88, 89, 90, -91, -92, -93, -94, 95, -96, 97, 98, 99, -100, 101, 102, 103, -104, 105, -106, 107, 108, -109, 110, 111, 112, -113, 114, 115, -116, -117, 118, 119, -120, -121, 122, 123, 124, -125, -126, -127, -128, 129, 130, 131, -132, 133, -134, 135, -136, 137, -138, 139, 140, -141, -142, -143, 144, 145, -146, -147, 148, -149, 150, -151, -152, -153, 154, 155, 156, -157, 158, -159, -160, 161, 162, -163, -164, 165, -166, 167, 168, 169, 170, 171, -172, 173, -174, 175, -176, 177, -178, -179, 180, 181, 182, 183, 184, 185, -186, -187, 188, 189, -190, -191], [-86, -87, -88, 89, 90, 91, 92, -93, 94, 95, -96, 97, -98, 99, 100, 101, -102, -103, 104, 105, 106, 107, 108, 109, 110, 111, -112, -113, 114, 115, -116, -117, 118, 119, 120, 121, -122, 123, 124, 125, -126, -127, 128, 129, 130, 131, -132, -133, -134, -135, -136, 137, -138, 139, 140, 141, 142, 143, -144, -145, 146, -147, -148, -149, 150, 151, -152, 153, -154, 155, -156, 157, 158, 159, 160, 161, -162, 163, 164, -165, 166, 167, 168, -169, -170, 171, -172, 173, 174, -175, -176, 177, -178, 179, 180, -181, 182, -183, 184, -185, 186, 187, -188, -189, 190, 191] 
sigma1: 1999, sigma2: 3558, zer0: 2443
Bias calculated: 0.35972647111750944
----------
Loop 2 of sampler_3_Net12_count_106_w.u.cnf:
----------
Threshold T : 0.7487552976603098	 Tilt : 2.1253644314868816
numSolutions : 13040	 MaxSolutions : 22801
file was constructed with these [-86, -87, -88, 89, 90, -91, -92, -93, -94, 95, -96, 97, 98, 99, -100, 101, 102, 103, -104, 105, -106, 107, 108, -109, 110, 111, 112, -113, 114, 115, -116, -117, 118, 119, -120, -121, 122, 123, 124, -125, -126, -127, -128, 129, 130, 131, -132, 133, -134, 135, -136, 137, -138, 139, 140, -141, -142, -143, 144, 145, -146, -147, 148, -149, 150, -151, -152, -153, 154, 155, 156, -157, 158, -159, -160, 161, 162, -163, -164, 165, -166, 167, 168, 169, 170, 171, -172, 173, -174, 175, -176, 177, -178, 179, -180, -181, -182, -183, 184, 185, 186, -187, 188, 189, -190, -191], [86, 87, 88, 89, 90, -91, 92, 93, 94, 95, -96, 97, 98, 99, 100, -101, 102, 103, -104, -105, 106, -107, 108, 109, 110, -111, 112, 113, 114, 115, 116, 117, -118, -119, 120, 121, 122, 123, 124, 125, 126, 127, 128, 129, 130, 131, 132, 133, -134, 135, 136, 137, -138, 139, 140, 141, 142, -143, 144, 145, 146, -147, -148, 149, 150, 151, 152, -153, 154, 155, -156, 157, 158, -159, -160, 161, 162, 163, 164, 165, 166, 167, -168, 169, 170, 171, -172, 173, -174, -175, -176, -177, -178, 179, 180, 181, 182, 183, 184, 185, 186, 187, -188, 189, -190, -191] 
sigma1: 12184, sigma2: 2579, zer0: 8237
Bias calculated: 0.8253065095170359
Sampler: STS RejectIteration:2 TotalSolutionsGenerated:41334 TotalIdealSamples:3


 time taken : 81.60388898849487
