 t: 21 delta: 0.1
 eta: 0.1
 epsilon: 0.1
L: 0.55	 H: 0.6190476190476191	 Threshold T : 0.5845238095238096
numSolutions : 6232	 MaxSolutions : 10404

----------
Loop 0 of sampler_1_Net6_count_91.cnf:
----------
file was constructed with these [-63, 64, 65, 66, -67, 68, 69, 70, -71, -72, -73, 74, -75, 76, 77, 78, -79, -80, -81, 82, 83, 84, 85, 86, 87, 88, 89, -90, -91, 92, 93, 94, 95, 96, -97, 98, -99, -100, -101, -102, -103, 104, -105, -106, -107, -108, -109, 110, -111, -112, 113, -114, 115, 116, 117, 118, 119, 120, 121, -122, 123, -124, 125, -126, -127, -128, 129, 130, 131, 132, -133, 134, -135, -136, -137, -138, -139, 140, 141, -142, -143, 144, -145, -146, -147, -148, -149, 150, -151, 152, 153, 0], [-63, -64, 65, 66, -67, 68, 69, -70, -71, -72, 73, 74, 75, 76, 77, -78, -79, 80, -81, -82, 83, -84, 85, 86, -87, 88, -89, 90, -91, -92, -93, 94, 95, 96, 97, 98, 99, 100, 101, 102, 103, -104, 105, -106, 107, 108, 109, 110, 111, 112, -113, 114, -115, 116, 117, 118, -119, 120, 121, 122, 123, -124, -125, 126, -127, -128, 129, 130, 131, -132, 133, 134, 135, -136, -137, 138, 139, 140, 141, 142, -143, 144, 145, -146, 147, 148, -149, 150, -151, 152, 153] 
sigma1: 3439, sigma2: 3363, zer0: 3602
Bias calculated: 0.505586592178771
----------
Loop 1 of sampler_1_Net6_count_91.cnf:
----------
file was constructed with these [-63, -64, 65, -66, 67, -68, -69, 70, -71, -72, -73, 74, 75, -76, 77, -78, -79, -80, 81, 82, 83, -84, -85, -86, -87, 88, -89, -90, -91, -92, -93, 94, 95, 96, -97, -98, -99, 100, -101, -102, -103, 104, 105, 106, -107, 108, -109, -110, -111, 112, -113, 114, 115, 116, -117, -118, 119, -120, -121, -122, 123, -124, 125, -126, -127, -128, 129, -130, 131, -132, 133, -134, -135, 136, -137, -138, -139, -140, 141, 142, 143, -144, 145, 146, -147, -148, -149, -150, -151, 152, -153, 0], [-63, -64, -65, 66, 67, 68, 69, -70, 71, -72, 73, -74, -75, -76, -77, -78, 79, 80, -81, 82, 83, -84, 85, 86, 87, 88, -89, 90, 91, 92, 93, -94, -95, 96, 97, 98, 99, 100, -101, 102, 103, -104, -105, -106, 107, -108, 109, 110, 111, -112, 113, 114, -115, 116, -117, 118, -119, 120, -121, 122, 123, -124, -125, 126, 127, 128, -129, -130, 131, -132, -133, 134, 135, 136, -137, 138, -139, 140, 141, 142, 143, 144, -145, -146, 147, 148, 149, 150, 151, -152, 153] 
sigma1: 3530, sigma2: 3224, zer0: 3650
Bias calculated: 0.5226532425229493
----------
Loop 2 of sampler_1_Net6_count_91.cnf:
----------
file was constructed with these [-63, 64, 65, 66, -67, 68, 69, 70, -71, -72, -73, 74, -75, 76, 77, 78, -79, -80, -81, 82, 83, 84, 85, 86, 87, 88, 89, -90, -91, 92, 93, 94, 95, 96, -97, 98, -99, -100, -101, -102, -103, 104, -105, -106, -107, -108, -109, 110, -111, -112, 113, -114, 115, 116, 117, 118, 119, 120, 121, -122, 123, -124, 125, -126, -127, -128, 129, 130, 131, 132, -133, 134, -135, -136, -137, -138, -139, 140, 141, -142, -143, 144, -145, -146, -147, -148, -149, 150, -151, 152, 153, 0], [63, 64, 65, 66, 67, 68, 69, 70, -71, 72, 73, 74, 75, 76, -77, 78, 79, 80, -81, -82, 83, -84, 85, 86, -87, -88, 89, 90, -91, -92, 93, 94, -95, -96, 97, 98, 99, -100, -101, 102, 103, -104, 105, 106, 107, 108, -109, 110, 111, -112, 113, 114, -115, -116, 117, -118, 119, 120, 121, -122, 123, 124, 125, 126, 127, 128, 129, 130, -131, -132, 133, 134, 135, 136, 137, 138, 139, -140, 141, 142, -143, 144, 145, 146, 147, 148, -149, 150, -151, 152, 153] 
sigma1: 3509, sigma2: 3464, zer0: 3431
Bias calculated: 0.5032267316793346
----------
Loop 3 of sampler_1_Net6_count_91.cnf:
----------
file was constructed with these [-63, -64, -65, 66, 67, -68, 69, -70, 71, -72, 73, -74, 75, -76, 77, 78, -79, -80, 81, 82, 83, -84, 85, -86, 87, -88, -89, 90, -91, -92, 93, 94, 95, -96, -97, 98, -99, 100, -101, 102, 103, 104, 105, 106, 107, -108, -109, -110, -111, -112, 113, -114, 115, -116, -117, -118, -119, 120, 121, 122, 123, -124, -125, -126, 127, -128, 129, 130, 131, 132, -133, -134, -135, -136, 137, 138, 139, -140, -141, -142, -143, -144, -145, 146, -147, -148, -149, 150, -151, -152, 153, 0], [63, -64, 65, 66, -67, -68, 69, 70, -71, -72, -73, 74, -75, 76, 77, 78, 79, 80, -81, 82, 83, 84, -85, 86, -87, -88, 89, -90, 91, 92, -93, 94, 95, 96, 97, 98, 99, -100, 101, -102, 103, 104, 105, 106, 107, -108, 109, 110, -111, 112, 113, 114, 115, 116, 117, -118, 119, 120, 121, -122, 123, -124, 125, 126, 127, -128, 129, 130, -131, 132, 133, 134, -135, -136, 137, 138, 139, 140, 141, -142, 143, 144, 145, 146, 147, -148, -149, -150, 151, 152, -153] 
sigma1: 3168, sigma2: 3753, zer0: 3483
Bias calculated: 0.4577373211963589
----------
Loop 4 of sampler_1_Net6_count_91.cnf:
----------
file was constructed with these [63, -64, 65, 66, 67, 68, 69, 70, -71, -72, -73, 74, -75, -76, -77, 78, -79, -80, 81, 82, -83, -84, -85, -86, 87, -88, 89, -90, -91, 92, -93, 94, -95, 96, -97, -98, 99, -100, 101, 102, -103, 104, 105, 106, 107, 108, -109, 110, 111, 112, 113, 114, -115, 116, -117, 118, 119, -120, -121, 122, -123, -124, 125, -126, -127, 128, 129, 130, 131, -132, -133, -134, 135, 136, 137, 138, -139, -140, -141, 142, 143, -144, -145, -146, -147, -148, -149, 150, 151, -152, 153, 0], [63, -64, 65, 66, 67, -68, -69, 70, -71, 72, 73, 74, -75, 76, 77, 78, 79, 80, 81, 82, -83, 84, 85, 86, 87, 88, 89, -90, 91, 92, 93, 94, 95, -96, 97, 98, 99, 100, 101, -102, 103, 104, 105, 106, -107, 108, -109, -110, -111, 112, -113, 114, 115, 116, 117, -118, -119, 120, -121, 122, 123, 124, 125, 126, 127, -128, 129, 130, 131, 132, 133, 134, -135, -136, -137, -138, 139, -140, 141, 142, -143, 144, 145, 146, 147, -148, -149, 150, -151, 152, -153] 
sigma1: 3356, sigma2: 3540, zer0: 3508
Bias calculated: 0.4866589327146172
----------
Loop 5 of sampler_1_Net6_count_91.cnf:
----------
file was constructed with these [63, -64, 65, -66, 67, -68, -69, -70, -71, 72, -73, -74, 75, -76, -77, -78, 79, 80, -81, -82, 83, -84, 85, 86, -87, 88, -89, -90, 91, 92, -93, 94, 95, -96, 97, -98, -99, -100, -101, 102, 103, -104, 105, -106, -107, -108, 109, 110, -111, -112, -113, 114, 115, 116, -117, -118, 119, 120, 121, -122, -123, -124, 125, 126, 127, -128, -129, 130, 131, 132, -133, -134, -135, 136, 137, 138, -139, 140, 141, -142, 143, 144, -145, -146, 147, 148, 149, -150, 151, 152, 153, 0], [63, 64, 65, 66, 67, 68, 69, 70, 71, 72, -73, 74, -75, 76, 77, -78, 79, 80, 81, 82, 83, 84, -85, -86, 87, 88, 89, 90, -91, 92, -93, -94, 95, 96, 97, 98, -99, 100, -101, 102, 103, 104, 105, -106, 107, 108, 109, -110, -111, 112, 113, 114, 115, -116, -117, 118, -119, 120, -121, 122, 123, 124, -125, 126, 127, -128, 129, 130, 131, 132, -133, 134, -135, 136, -137, 138, 139, -140, 141, 142, -143, 144, 145, 146, 147, -148, 149, 150, 151, 152, 153] 
sigma1: 3493, sigma2: 3411, zer0: 3500
Bias calculated: 0.5059385863267671
----------
Loop 6 of sampler_1_Net6_count_91.cnf:
----------
file was constructed with these [63, 64, 65, -66, -67, -68, 69, 70, -71, -72, 73, 74, 75, -76, -77, 78, -79, -80, -81, 82, 83, -84, 85, 86, -87, -88, 89, 90, 91, -92, 93, 94, -95, 96, -97, 98, -99, 100, 101, -102, 103, 104, 105, -106, -107, 108, 109, 110, -111, -112, 113, -114, 115, -116, -117, -118, -119, 120, 121, -122, 123, 124, 125, -126, 127, 128, 129, -130, -131, 132, -133, 134, -135, 136, -137, -138, -139, 140, -141, -142, 143, -144, 145, 146, -147, 148, -149, 150, 151, 152, 153, 0], [63, 64, 65, 66, 67, 68, 69, 70, 71, 72, -73, 74, 75, 76, -77, 78, 79, 80, 81, 82, 83, -84, 85, 86, -87, 88, 89, -90, 91, 92, 93, 94, 95, 96, 97, 98, 99, 100, 101, 102, 103, -104, 105, -106, -107, 108, -109, -110, 111, 112, 113, -114, -115, 116, -117, -118, -119, -120, 121, 122, -123, 124, -125, -126, 127, -128, 129, 130, 131, 132, 133, -134, -135, 136, 137, -138, 139, 140, -141, 142, 143, -144, 145, 146, 147, 148, 149, 150, -151, -152, 153] 
sigma1: 3433, sigma2: 3204, zer0: 3767
Bias calculated: 0.5172517703781829
----------
Loop 7 of sampler_1_Net6_count_91.cnf:
----------
file was constructed with these [63, -64, 65, 66, 67, 68, 69, 70, -71, -72, -73, 74, -75, -76, -77, 78, -79, -80, 81, 82, -83, -84, -85, -86, 87, -88, 89, -90, -91, 92, -93, 94, -95, 96, -97, -98, 99, -100, 101, 102, -103, 104, 105, 106, 107, 108, -109, 110, 111, 112, 113, 114, -115, 116, -117, 118, 119, -120, -121, 122, -123, -124, 125, -126, -127, 128, 129, 130, 131, -132, -133, -134, 135, 136, 137, 138, -139, -140, -141, 142, 143, -144, -145, -146, -147, -148, -149, 150, 151, -152, 153, 0], [63, 64, 65, 66, 67, 68, 69, 70, 71, 72, -73, 74, 75, 76, -77, 78, 79, 80, 81, 82, 83, 84, 85, 86, -87, 88, 89, 90, 91, 92, 93, 94, 95, 96, 97, 98, -99, 100, -101, 102, 103, 104, -105, 106, 107, 108, 109, -110, 111, 112, 113, 114, -115, 116, 117, -118, 119, 120, 121, -122, 123, 124, 125, 126, -127, -128, 129, 130, 131, 132, 133, 134, 135, 136, 137, -138, 139, -140, 141, -142, -143, 144, -145, 146, 147, -148, -149, 150, 151, 152, 153] 
sigma1: 3220, sigma2: 3874, zer0: 3310
Bias calculated: 0.45390470820411616
----------
Loop 8 of sampler_1_Net6_count_91.cnf:
----------
file was constructed with these [63, 64, -65, 66, -67, -68, 69, -70, 71, -72, 73, -74, 75, 76, -77, 78, -79, -80, -81, 82, -83, 84, -85, 86, 87, 88, -89, 90, -91, -92, -93, 94, -95, -96, -97, -98, 99, 100, 101, -102, 103, 104, -105, -106, -107, 108, -109, -110, 111, 112, 113, 114, -115, -116, 117, -118, -119, -120, -121, -122, -123, -124, -125, -126, 127, 128, 129, 130, 131, -132, -133, 134, 135, 136, -137, -138, 139, 140, 141, 142, 143, 144, -145, 146, -147, -148, -149, 150, 151, 152, 153, 0], [63, 64, 65, -66, -67, 68, 69, 70, 71, -72, -73, 74, 75, 76, 77, -78, 79, -80, 81, 82, 83, -84, 85, 86, 87, 88, -89, 90, 91, 92, 93, 94, 95, 96, -97, -98, -99, 100, -101, 102, 103, 104, 105, -106, -107, 108, 109, 110, 111, 112, -113, 114, 115, 116, -117, 118, 119, 120, -121, -122, 123, 124, 125, 126, 127, 128, 129, 130, 131, 132, 133, 134, -135, 136, 137, 138, 139, 140, -141, -142, -143, 144, -145, 146, -147, -148, 149, 150, 151, 152, 153] 
sigma1: 3497, sigma2: 3541, zer0: 3366
Bias calculated: 0.496874111963626
----------
Loop 9 of sampler_1_Net6_count_91.cnf:
----------
file was constructed with these [63, 64, 65, -66, -67, -68, 69, 70, -71, -72, 73, 74, 75, -76, -77, 78, -79, -80, -81, 82, 83, -84, 85, 86, -87, -88, 89, 90, 91, -92, 93, 94, -95, 96, -97, 98, -99, 100, 101, -102, 103, 104, 105, -106, -107, 108, 109, 110, -111, -112, 113, -114, 115, -116, -117, -118, -119, 120, 121, -122, 123, 124, 125, -126, 127, 128, 129, -130, -131, 132, -133, 134, -135, 136, -137, -138, -139, 140, -141, -142, 143, -144, 145, 146, -147, 148, -149, 150, 151, 152, 153, 0], [-63, 64, 65, 66, -67, 68, -69, -70, -71, 72, -73, 74, 75, 76, 77, 78, -79, 80, 81, -82, 83, 84, 85, 86, -87, 88, -89, 90, 91, -92, -93, 94, 95, -96, -97, 98, 99, -100, 101, 102, -103, -104, 105, -106, -107, 108, 109, 110, 111, -112, 113, -114, -115, 116, 117, 118, -119, -120, 121, -122, -123, 124, 125, 126, 127, -128, -129, 130, -131, 132, -133, -134, -135, -136, 137, -138, 139, -140, 141, 142, 143, 144, 145, 146, 147, 148, 149, 150, 151, 152, 153] 
sigma1: 3478, sigma2: 3437, zer0: 3489
Bias calculated: 0.5029645697758496
----------
Loop 10 of sampler_1_Net6_count_91.cnf:
----------
file was constructed with these [-63, -64, -65, 66, 67, -68, 69, -70, 71, -72, 73, -74, 75, -76, 77, 78, -79, -80, 81, 82, 83, -84, 85, -86, 87, -88, -89, 90, -91, -92, 93, 94, 95, -96, -97, 98, -99, 100, -101, 102, 103, 104, 105, 106, 107, -108, -109, -110, -111, -112, 113, -114, 115, -116, -117, -118, -119, 120, 121, 122, 123, -124, -125, -126, 127, -128, 129, 130, 131, 132, -133, -134, -135, -136, 137, 138, 139, -140, -141, -142, -143, -144, -145, 146, -147, -148, -149, 150, -151, -152, 153, 0], [63, 64, 65, 66, -67, 68, -69, 70, 71, -72, 73, -74, 75, 76, 77, 78, 79, 80, 81, 82, -83, 84, -85, -86, 87, 88, 89, 90, -91, -92, 93, -94, 95, 96, 97, 98, 99, -100, 101, 102, 103, -104, 105, 106, 107, 108, 109, 110, 111, 112, 113, 114, 115, -116, 117, 118, 119, -120, 121, 122, -123, 124, -125, -126, 127, -128, 129, 130, -131, 132, 133, -134, -135, -136, 137, -138, -139, -140, 141, 142, 143, -144, 145, 146, 147, 148, 149, 150, 151, -152, 153] 
sigma1: 3309, sigma2: 3572, zer0: 3523
Bias calculated: 0.48088940560964977
----------
Loop 11 of sampler_1_Net6_count_91.cnf:
----------
file was constructed with these [-63, 64, 65, 66, -67, 68, 69, 70, -71, -72, -73, 74, -75, 76, 77, 78, -79, -80, -81, 82, 83, 84, 85, 86, 87, 88, 89, -90, -91, 92, 93, 94, 95, 96, -97, 98, -99, -100, -101, -102, -103, 104, -105, -106, -107, -108, -109, 110, -111, -112, 113, -114, 115, 116, 117, 118, 119, 120, 121, -122, 123, -124, 125, -126, -127, -128, 129, 130, 131, 132, -133, 134, -135, -136, -137, -138, -139, 140, 141, -142, -143, 144, -145, -146, -147, -148, -149, 150, -151, 152, 153, 0], [63, 64, 65, 66, 67, -68, 69, 70, 71, 72, 73, 74, 75, -76, -77, 78, 79, 80, 81, -82, 83, 84, -85, -86, 87, 88, 89, 90, 91, 92, 93, 94, 95, 96, -97, -98, -99, 100, 101, 102, 103, -104, 105, 106, 107, 108, -109, 110, 111, -112, 113, 114, 115, 116, 117, 118, 119, -120, 121, 122, 123, 124, -125, -126, -127, -128, 129, 130, 131, 132, 133, 134, 135, 136, 137, 138, -139, 140, -141, 142, 143, 144, 145, 146, -147, 148, 149, 150, 151, -152, 153] 
sigma1: 3252, sigma2: 3463, zer0: 3689
Bias calculated: 0.48428890543559194
----------
Loop 12 of sampler_1_Net6_count_91.cnf:
----------
file was constructed with these [-63, -64, 65, -66, 67, -68, -69, 70, -71, -72, -73, 74, 75, -76, 77, -78, -79, -80, 81, 82, 83, -84, -85, -86, -87, 88, -89, -90, -91, -92, -93, 94, 95, 96, -97, -98, -99, 100, -101, -102, -103, 104, 105, 106, -107, 108, -109, -110, -111, 112, -113, 114, 115, 116, -117, -118, 119, -120, -121, -122, 123, -124, 125, -126, -127, -128, 129, -130, 131, -132, 133, -134, -135, 136, -137, -138, -139, -140, 141, 142, 143, -144, 145, 146, -147, -148, -149, -150, -151, 152, -153, 0], [-63, 64, 65, 66, 67, 68, 69, -70, -71, 72, -73, -74, 75, 76, 77, 78, -79, 80, 81, -82, -83, 84, -85, 86, 87, 88, -89, 90, 91, 92, -93, 94, 95, -96, -97, 98, 99, 100, 101, 102, -103, 104, -105, 106, 107, 108, 109, -110, 111, -112, 113, 114, 115, -116, 117, 118, -119, 120, -121, 122, 123, 124, 125, 126, 127, 128, 129, 130, -131, 132, 133, 134, -135, 136, 137, 138, -139, 140, 141, 142, 143, 144, -145, 146, 147, -148, 149, -150, -151, -152, 153] 
sigma1: 3486, sigma2: 3319, zer0: 3599
Bias calculated: 0.5122703894195445
----------
Loop 13 of sampler_1_Net6_count_91.cnf:
----------
file was constructed with these [-63, -64, 65, 66, 67, 68, -69, -70, -71, 72, 73, -74, -75, 76, 77, -78, 79, 80, -81, -82, 83, 84, 85, 86, 87, -88, -89, 90, -91, -92, -93, 94, -95, -96, 97, -98, -99, 100, 101, 102, -103, -104, -105, -106, -107, 108, -109, 110, -111, -112, -113, 114, 115, -116, 117, 118, -119, 120, 121, -122, -123, 124, 125, 126, -127, 128, -129, -130, -131, 132, -133, -134, -135, -136, 137, 138, -139, 140, -141, -142, -143, -144, 145, 146, 147, -148, 149, -150, -151, 152, 153, 0], [-63, 64, -65, 66, 67, 68, 69, -70, 71, 72, 73, 74, 75, -76, 77, -78, 79, 80, 81, 82, 83, 84, 85, 86, 87, 88, 89, 90, 91, 92, -93, 94, 95, -96, 97, 98, 99, -100, -101, 102, 103, 104, 105, -106, 107, 108, 109, 110, 111, -112, 113, -114, 115, -116, 117, -118, 119, 120, 121, 122, -123, 124, 125, 126, 127, 128, 129, 130, -131, 132, 133, -134, 135, 136, -137, 138, 139, 140, 141, 142, -143, -144, 145, 146, 147, 148, 149, 150, 151, 152, 153] 
sigma1: 3556, sigma2: 3436, zer0: 3412
Bias calculated: 0.5085812356979404
----------
Loop 14 of sampler_1_Net6_count_91.cnf:
----------
file was constructed with these [-63, -64, 65, -66, 67, -68, -69, 70, -71, -72, -73, 74, 75, -76, 77, -78, -79, -80, 81, 82, 83, -84, -85, -86, -87, 88, -89, -90, -91, -92, -93, 94, 95, 96, -97, -98, -99, 100, -101, -102, -103, 104, 105, 106, -107, 108, -109, -110, -111, 112, -113, 114, 115, 116, -117, -118, 119, -120, -121, -122, 123, -124, 125, -126, -127, -128, 129, -130, 131, -132, 133, -134, -135, 136, -137, -138, -139, -140, 141, 142, 143, -144, 145, 146, -147, -148, -149, -150, -151, 152, -153, 0], [63, 64, 65, 66, 67, 68, 69, 70, 71, 72, 73, 74, 75, 76, 77, 78, 79, 80, 81, -82, 83, -84, 85, 86, -87, 88, 89, -90, 91, 92, 93, 94, -95, 96, 97, 98, -99, 100, 101, 102, 103, 104, 105, 106, 107, -108, 109, 110, 111, -112, -113, -114, 115, 116, 117, 118, -119, 120, 121, 122, 123, -124, 125, 126, 127, 128, -129, 130, 131, 132, 133, 134, 135, -136, 137, -138, -139, 140, 141, 142, -143, -144, 145, 146, -147, -148, 149, 150, 151, 152, 153] 
sigma1: 3344, sigma2: 3367, zer0: 3693
Bias calculated: 0.49828639547012366
----------
Loop 15 of sampler_1_Net6_count_91.cnf:
----------
file was constructed with these [-63, -64, 65, 66, 67, 68, -69, -70, -71, 72, 73, -74, -75, 76, 77, -78, 79, 80, -81, -82, 83, 84, 85, 86, 87, -88, -89, 90, -91, -92, -93, 94, -95, -96, 97, -98, -99, 100, 101, 102, -103, -104, -105, -106, -107, 108, -109, 110, -111, -112, -113, 114, 115, -116, 117, 118, -119, 120, 121, -122, -123, 124, 125, 126, -127, 128, -129, -130, -131, 132, -133, -134, -135, -136, 137, 138, -139, 140, -141, -142, -143, -144, 145, 146, 147, -148, 149, -150, -151, 152, 153, 0], [63, 64, 65, 66, 67, 68, 69, 70, 71, 72, -73, 74, 75, 76, 77, -78, 79, 80, 81, 82, 83, -84, -85, -86, -87, 88, 89, 90, 91, 92, -93, 94, 95, 96, 97, 98, 99, -100, 101, 102, 103, 104, 105, -106, -107, 108, 109, 110, 111, 112, 113, 114, 115, 116, 117, 118, 119, 120, 121, 122, -123, 124, 125, 126, 127, 128, 129, -130, -131, 132, -133, 134, 135, 136, 137, 138, -139, 140, -141, -142, 143, -144, -145, 146, 147, -148, -149, 150, -151, 152, -153] 
sigma1: 3589, sigma2: 3312, zer0: 3503
Bias calculated: 0.5200695551369366
----------
Loop 16 of sampler_1_Net6_count_91.cnf:
----------
file was constructed with these [-63, -64, -65, -66, 67, 68, 69, 70, 71, 72, -73, 74, -75, 76, 77, 78, 79, 80, -81, -82, 83, 84, -85, 86, -87, 88, -89, -90, -91, -92, 93, 94, -95, 96, 97, 98, -99, 100, 101, -102, 103, -104, -105, -106, 107, -108, -109, 110, -111, 112, 113, -114, 115, 116, 117, 118, 119, -120, -121, 122, -123, 124, -125, 126, 127, 128, -129, 130, -131, -132, 133, -134, -135, 136, -137, -138, 139, 140, 141, 142, 143, -144, -145, 146, 147, -148, 149, 150, -151, -152, -153, 0], [63, 64, 65, 66, 67, 68, 69, -70, -71, 72, 73, 74, -75, 76, -77, -78, -79, 80, 81, 82, 83, 84, 85, 86, -87, 88, 89, 90, 91, 92, 93, -94, 95, 96, 97, 98, 99, 100, -101, 102, 103, 104, -105, 106, 107, 108, 109, 110, -111, 112, 113, 114, -115, -116, 117, -118, -119, -120, -121, 122, -123, -124, -125, 126, 127, -128, 129, 130, 131, -132, 133, 134, 135, -136, 137, 138, -139, 140, -141, 142, 143, 144, -145, 146, 147, 148, 149, 150, -151, 152, 153] 
sigma1: 3402, sigma2: 3645, zer0: 3357
Bias calculated: 0.4827586206896552
----------
Loop 17 of sampler_1_Net6_count_91.cnf:
----------
file was constructed with these [63, 64, 65, -66, -67, -68, 69, 70, -71, -72, 73, 74, 75, -76, -77, 78, -79, -80, -81, 82, 83, -84, 85, 86, -87, -88, 89, 90, 91, -92, 93, 94, -95, 96, -97, 98, -99, 100, 101, -102, 103, 104, 105, -106, -107, 108, 109, 110, -111, -112, 113, -114, 115, -116, -117, -118, -119, 120, 121, -122, 123, 124, 125, -126, 127, 128, 129, -130, -131, 132, -133, 134, -135, 136, -137, -138, -139, 140, -141, -142, 143, -144, 145, 146, -147, 148, -149, 150, 151, 152, 153, 0], [63, 64, 65, 66, -67, 68, 69, 70, -71, -72, 73, 74, -75, 76, 77, 78, 79, -80, 81, 82, -83, -84, 85, 86, -87, 88, -89, 90, 91, -92, 93, 94, 95, 96, 97, 98, -99, 100, 101, 102, 103, 104, -105, 106, 107, 108, 109, -110, 111, -112, 113, -114, -115, 116, 117, 118, 119, 120, -121, -122, 123, 124, -125, 126, 127, 128, 129, -130, 131, 132, 133, 134, 135, -136, 137, -138, 139, -140, -141, 142, 143, -144, 145, 146, -147, 148, -149, 150, 151, 152, 153] 
sigma1: 3316, sigma2: 3659, zer0: 3429
Bias calculated: 0.4754121863799283
----------
Loop 18 of sampler_1_Net6_count_91.cnf:
----------
file was constructed with these [-63, 64, 65, 66, -67, 68, 69, 70, -71, -72, -73, 74, -75, 76, 77, 78, -79, -80, -81, 82, 83, 84, 85, 86, 87, 88, 89, -90, -91, 92, 93, 94, 95, 96, -97, 98, -99, -100, -101, -102, -103, 104, -105, -106, -107, -108, -109, 110, -111, -112, 113, -114, 115, 116, 117, 118, 119, 120, 121, -122, 123, -124, 125, -126, -127, -128, 129, 130, 131, 132, -133, 134, -135, -136, -137, -138, -139, 140, 141, -142, -143, 144, -145, -146, -147, -148, -149, 150, -151, 152, 153, 0], [63, 64, 65, 66, 67, 68, 69, 70, 71, 72, -73, -74, 75, 76, 77, -78, 79, -80, 81, -82, 83, 84, 85, 86, -87, 88, 89, 90, -91, 92, 93, 94, 95, 96, -97, 98, 99, 100, 101, 102, -103, 104, -105, 106, 107, 108, 109, 110, 111, 112, 113, 114, 115, 116, 117, 118, 119, -120, 121, -122, 123, -124, 125, -126, -127, 128, -129, -130, -131, -132, 133, 134, 135, -136, 137, 138, -139, -140, -141, 142, -143, -144, -145, -146, 147, 148, 149, 150, 151, 152, 153] 
sigma1: 3365, sigma2: 3914, zer0: 3125
Bias calculated: 0.46228877593075973
----------
Loop 19 of sampler_1_Net6_count_91.cnf:
----------
file was constructed with these [-63, -64, 65, -66, 67, -68, -69, 70, -71, -72, -73, 74, 75, -76, 77, -78, -79, -80, 81, 82, 83, -84, -85, -86, -87, 88, -89, -90, -91, -92, -93, 94, 95, 96, -97, -98, -99, 100, -101, -102, -103, 104, 105, 106, -107, 108, -109, -110, -111, 112, -113, 114, 115, 116, -117, -118, 119, -120, -121, -122, 123, -124, 125, -126, -127, -128, 129, -130, 131, -132, 133, -134, -135, 136, -137, -138, -139, -140, 141, 142, 143, -144, 145, 146, -147, -148, -149, -150, -151, 152, -153, 0], [63, 64, 65, 66, 67, 68, -69, 70, 71, 72, 73, -74, 75, 76, 77, 78, 79, 80, 81, 82, -83, 84, -85, 86, 87, 88, 89, 90, 91, 92, 93, 94, 95, 96, 97, 98, 99, 100, -101, 102, 103, 104, -105, -106, -107, 108, -109, 110, 111, 112, 113, 114, -115, 116, -117, 118, 119, 120, -121, -122, -123, 124, -125, 126, 127, -128, -129, 130, 131, 132, 133, 134, 135, -136, 137, 138, 139, 140, 141, -142, 143, 144, 145, -146, 147, 148, -149, -150, -151, -152, -153] 
sigma1: 3340, sigma2: 3391, zer0: 3673
Bias calculated: 0.4962115584608528
----------
Loop 20 of sampler_1_Net6_count_91.cnf:
----------
file was constructed with these [-63, -64, 65, -66, 67, -68, -69, 70, -71, -72, -73, 74, 75, -76, 77, -78, -79, -80, 81, 82, 83, -84, -85, -86, -87, 88, -89, -90, -91, -92, -93, 94, 95, 96, -97, -98, -99, 100, -101, -102, -103, 104, 105, 106, -107, 108, -109, -110, -111, 112, -113, 114, 115, 116, -117, -118, 119, -120, -121, -122, 123, -124, 125, -126, -127, -128, 129, -130, 131, -132, 133, -134, -135, 136, -137, -138, -139, -140, 141, 142, 143, -144, 145, 146, -147, -148, -149, -150, -151, 152, -153, 0], [-63, -64, 65, 66, -67, 68, 69, 70, -71, -72, -73, -74, -75, 76, 77, 78, 79, 80, 81, -82, 83, 84, 85, 86, -87, 88, 89, 90, 91, -92, 93, -94, 95, 96, 97, 98, -99, 100, 101, 102, 103, 104, 105, 106, 107, 108, 109, 110, 111, -112, 113, 114, 115, 116, 117, 118, 119, 120, 121, -122, 123, 124, 125, -126, 127, -128, 129, 130, 131, -132, -133, 134, 135, 136, 137, 138, -139, -140, 141, 142, 143, 144, -145, 146, -147, 148, 149, 150, 151, 152, 153] 
sigma1: 3849, sigma2: 3313, zer0: 3242
Bias calculated: 0.5374197151633622
Sampler: UniGen3 Accept:1 TotalSolutionsGenerated: 218505 TotalIdealSamples: 21


 time taken : 643.172919511795
