 t: 21 delta: 0.1
 eta: 0.1
 epsilon: 0.1
L: 0.55	 H: 0.6190476190476191	 Threshold T : 0.5845238095238096
numSolutions : 6232	 MaxSolutions : 10404

----------
Loop 0 of sampler_2_Net8_count_96.cnf:
----------
file was constructed with these [67, -68, 69, -70, -71, 72, -73, 74, 75, 76, 77, -78, 79, 80, -81, 82, 83, -84, -85, -86, 87, -88, -89, 90, -91, 92, -93, 94, -95, -96, -97, -98, -99, -100, 101, 102, 103, 104, -105, -106, -107, -108, 109, -110, 111, 112, 113, -114, 115, -116, -117, -118, -119, -120, -121, 122, 123, -124, -125, 126, -127, -128, 129, 130, -131, 132, -133, -134, -135, -136, -137, 138, -139, 140, 141, -142, 143, -144, -145, -146, -147, 148, 149, 150, 151, 152, -153, 154, 155, -156, -157, -158, 159, -160, 161, 162], [67, 68, 69, 70, 71, 72, 73, -74, 75, 76, 77, 78, 79, 80, 81, -82, 83, -84, 85, 86, 87, -88, -89, -90, 91, -92, 93, 94, 95, 96, 97, 98, -99, 100, 101, 102, 103, 104, 105, 106, -107, 108, 109, 110, 111, -112, -113, -114, 115, -116, -117, -118, 119, -120, 121, 122, 123, 124, 125, 126, 127, 128, 129, 130, 131, 132, 133, 134, -135, -136, 137, 138, -139, -140, 141, 142, -143, 144, 145, 146, 147, 148, 149, -150, 151, 152, -153, -154, -155, 156, 157, -158, 159, -160, -161, 162] 
sigma1: 2899, sigma2: 4362, zer0: 3143
Bias calculated: 0.39925630078501584
----------
Loop 1 of sampler_2_Net8_count_96.cnf:
----------
file was constructed with these [-67, -68, -69, 70, 71, 72, -73, -74, 75, -76, -77, 78, -79, -80, 81, -82, -83, -84, 85, 86, -87, -88, -89, -90, 91, 92, 93, 94, -95, 96, -97, -98, 99, 100, 101, 102, 103, 104, 105, -106, -107, 108, 109, -110, 111, -112, 113, -114, -115, -116, 117, -118, -119, 120, -121, 122, -123, 124, -125, 126, 127, -128, 129, -130, 131, 132, 133, -134, -135, 136, -137, -138, -139, 140, 141, -142, 143, -144, -145, 146, -147, 148, 149, -150, 151, -152, 153, 154, 155, 156, -157, -158, 159, -160, 161, -162], [67, 68, 69, 70, 71, 72, -73, 74, 75, 76, 77, 78, -79, 80, 81, 82, -83, 84, 85, -86, 87, 88, 89, 90, -91, -92, 93, 94, 95, 96, 97, 98, 99, -100, 101, 102, 103, 104, 105, 106, 107, 108, 109, -110, 111, 112, 113, 114, 115, 116, 117, 118, 119, 120, 121, 122, 123, 124, 125, 126, 127, 128, 129, -130, -131, 132, 133, 134, 135, 136, -137, 138, 139, 140, -141, 142, 143, -144, -145, 146, 147, 148, 149, -150, 151, 152, 153, 154, -155, -156, 157, 158, 159, 160, 161, 162] 
sigma1: 3112, sigma2: 3618, zer0: 3674
Bias calculated: 0.462407132243685
----------
Loop 2 of sampler_2_Net8_count_96.cnf:
----------
file was constructed with these [67, -68, -69, -70, -71, -72, -73, -74, 75, -76, 77, -78, -79, -80, -81, -82, -83, 84, -85, 86, 87, -88, -89, -90, 91, 92, 93, -94, -95, -96, 97, 98, -99, -100, 101, -102, -103, 104, -105, 106, 107, -108, 109, 110, -111, 112, -113, -114, -115, -116, 117, 118, 119, -120, -121, -122, 123, 124, -125, -126, 127, -128, 129, 130, -131, -132, -133, -134, 135, -136, 137, -138, -139, -140, -141, -142, 143, -144, -145, -146, -147, -148, 149, 150, -151, 152, 153, 154, -155, -156, 157, 158, -159, 160, 161, -162], [-67, 68, 69, 70, 71, 72, 73, -74, -75, -76, -77, 78, 79, -80, -81, 82, 83, -84, 85, 86, 87, -88, 89, -90, 91, -92, -93, 94, 95, 96, -97, 98, -99, -100, 101, 102, 103, 104, 105, 106, 107, -108, -109, -110, -111, 112, 113, 114, 115, -116, 117, -118, -119, 120, 121, -122, 123, 124, 125, -126, 127, 128, -129, 130, 131, 132, 133, 134, 135, 136, 137, 138, -139, -140, 141, 142, 143, 144, 145, 146, 147, 148, -149, 150, -151, 152, 153, 154, 155, -156, -157, -158, 159, -160, 161, 162] 
sigma1: 4068, sigma2: 3371, zer0: 2965
Bias calculated: 0.5468476945826052
----------
Loop 3 of sampler_2_Net8_count_96.cnf:
----------
file was constructed with these [-67, 68, 69, -70, -71, -72, 73, -74, -75, -76, -77, 78, -79, -80, -81, -82, 83, 84, -85, -86, 87, -88, -89, -90, 91, 92, 93, -94, 95, -96, 97, -98, -99, -100, 101, -102, 103, -104, -105, 106, -107, -108, -109, 110, -111, -112, 113, -114, 115, 116, -117, 118, -119, -120, 121, 122, 123, 124, 125, -126, 127, -128, -129, 130, -131, 132, 133, 134, 135, -136, -137, 138, -139, -140, -141, 142, 143, 144, 145, -146, 147, 148, 149, 150, 151, 152, -153, -154, -155, 156, -157, 158, 159, -160, -161, 162], [67, 68, 69, 70, 71, -72, 73, -74, 75, 76, -77, -78, 79, -80, -81, -82, 83, -84, 85, -86, -87, 88, 89, 90, 91, 92, 93, 94, 95, -96, 97, 98, 99, -100, -101, 102, 103, 104, 105, 106, 107, 108, -109, -110, 111, -112, 113, -114, 115, 116, -117, 118, -119, -120, -121, 122, 123, 124, 125, -126, 127, 128, -129, 130, 131, 132, -133, 134, 135, 136, 137, 138, 139, -140, -141, 142, 143, 144, 145, 146, 147, -148, 149, -150, -151, 152, 153, 154, 155, 156, 157, 158, -159, 160, 161, 162] 
sigma1: 3477, sigma2: 3170, zer0: 3757
Bias calculated: 0.5230931247179179
----------
Loop 4 of sampler_2_Net8_count_96.cnf:
----------
file was constructed with these [-67, -68, -69, 70, -71, 72, -73, -74, -75, 76, -77, -78, -79, -80, 81, -82, -83, 84, -85, -86, 87, 88, -89, -90, 91, 92, 93, -94, -95, -96, 97, 98, 99, -100, -101, 102, 103, 104, 105, 106, -107, -108, 109, 110, -111, 112, 113, 114, -115, 116, 117, 118, -119, 120, 121, 122, -123, 124, -125, -126, 127, 128, -129, -130, 131, -132, 133, -134, 135, -136, 137, -138, 139, 140, 141, 142, -143, -144, -145, -146, -147, 148, 149, -150, 151, 152, -153, 154, -155, -156, -157, 158, 159, -160, 161, 162], [67, 68, 69, 70, -71, 72, 73, 74, 75, -76, 77, 78, -79, 80, 81, 82, -83, 84, 85, 86, 87, 88, 89, 90, 91, 92, -93, 94, 95, 96, 97, 98, 99, -100, 101, 102, 103, -104, 105, 106, 107, 108, 109, 110, -111, 112, -113, 114, 115, 116, 117, 118, 119, 120, -121, 122, 123, 124, 125, -126, -127, -128, 129, -130, -131, 132, -133, 134, -135, -136, 137, 138, 139, 140, 141, 142, -143, -144, -145, -146, -147, -148, -149, 150, 151, 152, 153, 154, 155, 156, 157, 158, 159, 160, 161, 162] 
sigma1: 3011, sigma2: 4042, zer0: 3351
Bias calculated: 0.4269105345243159
----------
Loop 5 of sampler_2_Net8_count_96.cnf:
----------
file was constructed with these [-67, -68, -69, -70, -71, -72, -73, 74, -75, -76, -77, 78, -79, 80, -81, -82, -83, 84, 85, -86, 87, 88, -89, -90, 91, -92, -93, -94, -95, 96, 97, 98, -99, -100, 101, -102, -103, 104, 105, -106, -107, -108, 109, -110, 111, 112, -113, 114, -115, 116, 117, -118, 119, 120, -121, -122, 123, -124, 125, 126, 127, -128, 129, 130, -131, -132, -133, -134, 135, 136, -137, 138, 139, 140, 141, -142, 143, 144, 145, 146, 147, -148, 149, -150, 151, 152, -153, 154, 155, 156, -157, 158, -159, 160, -161, -162], [67, 68, 69, 70, 71, 72, 73, -74, 75, 76, 77, 78, -79, 80, 81, 82, 83, 84, 85, 86, 87, -88, -89, -90, 91, 92, 93, 94, 95, 96, 97, -98, 99, 100, 101, 102, 103, 104, 105, 106, 107, 108, 109, 110, 111, 112, 113, 114, -115, 116, 117, 118, 119, 120, 121, 122, 123, 124, 125, 126, 127, 128, 129, 130, 131, 132, 133, 134, -135, -136, -137, 138, 139, 140, 141, 142, -143, -144, 145, 146, 147, 148, -149, -150, 151, 152, 153, 154, 155, 156, -157, 158, 159, 160, -161, 162] 
sigma1: 3152, sigma2: 3744, zer0: 3508
Bias calculated: 0.45707656612529
----------
Loop 6 of sampler_2_Net8_count_96.cnf:
----------
file was constructed with these [67, 68, -69, -70, 71, 72, -73, -74, 75, 76, -77, -78, 79, -80, 81, 82, 83, -84, -85, 86, -87, 88, -89, 90, -91, 92, 93, 94, -95, 96, -97, -98, 99, -100, 101, 102, 103, -104, 105, -106, 107, 108, 109, -110, 111, -112, 113, -114, 115, 116, 117, 118, 119, 120, -121, 122, 123, -124, -125, 126, 127, 128, 129, 130, 131, 132, -133, 134, 135, 136, 137, -138, -139, -140, -141, 142, 143, -144, 145, -146, 147, -148, 149, -150, 151, -152, -153, -154, -155, -156, 157, 158, 159, 160, -161, 162], [67, 68, 69, 70, 71, 72, -73, -74, 75, 76, 77, 78, 79, 80, -81, -82, 83, -84, 85, 86, 87, 88, 89, -90, 91, 92, 93, 94, 95, 96, 97, -98, -99, 100, -101, -102, 103, 104, 105, -106, 107, 108, 109, 110, 111, 112, 113, 114, 115, 116, 117, 118, 119, 120, 121, -122, -123, 124, -125, -126, -127, 128, -129, -130, -131, 132, 133, 134, 135, 136, 137, 138, 139, 140, 141, 142, 143, -144, 145, -146, -147, 148, 149, 150, -151, -152, 153, -154, 155, -156, -157, -158, -159, 160, 161, -162] 
sigma1: 3534, sigma2: 3443, zer0: 3427
Bias calculated: 0.5065214275476566
----------
Loop 7 of sampler_2_Net8_count_96.cnf:
----------
file was constructed with these [67, -68, 69, 70, -71, 72, 73, 74, -75, -76, 77, 78, -79, -80, -81, -82, 83, 84, 85, -86, 87, 88, 89, 90, 91, 92, 93, 94, -95, -96, 97, -98, 99, 100, 101, 102, -103, 104, -105, -106, 107, 108, -109, 110, 111, -112, 113, 114, -115, -116, 117, 118, 119, -120, 121, -122, 123, -124, -125, -126, -127, 128, -129, 130, -131, 132, -133, 134, -135, -136, 137, 138, -139, 140, -141, 142, -143, 144, -145, -146, 147, 148, 149, 150, 151, -152, 153, 154, -155, 156, 157, 158, 159, 160, -161, 162], [67, -68, 69, 70, -71, 72, -73, 74, 75, 76, 77, 78, 79, 80, 81, 82, -83, 84, 85, -86, 87, -88, -89, -90, 91, -92, 93, -94, 95, 96, 97, 98, 99, -100, 101, 102, 103, 104, 105, 106, -107, 108, 109, 110, 111, -112, 113, -114, 115, 116, 117, -118, -119, -120, 121, 122, -123, -124, 125, 126, 127, -128, 129, -130, -131, -132, 133, 134, 135, 136, 137, -138, 139, 140, 141, -142, 143, 144, 145, 146, -147, 148, -149, -150, -151, 152, 153, 154, 155, -156, -157, -158, 159, 160, 161, -162] 
sigma1: 3678, sigma2: 3797, zer0: 2929
Bias calculated: 0.4920401337792642
----------
Loop 8 of sampler_2_Net8_count_96.cnf:
----------
file was constructed with these [-67, -68, -69, 70, 71, -72, 73, 74, -75, 76, -77, 78, 79, 80, -81, 82, -83, 84, -85, -86, 87, -88, 89, -90, -91, 92, 93, 94, -95, 96, 97, 98, -99, -100, -101, -102, -103, 104, 105, -106, -107, -108, -109, 110, 111, -112, 113, 114, 115, 116, 117, 118, -119, -120, 121, -122, -123, 124, -125, -126, -127, 128, -129, 130, 131, -132, 133, 134, -135, -136, 137, -138, -139, 140, -141, 142, -143, 144, -145, 146, -147, 148, -149, -150, -151, -152, 153, -154, 155, 156, -157, 158, -159, -160, -161, 162], [67, 68, -69, -70, 71, 72, -73, 74, -75, 76, 77, 78, -79, 80, -81, 82, -83, -84, -85, 86, -87, 88, 89, 90, 91, 92, 93, -94, 95, -96, 97, 98, 99, -100, -101, 102, 103, -104, 105, 106, 107, 108, -109, 110, -111, 112, 113, 114, 115, 116, 117, -118, 119, 120, 121, -122, -123, -124, 125, 126, 127, -128, 129, 130, -131, 132, 133, 134, 135, 136, 137, 138, -139, 140, -141, 142, 143, 144, 145, -146, 147, -148, -149, -150, 151, 152, -153, -154, 155, 156, -157, -158, 159, 160, 161, 162] 
sigma1: 3516, sigma2: 3863, zer0: 3025
Bias calculated: 0.47648732890635587
----------
Loop 9 of sampler_2_Net8_count_96.cnf:
----------
file was constructed with these [67, 68, -69, 70, -71, -72, 73, 74, 75, -76, -77, -78, 79, -80, -81, 82, -83, 84, 85, 86, -87, -88, -89, -90, 91, 92, -93, 94, -95, 96, 97, 98, 99, -100, -101, -102, -103, 104, 105, -106, 107, -108, -109, -110, -111, -112, 113, -114, 115, 116, -117, 118, 119, -120, -121, -122, 123, -124, -125, -126, -127, 128, 129, 130, -131, 132, 133, -134, 135, 136, -137, -138, 139, -140, 141, 142, -143, -144, -145, 146, 147, -148, 149, 150, -151, 152, 153, -154, 155, 156, -157, 158, 159, 160, 161, 162], [-67, 68, 69, 70, -71, 72, -73, 74, 75, 76, 77, -78, -79, 80, 81, 82, 83, -84, 85, 86, -87, 88, -89, -90, 91, 92, 93, 94, -95, 96, -97, 98, 99, 100, 101, 102, -103, -104, -105, -106, 107, 108, 109, -110, 111, 112, 113, 114, 115, 116, -117, 118, 119, 120, 121, -122, 123, 124, 125, 126, -127, 128, 129, 130, -131, -132, 133, 134, 135, 136, 137, 138, -139, 140, -141, -142, 143, 144, 145, 146, 147, 148, -149, 150, 151, 152, -153, -154, 155, -156, -157, -158, 159, -160, 161, 162] 
sigma1: 3027, sigma2: 4122, zer0: 3255
Bias calculated: 0.4234158623583718
----------
Loop 10 of sampler_2_Net8_count_96.cnf:
----------
file was constructed with these [-67, 68, -69, 70, 71, -72, 73, 74, -75, -76, 77, 78, -79, -80, 81, -82, 83, -84, -85, -86, 87, -88, -89, -90, -91, -92, 93, 94, -95, -96, 97, 98, 99, 100, 101, -102, 103, -104, 105, -106, -107, -108, 109, 110, 111, -112, 113, -114, 115, -116, 117, -118, -119, 120, 121, -122, 123, -124, -125, 126, -127, 128, -129, 130, -131, 132, 133, -134, 135, -136, -137, -138, 139, 140, 141, -142, -143, -144, -145, 146, -147, 148, -149, 150, -151, 152, 153, 154, 155, 156, 157, -158, 159, 160, 161, 162], [67, 68, 69, 70, 71, 72, 73, 74, -75, -76, 77, 78, -79, -80, 81, 82, 83, -84, 85, 86, 87, 88, 89, 90, 91, -92, 93, 94, -95, 96, 97, 98, -99, 100, -101, 102, -103, 104, 105, 106, 107, -108, 109, -110, -111, 112, 113, -114, 115, -116, 117, 118, -119, 120, 121, -122, -123, -124, 125, 126, 127, -128, 129, 130, -131, -132, -133, 134, 135, 136, -137, 138, 139, -140, -141, 142, 143, 144, 145, 146, 147, 148, -149, 150, 151, -152, 153, -154, 155, 156, -157, 158, 159, 160, 161, -162] 
sigma1: 3095, sigma2: 4207, zer0: 3102
Bias calculated: 0.4238564776773487
----------
Loop 11 of sampler_2_Net8_count_96.cnf:
----------
file was constructed with these [-67, -68, -69, 70, -71, 72, -73, 74, 75, 76, -77, 78, -79, 80, -81, 82, 83, 84, -85, -86, -87, -88, 89, -90, 91, 92, -93, -94, -95, 96, 97, -98, 99, 100, -101, -102, -103, -104, 105, -106, -107, 108, 109, -110, -111, 112, 113, 114, -115, 116, 117, 118, 119, 120, 121, -122, -123, -124, -125, -126, 127, -128, -129, -130, 131, 132, -133, -134, 135, 136, -137, 138, -139, 140, 141, -142, 143, -144, -145, 146, 147, 148, -149, 150, -151, -152, 153, 154, -155, -156, 157, 158, -159, -160, 161, 162], [67, 68, 69, -70, 71, 72, 73, -74, 75, 76, -77, -78, 79, 80, 81, 82, -83, 84, -85, 86, 87, -88, -89, -90, 91, -92, 93, -94, 95, 96, 97, -98, 99, 100, 101, 102, 103, 104, -105, 106, -107, 108, 109, 110, 111, -112, 113, -114, -115, 116, -117, -118, 119, -120, 121, 122, 123, 124, 125, -126, 127, -128, 129, -130, 131, 132, 133, 134, 135, 136, 137, -138, 139, 140, 141, 142, 143, -144, 145, 146, 147, -148, 149, -150, 151, 152, 153, 154, 155, -156, 157, 158, 159, 160, 161, -162] 
sigma1: 2879, sigma2: 4706, zer0: 2819
Bias calculated: 0.379564930784443
----------
Loop 12 of sampler_2_Net8_count_96.cnf:
----------
file was constructed with these [-67, 68, 69, 70, 71, -72, -73, -74, -75, 76, -77, 78, -79, -80, 81, -82, -83, -84, -85, 86, -87, -88, -89, -90, -91, -92, 93, -94, -95, 96, 97, -98, 99, 100, 101, -102, 103, 104, -105, -106, -107, 108, 109, -110, 111, -112, -113, 114, 115, -116, -117, 118, 119, 120, -121, 122, 123, 124, -125, -126, -127, 128, -129, 130, 131, 132, -133, -134, -135, -136, -137, -138, 139, -140, -141, -142, -143, 144, 145, 146, 147, -148, 149, -150, 151, 152, -153, -154, -155, -156, -157, 158, 159, -160, -161, -162], [67, 68, 69, 70, 71, 72, 73, 74, 75, 76, 77, 78, -79, -80, 81, 82, -83, -84, 85, -86, 87, 88, 89, 90, -91, 92, 93, 94, 95, 96, 97, 98, 99, -100, 101, -102, 103, 104, 105, 106, -107, 108, -109, 110, -111, 112, -113, 114, -115, -116, -117, -118, -119, -120, 121, 122, 123, -124, -125, 126, 127, 128, -129, 130, 131, 132, 133, 134, -135, -136, 137, -138, 139, 140, 141, -142, -143, 144, 145, 146, -147, 148, -149, 150, 151, 152, 153, 154, -155, -156, 157, 158, -159, 160, 161, 162] 
sigma1: 4030, sigma2: 3098, zer0: 3276
Bias calculated: 0.5653759820426487
----------
Loop 13 of sampler_2_Net8_count_96.cnf:
----------
file was constructed with these [-67, 68, -69, -70, 71, -72, 73, 74, 75, 76, 77, -78, -79, 80, -81, 82, 83, 84, -85, 86, -87, -88, -89, -90, 91, -92, -93, 94, 95, 96, 97, -98, -99, -100, 101, 102, -103, -104, -105, -106, 107, 108, -109, 110, 111, -112, -113, -114, -115, -116, 117, -118, -119, 120, 121, -122, -123, 124, 125, 126, 127, -128, 129, 130, -131, -132, -133, -134, 135, -136, -137, -138, 139, 140, -141, -142, 143, -144, -145, 146, 147, 148, -149, 150, 151, 152, 153, 154, -155, -156, -157, 158, -159, 160, -161, -162], [67, 68, 69, 70, -71, 72, 73, -74, 75, -76, 77, 78, -79, 80, 81, 82, -83, 84, 85, 86, -87, 88, 89, 90, 91, 92, 93, 94, 95, 96, 97, 98, -99, -100, 101, 102, 103, 104, 105, 106, 107, 108, -109, 110, 111, 112, 113, 114, 115, -116, 117, 118, 119, -120, 121, 122, 123, -124, 125, -126, 127, 128, 129, 130, -131, 132, -133, -134, -135, 136, 137, -138, 139, 140, 141, -142, 143, 144, -145, 146, 147, -148, 149, -150, 151, 152, 153, 154, 155, 156, -157, 158, 159, -160, 161, 162] 
sigma1: 3803, sigma2: 3121, zer0: 3480
Bias calculated: 0.5492489890236857
----------
Loop 14 of sampler_2_Net8_count_96.cnf:
----------
file was constructed with these [67, -68, 69, -70, -71, -72, 73, 74, -75, -76, 77, 78, 79, 80, -81, 82, -83, 84, -85, -86, 87, 88, 89, 90, -91, 92, 93, 94, -95, 96, 97, 98, -99, -100, -101, -102, -103, -104, -105, 106, -107, 108, -109, -110, -111, -112, 113, -114, 115, -116, 117, -118, 119, -120, 121, 122, 123, -124, -125, 126, -127, -128, -129, -130, -131, 132, -133, 134, 135, -136, -137, 138, 139, -140, 141, 142, -143, 144, -145, 146, 147, 148, -149, -150, 151, 152, -153, -154, -155, -156, -157, -158, -159, -160, -161, 162], [-67, 68, 69, 70, 71, 72, 73, -74, -75, 76, 77, 78, -79, -80, 81, -82, 83, -84, 85, -86, 87, 88, 89, 90, -91, -92, -93, 94, 95, 96, 97, 98, -99, 100, 101, 102, 103, 104, 105, 106, 107, 108, 109, -110, 111, 112, 113, -114, 115, -116, -117, -118, 119, -120, -121, 122, 123, 124, -125, 126, -127, 128, 129, -130, 131, 132, 133, 134, 135, 136, 137, 138, -139, -140, -141, 142, 143, 144, -145, 146, -147, 148, -149, 150, -151, -152, -153, 154, 155, -156, 157, 158, -159, -160, 161, 162] 
sigma1: 4101, sigma2: 3675, zer0: 2628
Bias calculated: 0.527391975308642
----------
Loop 15 of sampler_2_Net8_count_96.cnf:
----------
file was constructed with these [67, -68, -69, -70, -71, 72, -73, 74, 75, -76, 77, 78, 79, 80, -81, -82, 83, 84, 85, -86, -87, -88, -89, -90, 91, -92, -93, -94, 95, -96, 97, 98, 99, 100, 101, 102, -103, 104, -105, -106, 107, -108, 109, -110, 111, -112, -113, -114, 115, 116, 117, 118, -119, 120, -121, 122, 123, -124, -125, -126, -127, 128, -129, 130, 131, 132, 133, 134, -135, 136, 137, -138, 139, 140, -141, -142, 143, 144, 145, -146, -147, -148, -149, -150, 151, -152, -153, 154, -155, -156, 157, -158, 159, 160, 161, -162], [67, 68, 69, 70, 71, 72, 73, -74, 75, 76, 77, 78, -79, 80, 81, -82, 83, 84, -85, 86, -87, -88, -89, -90, 91, 92, 93, 94, 95, 96, 97, 98, -99, 100, 101, 102, 103, 104, -105, 106, 107, 108, 109, -110, 111, 112, 113, -114, 115, -116, 117, -118, 119, -120, 121, -122, -123, 124, 125, 126, -127, 128, 129, -130, 131, 132, 133, 134, 135, 136, 137, 138, 139, 140, 141, 142, -143, 144, -145, 146, -147, 148, -149, -150, 151, -152, 153, -154, 155, 156, -157, -158, -159, -160, -161, 162] 
sigma1: 4439, sigma2: 2233, zer0: 3732
Bias calculated: 0.6653177458033573
Sampler: QuickSampler RejectIteration:15 TotalSolutionsGenerated:166480 TotalIdealSamples:16


 time taken : 182.83952689170837
