 t: 21 delta: 0.1
 eta: 0.1
 epsilon: 0.1
L: 0.55	 H: 0.6190476190476191	 Threshold T : 0.5845238095238096
numSolutions : 6232	 MaxSolutions : 10404

----------
Loop 0 of sampler_3_Net8_count_96.cnf:
----------
file was constructed with these [67, -68, 69, 70, -71, -72, 73, 74, 75, -76, 77, -78, 79, -80, 81, 82, -83, 84, -85, 86, -87, 88, 89, 90, 91, 92, -93, 94, -95, 96, -97, 98, 99, 100, -101, 102, 103, -104, 105, 106, 107, 108, -109, 110, -111, 112, -113, 114, -115, 116, 117, -118, -119, 120, -121, -122, 123, 124, 125, -126, -127, -128, 129, 130, -131, -132, -133, 134, -135, -136, -137, -138, -139, 140, -141, -142, 143, -144, -145, 146, -147, 148, 149, -150, 151, 152, 153, 154, 155, 156, 157, -158, 159, -160, 161, -162], [67, 68, 69, -70, 71, -72, 73, 74, 75, 76, 77, 78, 79, 80, 81, -82, 83, 84, -85, 86, 87, -88, -89, -90, -91, 92, -93, -94, 95, -96, 97, 98, 99, 100, 101, 102, 103, -104, -105, 106, -107, 108, 109, -110, 111, -112, 113, 114, 115, 116, 117, 118, -119, 120, 121, -122, 123, -124, 125, 126, 127, -128, 129, -130, 131, -132, 133, -134, -135, 136, 137, 138, 139, -140, 141, -142, -143, -144, -145, -146, 147, 148, -149, -150, 151, 152, 153, 154, -155, 156, 157, 158, 159, 160, 161, -162] 
sigma1: 4159, sigma2: 3137, zer0: 3108
Bias calculated: 0.5700383771929824
----------
Loop 1 of sampler_3_Net8_count_96.cnf:
----------
file was constructed with these [67, -68, 69, 70, -71, -72, 73, 74, 75, -76, 77, -78, 79, -80, 81, 82, -83, 84, -85, 86, -87, 88, 89, 90, 91, 92, -93, 94, -95, 96, -97, 98, 99, 100, -101, 102, 103, -104, 105, 106, 107, 108, -109, 110, -111, 112, -113, 114, -115, 116, 117, -118, -119, 120, -121, -122, 123, 124, 125, -126, -127, -128, 129, 130, -131, -132, -133, 134, -135, -136, -137, -138, -139, 140, -141, -142, 143, -144, -145, 146, -147, 148, 149, -150, 151, 152, 153, 154, 155, 156, 157, -158, -159, -160, -161, -162], [67, 68, 69, 70, -71, 72, 73, 74, -75, -76, 77, 78, -79, -80, 81, 82, -83, -84, -85, -86, 87, 88, 89, 90, -91, -92, 93, 94, -95, 96, 97, -98, 99, -100, 101, -102, 103, 104, 105, 106, 107, 108, -109, -110, -111, 112, 113, -114, 115, -116, -117, 118, 119, 120, 121, 122, 123, 124, 125, 126, 127, 128, 129, 130, 131, 132, -133, 134, 135, 136, -137, 138, 139, -140, 141, 142, 143, 144, -145, 146, 147, -148, 149, 150, -151, 152, 153, 154, 155, -156, -157, 158, 159, 160, 161, 162] 
sigma1: 2734, sigma2: 3829, zer0: 3841
Bias calculated: 0.4165777845497486
----------
Loop 2 of sampler_3_Net8_count_96.cnf:
----------
file was constructed with these [67, -68, 69, 70, -71, -72, 73, 74, 75, -76, 77, -78, 79, -80, 81, 82, -83, 84, -85, 86, -87, 88, 89, 90, 91, -92, 93, -94, 95, -96, 97, -98, 99, 100, 101, 102, -103, 104, 105, 106, -107, 108, 109, 110, -111, -112, 113, 114, -115, -116, -117, 118, 119, 120, -121, -122, -123, 124, -125, 126, -127, 128, -129, 130, 131, -132, 133, 134, -135, -136, 137, -138, -139, -140, 141, -142, -143, 144, -145, -146, 147, 148, 149, -150, -151, -152, -153, 154, 155, 156, -157, 158, -159, 160, -161, -162], [67, 68, 69, 70, -71, 72, 73, 74, 75, 76, 77, -78, -79, 80, 81, 82, 83, 84, 85, -86, -87, 88, -89, -90, -91, 92, 93, 94, 95, 96, -97, 98, -99, 100, 101, 102, -103, -104, 105, -106, 107, 108, 109, 110, 111, 112, 113, 114, 115, -116, 117, -118, 119, -120, -121, -122, 123, 124, 125, 126, -127, 128, 129, 130, 131, -132, 133, -134, 135, -136, 137, 138, -139, -140, 141, 142, 143, -144, -145, 146, 147, 148, 149, -150, 151, 152, 153, 154, 155, 156, -157, -158, 159, 160, 161, 162] 
sigma1: 3369, sigma2: 2333, zer0: 4702
Bias calculated: 0.5908453174324798
Sampler: STS RejectIteration:2 TotalSolutionsGenerated:31215 TotalIdealSamples:3


 time taken : 25.60330033302307
