 t: 21 delta: 0.1
 eta: 0.1
 epsilon: 0.1
L: 0.55	 H: 0.6190476190476191	 Threshold T : 0.5845238095238096
numSolutions : 6232	 MaxSolutions : 10404

----------
Loop 0 of sampler_3_Net22_count_116.cnf:
----------
file was constructed with these [104, -105, 106, 107, -108, -109, 110, 111, 112, 113, 114, 115, 116, -117, -118, 119, 120, -121, 122, -123, 124, -125, -126, 127, 128, 129, 130, -131, -132, 133, 134, -135, -136, 137, -138, 139, -140, -141, 142, 143, 144, 145, -146, -147, 148, 149, 150, 151, -152, 153, 154, -155, 156, 157, -158, 159, 160, -161, -162, -163, 164, 165, -166, 167, 168, -169, 170, -171, 172, 173, 174, 175, 176, -177, 178, 179, 180, 181, -182, 183, 184, 185, 186, -187, -188, -189, 190, 191, 192, 193, -194, 195, -196, -197, 198, 199, -200, 201, 202, 203, 204, -205, 206, 207, -208, -209, -210, -211, 212, 213, 214, -215, -216, -217, 218, 219], [-104, -105, 106, 107, 108, 109, -110, 111, 112, 113, 114, -115, -116, -117, 118, 119, -120, 121, 122, 123, 124, 125, -126, -127, 128, -129, 130, 131, 132, -133, -134, -135, 136, -137, -138, 139, 140, 141, 142, 143, -144, -145, 146, 147, -148, 149, 150, 151, 152, -153, 154, -155, 156, 157, 158, 159, 160, 161, 162, -163, 164, -165, -166, -167, 168, -169, -170, -171, -172, -173, 174, -175, 176, 177, -178, -179, 180, 181, -182, -183, 184, -185, -186, 187, 188, 189, -190, 191, 192, -193, 194, 195, 196, 197, 198, 199, -200, 201, 202, 203, 204, 205, 206, -207, 208, 209, 210, 211, -212, 213, 214, 215, 216, 217, -218, -219] 
sigma1: 2528, sigma2: 4038, zer0: 3838
Bias calculated: 0.38501370697532744
----------
Loop 1 of sampler_3_Net22_count_116.cnf:
----------
file was constructed with these [104, -105, 106, 107, -108, -109, 110, 111, 112, 113, 114, 115, 116, -117, -118, 119, 120, -121, 122, -123, 124, -125, -126, 127, 128, 129, 130, -131, -132, 133, 134, -135, -136, 137, -138, 139, -140, -141, 142, 143, 144, 145, 146, 147, 148, 149, -150, 151, 152, -153, -154, 155, -156, -157, 158, 159, 160, -161, 162, -163, 164, -165, 166, -167, -168, 169, 170, -171, -172, 173, -174, 175, 176, 177, -178, -179, 180, -181, -182, 183, -184, -185, 186, 187, -188, -189, -190, 191, -192, 193, -194, 195, 196, 197, 198, -199, -200, -201, -202, 203, -204, 205, 206, 207, 208, -209, 210, -211, 212, 213, 214, -215, -216, 217, -218, -219], [104, -105, 106, 107, -108, 109, 110, -111, 112, -113, -114, -115, 116, 117, -118, -119, 120, 121, 122, 123, 124, -125, -126, 127, -128, -129, 130, 131, -132, -133, -134, -135, 136, 137, 138, -139, -140, 141, 142, 143, 144, 145, -146, 147, 148, -149, 150, -151, -152, 153, 154, 155, 156, 157, 158, 159, 160, 161, 162, 163, 164, 165, 166, -167, 168, 169, -170, -171, 172, 173, -174, -175, -176, 177, 178, -179, -180, 181, 182, 183, 184, 185, -186, 187, -188, -189, -190, 191, -192, -193, 194, 195, -196, -197, 198, 199, -200, 201, 202, 203, 204, 205, 206, 207, 208, 209, -210, 211, 212, 213, 214, 215, -216, -217, -218, -219] 
sigma1: 3284, sigma2: 3560, zer0: 3560
Bias calculated: 0.4798363530099357
----------
Loop 2 of sampler_3_Net22_count_116.cnf:
----------
file was constructed with these [-104, -105, -106, 107, -108, -109, 110, -111, 112, -113, 114, 115, -116, 117, 118, 119, 120, 121, 122, 123, 124, 125, 126, -127, -128, -129, 130, -131, -132, 133, 134, 135, -136, 137, -138, 139, -140, -141, -142, 143, -144, 145, -146, 147, -148, 149, 150, 151, 152, -153, 154, -155, 156, 157, -158, 159, -160, 161, 162, 163, -164, -165, 166, 167, -168, -169, -170, 171, -172, 173, -174, 175, -176, -177, -178, 179, -180, 181, 182, -183, 184, 185, -186, 187, 188, -189, -190, 191, -192, -193, -194, -195, -196, -197, -198, -199, -200, 201, -202, -203, -204, 205, 206, -207, -208, -209, -210, 211, -212, 213, 214, 215, 216, 217, -218, 219], [104, -105, 106, 107, 108, -109, 110, 111, 112, 113, 114, 115, 116, 117, -118, -119, 120, -121, 122, 123, -124, -125, -126, -127, 128, 129, 130, -131, -132, 133, 134, -135, -136, -137, -138, -139, 140, 141, 142, -143, -144, 145, -146, -147, -148, 149, -150, 151, 152, 153, 154, 155, 156, 157, -158, 159, 160, 161, 162, 163, -164, 165, 166, 167, -168, 169, 170, 171, 172, -173, -174, 175, 176, -177, -178, 179, -180, 181, 182, -183, -184, 185, -186, 187, -188, -189, -190, -191, 192, -193, 194, 195, 196, 197, 198, 199, 200, -201, 202, 203, 204, 205, -206, 207, 208, -209, -210, 211, -212, -213, 214, 215, 216, 217, 218, 219] 
sigma1: 3945, sigma2: 2882, zer0: 3577
Bias calculated: 0.5778526439138714
----------
Loop 3 of sampler_3_Net22_count_116.cnf:
----------
file was constructed with these [104, -105, 106, 107, -108, -109, 110, 111, 112, 113, 114, 115, 116, -117, -118, 119, 120, -121, 122, -123, 124, -125, -126, 127, 128, 129, 130, -131, -132, 133, 134, -135, -136, 137, -138, 139, -140, -141, 142, 143, 144, 145, -146, -147, 148, 149, 150, 151, -152, 153, 154, -155, 156, 157, -158, 159, 160, -161, -162, -163, 164, 165, -166, 167, 168, -169, 170, -171, 172, 173, 174, 175, 176, -177, 178, 179, 180, 181, -182, 183, 184, 185, 186, -187, -188, -189, 190, 191, 192, -193, 194, 195, 196, -197, -198, 199, 200, 201, -202, 203, 204, 205, -206, 207, 208, -209, 210, 211, 212, -213, 214, 215, 216, 217, -218, 219], [104, 105, 106, 107, 108, 109, 110, 111, 112, 113, 114, 115, 116, 117, 118, -119, 120, 121, 122, 123, -124, 125, 126, -127, 128, 129, 130, 131, -132, 133, 134, 135, 136, 137, 138, 139, 140, 141, 142, 143, 144, 145, 146, 147, -148, -149, -150, 151, 152, 153, 154, 155, 156, -157, 158, 159, 160, 161, -162, 163, -164, 165, 166, 167, 168, 169, 170, 171, 172, -173, -174, 175, 176, 177, 178, -179, 180, 181, 182, -183, -184, 185, 186, 187, 188, 189, -190, -191, 192, 193, -194, 195, -196, -197, 198, 199, 200, -201, 202, -203, 204, 205, 206, 207, -208, 209, -210, 211, 212, 213, -214, -215, -216, 217, -218, 219] 
sigma1: 2996, sigma2: 3095, zer0: 4313
Bias calculated: 0.4918732556230504
Sampler: STS RejectIteration:3 TotalSolutionsGenerated:41620 TotalIdealSamples:4


 time taken : 42.83160424232483
