 t: 21 delta: 0.1
 eta: 0.1
 epsilon: 0.1
L: 0.55	 H: 0.6190476190476191	 Threshold T : 0.5845238095238096
numSolutions : 6232	 MaxSolutions : 10404

----------
Loop 0 of sampler_1_Net27_count_118.cnf:
----------
file was constructed with these [113, -114, 115, -116, -117, 118, -119, -120, -121, -122, 123, -124, 125, -126, -127, -128, -129, -130, 131, 132, -133, 134, -135, -136, -137, -138, 139, 140, 141, -142, -143, 144, -145, 146, -147, -148, 149, 150, 151, -152, -153, 154, -155, -156, 157, 158, -159, 160, 161, 162, -163, -164, 165, 166, -167, -168, -169, 170, 171, 172, 173, -174, 175, 176, -177, 178, -179, -180, 181, -182, -183, -184, 185, -186, 187, 188, 189, -190, 191, -192, -193, -194, -195, -196, -197, -198, -199, 200, 201, 202, 203, -204, 205, 206, -207, 208, 209, -210, -211, 212, -213, -214, 215, -216, -217, -218, -219, 220, 221, -222, -223, -224, 225, 226, -227, -228, 229, -230, 0], [113, -114, 115, 116, 117, -118, 119, 120, 121, 122, 123, 124, 125, 126, 127, 128, -129, 130, 131, -132, -133, -134, 135, -136, -137, -138, 139, 140, 141, 142, 143, 144, 145, -146, -147, 148, 149, -150, -151, 152, 153, -154, 155, 156, 157, 158, -159, -160, -161, -162, 163, -164, 165, -166, 167, 168, 169, -170, -171, 172, -173, 174, -175, 176, -177, 178, 179, 180, -181, 182, 183, 184, -185, 186, 187, -188, 189, 190, 191, 192, -193, 194, -195, -196, 197, -198, 199, -200, 201, 202, 203, 204, 205, 206, -207, 208, -209, 210, 211, 212, 213, 214, -215, 216, 217, -218, 219, 220, 221, 222, 223, 224, 225, -226, 227, 228, 229, 230] 
sigma1: 3401, sigma2: 3416, zer0: 3587
Bias calculated: 0.4988998093002787
----------
Loop 1 of sampler_1_Net27_count_118.cnf:
----------
file was constructed with these [113, 114, 115, -116, 117, 118, -119, -120, 121, 122, 123, 124, -125, 126, -127, -128, 129, -130, 131, 132, -133, -134, 135, -136, -137, -138, 139, -140, 141, -142, 143, 144, -145, 146, 147, -148, -149, 150, 151, 152, -153, 154, 155, 156, -157, -158, -159, 160, 161, -162, 163, -164, -165, -166, -167, -168, 169, -170, 171, -172, -173, -174, 175, -176, -177, 178, 179, -180, 181, 182, -183, -184, -185, -186, 187, -188, 189, -190, -191, -192, 193, -194, -195, 196, 197, 198, 199, 200, 201, -202, 203, -204, 205, -206, 207, 208, 209, 210, -211, 212, 213, -214, 215, -216, -217, 218, -219, 220, 221, -222, 223, -224, 225, -226, 227, 228, 229, -230, 0], [113, -114, 115, 116, 117, 118, 119, -120, 121, -122, 123, 124, 125, 126, -127, 128, 129, -130, -131, 132, 133, 134, -135, 136, 137, 138, 139, 140, -141, -142, -143, 144, 145, -146, 147, 148, -149, 150, 151, 152, -153, 154, -155, 156, 157, 158, 159, -160, 161, 162, 163, 164, 165, -166, 167, -168, 169, 170, 171, 172, 173, -174, -175, -176, 177, -178, -179, 180, 181, 182, 183, 184, 185, 186, 187, 188, 189, 190, 191, 192, 193, -194, 195, -196, 197, 198, 199, 200, 201, 202, 203, 204, 205, 206, 207, -208, 209, -210, 211, 212, -213, 214, 215, -216, -217, 218, -219, 220, 221, -222, 223, 224, 225, -226, 227, 228, 229, 230] 
sigma1: 3382, sigma2: 3355, zer0: 3667
Bias calculated: 0.502003859284548
----------
Loop 2 of sampler_1_Net27_count_118.cnf:
----------
file was constructed with these [-113, -114, -115, 116, 117, 118, 119, 120, -121, 122, -123, 124, -125, -126, 127, 128, 129, 130, 131, 132, -133, 134, 135, -136, 137, -138, -139, 140, 141, -142, -143, -144, -145, -146, 147, 148, 149, -150, -151, -152, 153, -154, -155, -156, 157, -158, -159, -160, -161, 162, -163, 164, 165, 166, 167, -168, 169, -170, 171, -172, -173, 174, 175, 176, 177, 178, -179, 180, 181, 182, -183, 184, 185, 186, -187, -188, 189, 190, 191, -192, -193, -194, -195, 196, -197, 198, 199, -200, -201, -202, 203, 204, -205, -206, -207, -208, 209, 210, 211, 212, 213, -214, -215, -216, 217, -218, -219, -220, -221, -222, -223, 224, -225, 226, 227, 228, 229, 230, 0], [113, 114, 115, 116, 117, 118, -119, 120, -121, 122, 123, -124, 125, 126, 127, 128, 129, 130, 131, 132, -133, -134, -135, 136, 137, 138, 139, 140, 141, 142, -143, -144, -145, 146, -147, -148, 149, -150, 151, 152, 153, 154, 155, -156, 157, -158, 159, 160, -161, 162, 163, 164, -165, 166, -167, 168, -169, 170, -171, -172, -173, 174, 175, 176, 177, 178, 179, 180, 181, 182, -183, 184, 185, 186, 187, 188, 189, 190, 191, 192, 193, -194, -195, -196, -197, 198, -199, 200, 201, 202, 203, -204, 205, -206, 207, 208, 209, 210, 211, 212, -213, 214, 215, -216, 217, 218, -219, 220, -221, 222, 223, 224, 225, -226, -227, 228, 229, 230] 
sigma1: 3465, sigma2: 3453, zer0: 3486
Bias calculated: 0.5008673026886383
----------
Loop 3 of sampler_1_Net27_count_118.cnf:
----------
file was constructed with these [113, -114, 115, 116, 117, -118, -119, 120, -121, 122, 123, 124, 125, 126, 127, 128, -129, 130, -131, -132, 133, -134, -135, 136, 137, 138, 139, -140, 141, 142, 143, 144, 145, 146, -147, -148, 149, 150, -151, 152, -153, 154, -155, -156, 157, 158, 159, -160, 161, 162, -163, -164, -165, -166, 167, 168, 169, 170, 171, -172, 173, 174, -175, 176, 177, 178, -179, -180, -181, 182, -183, -184, 185, -186, -187, 188, -189, -190, -191, 192, 193, -194, 195, -196, 197, -198, 199, 200, -201, -202, 203, -204, 205, -206, -207, 208, 209, -210, -211, 212, 213, 214, 215, 216, 217, 218, 219, -220, 221, 222, 223, 224, -225, -226, 227, 228, 229, 230, 0], [113, 114, 115, 116, 117, 118, 119, 120, 121, -122, 123, 124, 125, 126, -127, 128, -129, 130, -131, -132, -133, 134, 135, 136, -137, 138, 139, 140, -141, 142, -143, 144, -145, 146, 147, -148, 149, -150, 151, 152, 153, 154, 155, 156, -157, 158, -159, 160, 161, 162, -163, -164, 165, 166, 167, 168, 169, -170, 171, -172, 173, 174, 175, 176, 177, 178, -179, -180, 181, 182, 183, 184, 185, -186, 187, 188, -189, -190, 191, 192, -193, 194, 195, 196, -197, 198, -199, 200, 201, -202, 203, 204, -205, -206, 207, 208, -209, 210, -211, -212, 213, 214, 215, 216, 217, -218, 219, 220, 221, 222, 223, 224, 225, -226, 227, 228, 229, -230] 
sigma1: 3561, sigma2: 3324, zer0: 3519
Bias calculated: 0.5172113289760348
----------
Loop 4 of sampler_1_Net27_count_118.cnf:
----------
file was constructed with these [113, -114, -115, -116, 117, -118, -119, -120, 121, 122, 123, -124, 125, -126, 127, -128, -129, -130, -131, -132, 133, 134, 135, -136, 137, 138, 139, -140, -141, -142, -143, 144, 145, -146, 147, 148, -149, -150, -151, 152, -153, -154, -155, -156, 157, -158, 159, 160, -161, 162, 163, -164, -165, 166, -167, 168, 169, 170, -171, -172, -173, -174, -175, 176, -177, 178, -179, -180, -181, -182, 183, -184, 185, -186, 187, 188, 189, -190, -191, 192, -193, -194, -195, 196, -197, -198, -199, -200, 201, 202, 203, -204, 205, 206, -207, 208, -209, -210, -211, 212, 213, 214, -215, 216, 217, 218, 219, -220, -221, -222, -223, 224, -225, 226, -227, 228, -229, 230, 0], [113, 114, -115, 116, -117, 118, -119, -120, 121, 122, -123, 124, -125, 126, 127, 128, 129, 130, -131, 132, -133, -134, -135, 136, 137, 138, 139, -140, 141, 142, 143, 144, 145, 146, -147, -148, -149, -150, 151, -152, 153, -154, 155, -156, 157, 158, 159, -160, -161, 162, 163, 164, 165, 166, 167, 168, 169, 170, 171, 172, 173, 174, 175, 176, -177, 178, 179, 180, 181, 182, 183, 184, -185, -186, -187, 188, 189, 190, -191, -192, 193, -194, 195, -196, 197, 198, 199, -200, -201, -202, 203, -204, 205, -206, -207, 208, 209, 210, 211, 212, 213, 214, 215, -216, 217, 218, 219, 220, 221, 222, -223, 224, 225, -226, 227, 228, 229, 230] 
sigma1: 3423, sigma2: 3674, zer0: 3307
Bias calculated: 0.4823164717486262
----------
Loop 5 of sampler_1_Net27_count_118.cnf:
----------
file was constructed with these [113, 114, -115, 116, 117, 118, -119, 120, -121, 122, 123, -124, -125, -126, -127, 128, 129, 130, 131, 132, -133, 134, -135, 136, -137, -138, 139, -140, -141, 142, -143, 144, -145, -146, -147, 148, 149, -150, 151, 152, -153, -154, 155, 156, -157, 158, -159, -160, -161, -162, -163, -164, -165, 166, 167, -168, 169, -170, -171, -172, 173, 174, 175, -176, 177, 178, 179, -180, 181, -182, 183, -184, -185, -186, -187, -188, -189, -190, -191, -192, -193, -194, 195, -196, -197, 198, -199, -200, -201, 202, 203, -204, 205, 206, 207, 208, -209, 210, -211, 212, 213, -214, -215, -216, -217, 218, -219, 220, -221, 222, -223, -224, 225, 226, -227, 228, -229, -230, 0], [113, 114, -115, 116, 117, 118, 119, -120, 121, 122, 123, -124, 125, 126, 127, 128, 129, -130, -131, 132, -133, 134, 135, 136, 137, 138, 139, 140, -141, -142, 143, 144, 145, 146, 147, 148, -149, 150, 151, 152, 153, -154, 155, 156, -157, 158, 159, -160, 161, -162, 163, -164, 165, 166, 167, 168, -169, -170, 171, 172, 173, 174, -175, -176, -177, 178, 179, 180, -181, 182, -183, 184, 185, -186, 187, 188, 189, -190, -191, -192, 193, 194, 195, 196, 197, 198, -199, 200, 201, 202, 203, 204, 205, 206, 207, 208, -209, -210, 211, -212, 213, 214, -215, 216, -217, -218, 219, -220, 221, 222, 223, 224, 225, -226, 227, 228, 229, 230] 
sigma1: 3308, sigma2: 3609, zer0: 3487
Bias calculated: 0.47824201243313574
----------
Loop 6 of sampler_1_Net27_count_118.cnf:
----------
file was constructed with these [113, 114, -115, 116, 117, 118, -119, 120, -121, 122, 123, -124, -125, -126, -127, 128, 129, 130, 131, 132, -133, 134, -135, 136, -137, -138, 139, -140, -141, 142, -143, 144, -145, -146, -147, 148, 149, -150, 151, 152, -153, -154, 155, 156, -157, 158, -159, -160, -161, -162, -163, -164, -165, 166, 167, -168, 169, -170, -171, -172, 173, 174, 175, -176, 177, 178, 179, -180, 181, -182, 183, -184, -185, -186, -187, -188, -189, -190, -191, -192, -193, -194, 195, -196, -197, 198, -199, -200, -201, 202, 203, -204, 205, 206, 207, 208, -209, 210, -211, 212, 213, -214, -215, -216, -217, 218, -219, 220, -221, 222, -223, -224, 225, 226, -227, 228, -229, -230, 0], [-113, -114, 115, -116, -117, 118, -119, 120, -121, 122, 123, 124, 125, 126, 127, 128, 129, -130, 131, 132, 133, 134, -135, -136, 137, 138, 139, -140, 141, 142, 143, 144, 145, 146, 147, -148, -149, -150, 151, -152, 153, -154, -155, -156, 157, -158, -159, 160, 161, 162, 163, 164, 165, 166, 167, -168, -169, 170, -171, 172, 173, 174, 175, -176, 177, -178, 179, 180, -181, -182, 183, 184, 185, -186, 187, 188, -189, 190, 191, -192, 193, 194, 195, 196, 197, 198, -199, 200, 201, -202, 203, 204, 205, 206, 207, 208, 209, 210, 211, 212, -213, 214, 215, -216, -217, -218, 219, 220, 221, 222, -223, 224, 225, 226, -227, 228, 229, -230] 
sigma1: 3570, sigma2: 3613, zer0: 3221
Bias calculated: 0.4970068216622581
----------
Loop 7 of sampler_1_Net27_count_118.cnf:
----------
file was constructed with these [-113, 114, -115, -116, 117, -118, 119, -120, 121, -122, 123, -124, 125, 126, -127, 128, -129, 130, 131, 132, -133, 134, -135, 136, -137, 138, -139, -140, 141, -142, 143, 144, 145, -146, 147, -148, -149, 150, -151, 152, -153, 154, -155, -156, 157, -158, -159, -160, 161, 162, -163, -164, -165, -166, 167, -168, 169, 170, -171, -172, -173, 174, -175, 176, -177, -178, 179, -180, -181, -182, 183, -184, -185, 186, -187, -188, 189, 190, -191, -192, 193, 194, -195, -196, 197, -198, -199, -200, 201, -202, 203, 204, 205, -206, 207, 208, -209, 210, 211, 212, -213, 214, 215, -216, -217, 218, -219, -220, -221, -222, -223, -224, -225, 226, -227, 228, 229, -230, 0], [-113, -114, 115, -116, 117, 118, -119, -120, -121, 122, 123, -124, 125, -126, -127, -128, 129, 130, -131, 132, -133, 134, 135, 136, 137, -138, 139, 140, 141, -142, 143, 144, 145, 146, -147, 148, -149, 150, -151, 152, 153, 154, 155, 156, 157, -158, -159, 160, -161, 162, -163, 164, 165, 166, 167, 168, 169, -170, 171, 172, -173, 174, 175, 176, -177, 178, 179, -180, 181, -182, 183, -184, -185, -186, 187, -188, 189, 190, 191, 192, 193, -194, 195, 196, 197, 198, 199, 200, 201, 202, 203, 204, -205, 206, -207, -208, -209, 210, 211, 212, 213, 214, 215, 216, 217, -218, 219, 220, 221, 222, -223, -224, -225, -226, 227, -228, 229, 230] 
sigma1: 3330, sigma2: 3746, zer0: 3328
Bias calculated: 0.47060486150367437
----------
Loop 8 of sampler_1_Net27_count_118.cnf:
----------
file was constructed with these [113, -114, 115, 116, 117, -118, -119, 120, -121, 122, 123, 124, 125, 126, 127, 128, -129, 130, -131, -132, 133, -134, -135, 136, 137, 138, 139, -140, 141, 142, 143, 144, 145, 146, -147, -148, 149, 150, -151, 152, -153, 154, -155, -156, 157, 158, 159, -160, 161, 162, -163, -164, -165, -166, 167, 168, 169, 170, 171, -172, 173, 174, -175, 176, 177, 178, -179, -180, -181, 182, -183, -184, 185, -186, -187, 188, -189, -190, -191, 192, 193, -194, 195, -196, 197, -198, 199, 200, -201, -202, 203, -204, 205, -206, -207, 208, 209, -210, -211, 212, 213, 214, 215, 216, 217, 218, 219, -220, 221, 222, 223, 224, -225, -226, 227, 228, 229, 230, 0], [113, 114, 115, 116, 117, -118, 119, 120, -121, 122, 123, -124, 125, 126, -127, -128, 129, 130, 131, -132, -133, 134, 135, 136, -137, 138, 139, 140, -141, 142, 143, -144, -145, -146, -147, 148, 149, -150, -151, -152, 153, 154, 155, -156, 157, 158, 159, 160, 161, 162, 163, 164, 165, 166, 167, 168, -169, -170, 171, 172, 173, 174, -175, -176, 177, 178, -179, -180, -181, 182, -183, -184, -185, -186, -187, 188, 189, -190, 191, 192, 193, 194, -195, 196, -197, -198, -199, -200, -201, 202, -203, -204, 205, -206, 207, -208, -209, 210, 211, -212, 213, 214, 215, 216, -217, 218, 219, 220, 221, 222, 223, 224, 225, -226, -227, 228, -229, -230] 
sigma1: 3513, sigma2: 3388, zer0: 3503
Bias calculated: 0.5090566584552964
----------
Loop 9 of sampler_1_Net27_count_118.cnf:
----------
file was constructed with these [113, 114, 115, 116, -117, -118, -119, 120, 121, -122, 123, -124, -125, -126, 127, 128, 129, 130, -131, -132, 133, 134, 135, 136, 137, 138, 139, 140, 141, 142, -143, 144, 145, 146, 147, -148, -149, 150, -151, -152, -153, 154, 155, 156, -157, -158, 159, -160, 161, -162, 163, -164, 165, 166, 167, 168, -169, -170, 171, 172, -173, 174, -175, -176, 177, 178, 179, -180, -181, -182, -183, -184, -185, -186, -187, -188, -189, -190, 191, 192, -193, -194, 195, 196, -197, 198, -199, 200, -201, 202, 203, -204, 205, 206, 207, 208, 209, 210, -211, 212, -213, 214, 215, 216, 217, -218, 219, -220, 221, 222, -223, 224, -225, 226, -227, -228, 229, 230, 0], [113, 114, 115, 116, 117, 118, 119, 120, 121, -122, 123, 124, 125, 126, 127, 128, 129, 130, 131, 132, 133, 134, 135, 136, -137, 138, -139, 140, 141, 142, 143, 144, 145, 146, 147, 148, 149, 150, 151, 152, -153, 154, 155, 156, 157, 158, 159, 160, 161, 162, 163, 164, 165, -166, 167, 168, 169, -170, 171, 172, -173, 174, -175, -176, 177, 178, 179, -180, 181, -182, -183, 184, 185, 186, -187, 188, 189, 190, -191, -192, 193, -194, -195, -196, -197, -198, -199, 200, 201, 202, -203, -204, 205, -206, 207, 208, 209, 210, 211, 212, 213, -214, -215, -216, 217, 218, 219, 220, 221, -222, 223, 224, -225, -226, -227, 228, 229, -230] 
sigma1: 3468, sigma2: 3547, zer0: 3389
Bias calculated: 0.49436920883820384
----------
Loop 10 of sampler_1_Net27_count_118.cnf:
----------
file was constructed with these [113, 114, 115, -116, 117, 118, -119, -120, 121, 122, 123, 124, -125, 126, -127, -128, 129, -130, 131, 132, -133, -134, 135, -136, -137, -138, 139, -140, 141, -142, 143, 144, -145, 146, 147, -148, -149, 150, 151, 152, -153, 154, 155, 156, -157, -158, -159, 160, 161, -162, 163, -164, -165, -166, -167, -168, 169, -170, 171, -172, -173, -174, 175, -176, -177, 178, 179, -180, 181, 182, -183, -184, -185, -186, 187, -188, 189, -190, -191, -192, 193, -194, -195, 196, 197, 198, 199, 200, 201, -202, 203, -204, 205, -206, 207, 208, 209, 210, -211, 212, 213, -214, 215, -216, -217, 218, -219, 220, 221, -222, 223, -224, 225, -226, 227, 228, 229, -230, 0], [113, 114, -115, 116, 117, 118, 119, 120, 121, 122, 123, 124, 125, 126, 127, 128, -129, 130, -131, 132, 133, 134, -135, 136, 137, 138, 139, 140, 141, 142, -143, 144, 145, 146, 147, -148, 149, 150, -151, 152, 153, 154, 155, 156, 157, 158, 159, -160, -161, 162, -163, 164, 165, 166, 167, 168, -169, -170, 171, 172, 173, 174, 175, -176, -177, -178, 179, 180, 181, 182, 183, -184, -185, -186, 187, 188, 189, -190, -191, -192, -193, -194, 195, -196, -197, -198, 199, -200, 201, 202, 203, 204, 205, 206, -207, -208, 209, 210, 211, 212, -213, 214, 215, 216, 217, 218, -219, -220, 221, 222, 223, -224, -225, 226, 227, 228, -229, -230] 
sigma1: 3497, sigma2: 3279, zer0: 3628
Bias calculated: 0.516086186540732
----------
Loop 11 of sampler_1_Net27_count_118.cnf:
----------
file was constructed with these [-113, 114, -115, 116, -117, 118, 119, 120, 121, 122, 123, 124, 125, -126, 127, -128, -129, -130, -131, -132, 133, -134, -135, -136, 137, -138, -139, 140, 141, 142, -143, 144, -145, -146, 147, -148, -149, 150, 151, -152, -153, 154, -155, -156, 157, -158, 159, 160, 161, 162, -163, -164, 165, 166, -167, 168, -169, 170, -171, 172, -173, -174, 175, 176, 177, -178, 179, -180, 181, 182, 183, -184, -185, 186, 187, -188, -189, 190, 191, 192, -193, 194, 195, -196, -197, -198, 199, -200, -201, 202, 203, 204, 205, 206, 207, 208, -209, 210, 211, 212, 213, -214, 215, 216, 217, -218, 219, 220, -221, 222, 223, 224, 225, -226, 227, -228, 229, 230, 0], [113, -114, 115, 116, 117, 118, -119, 120, -121, 122, -123, 124, -125, 126, 127, 128, 129, 130, 131, -132, -133, 134, 135, -136, 137, 138, 139, 140, 141, 142, -143, 144, 145, 146, -147, -148, 149, 150, 151, 152, 153, 154, -155, 156, 157, -158, 159, 160, -161, 162, -163, 164, -165, 166, -167, 168, 169, -170, 171, 172, 173, 174, 175, 176, 177, 178, 179, 180, 181, 182, 183, -184, 185, 186, 187, 188, 189, 190, 191, 192, -193, -194, -195, -196, 197, 198, 199, 200, 201, 202, 203, -204, 205, 206, 207, 208, 209, 210, -211, -212, -213, 214, 215, -216, 217, 218, 219, 220, 221, 222, 223, -224, 225, -226, 227, 228, 229, 230] 
sigma1: 3514, sigma2: 3341, zer0: 3549
Bias calculated: 0.512618526622903
----------
Loop 12 of sampler_1_Net27_count_118.cnf:
----------
file was constructed with these [113, 114, 115, 116, -117, -118, -119, 120, 121, -122, 123, -124, -125, -126, 127, 128, 129, 130, -131, -132, 133, 134, 135, 136, 137, 138, 139, 140, 141, 142, -143, 144, 145, 146, 147, -148, -149, 150, -151, -152, -153, 154, 155, 156, -157, -158, 159, -160, 161, -162, 163, -164, 165, 166, 167, 168, -169, -170, 171, 172, -173, 174, -175, -176, 177, 178, 179, -180, -181, -182, -183, -184, -185, -186, -187, -188, -189, -190, 191, 192, -193, -194, 195, 196, -197, 198, -199, 200, -201, 202, 203, -204, 205, 206, 207, 208, 209, 210, -211, 212, -213, 214, 215, 216, 217, -218, 219, -220, 221, 222, -223, 224, -225, 226, -227, -228, 229, 230, 0], [113, 114, -115, 116, 117, 118, -119, -120, 121, -122, -123, -124, 125, -126, 127, -128, 129, 130, 131, -132, -133, -134, 135, -136, -137, 138, -139, 140, -141, 142, 143, 144, 145, -146, -147, 148, 149, -150, 151, 152, 153, -154, 155, 156, 157, 158, 159, 160, 161, 162, 163, 164, -165, 166, -167, 168, 169, 170, 171, 172, -173, 174, 175, 176, 177, 178, -179, 180, -181, 182, -183, -184, 185, 186, 187, 188, -189, 190, 191, -192, -193, -194, 195, 196, -197, 198, 199, -200, 201, 202, 203, -204, 205, 206, -207, 208, 209, 210, 211, -212, 213, 214, 215, -216, 217, -218, 219, 220, 221, -222, 223, 224, -225, -226, -227, 228, -229, 230] 
sigma1: 3484, sigma2: 3629, zer0: 3291
Bias calculated: 0.48980739491072683
----------
Loop 13 of sampler_1_Net27_count_118.cnf:
----------
file was constructed with these [-113, 114, -115, -116, 117, -118, 119, -120, 121, -122, 123, -124, 125, 126, -127, 128, -129, 130, 131, 132, -133, 134, -135, 136, -137, 138, -139, -140, 141, -142, 143, 144, 145, -146, 147, -148, -149, 150, -151, 152, -153, 154, -155, -156, 157, -158, -159, -160, 161, 162, -163, -164, -165, -166, 167, -168, 169, 170, -171, -172, -173, 174, -175, 176, -177, -178, 179, -180, -181, -182, 183, -184, -185, 186, -187, -188, 189, 190, -191, -192, 193, 194, -195, -196, 197, -198, -199, -200, 201, -202, 203, 204, 205, -206, 207, 208, -209, 210, 211, 212, -213, 214, 215, -216, -217, 218, -219, -220, -221, -222, -223, -224, -225, 226, -227, 228, 229, -230, 0], [-113, -114, -115, -116, -117, -118, -119, 120, -121, -122, -123, 124, -125, 126, 127, 128, 129, 130, 131, 132, -133, -134, -135, 136, -137, 138, 139, -140, -141, -142, -143, 144, -145, 146, 147, 148, -149, -150, 151, 152, 153, -154, 155, -156, 157, 158, 159, 160, 161, 162, -163, 164, 165, 166, 167, -168, -169, 170, -171, 172, 173, 174, 175, 176, -177, 178, -179, 180, 181, 182, 183, 184, 185, 186, -187, -188, 189, 190, 191, 192, -193, -194, 195, 196, -197, 198, -199, 200, 201, 202, 203, 204, 205, 206, 207, 208, -209, 210, 211, 212, 213, -214, -215, 216, -217, 218, 219, -220, 221, 222, -223, 224, 225, 226, -227, -228, 229, -230] 
sigma1: 3364, sigma2: 3521, zer0: 3519
Bias calculated: 0.4885984023238925
----------
Loop 14 of sampler_1_Net27_count_118.cnf:
----------
file was constructed with these [-113, 114, -115, 116, -117, 118, 119, 120, 121, 122, 123, 124, 125, -126, 127, -128, -129, -130, -131, -132, 133, -134, -135, -136, 137, -138, -139, 140, 141, 142, -143, 144, -145, -146, 147, -148, -149, 150, 151, -152, -153, 154, -155, -156, 157, -158, 159, 160, 161, 162, -163, -164, 165, 166, -167, 168, -169, 170, -171, 172, -173, -174, 175, 176, 177, -178, 179, -180, 181, 182, 183, -184, -185, 186, 187, -188, -189, 190, 191, 192, -193, 194, 195, -196, -197, -198, 199, -200, -201, 202, 203, 204, 205, 206, 207, 208, -209, 210, 211, 212, 213, -214, 215, 216, 217, -218, 219, 220, -221, 222, 223, 224, 225, -226, 227, -228, 229, 230, 0], [113, -114, 115, 116, -117, 118, 119, 120, 121, 122, -123, 124, -125, -126, 127, 128, 129, -130, 131, -132, 133, -134, -135, 136, 137, -138, 139, -140, 141, 142, -143, 144, 145, 146, -147, -148, -149, -150, 151, -152, 153, 154, -155, 156, -157, 158, 159, 160, 161, -162, 163, -164, 165, 166, -167, -168, 169, -170, -171, 172, -173, 174, 175, 176, -177, 178, 179, 180, -181, 182, 183, 184, 185, -186, -187, 188, 189, -190, 191, 192, -193, 194, 195, -196, 197, 198, 199, 200, 201, -202, 203, 204, 205, 206, 207, 208, -209, 210, 211, -212, -213, -214, 215, 216, -217, -218, -219, 220, -221, 222, -223, 224, 225, 226, 227, 228, 229, 230] 
sigma1: 3665, sigma2: 3229, zer0: 3510
Bias calculated: 0.5316217000290108
----------
Loop 15 of sampler_1_Net27_count_118.cnf:
----------
file was constructed with these [113, -114, 115, -116, -117, 118, -119, -120, -121, -122, 123, -124, 125, -126, -127, -128, -129, -130, 131, 132, -133, 134, -135, -136, -137, -138, 139, 140, 141, -142, -143, 144, -145, 146, -147, -148, 149, 150, 151, -152, -153, 154, -155, -156, 157, 158, -159, 160, 161, 162, -163, -164, 165, 166, -167, -168, -169, 170, 171, 172, 173, -174, 175, 176, -177, 178, -179, -180, 181, -182, -183, -184, 185, -186, 187, 188, 189, -190, 191, -192, -193, -194, -195, -196, -197, -198, -199, 200, 201, 202, 203, -204, 205, 206, -207, 208, 209, -210, -211, 212, -213, -214, 215, -216, -217, -218, -219, 220, 221, -222, -223, -224, 225, 226, -227, -228, 229, -230, 0], [-113, -114, 115, 116, 117, 118, 119, 120, 121, 122, -123, 124, 125, 126, -127, 128, 129, 130, -131, 132, -133, 134, 135, 136, -137, -138, 139, 140, 141, -142, 143, 144, -145, -146, 147, 148, 149, 150, -151, -152, 153, 154, -155, -156, -157, -158, 159, 160, -161, 162, 163, -164, 165, 166, -167, -168, 169, -170, 171, 172, 173, 174, 175, 176, -177, 178, 179, -180, 181, 182, -183, 184, 185, 186, 187, 188, 189, -190, 191, 192, 193, 194, 195, 196, -197, 198, -199, 200, -201, -202, -203, -204, -205, 206, 207, 208, -209, -210, -211, 212, 213, 214, -215, 216, -217, 218, 219, 220, 221, 222, -223, 224, 225, -226, 227, -228, 229, -230] 
sigma1: 3427, sigma2: 3404, zer0: 3573
Bias calculated: 0.5016835016835017
----------
Loop 16 of sampler_1_Net27_count_118.cnf:
----------
file was constructed with these [113, 114, 115, 116, -117, -118, -119, 120, 121, 122, -123, 124, -125, 126, 127, -128, 129, -130, 131, 132, -133, 134, 135, 136, 137, 138, 139, -140, 141, -142, 143, -144, 145, 146, -147, 148, -149, -150, 151, 152, 153, -154, -155, -156, 157, 158, -159, 160, -161, 162, -163, 164, -165, -166, -167, -168, -169, -170, -171, 172, 173, -174, -175, 176, 177, -178, 179, 180, -181, 182, 183, 184, -185, -186, 187, 188, 189, -190, -191, -192, 193, 194, -195, 196, 197, 198, 199, 200, -201, 202, 203, -204, -205, 206, 207, -208, -209, -210, -211, 212, 213, 214, -215, -216, 217, 218, -219, 220, 221, -222, -223, 224, 225, 226, 227, -228, 229, 230, 0], [113, 114, 115, 116, -117, 118, -119, 120, -121, 122, 123, -124, -125, 126, -127, 128, -129, -130, 131, -132, 133, 134, 135, 136, 137, -138, -139, -140, 141, -142, -143, -144, -145, 146, 147, 148, 149, -150, 151, 152, 153, 154, -155, 156, 157, -158, 159, -160, 161, 162, -163, -164, 165, 166, 167, 168, 169, 170, 171, 172, -173, -174, 175, 176, 177, 178, 179, 180, -181, 182, 183, 184, -185, 186, -187, -188, 189, 190, 191, -192, 193, 194, 195, -196, 197, 198, 199, 200, 201, 202, -203, -204, 205, 206, 207, 208, 209, -210, -211, 212, 213, 214, 215, 216, 217, 218, -219, 220, 221, -222, 223, 224, 225, 226, 227, 228, -229, 230] 
sigma1: 3506, sigma2: 3388, zer0: 3510
Bias calculated: 0.508558166521613
----------
Loop 17 of sampler_1_Net27_count_118.cnf:
----------
file was constructed with these [113, -114, 115, 116, 117, -118, -119, 120, -121, 122, 123, 124, 125, 126, 127, 128, -129, 130, -131, -132, 133, -134, -135, 136, 137, 138, 139, -140, 141, 142, 143, 144, 145, 146, -147, -148, 149, 150, -151, 152, -153, 154, -155, -156, 157, 158, 159, -160, 161, 162, -163, -164, -165, -166, 167, 168, 169, 170, 171, -172, 173, 174, -175, 176, 177, 178, -179, -180, -181, 182, -183, -184, 185, -186, -187, 188, -189, -190, -191, 192, 193, -194, 195, -196, 197, -198, 199, 200, -201, -202, 203, -204, 205, -206, -207, 208, 209, -210, -211, 212, 213, 214, 215, 216, 217, 218, 219, -220, 221, 222, 223, 224, -225, -226, 227, 228, 229, 230, 0], [-113, 114, 115, 116, 117, 118, 119, 120, -121, -122, -123, -124, -125, -126, 127, 128, -129, 130, 131, -132, -133, 134, -135, 136, 137, 138, -139, -140, -141, 142, -143, 144, 145, 146, 147, 148, -149, -150, 151, 152, 153, 154, 155, -156, 157, 158, -159, -160, -161, -162, -163, -164, 165, 166, 167, -168, 169, 170, -171, 172, -173, 174, 175, 176, 177, -178, -179, -180, 181, 182, 183, 184, 185, 186, 187, -188, 189, 190, -191, -192, 193, 194, 195, 196, -197, 198, 199, 200, 201, -202, -203, 204, 205, 206, 207, 208, 209, 210, -211, 212, -213, 214, 215, 216, 217, -218, 219, 220, -221, 222, 223, -224, 225, 226, 227, -228, 229, 230] 
sigma1: 3519, sigma2: 3137, zer0: 3748
Bias calculated: 0.5286959134615384
----------
Loop 18 of sampler_1_Net27_count_118.cnf:
----------
file was constructed with these [-113, 114, -115, 116, -117, 118, 119, 120, 121, 122, 123, 124, 125, -126, 127, -128, -129, -130, -131, -132, 133, -134, -135, -136, 137, -138, -139, 140, 141, 142, -143, 144, -145, -146, 147, -148, -149, 150, 151, -152, -153, 154, -155, -156, 157, -158, 159, 160, 161, 162, -163, -164, 165, 166, -167, 168, -169, 170, -171, 172, -173, -174, 175, 176, 177, -178, 179, -180, 181, 182, 183, -184, -185, 186, 187, -188, -189, 190, 191, 192, -193, 194, 195, -196, -197, -198, 199, -200, -201, 202, 203, 204, 205, 206, 207, 208, -209, 210, 211, 212, 213, -214, 215, 216, 217, -218, 219, 220, -221, 222, 223, 224, 225, -226, 227, -228, 229, 230, 0], [113, -114, -115, 116, 117, 118, 119, -120, -121, -122, -123, -124, 125, -126, 127, 128, 129, 130, 131, 132, -133, 134, -135, -136, 137, -138, 139, 140, 141, 142, 143, 144, 145, 146, 147, 148, 149, -150, 151, 152, 153, 154, -155, 156, 157, -158, -159, -160, -161, 162, -163, 164, -165, 166, 167, 168, 169, 170, -171, 172, -173, 174, 175, 176, 177, 178, 179, -180, 181, 182, 183, -184, -185, -186, 187, 188, -189, -190, -191, 192, 193, 194, 195, -196, 197, -198, 199, 200, 201, 202, -203, 204, -205, 206, -207, 208, -209, -210, 211, 212, 213, 214, 215, 216, 217, -218, -219, -220, 221, 222, -223, 224, 225, -226, 227, 228, 229, -230] 
sigma1: 3639, sigma2: 3216, zer0: 3549
Bias calculated: 0.5308533916849015
----------
Loop 19 of sampler_1_Net27_count_118.cnf:
----------
file was constructed with these [113, 114, 115, -116, 117, 118, -119, -120, 121, 122, 123, 124, -125, 126, -127, -128, 129, -130, 131, 132, -133, -134, 135, -136, -137, -138, 139, -140, 141, -142, 143, 144, -145, 146, 147, -148, -149, 150, 151, 152, -153, 154, 155, 156, -157, -158, -159, 160, 161, -162, 163, -164, -165, -166, -167, -168, 169, -170, 171, -172, -173, -174, 175, -176, -177, 178, 179, -180, 181, 182, -183, -184, -185, -186, 187, -188, 189, -190, -191, -192, 193, -194, -195, 196, 197, 198, 199, 200, 201, -202, 203, -204, 205, -206, 207, 208, 209, 210, -211, 212, 213, -214, 215, -216, -217, 218, -219, 220, 221, -222, 223, -224, 225, -226, 227, 228, 229, -230, 0], [113, 114, 115, -116, 117, -118, -119, -120, -121, -122, 123, -124, 125, 126, -127, -128, -129, 130, 131, -132, -133, 134, 135, -136, 137, -138, 139, -140, -141, 142, -143, 144, 145, 146, 147, 148, 149, 150, -151, 152, 153, 154, 155, 156, 157, -158, 159, -160, -161, 162, -163, -164, -165, -166, -167, 168, 169, 170, 171, 172, 173, -174, -175, -176, 177, -178, 179, 180, 181, -182, 183, 184, -185, 186, 187, 188, -189, -190, 191, -192, -193, 194, -195, 196, -197, 198, 199, 200, -201, -202, 203, 204, 205, 206, 207, 208, -209, -210, -211, 212, 213, 214, -215, 216, 217, 218, 219, -220, 221, -222, 223, 224, -225, -226, 227, 228, 229, -230] 
sigma1: 3302, sigma2: 3659, zer0: 3443
Bias calculated: 0.4743571325958914
----------
Loop 20 of sampler_1_Net27_count_118.cnf:
----------
file was constructed with these [-113, -114, -115, 116, 117, 118, 119, 120, -121, 122, -123, 124, -125, -126, 127, 128, 129, 130, 131, 132, -133, 134, 135, -136, 137, -138, -139, 140, 141, -142, -143, -144, -145, -146, 147, 148, 149, -150, -151, -152, 153, -154, -155, -156, 157, -158, -159, -160, -161, 162, -163, 164, 165, 166, 167, -168, 169, -170, 171, -172, -173, 174, 175, 176, 177, 178, -179, 180, 181, 182, -183, 184, 185, 186, -187, -188, 189, 190, 191, -192, -193, -194, -195, 196, -197, 198, 199, -200, -201, -202, 203, 204, -205, -206, -207, -208, 209, 210, 211, 212, 213, -214, -215, -216, 217, -218, -219, -220, -221, -222, -223, 224, -225, 226, 227, 228, 229, 230, 0], [113, 114, -115, 116, -117, 118, 119, 120, 121, 122, -123, -124, -125, 126, 127, -128, -129, -130, 131, -132, -133, 134, 135, 136, 137, 138, 139, 140, 141, 142, -143, -144, 145, 146, -147, 148, 149, 150, -151, 152, -153, -154, 155, 156, 157, -158, 159, 160, 161, 162, -163, 164, -165, 166, 167, -168, -169, 170, 171, 172, 173, 174, 175, 176, 177, -178, -179, 180, -181, 182, -183, -184, 185, -186, 187, -188, -189, 190, -191, 192, 193, 194, -195, 196, 197, 198, 199, 200, 201, 202, 203, 204, -205, -206, -207, -208, 209, 210, -211, -212, 213, 214, -215, -216, 217, -218, 219, 220, 221, -222, 223, -224, -225, 226, 227, 228, 229, 230] 
sigma1: 3364, sigma2: 3695, zer0: 3345
Bias calculated: 0.4765547527978467
Sampler: UniGen3 Accept:1 TotalSolutionsGenerated: 218505 TotalIdealSamples: 21


 time taken : 536.9225289821625
