 t: 21 delta: 0.1
 eta: 0.1
 epsilon: 0.1
L: 0.55	 H: 0.6190476190476191	 Threshold T : 0.5845238095238096
numSolutions : 6232	 MaxSolutions : 10404

----------
Loop 0 of sampler_3_Net12_count_106.cnf:
----------
file was constructed with these [86, -87, -88, -89, 90, -91, -92, 93, 94, 95, -96, 97, 98, -99, -100, -101, 102, -103, 104, 105, 106, -107, -108, 109, 110, -111, 112, -113, -114, 115, -116, 117, -118, -119, -120, -121, 122, 123, -124, -125, -126, -127, 128, -129, -130, -131, 132, -133, -134, 135, 136, 137, -138, 139, 140, 141, -142, -143, -144, 145, -146, 147, -148, 149, -150, -151, -152, -153, 154, -155, 156, -157, -158, 159, 160, 161, 162, -163, -164, 165, 166, -167, -168, 169, -170, -171, -172, -173, 174, -175, -176, 177, 178, -179, -180, -181, -182, 183, 184, -185, -186, -187, 188, -189, 190, -191], [86, 87, 88, -89, -90, 91, 92, 93, -94, 95, -96, 97, 98, -99, 100, 101, 102, -103, 104, -105, -106, 107, -108, -109, 110, 111, 112, -113, 114, 115, 116, 117, 118, 119, -120, -121, -122, 123, 124, 125, -126, 127, 128, -129, 130, -131, -132, 133, -134, -135, 136, 137, 138, -139, -140, 141, -142, -143, -144, 145, 146, 147, 148, 149, -150, -151, 152, 153, 154, -155, -156, 157, 158, -159, -160, -161, 162, -163, 164, 165, -166, 167, 168, 169, -170, 171, 172, -173, -174, -175, 176, 177, 178, 179, 180, 181, -182, -183, 184, 185, 186, 187, 188, 189, -190, 191] 
sigma1: 3562, sigma2: 3163, zer0: 3679
Bias calculated: 0.5296654275092937
----------
Loop 1 of sampler_3_Net12_count_106.cnf:
----------
file was constructed with these [86, 87, -88, 89, 90, -91, -92, -93, 94, -95, -96, 97, -98, -99, -100, -101, 102, 103, -104, 105, -106, 107, -108, -109, 110, -111, 112, -113, -114, -115, 116, 117, 118, -119, -120, -121, -122, -123, 124, -125, -126, 127, -128, 129, 130, -131, -132, -133, -134, -135, -136, 137, -138, 139, 140, 141, 142, 143, -144, -145, 146, 147, -148, 149, -150, -151, 152, 153, -154, -155, -156, -157, -158, -159, -160, -161, -162, -163, 164, 165, -166, 167, 168, -169, 170, 171, 172, -173, -174, 175, -176, 177, -178, -179, 180, -181, 182, -183, 184, -185, -186, 187, -188, 189, 190, 191], [86, 87, 88, 89, 90, 91, 92, 93, 94, 95, 96, 97, 98, -99, 100, 101, 102, 103, -104, 105, 106, 107, 108, -109, 110, 111, 112, 113, 114, 115, -116, 117, 118, -119, -120, 121, -122, 123, 124, 125, -126, 127, 128, -129, -130, -131, -132, 133, -134, 135, -136, 137, 138, -139, -140, -141, -142, 143, 144, 145, 146, -147, 148, 149, 150, 151, 152, 153, 154, 155, 156, 157, 158, 159, -160, 161, 162, 163, 164, 165, 166, 167, -168, -169, -170, 171, 172, -173, 174, 175, 176, 177, 178, 179, 180, 181, -182, -183, -184, -185, 186, 187, 188, 189, 190, 191] 
sigma1: 3129, sigma2: 3289, zer0: 3986
Bias calculated: 0.48753505765035837
----------
Loop 2 of sampler_3_Net12_count_106.cnf:
----------
file was constructed with these [86, 87, -88, 89, 90, -91, -92, -93, 94, -95, -96, 97, -98, -99, -100, -101, 102, 103, -104, 105, -106, 107, -108, -109, 110, -111, 112, -113, -114, -115, 116, 117, 118, -119, -120, -121, -122, -123, 124, -125, -126, 127, -128, 129, 130, -131, -132, -133, -134, -135, -136, 137, -138, 139, 140, 141, 142, 143, -144, -145, 146, 147, -148, 149, -150, -151, 152, 153, -154, 155, 156, 157, -158, -159, -160, 161, 162, 163, -164, 165, -166, 167, 168, 169, -170, 171, 172, -173, 174, -175, 176, 177, -178, -179, -180, -181, -182, 183, 184, -185, 186, -187, -188, 189, -190, -191], [86, 87, -88, 89, 90, 91, 92, -93, 94, 95, 96, 97, 98, 99, -100, 101, -102, 103, 104, -105, -106, 107, 108, 109, -110, -111, 112, -113, 114, -115, 116, 117, 118, -119, 120, 121, 122, 123, -124, 125, 126, -127, 128, 129, -130, 131, 132, 133, 134, 135, 136, -137, -138, -139, 140, -141, 142, 143, 144, -145, 146, 147, -148, -149, -150, 151, -152, 153, 154, 155, -156, 157, 158, -159, -160, 161, 162, -163, 164, -165, -166, 167, 168, 169, 170, 171, 172, 173, -174, 175, -176, 177, 178, 179, 180, -181, -182, -183, 184, 185, -186, -187, 188, 189, 190, -191] 
sigma1: 3989, sigma2: 3637, zer0: 2778
Bias calculated: 0.523078940466824
----------
Loop 3 of sampler_3_Net12_count_106.cnf:
----------
file was constructed with these [86, -87, -88, -89, 90, -91, -92, 93, 94, 95, -96, 97, 98, -99, -100, -101, 102, -103, 104, 105, 106, -107, -108, 109, 110, -111, 112, -113, -114, 115, -116, 117, -118, -119, -120, -121, 122, 123, -124, -125, -126, -127, 128, -129, -130, -131, 132, -133, -134, 135, 136, 137, -138, 139, 140, 141, -142, -143, -144, 145, -146, 147, -148, 149, -150, -151, -152, -153, 154, -155, 156, -157, -158, 159, 160, 161, 162, -163, -164, 165, 166, -167, -168, 169, -170, -171, -172, 173, 174, 175, 176, -177, -178, 179, 180, -181, -182, -183, -184, 185, -186, -187, 188, -189, -190, -191], [86, 87, 88, 89, 90, 91, 92, 93, 94, 95, 96, -97, 98, -99, -100, 101, 102, -103, -104, -105, -106, 107, 108, 109, 110, 111, -112, 113, 114, 115, -116, 117, 118, 119, 120, 121, 122, -123, 124, 125, 126, 127, -128, 129, -130, 131, 132, 133, 134, -135, 136, 137, 138, 139, 140, 141, 142, -143, 144, -145, 146, 147, -148, 149, 150, -151, 152, 153, 154, 155, -156, 157, -158, -159, 160, 161, 162, -163, 164, 165, -166, 167, 168, 169, 170, -171, -172, 173, -174, -175, 176, 177, 178, -179, -180, -181, 182, -183, -184, 185, -186, -187, 188, 189, 190, 191] 
sigma1: 3278, sigma2: 3292, zer0: 3834
Bias calculated: 0.4989345509893455
----------
Loop 4 of sampler_3_Net12_count_106.cnf:
----------
file was constructed with these [86, -87, -88, -89, 90, -91, -92, 93, 94, 95, -96, 97, 98, -99, -100, -101, 102, -103, 104, 105, 106, -107, -108, 109, 110, -111, 112, -113, -114, 115, -116, 117, -118, -119, -120, -121, 122, 123, -124, -125, -126, -127, 128, -129, -130, -131, 132, -133, -134, 135, 136, 137, -138, 139, 140, 141, -142, -143, -144, 145, -146, 147, -148, 149, -150, -151, -152, -153, 154, -155, 156, -157, -158, 159, 160, 161, 162, -163, -164, 165, 166, -167, -168, 169, -170, -171, -172, -173, 174, -175, -176, 177, 178, -179, -180, -181, -182, 183, 184, -185, -186, -187, -188, -189, 190, 191], [86, -87, 88, -89, 90, -91, 92, 93, 94, 95, 96, -97, -98, 99, 100, 101, -102, 103, 104, 105, 106, 107, -108, 109, 110, -111, 112, 113, 114, -115, 116, -117, 118, 119, 120, 121, 122, 123, -124, 125, -126, 127, -128, -129, 130, 131, 132, 133, 134, -135, 136, 137, 138, 139, 140, -141, 142, 143, 144, -145, -146, 147, -148, 149, 150, -151, 152, -153, 154, 155, -156, 157, 158, 159, -160, -161, 162, -163, -164, 165, 166, 167, 168, -169, -170, 171, 172, 173, -174, 175, 176, -177, 178, -179, -180, 181, 182, 183, 184, 185, 186, -187, 188, -189, -190, -191] 
sigma1: 3558, sigma2: 2449, zer0: 4397
Bias calculated: 0.5923089728649908
Sampler: STS RejectIteration:4 TotalSolutionsGenerated:52025 TotalIdealSamples:5


 time taken : 51.202306032180786
