 t: 21 delta: 0.1
 eta: 0.1
 epsilon: 0.1
L: 0.55	 H: 0.6190476190476191	 Threshold T : 0.5845238095238096
numSolutions : 6232	 MaxSolutions : 10404

----------
Loop 0 of sampler_2_Net12_count_106.cnf:
----------
file was constructed with these [86, -87, 88, 89, -90, 91, 92, 93, -94, -95, -96, -97, -98, -99, 100, -101, -102, -103, 104, 105, -106, 107, 108, -109, -110, -111, -112, -113, 114, -115, 116, -117, -118, -119, -120, -121, 122, 123, 124, 125, -126, -127, 128, -129, -130, -131, 132, -133, 134, -135, -136, 137, 138, 139, 140, 141, 142, 143, 144, -145, -146, 147, -148, -149, 150, 151, -152, 153, -154, -155, -156, -157, -158, -159, 160, -161, -162, -163, -164, 165, -166, -167, -168, -169, 170, -171, 172, 173, 174, 175, 176, 177, -178, -179, 180, 181, 182, -183, -184, 185, -186, 187, -188, -189, 190, 191], [-86, 87, 88, 89, 90, -91, 92, -93, -94, 95, 96, -97, 98, 99, -100, 101, 102, 103, -104, 105, -106, -107, -108, 109, 110, 111, 112, -113, 114, 115, -116, 117, -118, -119, 120, 121, -122, 123, -124, 125, -126, -127, -128, 129, 130, 131, -132, -133, -134, 135, 136, -137, 138, 139, 140, -141, 142, -143, 144, 145, -146, 147, -148, -149, 150, 151, 152, -153, -154, 155, -156, 157, 158, 159, -160, 161, 162, 163, 164, 165, -166, 167, 168, 169, 170, 171, -172, 173, 174, 175, 176, 177, 178, 179, 180, 181, -182, 183, 184, 185, 186, -187, 188, 189, -190, -191] 
sigma1: 3576, sigma2: 3681, zer0: 3147
Bias calculated: 0.49276560562215793
----------
Loop 1 of sampler_2_Net12_count_106.cnf:
----------
file was constructed with these [86, 87, 88, -89, 90, -91, 92, 93, 94, -95, -96, 97, -98, 99, 100, 101, -102, -103, -104, -105, 106, -107, -108, 109, -110, 111, -112, -113, 114, 115, 116, -117, -118, 119, -120, 121, 122, 123, 124, 125, 126, 127, -128, 129, -130, -131, 132, -133, -134, 135, -136, 137, -138, -139, 140, -141, -142, 143, -144, 145, -146, 147, 148, -149, -150, 151, -152, 153, 154, 155, -156, -157, -158, 159, -160, -161, 162, 163, 164, 165, -166, 167, -168, -169, -170, 171, -172, -173, 174, -175, 176, 177, 178, -179, -180, 181, 182, -183, 184, -185, 186, 187, 188, 189, -190, 191], [86, 87, 88, 89, -90, 91, -92, 93, 94, 95, 96, 97, 98, 99, 100, 101, 102, 103, 104, 105, 106, -107, 108, -109, -110, 111, 112, 113, 114, -115, -116, 117, -118, 119, 120, 121, -122, -123, 124, 125, -126, 127, -128, 129, -130, -131, 132, -133, 134, 135, 136, 137, 138, 139, 140, 141, 142, 143, -144, -145, 146, 147, -148, 149, 150, -151, 152, 153, 154, -155, -156, 157, -158, 159, 160, 161, -162, -163, 164, -165, -166, 167, 168, -169, 170, -171, 172, 173, 174, 175, 176, 177, 178, 179, -180, -181, 182, 183, 184, 185, 186, 187, 188, 189, 190, 191] 
sigma1: 3643, sigma2: 4074, zer0: 2687
Bias calculated: 0.4720746404043022
----------
Loop 2 of sampler_2_Net12_count_106.cnf:
----------
file was constructed with these [86, -87, -88, 89, -90, 91, -92, -93, 94, -95, -96, -97, 98, -99, 100, 101, -102, -103, 104, 105, 106, -107, 108, 109, 110, 111, 112, -113, 114, 115, -116, -117, -118, 119, 120, 121, -122, 123, 124, 125, 126, 127, 128, -129, 130, 131, 132, 133, 134, 135, -136, 137, 138, -139, -140, 141, 142, 143, 144, 145, -146, -147, 148, 149, 150, -151, -152, 153, 154, 155, -156, 157, 158, 159, 160, -161, -162, 163, -164, -165, -166, -167, 168, 169, -170, 171, -172, -173, 174, -175, 176, 177, -178, -179, -180, 181, -182, -183, -184, 185, -186, -187, -188, 189, 190, -191], [-86, 87, 88, 89, 90, 91, 92, -93, 94, -95, -96, -97, -98, -99, -100, 101, 102, -103, -104, 105, -106, -107, 108, 109, -110, 111, -112, 113, 114, -115, 116, 117, 118, 119, 120, -121, 122, 123, 124, 125, 126, -127, 128, 129, 130, 131, -132, 133, 134, 135, 136, 137, 138, 139, 140, -141, 142, 143, 144, 145, -146, 147, 148, 149, -150, 151, 152, 153, 154, -155, 156, 157, 158, 159, -160, 161, 162, -163, 164, -165, 166, 167, -168, 169, -170, 171, 172, 173, 174, 175, -176, 177, 178, -179, 180, -181, 182, 183, 184, 185, -186, 187, 188, 189, 190, -191] 
sigma1: 3219, sigma2: 4250, zer0: 2935
Bias calculated: 0.43098138974427636
----------
Loop 3 of sampler_2_Net12_count_106.cnf:
----------
file was constructed with these [86, -87, -88, 89, 90, -91, -92, -93, -94, -95, -96, 97, 98, -99, -100, -101, 102, 103, -104, 105, 106, 107, 108, 109, -110, -111, 112, 113, -114, 115, 116, 117, -118, 119, -120, -121, -122, -123, -124, -125, 126, -127, -128, -129, -130, -131, -132, -133, 134, 135, 136, 137, -138, -139, -140, -141, -142, 143, 144, -145, 146, -147, 148, 149, -150, -151, 152, -153, -154, -155, -156, 157, -158, -159, 160, 161, -162, -163, 164, -165, 166, -167, 168, 169, 170, 171, -172, 173, 174, 175, -176, -177, -178, 179, 180, -181, 182, 183, -184, -185, 186, -187, 188, 189, 190, 191], [86, 87, 88, 89, 90, 91, 92, 93, -94, 95, 96, -97, 98, -99, 100, 101, 102, 103, -104, 105, 106, 107, -108, 109, -110, -111, 112, 113, 114, -115, 116, 117, 118, 119, 120, 121, 122, 123, 124, 125, 126, -127, 128, 129, 130, 131, -132, 133, 134, -135, -136, -137, 138, 139, -140, -141, 142, 143, 144, 145, 146, -147, -148, 149, 150, 151, 152, -153, 154, -155, 156, -157, -158, 159, -160, 161, -162, 163, 164, -165, 166, 167, 168, -169, -170, -171, 172, -173, -174, -175, 176, -177, -178, 179, -180, 181, 182, -183, 184, 185, 186, -187, 188, 189, 190, 191] 
sigma1: 3571, sigma2: 3449, zer0: 3384
Bias calculated: 0.5086894586894587
----------
Loop 4 of sampler_2_Net12_count_106.cnf:
----------
file was constructed with these [-86, -87, -88, 89, 90, -91, -92, -93, 94, -95, -96, 97, 98, 99, -100, -101, -102, 103, 104, 105, -106, 107, 108, 109, -110, 111, 112, -113, 114, -115, 116, 117, -118, -119, -120, 121, 122, -123, 124, -125, 126, 127, 128, -129, 130, -131, -132, 133, 134, -135, 136, -137, 138, -139, 140, -141, 142, 143, -144, 145, 146, 147, -148, 149, 150, -151, -152, -153, 154, 155, 156, -157, 158, -159, -160, -161, -162, 163, 164, -165, 166, -167, -168, -169, 170, 171, -172, -173, -174, -175, 176, -177, 178, -179, 180, 181, -182, -183, 184, 185, 186, -187, 188, -189, 190, -191], [86, 87, -88, 89, 90, -91, 92, -93, 94, 95, -96, 97, -98, -99, 100, 101, -102, -103, -104, 105, -106, -107, -108, 109, -110, 111, -112, -113, -114, 115, 116, -117, -118, 119, -120, 121, 122, -123, -124, 125, -126, -127, -128, 129, -130, 131, 132, -133, -134, -135, 136, 137, -138, 139, 140, -141, 142, -143, 144, 145, 146, 147, 148, 149, 150, 151, -152, 153, 154, -155, 156, 157, 158, -159, -160, -161, 162, 163, 164, 165, 166, 167, 168, 169, -170, -171, 172, 173, -174, 175, 176, 177, -178, 179, 180, 181, -182, 183, 184, 185, -186, 187, -188, -189, 190, -191] 
sigma1: 3224, sigma2: 3807, zer0: 3373
Bias calculated: 0.45854074811548856
----------
Loop 5 of sampler_2_Net12_count_106.cnf:
----------
file was constructed with these [86, -87, 88, 89, -90, -91, -92, 93, -94, 95, -96, -97, -98, -99, -100, 101, -102, 103, 104, 105, -106, 107, 108, 109, -110, 111, 112, 113, -114, 115, 116, -117, 118, 119, 120, -121, 122, 123, 124, 125, 126, 127, 128, 129, -130, 131, -132, -133, -134, 135, 136, -137, -138, -139, 140, 141, -142, -143, -144, -145, -146, 147, -148, 149, -150, 151, 152, 153, -154, 155, -156, 157, -158, -159, -160, -161, 162, -163, 164, -165, 166, -167, -168, -169, 170, -171, 172, 173, -174, 175, 176, -177, -178, 179, -180, -181, -182, 183, 184, -185, -186, 187, -188, 189, 190, -191], [86, 87, 88, 89, -90, 91, -92, 93, 94, 95, 96, 97, 98, 99, 100, -101, 102, 103, 104, 105, 106, 107, 108, -109, -110, -111, 112, 113, -114, 115, 116, 117, -118, 119, -120, -121, 122, 123, 124, -125, -126, 127, -128, -129, 130, -131, 132, 133, -134, 135, -136, 137, 138, 139, 140, 141, -142, 143, -144, -145, 146, 147, 148, 149, -150, 151, 152, -153, -154, -155, 156, 157, -158, -159, 160, 161, 162, -163, 164, 165, -166, 167, 168, 169, 170, 171, 172, 173, 174, 175, -176, -177, 178, -179, 180, -181, 182, 183, 184, 185, 186, -187, -188, -189, -190, 191] 
sigma1: 3822, sigma2: 3812, zer0: 2770
Bias calculated: 0.5006549646319098
----------
Loop 6 of sampler_2_Net12_count_106.cnf:
----------
file was constructed with these [86, -87, 88, -89, 90, 91, -92, -93, -94, -95, 96, 97, -98, 99, -100, 101, 102, 103, -104, 105, 106, -107, 108, -109, -110, -111, -112, -113, -114, 115, -116, 117, -118, -119, -120, 121, -122, 123, 124, -125, 126, -127, 128, 129, 130, 131, -132, 133, -134, 135, -136, 137, 138, 139, -140, -141, 142, -143, -144, -145, -146, 147, 148, -149, 150, 151, 152, 153, -154, 155, 156, 157, 158, -159, -160, 161, 162, -163, -164, 165, 166, -167, 168, 169, 170, 171, 172, -173, 174, 175, -176, 177, -178, 179, 180, -181, -182, 183, 184, -185, -186, 187, 188, -189, 190, 191], [86, 87, 88, 89, 90, 91, 92, 93, 94, -95, 96, 97, 98, -99, 100, 101, 102, -103, 104, 105, 106, 107, -108, 109, -110, 111, -112, 113, 114, 115, -116, -117, 118, 119, 120, -121, -122, -123, -124, 125, 126, -127, 128, 129, -130, -131, 132, 133, 134, -135, 136, -137, 138, 139, -140, 141, 142, -143, 144, -145, -146, 147, 148, 149, 150, -151, 152, -153, 154, 155, 156, -157, 158, 159, 160, 161, -162, 163, 164, 165, 166, -167, 168, 169, 170, 171, -172, 173, 174, -175, -176, 177, 178, -179, 180, -181, 182, 183, 184, 185, 186, 187, 188, 189, 190, 191] 
sigma1: 4801, sigma2: 2597, zer0: 3006
Bias calculated: 0.6489591781562585
Sampler: QuickSampler RejectIteration:6 TotalSolutionsGenerated:72835 TotalIdealSamples:7


 time taken : 88.51590943336487
