 t: 21 delta: 0.1
 eta: 0.1
 epsilon: 0.1
L: 0.55	 H: 0.6190476190476191	 Threshold T : 0.5845238095238096
numSolutions : 6232	 MaxSolutions : 10404

----------
Loop 0 of sampler_1_Net22_count_116.cnf:
----------
file was constructed with these [-104, -105, -106, 107, -108, 109, -110, -111, 112, -113, 114, -115, -116, -117, 118, -119, -120, 121, 122, -123, 124, -125, 126, -127, 128, 129, -130, 131, 132, -133, 134, 135, -136, 137, 138, 139, -140, 141, -142, 143, 144, 145, -146, 147, -148, 149, 150, -151, 152, 153, 154, -155, -156, 157, -158, 159, 160, -161, -162, -163, -164, 165, 166, -167, -168, 169, 170, -171, -172, -173, 174, -175, -176, -177, -178, 179, 180, -181, -182, -183, 184, -185, 186, 187, 188, -189, 190, 191, 192, 193, -194, -195, -196, 197, 198, -199, -200, 201, -202, -203, -204, -205, 206, 207, 208, 209, 210, -211, 212, -213, 214, -215, 216, -217, -218, -219, 0], [104, 105, 106, 107, 108, 109, 110, -111, 112, 113, 114, 115, 116, 117, 118, 119, -120, 121, 122, 123, 124, 125, 126, -127, 128, -129, -130, 131, 132, -133, 134, 135, -136, -137, 138, -139, -140, 141, 142, 143, 144, 145, 146, 147, 148, 149, 150, 151, 152, 153, 154, 155, 156, -157, 158, -159, 160, 161, 162, 163, -164, 165, 166, 167, 168, 169, 170, 171, -172, 173, -174, -175, 176, 177, -178, -179, 180, 181, -182, 183, -184, 185, -186, 187, 188, 189, -190, 191, 192, -193, 194, -195, -196, -197, -198, 199, 200, 201, 202, 203, 204, 205, 206, -207, 208, 209, -210, 211, 212, -213, 214, 215, 216, 217, 218, 219] 
sigma1: 3316, sigma2: 3801, zer0: 3287
Bias calculated: 0.4659266544892511
----------
Loop 1 of sampler_1_Net22_count_116.cnf:
----------
file was constructed with these [104, 105, 106, -107, 108, 109, -110, -111, -112, 113, 114, 115, -116, -117, -118, 119, -120, 121, 122, -123, 124, -125, -126, 127, 128, -129, -130, -131, 132, 133, -134, -135, -136, 137, 138, 139, -140, -141, 142, 143, -144, 145, 146, 147, 148, 149, -150, 151, 152, 153, 154, -155, 156, 157, -158, 159, -160, 161, 162, -163, 164, 165, 166, 167, 168, -169, 170, -171, -172, 173, -174, -175, -176, 177, -178, -179, -180, -181, -182, -183, -184, 185, -186, -187, 188, 189, -190, -191, 192, -193, -194, -195, 196, 197, -198, -199, 200, -201, 202, -203, 204, -205, -206, 207, 208, -209, 210, 211, -212, 213, 214, -215, -216, 217, -218, -219, 0], [104, -105, -106, 107, 108, -109, 110, 111, -112, -113, -114, 115, 116, 117, 118, -119, 120, 121, -122, -123, -124, -125, 126, 127, 128, 129, 130, 131, 132, -133, 134, -135, 136, -137, -138, 139, -140, 141, 142, 143, 144, 145, -146, 147, -148, 149, 150, -151, -152, -153, -154, 155, -156, -157, 158, 159, 160, 161, 162, 163, 164, 165, 166, 167, 168, 169, 170, 171, -172, -173, -174, 175, -176, 177, -178, 179, -180, 181, 182, 183, 184, -185, 186, 187, 188, 189, 190, -191, 192, 193, 194, 195, 196, 197, 198, 199, -200, 201, -202, 203, 204, -205, 206, 207, 208, 209, 210, 211, 212, -213, 214, 215, 216, -217, 218, -219] 
sigma1: 3409, sigma2: 3520, zer0: 3475
Bias calculated: 0.4919901861740511
----------
Loop 2 of sampler_1_Net22_count_116.cnf:
----------
file was constructed with these [-104, -105, -106, 107, -108, 109, -110, -111, 112, -113, 114, -115, -116, -117, 118, -119, -120, 121, 122, -123, 124, -125, 126, -127, 128, 129, -130, 131, 132, -133, 134, 135, -136, 137, 138, 139, -140, 141, -142, 143, 144, 145, -146, 147, -148, 149, 150, -151, 152, 153, 154, -155, -156, 157, -158, 159, 160, -161, -162, -163, -164, 165, 166, -167, -168, 169, 170, -171, -172, -173, 174, -175, -176, -177, -178, 179, 180, -181, -182, -183, 184, -185, 186, 187, 188, -189, 190, 191, 192, 193, -194, -195, -196, 197, 198, -199, -200, 201, -202, -203, -204, -205, 206, 207, 208, 209, 210, -211, 212, -213, 214, -215, 216, -217, -218, -219, 0], [-104, -105, 106, 107, 108, -109, -110, 111, 112, 113, -114, -115, -116, 117, -118, 119, -120, 121, -122, 123, -124, -125, -126, -127, 128, -129, 130, 131, 132, -133, 134, 135, 136, 137, 138, -139, 140, 141, 142, 143, 144, 145, -146, 147, 148, 149, -150, 151, 152, 153, -154, -155, 156, 157, 158, 159, -160, 161, -162, 163, 164, -165, 166, 167, -168, -169, -170, 171, 172, 173, -174, 175, -176, 177, -178, 179, 180, 181, -182, -183, -184, 185, 186, 187, 188, -189, -190, 191, 192, 193, 194, -195, 196, 197, -198, -199, 200, -201, -202, 203, -204, -205, 206, 207, 208, 209, 210, 211, 212, 213, 214, 215, -216, 217, 218, 219] 
sigma1: 3508, sigma2: 3352, zer0: 3544
Bias calculated: 0.5113702623906705
----------
Loop 3 of sampler_1_Net22_count_116.cnf:
----------
file was constructed with these [104, 105, 106, -107, 108, 109, -110, -111, -112, 113, 114, 115, -116, -117, -118, 119, -120, 121, 122, -123, 124, -125, -126, 127, 128, -129, -130, -131, 132, 133, -134, -135, -136, 137, 138, 139, -140, -141, 142, 143, -144, 145, 146, 147, 148, 149, -150, 151, 152, 153, 154, -155, 156, 157, -158, 159, -160, 161, 162, -163, 164, 165, 166, 167, 168, -169, 170, -171, -172, 173, -174, -175, -176, 177, -178, -179, -180, -181, -182, -183, -184, 185, -186, -187, 188, 189, -190, -191, 192, -193, -194, -195, 196, 197, -198, -199, 200, -201, 202, -203, 204, -205, -206, 207, 208, -209, 210, 211, -212, 213, 214, -215, -216, 217, -218, -219, 0], [104, 105, -106, -107, 108, -109, -110, -111, 112, -113, 114, 115, 116, 117, 118, 119, -120, -121, 122, -123, 124, 125, -126, -127, -128, 129, -130, -131, 132, 133, 134, 135, 136, -137, 138, 139, -140, 141, -142, 143, -144, -145, 146, 147, 148, 149, 150, -151, -152, 153, 154, 155, 156, 157, 158, -159, 160, 161, 162, 163, 164, 165, 166, -167, 168, 169, 170, -171, 172, -173, 174, 175, 176, 177, 178, -179, 180, 181, 182, 183, 184, 185, -186, 187, 188, -189, 190, 191, -192, 193, 194, 195, 196, 197, 198, 199, 200, 201, -202, 203, 204, 205, 206, 207, -208, 209, 210, 211, 212, 213, -214, 215, 216, 217, -218, 219] 
sigma1: 3718, sigma2: 3436, zer0: 3250
Bias calculated: 0.5197092535644394
----------
Loop 4 of sampler_1_Net22_count_116.cnf:
----------
file was constructed with these [-104, -105, 106, 107, -108, 109, 110, 111, -112, -113, -114, -115, 116, 117, -118, -119, 120, 121, 122, 123, -124, 125, 126, -127, -128, 129, 130, 131, 132, -133, 134, -135, -136, -137, -138, 139, 140, -141, -142, 143, 144, 145, 146, -147, 148, -149, -150, -151, -152, 153, -154, 155, -156, 157, 158, 159, 160, -161, -162, 163, -164, -165, -166, -167, 168, -169, -170, -171, -172, 173, 174, -175, 176, -177, -178, -179, 180, 181, 182, -183, -184, -185, -186, -187, -188, -189, 190, 191, 192, -193, 194, -195, -196, -197, 198, 199, -200, -201, -202, -203, -204, -205, 206, 207, 208, 209, 210, -211, -212, -213, -214, -215, 216, -217, -218, -219, 0], [104, 105, 106, 107, 108, 109, 110, 111, 112, 113, 114, 115, -116, 117, 118, -119, 120, 121, 122, -123, -124, 125, 126, -127, 128, 129, 130, 131, -132, -133, 134, -135, 136, 137, 138, 139, 140, 141, 142, 143, 144, 145, 146, 147, 148, 149, 150, 151, -152, -153, -154, 155, 156, 157, 158, 159, 160, -161, -162, -163, 164, 165, 166, -167, 168, -169, 170, 171, 172, 173, 174, 175, 176, 177, 178, -179, 180, 181, 182, 183, 184, 185, 186, 187, 188, -189, -190, 191, -192, 193, 194, 195, 196, 197, -198, 199, 200, 201, 202, 203, 204, 205, -206, -207, -208, -209, 210, 211, -212, -213, -214, -215, 216, 217, 218, 219] 
sigma1: 3328, sigma2: 3648, zer0: 3428
Bias calculated: 0.47706422018348627
----------
Loop 5 of sampler_1_Net22_count_116.cnf:
----------
file was constructed with these [104, -105, -106, -107, -108, 109, -110, -111, -112, 113, -114, 115, 116, 117, -118, 119, -120, -121, -122, -123, 124, 125, -126, 127, -128, -129, -130, -131, 132, 133, 134, 135, 136, 137, 138, -139, -140, 141, 142, -143, -144, 145, -146, -147, -148, -149, 150, 151, 152, -153, 154, -155, 156, -157, -158, -159, 160, 161, -162, 163, -164, -165, 166, -167, 168, -169, -170, -171, 172, 173, -174, 175, -176, -177, 178, -179, 180, -181, -182, -183, 184, -185, 186, -187, -188, 189, 190, -191, -192, -193, -194, 195, 196, -197, -198, 199, -200, 201, -202, 203, 204, 205, 206, 207, 208, 209, 210, -211, 212, 213, 214, -215, 216, -217, 218, -219, 0], [104, 105, 106, 107, 108, 109, 110, 111, 112, 113, 114, 115, 116, -117, 118, 119, 120, 121, -122, 123, 124, 125, -126, 127, 128, 129, 130, 131, 132, -133, -134, -135, 136, 137, 138, 139, 140, 141, 142, -143, -144, -145, 146, 147, -148, 149, 150, 151, -152, -153, 154, 155, 156, 157, 158, 159, -160, 161, -162, -163, -164, 165, 166, -167, 168, -169, 170, -171, 172, 173, 174, 175, -176, 177, 178, 179, -180, 181, 182, 183, 184, 185, 186, -187, -188, 189, 190, 191, -192, 193, 194, -195, 196, -197, 198, 199, 200, 201, 202, -203, 204, 205, 206, 207, -208, 209, 210, 211, 212, -213, 214, 215, 216, 217, 218, 219] 
sigma1: 3551, sigma2: 3451, zer0: 3402
Bias calculated: 0.5071408169094545
----------
Loop 6 of sampler_1_Net22_count_116.cnf:
----------
file was constructed with these [-104, -105, 106, 107, -108, 109, 110, 111, -112, -113, -114, -115, 116, 117, -118, -119, 120, 121, 122, 123, -124, 125, 126, -127, -128, 129, 130, 131, 132, -133, 134, -135, -136, -137, -138, 139, 140, -141, -142, 143, 144, 145, 146, -147, 148, -149, -150, -151, -152, 153, -154, 155, -156, 157, 158, 159, 160, -161, -162, 163, -164, -165, -166, -167, 168, -169, -170, -171, -172, 173, 174, -175, 176, -177, -178, -179, 180, 181, 182, -183, -184, -185, -186, -187, -188, -189, 190, 191, 192, -193, 194, -195, -196, -197, 198, 199, -200, -201, -202, -203, -204, -205, 206, 207, 208, 209, 210, -211, -212, -213, -214, -215, 216, -217, -218, -219, 0], [-104, -105, 106, 107, 108, 109, 110, 111, 112, 113, 114, 115, 116, 117, 118, -119, 120, -121, 122, 123, -124, 125, -126, 127, -128, 129, 130, 131, -132, 133, 134, -135, -136, 137, 138, 139, 140, 141, -142, -143, -144, 145, -146, 147, 148, 149, 150, 151, 152, 153, 154, -155, 156, 157, -158, 159, -160, 161, 162, -163, 164, 165, 166, -167, 168, 169, 170, -171, -172, 173, 174, 175, 176, -177, -178, 179, 180, 181, 182, 183, 184, 185, 186, -187, 188, -189, -190, 191, -192, -193, 194, 195, 196, 197, 198, 199, 200, 201, -202, -203, -204, -205, 206, 207, 208, 209, 210, 211, -212, 213, 214, 215, 216, 217, 218, 219] 
sigma1: 3655, sigma2: 3196, zer0: 3553
Bias calculated: 0.533498759305211
----------
Loop 7 of sampler_1_Net22_count_116.cnf:
----------
file was constructed with these [-104, 105, 106, 107, 108, 109, -110, -111, -112, -113, -114, 115, -116, 117, 118, 119, 120, -121, 122, 123, 124, 125, 126, 127, 128, -129, -130, 131, 132, -133, -134, 135, 136, 137, -138, -139, -140, -141, -142, 143, -144, -145, -146, -147, -148, 149, -150, -151, -152, 153, 154, -155, -156, 157, -158, 159, 160, -161, 162, 163, 164, -165, -166, 167, 168, -169, 170, -171, -172, -173, 174, 175, -176, 177, 178, 179, -180, -181, 182, -183, 184, 185, -186, 187, 188, 189, 190, 191, 192, 193, 194, 195, -196, -197, 198, -199, 200, 201, 202, -203, 204, 205, -206, -207, 208, -209, -210, -211, -212, -213, 214, -215, 216, 217, 218, 219, 0], [104, 105, 106, 107, 108, 109, 110, 111, 112, 113, -114, 115, 116, -117, -118, 119, 120, 121, 122, 123, 124, -125, 126, 127, -128, 129, 130, 131, -132, -133, 134, 135, 136, 137, 138, 139, 140, 141, 142, -143, 144, 145, 146, 147, -148, -149, -150, -151, 152, 153, 154, -155, 156, -157, 158, 159, -160, 161, -162, -163, 164, -165, -166, -167, -168, 169, 170, 171, 172, 173, -174, -175, -176, 177, -178, 179, -180, 181, -182, 183, 184, -185, 186, 187, 188, 189, 190, 191, 192, -193, -194, 195, -196, 197, -198, 199, 200, 201, 202, 203, 204, 205, 206, 207, 208, 209, 210, -211, 212, 213, 214, 215, 216, 217, 218, -219] 
sigma1: 3539, sigma2: 3467, zer0: 3398
Bias calculated: 0.5051384527547816
----------
Loop 8 of sampler_1_Net22_count_116.cnf:
----------
file was constructed with these [104, -105, -106, -107, -108, 109, -110, -111, -112, 113, -114, 115, 116, 117, -118, 119, -120, -121, -122, -123, 124, 125, -126, 127, -128, -129, -130, -131, 132, 133, 134, 135, 136, 137, 138, -139, -140, 141, 142, -143, -144, 145, -146, -147, -148, -149, 150, 151, 152, -153, 154, -155, 156, -157, -158, -159, 160, 161, -162, 163, -164, -165, 166, -167, 168, -169, -170, -171, 172, 173, -174, 175, -176, -177, 178, -179, 180, -181, -182, -183, 184, -185, 186, -187, -188, 189, 190, -191, -192, -193, -194, 195, 196, -197, -198, 199, -200, 201, -202, 203, 204, 205, 206, 207, 208, 209, 210, -211, 212, 213, 214, -215, 216, -217, 218, -219, 0], [104, -105, 106, 107, 108, 109, 110, 111, 112, 113, 114, 115, 116, 117, -118, -119, 120, 121, 122, -123, 124, -125, -126, 127, 128, 129, 130, 131, 132, 133, 134, -135, 136, 137, 138, 139, 140, 141, 142, 143, 144, 145, 146, 147, 148, -149, 150, 151, -152, -153, 154, 155, 156, -157, 158, 159, 160, 161, 162, 163, 164, 165, -166, -167, -168, 169, -170, -171, 172, -173, 174, 175, -176, 177, 178, 179, 180, 181, 182, -183, -184, 185, -186, 187, 188, 189, 190, 191, -192, 193, -194, 195, 196, 197, 198, -199, 200, 201, 202, -203, -204, -205, 206, 207, 208, 209, 210, -211, 212, -213, 214, 215, 216, 217, 218, 219] 
sigma1: 3388, sigma2: 3108, zer0: 3908
Bias calculated: 0.521551724137931
----------
Loop 9 of sampler_1_Net22_count_116.cnf:
----------
file was constructed with these [-104, 105, 106, 107, 108, 109, -110, -111, -112, -113, -114, 115, -116, 117, 118, 119, 120, -121, 122, 123, 124, 125, 126, 127, 128, -129, -130, 131, 132, -133, -134, 135, 136, 137, -138, -139, -140, -141, -142, 143, -144, -145, -146, -147, -148, 149, -150, -151, -152, 153, 154, -155, -156, 157, -158, 159, 160, -161, 162, 163, 164, -165, -166, 167, 168, -169, 170, -171, -172, -173, 174, 175, -176, 177, 178, 179, -180, -181, 182, -183, 184, 185, -186, 187, 188, 189, 190, 191, 192, 193, 194, 195, -196, -197, 198, -199, 200, 201, 202, -203, 204, 205, -206, -207, 208, -209, -210, -211, -212, -213, 214, -215, 216, 217, 218, 219, 0], [-104, 105, 106, -107, 108, -109, -110, 111, -112, 113, -114, 115, 116, 117, 118, -119, 120, -121, -122, 123, 124, -125, -126, 127, -128, -129, 130, -131, 132, 133, 134, -135, 136, 137, 138, -139, 140, 141, 142, -143, 144, 145, 146, 147, -148, 149, 150, 151, -152, -153, 154, 155, 156, 157, -158, 159, -160, -161, -162, 163, 164, 165, 166, -167, -168, 169, 170, 171, -172, 173, 174, 175, 176, -177, 178, 179, 180, -181, 182, -183, 184, 185, 186, 187, -188, -189, 190, 191, 192, -193, -194, -195, 196, -197, -198, 199, 200, 201, 202, 203, -204, 205, -206, 207, 208, -209, -210, 211, 212, 213, 214, 215, -216, 217, -218, 219] 
sigma1: 3370, sigma2: 3479, zer0: 3555
Bias calculated: 0.4920426339611622
----------
Loop 10 of sampler_1_Net22_count_116.cnf:
----------
file was constructed with these [104, -105, 106, 107, 108, 109, -110, 111, 112, -113, 114, 115, 116, -117, -118, 119, -120, 121, 122, -123, 124, -125, -126, 127, -128, -129, 130, -131, -132, -133, 134, 135, -136, 137, -138, -139, 140, -141, -142, -143, 144, -145, 146, -147, -148, 149, -150, 151, 152, -153, 154, -155, 156, 157, 158, -159, -160, 161, 162, 163, -164, -165, -166, 167, -168, -169, -170, 171, 172, -173, -174, 175, -176, -177, 178, 179, -180, 181, 182, 183, 184, -185, -186, -187, -188, -189, 190, 191, -192, 193, 194, 195, 196, 197, 198, -199, -200, -201, -202, -203, 204, 205, -206, -207, -208, 209, 210, 211, 212, 213, 214, 215, -216, 217, 218, 219, 0], [-104, 105, 106, 107, 108, 109, 110, 111, 112, 113, 114, 115, 116, 117, 118, 119, 120, -121, 122, 123, 124, 125, -126, 127, 128, 129, 130, -131, 132, -133, 134, -135, 136, 137, 138, 139, -140, 141, -142, -143, -144, -145, 146, 147, -148, -149, -150, 151, 152, -153, 154, 155, -156, -157, -158, 159, 160, -161, 162, -163, 164, 165, 166, -167, 168, 169, 170, 171, 172, 173, 174, -175, 176, 177, -178, 179, 180, -181, 182, 183, 184, 185, 186, 187, 188, 189, 190, 191, 192, 193, 194, -195, 196, 197, 198, 199, 200, 201, 202, 203, 204, -205, 206, -207, 208, 209, 210, 211, 212, 213, -214, -215, -216, 217, 218, -219] 
sigma1: 3547, sigma2: 3323, zer0: 3534
Bias calculated: 0.5163027656477438
----------
Loop 11 of sampler_1_Net22_count_116.cnf:
----------
file was constructed with these [-104, -105, -106, -107, 108, 109, 110, -111, 112, 113, 114, -115, 116, -117, -118, -119, 120, -121, -122, 123, -124, -125, 126, -127, -128, 129, -130, 131, -132, 133, 134, -135, 136, -137, 138, 139, -140, 141, 142, 143, -144, -145, -146, -147, 148, 149, 150, -151, -152, 153, -154, 155, -156, -157, -158, 159, -160, -161, 162, 163, -164, -165, 166, 167, -168, -169, -170, 171, -172, -173, 174, -175, 176, -177, -178, 179, -180, -181, -182, 183, -184, -185, 186, -187, -188, 189, 190, -191, 192, 193, -194, -195, -196, 197, -198, -199, -200, 201, -202, 203, -204, -205, -206, -207, -208, 209, 210, 211, -212, -213, -214, 215, -216, 217, -218, 219, 0], [104, 105, 106, 107, -108, 109, 110, -111, 112, -113, 114, 115, 116, 117, 118, -119, 120, 121, 122, -123, 124, 125, 126, -127, -128, -129, 130, -131, -132, -133, -134, 135, 136, 137, 138, 139, 140, 141, 142, 143, 144, 145, -146, -147, 148, 149, 150, 151, 152, 153, 154, 155, 156, 157, 158, -159, -160, 161, -162, 163, 164, 165, 166, 167, -168, 169, 170, -171, 172, 173, 174, 175, 176, 177, 178, -179, 180, -181, 182, -183, 184, 185, 186, 187, 188, 189, -190, 191, 192, 193, 194, 195, -196, -197, 198, 199, -200, 201, 202, 203, -204, 205, -206, -207, -208, 209, 210, 211, 212, 213, -214, 215, -216, 217, -218, 219] 
sigma1: 3378, sigma2: 3545, zer0: 3481
Bias calculated: 0.48793875487505417
----------
Loop 12 of sampler_1_Net22_count_116.cnf:
----------
file was constructed with these [-104, -105, -106, -107, 108, 109, 110, -111, 112, 113, 114, -115, 116, -117, -118, -119, 120, -121, -122, 123, -124, -125, 126, -127, -128, 129, -130, 131, -132, 133, 134, -135, 136, -137, 138, 139, -140, 141, 142, 143, -144, -145, -146, -147, 148, 149, 150, -151, -152, 153, -154, 155, -156, -157, -158, 159, -160, -161, 162, 163, -164, -165, 166, 167, -168, -169, -170, 171, -172, -173, 174, -175, 176, -177, -178, 179, -180, -181, -182, 183, -184, -185, 186, -187, -188, 189, 190, -191, 192, 193, -194, -195, -196, 197, -198, -199, -200, 201, -202, 203, -204, -205, -206, -207, -208, 209, 210, 211, -212, -213, -214, 215, -216, 217, -218, 219, 0], [104, 105, -106, 107, -108, -109, -110, -111, -112, 113, -114, -115, 116, -117, -118, -119, -120, 121, -122, 123, 124, 125, -126, 127, 128, 129, 130, -131, 132, 133, 134, 135, 136, 137, 138, 139, -140, 141, -142, 143, -144, -145, 146, 147, 148, -149, 150, 151, 152, 153, -154, 155, 156, 157, 158, 159, 160, 161, -162, -163, 164, -165, 166, 167, 168, 169, 170, -171, 172, -173, 174, 175, 176, 177, 178, 179, -180, 181, 182, 183, 184, -185, 186, -187, 188, 189, -190, -191, 192, 193, -194, -195, 196, 197, -198, -199, 200, -201, -202, -203, -204, -205, 206, -207, 208, -209, -210, 211, -212, 213, 214, 215, 216, 217, 218, 219] 
sigma1: 3464, sigma2: 3347, zer0: 3593
Bias calculated: 0.5085890471296433
----------
Loop 13 of sampler_1_Net22_count_116.cnf:
----------
file was constructed with these [-104, 105, -106, -107, -108, 109, -110, 111, 112, 113, 114, 115, -116, -117, 118, 119, 120, 121, -122, 123, 124, -125, 126, 127, 128, -129, 130, 131, -132, 133, -134, 135, -136, 137, 138, -139, 140, 141, 142, 143, 144, 145, 146, -147, -148, -149, 150, -151, -152, 153, 154, -155, -156, -157, 158, 159, -160, -161, -162, 163, 164, -165, 166, -167, -168, -169, 170, 171, -172, 173, 174, 175, -176, 177, 178, -179, 180, 181, -182, 183, 184, 185, 186, 187, 188, -189, 190, -191, 192, -193, -194, 195, -196, 197, -198, 199, 200, -201, 202, 203, 204, 205, 206, 207, -208, -209, -210, 211, -212, -213, 214, 215, -216, -217, 218, -219, 0], [104, 105, -106, 107, -108, 109, 110, -111, -112, 113, -114, 115, -116, -117, 118, 119, -120, 121, 122, 123, 124, -125, 126, 127, -128, 129, 130, 131, 132, 133, 134, 135, -136, -137, 138, 139, -140, 141, 142, 143, -144, 145, 146, 147, -148, 149, 150, 151, -152, -153, 154, 155, 156, 157, 158, -159, 160, 161, 162, 163, 164, 165, 166, -167, 168, 169, 170, -171, 172, 173, 174, 175, 176, 177, 178, 179, -180, 181, 182, -183, 184, -185, 186, 187, 188, 189, -190, 191, 192, 193, 194, 195, -196, -197, -198, -199, 200, 201, -202, 203, 204, -205, 206, -207, -208, 209, 210, 211, 212, -213, 214, -215, 216, -217, 218, -219] 
sigma1: 3355, sigma2: 3442, zer0: 3607
Bias calculated: 0.4936001176989848
----------
Loop 14 of sampler_1_Net22_count_116.cnf:
----------
file was constructed with these [-104, -105, -106, 107, -108, 109, -110, -111, 112, -113, 114, -115, -116, -117, 118, -119, -120, 121, 122, -123, 124, -125, 126, -127, 128, 129, -130, 131, 132, -133, 134, 135, -136, 137, 138, 139, -140, 141, -142, 143, 144, 145, -146, 147, -148, 149, 150, -151, 152, 153, 154, -155, -156, 157, -158, 159, 160, -161, -162, -163, -164, 165, 166, -167, -168, 169, 170, -171, -172, -173, 174, -175, -176, -177, -178, 179, 180, -181, -182, -183, 184, -185, 186, 187, 188, -189, 190, 191, 192, 193, -194, -195, -196, 197, 198, -199, -200, 201, -202, -203, -204, -205, 206, 207, 208, 209, 210, -211, 212, -213, 214, -215, 216, -217, -218, -219, 0], [104, -105, 106, 107, 108, -109, 110, -111, 112, 113, -114, 115, 116, 117, -118, 119, 120, -121, -122, 123, 124, -125, 126, 127, 128, -129, -130, 131, 132, 133, 134, -135, 136, -137, -138, 139, 140, -141, 142, 143, 144, 145, 146, -147, -148, -149, 150, 151, -152, 153, 154, 155, 156, 157, 158, 159, 160, 161, 162, -163, 164, -165, -166, -167, -168, 169, 170, -171, 172, 173, 174, 175, -176, 177, 178, 179, 180, 181, 182, 183, 184, -185, 186, 187, 188, 189, 190, 191, 192, -193, 194, 195, 196, 197, -198, -199, 200, 201, -202, -203, -204, -205, -206, -207, -208, 209, -210, 211, 212, 213, -214, 215, 216, -217, 218, 219] 
sigma1: 3546, sigma2: 3348, zer0: 3510
Bias calculated: 0.5143603133159269
----------
Loop 15 of sampler_1_Net22_count_116.cnf:
----------
file was constructed with these [-104, -105, 106, -107, 108, 109, -110, 111, -112, 113, -114, -115, -116, 117, 118, -119, -120, -121, -122, -123, 124, 125, 126, -127, 128, 129, 130, 131, -132, 133, 134, 135, 136, 137, -138, 139, 140, -141, 142, 143, -144, -145, 146, 147, -148, -149, -150, -151, 152, 153, 154, -155, -156, -157, 158, 159, -160, -161, 162, -163, -164, 165, -166, 167, 168, 169, 170, 171, -172, 173, 174, -175, -176, -177, -178, -179, -180, 181, 182, 183, 184, -185, -186, 187, 188, 189, 190, -191, 192, -193, 194, -195, -196, -197, -198, 199, -200, -201, -202, 203, -204, -205, -206, -207, -208, 209, 210, 211, 212, -213, 214, 215, -216, 217, -218, 219, 0], [104, 105, -106, 107, 108, -109, 110, 111, -112, -113, 114, 115, 116, -117, -118, -119, -120, 121, 122, 123, -124, 125, 126, -127, 128, 129, 130, -131, 132, 133, 134, 135, 136, 137, -138, 139, -140, -141, 142, 143, -144, 145, 146, -147, -148, 149, 150, 151, 152, -153, 154, 155, 156, -157, 158, 159, -160, -161, 162, 163, 164, 165, 166, 167, 168, 169, 170, 171, 172, 173, 174, 175, -176, 177, 178, 179, 180, 181, -182, 183, 184, 185, -186, 187, 188, 189, 190, 191, 192, -193, -194, 195, -196, 197, 198, 199, 200, 201, 202, 203, 204, 205, -206, -207, -208, 209, 210, 211, 212, -213, 214, 215, -216, 217, 218, -219] 
sigma1: 3508, sigma2: 3436, zer0: 3460
Bias calculated: 0.505184331797235
----------
Loop 16 of sampler_1_Net22_count_116.cnf:
----------
file was constructed with these [-104, -105, -106, 107, -108, 109, -110, -111, 112, -113, 114, -115, -116, -117, 118, -119, -120, 121, 122, -123, 124, -125, 126, -127, 128, 129, -130, 131, 132, -133, 134, 135, -136, 137, 138, 139, -140, 141, -142, 143, 144, 145, -146, 147, -148, 149, 150, -151, 152, 153, 154, -155, -156, 157, -158, 159, 160, -161, -162, -163, -164, 165, 166, -167, -168, 169, 170, -171, -172, -173, 174, -175, -176, -177, -178, 179, 180, -181, -182, -183, 184, -185, 186, 187, 188, -189, 190, 191, 192, 193, -194, -195, -196, 197, 198, -199, -200, 201, -202, -203, -204, -205, 206, 207, 208, 209, 210, -211, 212, -213, 214, -215, 216, -217, -218, -219, 0], [-104, 105, 106, 107, 108, 109, 110, 111, 112, 113, 114, 115, 116, 117, 118, 119, 120, 121, 122, -123, 124, 125, -126, 127, 128, -129, 130, 131, 132, 133, 134, -135, 136, 137, 138, 139, -140, -141, 142, 143, -144, 145, 146, -147, 148, -149, 150, 151, 152, -153, 154, 155, 156, 157, 158, -159, 160, 161, 162, -163, -164, 165, 166, 167, 168, -169, 170, 171, -172, 173, -174, 175, 176, -177, 178, -179, 180, -181, -182, -183, 184, -185, 186, 187, 188, 189, -190, -191, 192, -193, 194, -195, 196, -197, -198, 199, 200, 201, 202, 203, -204, 205, -206, -207, -208, -209, 210, -211, 212, 213, 214, -215, 216, 217, 218, 219] 
sigma1: 3230, sigma2: 3550, zer0: 3624
Bias calculated: 0.47640117994100295
----------
Loop 17 of sampler_1_Net22_count_116.cnf:
----------
file was constructed with these [-104, -105, 106, 107, -108, 109, 110, 111, -112, -113, -114, -115, 116, 117, -118, -119, 120, 121, 122, 123, -124, 125, 126, -127, -128, 129, 130, 131, 132, -133, 134, -135, -136, -137, -138, 139, 140, -141, -142, 143, 144, 145, 146, -147, 148, -149, -150, -151, -152, 153, -154, 155, -156, 157, 158, 159, 160, -161, -162, 163, -164, -165, -166, -167, 168, -169, -170, -171, -172, 173, 174, -175, 176, -177, -178, -179, 180, 181, 182, -183, -184, -185, -186, -187, -188, -189, 190, 191, 192, -193, 194, -195, -196, -197, 198, 199, -200, -201, -202, -203, -204, -205, 206, 207, 208, 209, 210, -211, -212, -213, -214, -215, 216, -217, -218, -219, 0], [104, 105, 106, -107, 108, -109, 110, 111, -112, 113, 114, 115, -116, 117, -118, -119, 120, -121, 122, -123, -124, 125, 126, 127, 128, 129, 130, 131, 132, 133, 134, 135, 136, 137, -138, 139, -140, -141, 142, -143, 144, 145, 146, -147, -148, 149, -150, 151, 152, 153, -154, 155, -156, 157, 158, -159, 160, 161, -162, -163, 164, -165, 166, 167, 168, 169, 170, 171, 172, -173, -174, 175, 176, 177, -178, 179, 180, 181, 182, -183, 184, 185, 186, -187, 188, 189, -190, 191, 192, 193, 194, 195, 196, -197, 198, 199, 200, 201, 202, -203, 204, 205, -206, 207, -208, 209, -210, 211, 212, -213, 214, 215, -216, 217, -218, 219] 
sigma1: 3447, sigma2: 3467, zer0: 3490
Bias calculated: 0.4985536592421174
----------
Loop 18 of sampler_1_Net22_count_116.cnf:
----------
file was constructed with these [-104, 105, 106, 107, 108, 109, -110, -111, -112, -113, -114, 115, -116, 117, 118, 119, 120, -121, 122, 123, 124, 125, 126, 127, 128, -129, -130, 131, 132, -133, -134, 135, 136, 137, -138, -139, -140, -141, -142, 143, -144, -145, -146, -147, -148, 149, -150, -151, -152, 153, 154, -155, -156, 157, -158, 159, 160, -161, 162, 163, 164, -165, -166, 167, 168, -169, 170, -171, -172, -173, 174, 175, -176, 177, 178, 179, -180, -181, 182, -183, 184, 185, -186, 187, 188, 189, 190, 191, 192, 193, 194, 195, -196, -197, 198, -199, 200, 201, 202, -203, 204, 205, -206, -207, 208, -209, -210, -211, -212, -213, 214, -215, 216, 217, 218, 219, 0], [104, 105, 106, 107, 108, -109, 110, 111, 112, 113, 114, 115, 116, -117, 118, 119, 120, -121, -122, -123, -124, 125, 126, -127, 128, -129, 130, 131, 132, 133, -134, -135, 136, -137, -138, -139, -140, -141, -142, 143, 144, 145, 146, -147, 148, 149, 150, 151, -152, 153, -154, 155, 156, 157, -158, -159, -160, 161, 162, -163, 164, 165, 166, 167, -168, 169, 170, -171, 172, -173, -174, 175, 176, -177, 178, -179, -180, -181, -182, 183, 184, -185, 186, 187, 188, 189, -190, 191, -192, 193, 194, 195, 196, -197, 198, 199, 200, -201, -202, -203, 204, -205, -206, 207, 208, 209, 210, -211, 212, 213, 214, 215, 216, -217, -218, 219] 
sigma1: 3388, sigma2: 3373, zer0: 3643
Bias calculated: 0.5011093033574915
----------
Loop 19 of sampler_1_Net22_count_116.cnf:
----------
file was constructed with these [-104, 105, -106, -107, -108, 109, -110, 111, 112, 113, 114, 115, -116, -117, 118, 119, 120, 121, -122, 123, 124, -125, 126, 127, 128, -129, 130, 131, -132, 133, -134, 135, -136, 137, 138, -139, 140, 141, 142, 143, 144, 145, 146, -147, -148, -149, 150, -151, -152, 153, 154, -155, -156, -157, 158, 159, -160, -161, -162, 163, 164, -165, 166, -167, -168, -169, 170, 171, -172, 173, 174, 175, -176, 177, 178, -179, 180, 181, -182, 183, 184, 185, 186, 187, 188, -189, 190, -191, 192, -193, -194, 195, -196, 197, -198, 199, 200, -201, 202, 203, 204, 205, 206, 207, -208, -209, -210, 211, -212, -213, 214, 215, -216, -217, 218, -219, 0], [-104, -105, 106, 107, 108, 109, 110, 111, 112, 113, 114, -115, -116, 117, 118, 119, 120, 121, 122, 123, 124, 125, -126, -127, 128, 129, 130, 131, 132, 133, 134, 135, -136, 137, 138, 139, 140, 141, 142, -143, 144, -145, 146, -147, 148, -149, -150, 151, 152, 153, -154, 155, 156, -157, 158, 159, 160, -161, 162, 163, -164, 165, -166, 167, -168, -169, 170, 171, 172, -173, -174, 175, 176, 177, -178, 179, -180, -181, 182, -183, -184, 185, -186, 187, 188, -189, 190, -191, 192, 193, 194, -195, 196, -197, 198, 199, 200, 201, -202, 203, 204, 205, 206, 207, 208, 209, -210, 211, 212, 213, 214, 215, -216, -217, -218, 219] 
sigma1: 3398, sigma2: 3333, zer0: 3673
Bias calculated: 0.5048284058832269
----------
Loop 20 of sampler_1_Net22_count_116.cnf:
----------
file was constructed with these [104, 105, 106, -107, 108, 109, -110, -111, -112, 113, 114, 115, -116, -117, -118, 119, -120, 121, 122, -123, 124, -125, -126, 127, 128, -129, -130, -131, 132, 133, -134, -135, -136, 137, 138, 139, -140, -141, 142, 143, -144, 145, 146, 147, 148, 149, -150, 151, 152, 153, 154, -155, 156, 157, -158, 159, -160, 161, 162, -163, 164, 165, 166, 167, 168, -169, 170, -171, -172, 173, -174, -175, -176, 177, -178, -179, -180, -181, -182, -183, -184, 185, -186, -187, 188, 189, -190, -191, 192, -193, -194, -195, 196, 197, -198, -199, 200, -201, 202, -203, 204, -205, -206, 207, 208, -209, 210, 211, -212, 213, 214, -215, -216, 217, -218, -219, 0], [104, 105, 106, 107, -108, 109, -110, -111, 112, -113, -114, 115, 116, 117, 118, 119, 120, -121, 122, 123, 124, 125, 126, 127, -128, -129, 130, 131, 132, 133, -134, 135, 136, 137, -138, 139, 140, 141, 142, -143, 144, 145, 146, 147, 148, -149, 150, -151, 152, 153, 154, -155, -156, -157, 158, -159, 160, 161, 162, -163, 164, 165, -166, 167, 168, 169, 170, 171, -172, -173, -174, -175, -176, -177, 178, 179, -180, 181, 182, -183, -184, -185, 186, 187, 188, 189, 190, 191, -192, -193, 194, 195, -196, 197, 198, 199, -200, 201, 202, 203, -204, -205, 206, 207, 208, 209, 210, 211, 212, 213, 214, 215, -216, 217, 218, 219] 
sigma1: 3438, sigma2: 3345, zer0: 3621
Bias calculated: 0.5068553737284387
Sampler: UniGen3 Accept:1 TotalSolutionsGenerated: 218505 TotalIdealSamples: 21


 time taken : 756.511198759079
