 t: 21 delta: 0.1
 eta: 0.1
 epsilon: 0.1
L: 0.55	 H: 0.6190476190476191	 Threshold T : 0.5845238095238096
numSolutions : 6232	 MaxSolutions : 10404

----------
Loop 0 of sampler_2_Net6_count_91.cnf:
----------
file was constructed with these [-63, -64, -65, 66, -67, 68, 69, 70, -71, -72, -73, -74, -75, -76, 77, -78, -79, -80, 81, 82, -83, 84, 85, -86, -87, -88, -89, -90, 91, -92, 93, -94, -95, -96, -97, -98, 99, 100, 101, 102, -103, -104, 105, -106, -107, -108, 109, -110, 111, -112, -113, 114, 115, 116, 117, 118, 119, 120, 121, -122, -123, 124, -125, -126, 127, 128, -129, 130, -131, -132, -133, -134, -135, -136, 137, -138, -139, -140, -141, 142, -143, -144, -145, -146, 147, -148, 149, 150, 151, 152, 153], [-63, -64, 65, 66, -67, 68, 69, -70, -71, -72, 73, 74, 75, 76, 77, -78, -79, 80, -81, -82, 83, -84, 85, 86, -87, 88, -89, 90, -91, -92, -93, 94, 95, 96, 97, 98, 99, 100, 101, 102, 103, -104, 105, -106, 107, 108, 109, 110, 111, 112, -113, 114, -115, 116, 117, 118, -119, 120, 121, 122, 123, -124, -125, 126, -127, -128, 129, 130, 131, -132, 133, 134, 135, -136, -137, 138, 139, 140, 141, 142, -143, 144, 145, -146, 147, 148, -149, 150, -151, 152, 153] 
sigma1: 3126, sigma2: 3600, zer0: 3678
Bias calculated: 0.4647636039250669
----------
Loop 1 of sampler_2_Net6_count_91.cnf:
----------
file was constructed with these [-63, 64, 65, -66, 67, 68, -69, -70, 71, -72, -73, 74, -75, -76, 77, -78, -79, -80, 81, 82, -83, -84, -85, -86, 87, 88, 89, 90, -91, 92, -93, -94, 95, 96, 97, 98, 99, 100, 101, -102, -103, 104, 105, -106, 107, -108, 109, -110, -111, -112, 113, -114, -115, 116, -117, 118, -119, 120, -121, 122, 123, -124, 125, -126, 127, 128, 129, -130, -131, 132, -133, -134, -135, 136, 137, -138, 139, -140, -141, 142, -143, 144, 145, -146, 147, -148, 149, 150, 151, 152, -153], [-63, -64, -65, 66, 67, 68, 69, -70, 71, -72, 73, -74, -75, -76, -77, -78, 79, 80, -81, 82, 83, -84, 85, 86, 87, 88, -89, 90, 91, 92, 93, -94, -95, 96, 97, 98, 99, 100, -101, 102, 103, -104, -105, -106, 107, -108, 109, 110, 111, -112, 113, 114, -115, 116, -117, 118, -119, 120, -121, 122, 123, -124, -125, 126, 127, 128, -129, -130, 131, -132, -133, 134, 135, 136, -137, 138, -139, 140, 141, 142, 143, 144, -145, -146, 147, 148, 149, 150, 151, -152, 153] 
sigma1: 3282, sigma2: 3708, zer0: 3414
Bias calculated: 0.4695278969957081
----------
Loop 2 of sampler_2_Net6_count_91.cnf:
----------
file was constructed with these [-63, 64, -65, -66, -67, -68, -69, -70, 71, -72, 73, -74, -75, -76, -77, -78, -79, 80, -81, 82, 83, -84, -85, -86, 87, 88, 89, -90, -91, -92, 93, 94, -95, -96, 97, -98, -99, 100, -101, 102, 103, -104, 105, 106, -107, 108, -109, -110, -111, -112, 113, 114, 115, -116, -117, -118, 119, 120, -121, -122, 123, -124, 125, 126, -127, -128, -129, -130, 131, -132, 133, -134, -135, -136, -137, -138, 139, -140, -141, -142, -143, -144, 145, 146, -147, 148, 149, 150, -151, -152, 153], [63, 64, 65, 66, 67, 68, 69, 70, -71, 72, 73, 74, 75, 76, -77, 78, 79, 80, -81, -82, 83, -84, 85, 86, -87, -88, 89, 90, -91, -92, 93, 94, -95, -96, 97, 98, 99, -100, -101, 102, 103, -104, 105, 106, 107, 108, -109, 110, 111, -112, 113, 114, -115, -116, 117, -118, 119, 120, 121, -122, 123, 124, 125, 126, 127, 128, 129, 130, -131, -132, 133, 134, 135, 136, 137, 138, 139, -140, 141, 142, -143, 144, 145, 146, 147, 148, -149, 150, -151, 152, 153] 
sigma1: 3860, sigma2: 3413, zer0: 3131
Bias calculated: 0.5307300976213392
----------
Loop 3 of sampler_2_Net6_count_91.cnf:
----------
file was constructed with these [63, 64, -65, 66, 67, 68, -69, -70, 71, 72, 73, -74, -75, 76, 77, -78, -79, 80, -81, -82, -83, -84, 85, -86, -87, -88, -89, -90, 91, 92, -93, -94, 95, 96, 97, 98, 99, 100, 101, -102, -103, -104, -105, -106, 107, 108, 109, 110, 111, 112, 113, 114, 115, 116, 117, -118, 119, 120, -121, -122, -123, -124, 125, -126, 127, -128, 129, -130, 131, -132, 133, 134, -135, 136, 137, 138, 139, -140, -141, -142, 143, 144, 145, 146, -147, -148, 149, 150, 151, 152, -153], [63, -64, 65, 66, -67, -68, 69, 70, -71, -72, -73, 74, -75, 76, 77, 78, 79, 80, -81, 82, 83, 84, -85, 86, -87, -88, 89, -90, 91, 92, -93, 94, 95, 96, 97, 98, 99, -100, 101, -102, 103, 104, 105, 106, 107, -108, 109, 110, -111, 112, 113, 114, 115, 116, 117, -118, 119, 120, 121, -122, 123, -124, 125, 126, 127, -128, 129, 130, -131, 132, 133, 134, -135, -136, 137, 138, 139, 140, 141, -142, 143, 144, 145, 146, 147, -148, -149, -150, 151, 152, -153] 
sigma1: 3737, sigma2: 3700, zer0: 2967
Bias calculated: 0.5024875621890548
----------
Loop 4 of sampler_2_Net6_count_91.cnf:
----------
file was constructed with these [63, -64, 65, -66, 67, 68, 69, 70, 71, -72, 73, 74, 75, 76, 77, 78, 79, -80, 81, 82, -83, -84, -85, -86, -87, 88, 89, -90, -91, 92, 93, -94, -95, -96, 97, 98, -99, -100, -101, 102, 103, 104, 105, -106, -107, -108, 109, 110, -111, -112, -113, -114, 115, -116, -117, 118, 119, 120, 121, -122, -123, -124, -125, -126, 127, -128, 129, 130, -131, -132, -133, 134, 135, 136, 137, -138, 139, -140, 141, 142, 143, -144, -145, -146, -147, -148, 149, -150, -151, 152, -153], [63, -64, 65, 66, 67, -68, -69, 70, -71, 72, 73, 74, -75, 76, 77, 78, 79, 80, 81, 82, -83, 84, 85, 86, 87, 88, 89, -90, 91, 92, 93, 94, 95, -96, 97, 98, 99, 100, 101, -102, 103, 104, 105, 106, -107, 108, -109, -110, -111, 112, -113, 114, 115, 116, 117, -118, -119, 120, -121, 122, 123, 124, 125, 126, 127, -128, 129, 130, 131, 132, 133, 134, -135, -136, -137, -138, 139, -140, 141, 142, -143, 144, 145, 146, 147, -148, -149, 150, -151, 152, -153] 
sigma1: 4831, sigma2: 2753, zer0: 2820
Bias calculated: 0.6369989451476793
Sampler: QuickSampler RejectIteration:4 TotalSolutionsGenerated:52025 TotalIdealSamples:5


 time taken : 54.40706515312195
