 t: 21 delta: 0.1
 eta: 0.1
 epsilon: 0.1
L: 0.55	 H: 0.6190476190476191	 Threshold T : 0.5845238095238096
numSolutions : 6232	 MaxSolutions : 10404

----------
Loop 0 of sampler_1_Net8_count_96.cnf:
----------
file was constructed with these [-67, -68, -69, -70, -71, 72, -73, 74, -75, 76, 77, 78, 79, 80, 81, -82, 83, -84, 85, -86, 87, -88, 89, 90, 91, -92, 93, 94, 95, -96, 97, -98, 99, -100, -101, 102, -103, -104, -105, 106, 107, 108, 109, 110, -111, 112, 113, -114, 115, 116, -117, 118, 119, 120, -121, -122, -123, -124, -125, -126, -127, -128, 129, 130, -131, 132, -133, 134, 135, -136, 137, 138, -139, -140, 141, 142, 143, -144, -145, -146, -147, 148, 149, -150, -151, 152, -153, 154, 155, 156, 157, 158, -159, 160, -161, -162, 0], [67, 68, 69, 70, 71, 72, 73, -74, 75, 76, 77, 78, 79, 80, 81, -82, 83, -84, 85, 86, 87, -88, -89, -90, 91, -92, 93, 94, 95, 96, 97, 98, -99, 100, 101, 102, 103, 104, 105, 106, -107, 108, 109, 110, 111, -112, -113, -114, 115, -116, -117, -118, 119, -120, 121, 122, 123, 124, 125, 126, 127, 128, 129, 130, 131, 132, 133, 134, -135, -136, 137, 138, -139, -140, 141, 142, -143, 144, 145, 146, 147, 148, 149, -150, 151, 152, -153, -154, -155, 156, 157, -158, 159, -160, -161, 162] 
sigma1: 3774, sigma2: 3224, zer0: 3406
Bias calculated: 0.5392969419834238
----------
Loop 1 of sampler_1_Net8_count_96.cnf:
----------
file was constructed with these [-67, 68, -69, 70, 71, -72, -73, -74, -75, 76, -77, 78, -79, -80, 81, -82, -83, -84, -85, -86, 87, 88, -89, -90, -91, -92, 93, 94, -95, 96, -97, 98, 99, -100, -101, 102, 103, 104, 105, -106, -107, 108, -109, 110, 111, -112, -113, 114, -115, 116, -117, -118, -119, 120, -121, -122, 123, -124, -125, 126, 127, 128, -129, 130, 131, 132, -133, -134, -135, -136, -137, -138, 139, -140, 141, -142, -143, 144, -145, -146, -147, 148, -149, -150, 151, 152, -153, 154, -155, -156, 157, 158, 159, 160, -161, -162, 0], [67, 68, 69, 70, 71, 72, -73, 74, 75, 76, 77, 78, -79, 80, 81, 82, -83, 84, 85, -86, 87, 88, 89, 90, -91, -92, 93, 94, 95, 96, 97, 98, 99, -100, 101, 102, 103, 104, 105, 106, 107, 108, 109, -110, 111, 112, 113, 114, 115, 116, 117, 118, 119, 120, 121, 122, 123, 124, 125, 126, 127, 128, 129, -130, -131, 132, 133, 134, 135, 136, -137, 138, 139, 140, -141, 142, 143, -144, -145, 146, 147, 148, 149, -150, 151, 152, 153, 154, -155, -156, 157, 158, 159, 160, 161, 162] 
sigma1: 3450, sigma2: 3500, zer0: 3454
Bias calculated: 0.49640287769784175
----------
Loop 2 of sampler_1_Net8_count_96.cnf:
----------
file was constructed with these [-67, -68, -69, -70, -71, 72, -73, 74, -75, 76, 77, 78, 79, 80, 81, -82, 83, -84, 85, -86, 87, -88, 89, 90, 91, -92, 93, 94, 95, -96, 97, -98, 99, -100, -101, 102, -103, -104, -105, 106, 107, 108, 109, 110, -111, 112, 113, -114, 115, 116, -117, 118, 119, 120, -121, -122, -123, -124, -125, -126, -127, -128, 129, 130, -131, 132, -133, 134, 135, -136, 137, 138, -139, -140, 141, 142, 143, -144, -145, -146, -147, 148, 149, -150, -151, 152, -153, 154, 155, 156, 157, 158, -159, 160, -161, -162, 0], [-67, 68, 69, 70, 71, 72, 73, -74, -75, -76, -77, 78, 79, -80, -81, 82, 83, -84, 85, 86, 87, -88, 89, -90, 91, -92, -93, 94, 95, 96, -97, 98, -99, -100, 101, 102, 103, 104, 105, 106, 107, -108, -109, -110, -111, 112, 113, 114, 115, -116, 117, -118, -119, 120, 121, -122, 123, 124, 125, -126, 127, 128, -129, 130, 131, 132, 133, 134, 135, 136, 137, 138, -139, -140, 141, 142, 143, 144, 145, 146, 147, 148, -149, 150, -151, 152, 153, 154, 155, -156, -157, -158, 159, -160, 161, 162] 
sigma1: 3573, sigma2: 3468, zer0: 3363
Bias calculated: 0.5074563272262462
----------
Loop 3 of sampler_1_Net8_count_96.cnf:
----------
file was constructed with these [-67, 68, 69, -70, 71, 72, -73, -74, -75, 76, -77, -78, -79, 80, 81, -82, -83, -84, 85, 86, 87, -88, -89, -90, 91, -92, 93, -94, 95, -96, -97, -98, -99, 100, 101, -102, -103, 104, 105, -106, 107, -108, 109, -110, -111, 112, -113, -114, 115, 116, 117, 118, 119, -120, -121, -122, 123, -124, -125, -126, -127, 128, -129, -130, 131, -132, 133, -134, 135, -136, -137, 138, -139, 140, -141, 142, -143, 144, -145, 146, -147, 148, -149, 150, -151, 152, -153, 154, -155, -156, -157, -158, 159, 160, -161, 162, 0], [67, 68, 69, 70, 71, -72, 73, -74, 75, 76, -77, -78, 79, -80, -81, -82, 83, -84, 85, -86, -87, 88, 89, 90, 91, 92, 93, 94, 95, -96, 97, 98, 99, -100, -101, 102, 103, 104, 105, 106, 107, 108, -109, -110, 111, -112, 113, -114, 115, 116, -117, 118, -119, -120, -121, 122, 123, 124, 125, -126, 127, 128, -129, 130, 131, 132, -133, 134, 135, 136, 137, 138, 139, -140, -141, 142, 143, 144, 145, 146, 147, -148, 149, -150, -151, 152, 153, 154, 155, 156, 157, 158, -159, 160, 161, 162] 
sigma1: 3440, sigma2: 3387, zer0: 3577
Bias calculated: 0.5038816464039841
----------
Loop 4 of sampler_1_Net8_count_96.cnf:
----------
file was constructed with these [67, -68, -69, 70, -71, 72, 73, 74, -75, -76, -77, 78, 79, 80, -81, 82, -83, 84, 85, 86, 87, -88, -89, -90, -91, 92, -93, 94, -95, -96, -97, 98, 99, -100, 101, 102, 103, -104, 105, -106, -107, -108, 109, 110, -111, 112, 113, 114, 115, -116, 117, 118, 119, 120, 121, -122, -123, 124, 125, -126, 127, 128, -129, 130, -131, 132, 133, 134, 135, 136, -137, -138, -139, -140, -141, 142, -143, 144, 145, 146, 147, 148, -149, -150, -151, 152, 153, -154, 155, 156, 157, -158, -159, -160, 161, -162, 0], [67, 68, 69, 70, -71, 72, 73, 74, 75, -76, 77, 78, -79, 80, 81, 82, -83, 84, 85, 86, 87, 88, 89, 90, 91, 92, -93, 94, 95, 96, 97, 98, 99, -100, 101, 102, 103, -104, 105, 106, 107, 108, 109, 110, -111, 112, -113, 114, 115, 116, 117, 118, 119, 120, -121, 122, 123, 124, 125, -126, -127, -128, 129, -130, -131, 132, -133, 134, -135, -136, 137, 138, 139, 140, 141, 142, -143, -144, -145, -146, -147, -148, -149, 150, 151, 152, 153, 154, 155, 156, 157, 158, 159, 160, 161, 162] 
sigma1: 3427, sigma2: 3474, zer0: 3503
Bias calculated: 0.49659469642080856
----------
Loop 5 of sampler_1_Net8_count_96.cnf:
----------
file was constructed with these [-67, -68, -69, -70, -71, 72, -73, 74, 75, 76, -77, -78, -79, 80, -81, 82, 83, 84, 85, 86, 87, -88, 89, 90, -91, -92, 93, 94, -95, 96, 97, 98, -99, 100, -101, -102, -103, 104, -105, -106, 107, 108, 109, 110, -111, 112, 113, -114, -115, 116, 117, 118, -119, -120, 121, -122, 123, 124, -125, 126, 127, 128, 129, 130, -131, -132, -133, -134, 135, 136, -137, -138, 139, 140, -141, -142, -143, -144, -145, -146, 147, -148, -149, 150, -151, -152, 153, -154, 155, 156, -157, 158, 159, 160, -161, 162, 0], [67, 68, 69, 70, 71, 72, 73, -74, 75, 76, 77, 78, -79, 80, 81, 82, 83, 84, 85, 86, 87, -88, -89, -90, 91, 92, 93, 94, 95, 96, 97, -98, 99, 100, 101, 102, 103, 104, 105, 106, 107, 108, 109, 110, 111, 112, 113, 114, -115, 116, 117, 118, 119, 120, 121, 122, 123, 124, 125, 126, 127, 128, 129, 130, 131, 132, 133, 134, -135, -136, -137, 138, 139, 140, 141, 142, -143, -144, 145, 146, 147, 148, -149, -150, 151, 152, 153, 154, 155, 156, -157, 158, 159, 160, -161, 162] 
sigma1: 3719, sigma2: 3361, zer0: 3324
Bias calculated: 0.5252824858757063
----------
Loop 6 of sampler_1_Net8_count_96.cnf:
----------
file was constructed with these [-67, -68, 69, 70, -71, -72, -73, 74, 75, 76, -77, 78, 79, -80, 81, -82, 83, -84, 85, -86, 87, -88, -89, -90, -91, -92, -93, -94, -95, 96, 97, -98, -99, -100, 101, -102, -103, -104, 105, 106, -107, -108, -109, 110, 111, 112, -113, -114, 115, -116, 117, 118, 119, 120, -121, 122, 123, -124, -125, -126, 127, -128, 129, 130, 131, 132, -133, -134, 135, -136, 137, 138, -139, 140, -141, -142, 143, -144, 145, 146, -147, 148, 149, -150, 151, -152, -153, 154, -155, -156, 157, 158, 159, 160, -161, 162, 0], [67, 68, 69, 70, 71, 72, -73, -74, 75, 76, 77, 78, 79, 80, -81, -82, 83, -84, 85, 86, 87, 88, 89, -90, 91, 92, 93, 94, 95, 96, 97, -98, -99, 100, -101, -102, 103, 104, 105, -106, 107, 108, 109, 110, 111, 112, 113, 114, 115, 116, 117, 118, 119, 120, 121, -122, -123, 124, -125, -126, -127, 128, -129, -130, -131, 132, 133, 134, 135, 136, 137, 138, 139, 140, 141, 142, 143, -144, 145, -146, -147, 148, 149, 150, -151, -152, 153, -154, 155, -156, -157, -158, -159, 160, 161, -162] 
sigma1: 3694, sigma2: 3224, zer0: 3486
Bias calculated: 0.5339693553050014
----------
Loop 7 of sampler_1_Net8_count_96.cnf:
----------
file was constructed with these [67, -68, -69, 70, -71, 72, 73, 74, -75, -76, -77, 78, 79, 80, -81, 82, -83, 84, 85, 86, 87, -88, -89, -90, -91, 92, -93, 94, -95, -96, -97, 98, 99, -100, 101, 102, 103, -104, 105, -106, -107, -108, 109, 110, -111, 112, 113, 114, 115, -116, 117, 118, 119, 120, 121, -122, -123, 124, 125, -126, 127, 128, -129, 130, -131, 132, 133, 134, 135, 136, -137, -138, -139, -140, -141, 142, -143, 144, 145, 146, 147, 148, -149, -150, -151, 152, 153, -154, 155, 156, 157, -158, -159, -160, 161, -162, 0], [67, -68, 69, 70, -71, 72, -73, 74, 75, 76, 77, 78, 79, 80, 81, 82, -83, 84, 85, -86, 87, -88, -89, -90, 91, -92, 93, -94, 95, 96, 97, 98, 99, -100, 101, 102, 103, 104, 105, 106, -107, 108, 109, 110, 111, -112, 113, -114, 115, 116, 117, -118, -119, -120, 121, 122, -123, -124, 125, 126, 127, -128, 129, -130, -131, -132, 133, 134, 135, 136, 137, -138, 139, 140, 141, -142, 143, 144, 145, 146, -147, 148, -149, -150, -151, 152, 153, 154, 155, -156, -157, -158, 159, 160, 161, -162] 
sigma1: 3319, sigma2: 3566, zer0: 3519
Bias calculated: 0.48206245461147423
----------
Loop 8 of sampler_1_Net8_count_96.cnf:
----------
file was constructed with these [-67, 68, -69, -70, -71, 72, -73, 74, -75, 76, 77, -78, 79, -80, -81, -82, -83, -84, -85, -86, -87, -88, -89, 90, 91, 92, -93, 94, -95, 96, 97, -98, -99, -100, -101, -102, 103, 104, -105, -106, -107, 108, 109, -110, -111, 112, -113, -114, 115, -116, -117, -118, -119, -120, 121, -122, 123, 124, 125, -126, 127, -128, 129, 130, -131, -132, -133, -134, -135, 136, 137, 138, 139, -140, 141, 142, 143, 144, -145, 146, -147, 148, -149, -150, -151, 152, -153, -154, 155, -156, 157, -158, -159, -160, 161, 162, 0], [67, 68, -69, -70, 71, 72, -73, 74, -75, 76, 77, 78, -79, 80, -81, 82, -83, -84, -85, 86, -87, 88, 89, 90, 91, 92, 93, -94, 95, -96, 97, 98, 99, -100, -101, 102, 103, -104, 105, 106, 107, 108, -109, 110, -111, 112, 113, 114, 115, 116, 117, -118, 119, 120, 121, -122, -123, -124, 125, 126, 127, -128, 129, 130, -131, 132, 133, 134, 135, 136, 137, 138, -139, 140, -141, 142, 143, 144, 145, -146, 147, -148, -149, -150, 151, 152, -153, -154, 155, 156, -157, -158, 159, 160, 161, 162] 
sigma1: 3369, sigma2: 3566, zer0: 3469
Bias calculated: 0.4857966834895458
----------
Loop 9 of sampler_1_Net8_count_96.cnf:
----------
file was constructed with these [-67, -68, 69, 70, -71, -72, -73, 74, 75, 76, -77, 78, 79, -80, 81, -82, 83, -84, 85, -86, 87, -88, -89, -90, -91, -92, -93, -94, -95, 96, 97, -98, -99, -100, 101, -102, -103, -104, 105, 106, -107, -108, -109, 110, 111, 112, -113, -114, 115, -116, 117, 118, 119, 120, -121, 122, 123, -124, -125, -126, 127, -128, 129, 130, 131, 132, -133, -134, 135, -136, 137, 138, -139, 140, -141, -142, 143, -144, 145, 146, -147, 148, 149, -150, 151, -152, -153, 154, -155, -156, 157, 158, 159, 160, -161, 162, 0], [-67, 68, 69, 70, -71, 72, -73, 74, 75, 76, 77, -78, -79, 80, 81, 82, 83, -84, 85, 86, -87, 88, -89, -90, 91, 92, 93, 94, -95, 96, -97, 98, 99, 100, 101, 102, -103, -104, -105, -106, 107, 108, 109, -110, 111, 112, 113, 114, 115, 116, -117, 118, 119, 120, 121, -122, 123, 124, 125, 126, -127, 128, 129, 130, -131, -132, 133, 134, 135, 136, 137, 138, -139, 140, -141, -142, 143, 144, 145, 146, 147, 148, -149, 150, 151, 152, -153, -154, 155, -156, -157, -158, 159, -160, 161, 162] 
sigma1: 3603, sigma2: 3553, zer0: 3248
Bias calculated: 0.5034935718278368
----------
Loop 10 of sampler_1_Net8_count_96.cnf:
----------
file was constructed with these [-67, 68, 69, -70, 71, 72, -73, -74, -75, 76, -77, -78, -79, 80, 81, -82, -83, -84, 85, 86, 87, -88, -89, -90, 91, -92, 93, -94, 95, -96, -97, -98, -99, 100, 101, -102, -103, 104, 105, -106, 107, -108, 109, -110, -111, 112, -113, -114, 115, 116, 117, 118, 119, -120, -121, -122, 123, -124, -125, -126, -127, 128, -129, -130, 131, -132, 133, -134, 135, -136, -137, 138, -139, 140, -141, 142, -143, 144, -145, 146, -147, 148, -149, 150, -151, 152, -153, 154, -155, -156, -157, -158, 159, 160, -161, 162, 0], [67, 68, 69, 70, 71, 72, 73, 74, -75, -76, 77, 78, -79, -80, 81, 82, 83, -84, 85, 86, 87, 88, 89, 90, 91, -92, 93, 94, -95, 96, 97, 98, -99, 100, -101, 102, -103, 104, 105, 106, 107, -108, 109, -110, -111, 112, 113, -114, 115, -116, 117, 118, -119, 120, 121, -122, -123, -124, 125, 126, 127, -128, 129, 130, -131, -132, -133, 134, 135, 136, -137, 138, 139, -140, -141, 142, 143, 144, 145, 146, 147, 148, -149, 150, 151, -152, 153, -154, 155, 156, -157, 158, 159, 160, 161, -162] 
sigma1: 3279, sigma2: 3429, zer0: 3696
Bias calculated: 0.48881932021466906
----------
Loop 11 of sampler_1_Net8_count_96.cnf:
----------
file was constructed with these [-67, -68, -69, -70, -71, 72, -73, 74, -75, 76, 77, 78, 79, 80, 81, -82, 83, -84, 85, -86, 87, -88, 89, 90, 91, -92, 93, 94, 95, -96, 97, -98, 99, -100, -101, 102, -103, -104, -105, 106, 107, 108, 109, 110, -111, 112, 113, -114, 115, 116, -117, 118, 119, 120, -121, -122, -123, -124, -125, -126, -127, -128, 129, 130, -131, 132, -133, 134, 135, -136, 137, 138, -139, -140, 141, 142, 143, -144, -145, -146, -147, 148, 149, -150, -151, 152, -153, 154, 155, 156, 157, 158, -159, 160, -161, -162, 0], [67, 68, 69, -70, 71, 72, 73, -74, 75, 76, -77, -78, 79, 80, 81, 82, -83, 84, -85, 86, 87, -88, -89, -90, 91, -92, 93, -94, 95, 96, 97, -98, 99, 100, 101, 102, 103, 104, -105, 106, -107, 108, 109, 110, 111, -112, 113, -114, -115, 116, -117, -118, 119, -120, 121, 122, 123, 124, 125, -126, 127, -128, 129, -130, 131, 132, 133, 134, 135, 136, 137, -138, 139, 140, 141, 142, 143, -144, 145, 146, 147, -148, 149, -150, 151, 152, 153, 154, 155, -156, 157, 158, 159, 160, 161, -162] 
sigma1: 3578, sigma2: 3534, zer0: 3292
Bias calculated: 0.5030933633295838
----------
Loop 12 of sampler_1_Net8_count_96.cnf:
----------
file was constructed with these [-67, 68, -69, 70, 71, -72, -73, -74, -75, 76, -77, 78, -79, -80, 81, -82, -83, -84, -85, -86, 87, 88, -89, -90, -91, -92, 93, 94, -95, 96, -97, 98, 99, -100, -101, 102, 103, 104, 105, -106, -107, 108, -109, 110, 111, -112, -113, 114, -115, 116, -117, -118, -119, 120, -121, -122, 123, -124, -125, 126, 127, 128, -129, 130, 131, 132, -133, -134, -135, -136, -137, -138, 139, -140, 141, -142, -143, 144, -145, -146, -147, 148, -149, -150, 151, 152, -153, 154, -155, -156, 157, 158, 159, 160, -161, -162, 0], [67, 68, 69, 70, 71, 72, 73, 74, 75, 76, 77, 78, -79, -80, 81, 82, -83, -84, 85, -86, 87, 88, 89, 90, -91, 92, 93, 94, 95, 96, 97, 98, 99, -100, 101, -102, 103, 104, 105, 106, -107, 108, -109, 110, -111, 112, -113, 114, -115, -116, -117, -118, -119, -120, 121, 122, 123, -124, -125, 126, 127, 128, -129, 130, 131, 132, 133, 134, -135, -136, 137, -138, 139, 140, 141, -142, -143, 144, 145, 146, -147, 148, -149, 150, 151, 152, 153, 154, -155, -156, 157, 158, -159, 160, 161, 162] 
sigma1: 3649, sigma2: 3457, zer0: 3298
Bias calculated: 0.5135097101041374
----------
Loop 13 of sampler_1_Net8_count_96.cnf:
----------
file was constructed with these [-67, -68, -69, -70, -71, 72, -73, 74, -75, 76, 77, 78, -79, 80, -81, 82, 83, 84, -85, -86, 87, 88, -89, -90, -91, -92, -93, 94, -95, 96, 97, -98, -99, -100, -101, -102, 103, 104, 105, -106, 107, 108, 109, -110, -111, -112, -113, 114, 115, -116, 117, -118, 119, 120, 121, 122, -123, 124, -125, -126, 127, 128, 129, -130, 131, 132, 133, 134, -135, 136, -137, 138, -139, 140, -141, -142, -143, -144, 145, -146, 147, -148, -149, -150, -151, 152, 153, -154, -155, -156, 157, -158, -159, 160, -161, 162, 0], [67, 68, 69, 70, -71, 72, 73, -74, 75, -76, 77, 78, -79, 80, 81, 82, -83, 84, 85, 86, -87, 88, 89, 90, 91, 92, 93, 94, 95, 96, 97, 98, -99, -100, 101, 102, 103, 104, 105, 106, 107, 108, -109, 110, 111, 112, 113, 114, 115, -116, 117, 118, 119, -120, 121, 122, 123, -124, 125, -126, 127, 128, 129, 130, -131, 132, -133, -134, -135, 136, 137, -138, 139, 140, 141, -142, 143, 144, -145, 146, 147, -148, 149, -150, 151, 152, 153, 154, 155, 156, -157, 158, 159, -160, 161, 162] 
sigma1: 3440, sigma2: 3603, zer0: 3361
Bias calculated: 0.4884282266079796
----------
Loop 14 of sampler_1_Net8_count_96.cnf:
----------
file was constructed with these [-67, 68, -69, 70, 71, -72, -73, -74, -75, 76, -77, 78, -79, -80, 81, -82, -83, -84, -85, -86, 87, 88, -89, -90, -91, -92, 93, 94, -95, 96, -97, 98, 99, -100, -101, 102, 103, 104, 105, -106, -107, 108, -109, 110, 111, -112, -113, 114, -115, 116, -117, -118, -119, 120, -121, -122, 123, -124, -125, 126, 127, 128, -129, 130, 131, 132, -133, -134, -135, -136, -137, -138, 139, -140, 141, -142, -143, 144, -145, -146, -147, 148, -149, -150, 151, 152, -153, 154, -155, -156, 157, 158, 159, 160, -161, -162, 0], [-67, 68, 69, 70, 71, 72, 73, -74, -75, 76, 77, 78, -79, -80, 81, -82, 83, -84, 85, -86, 87, 88, 89, 90, -91, -92, -93, 94, 95, 96, 97, 98, -99, 100, 101, 102, 103, 104, 105, 106, 107, 108, 109, -110, 111, 112, 113, -114, 115, -116, -117, -118, 119, -120, -121, 122, 123, 124, -125, 126, -127, 128, 129, -130, 131, 132, 133, 134, 135, 136, 137, 138, -139, -140, -141, 142, 143, 144, -145, 146, -147, 148, -149, 150, -151, -152, -153, 154, 155, -156, 157, 158, -159, -160, 161, 162] 
sigma1: 3609, sigma2: 3531, zer0: 3264
Bias calculated: 0.5054621848739496
----------
Loop 15 of sampler_1_Net8_count_96.cnf:
----------
file was constructed with these [-67, -68, -69, -70, -71, 72, -73, 74, -75, 76, 77, 78, -79, 80, -81, 82, 83, 84, -85, -86, 87, 88, -89, -90, -91, -92, -93, 94, -95, 96, 97, -98, -99, -100, -101, -102, 103, 104, 105, -106, 107, 108, 109, -110, -111, -112, -113, 114, 115, -116, 117, -118, 119, 120, 121, 122, -123, 124, -125, -126, 127, 128, 129, -130, 131, 132, 133, 134, -135, 136, -137, 138, -139, 140, -141, -142, -143, -144, 145, -146, 147, -148, -149, -150, -151, 152, 153, -154, -155, -156, 157, -158, -159, 160, -161, 162, 0], [67, 68, 69, 70, 71, 72, 73, -74, 75, 76, 77, 78, -79, 80, 81, -82, 83, 84, -85, 86, -87, -88, -89, -90, 91, 92, 93, 94, 95, 96, 97, 98, -99, 100, 101, 102, 103, 104, -105, 106, 107, 108, 109, -110, 111, 112, 113, -114, 115, -116, 117, -118, 119, -120, 121, -122, -123, 124, 125, 126, -127, 128, 129, -130, 131, 132, 133, 134, 135, 136, 137, 138, 139, 140, 141, 142, -143, 144, -145, 146, -147, 148, -149, -150, 151, -152, 153, -154, 155, 156, -157, -158, -159, -160, -161, 162] 
sigma1: 3391, sigma2: 3470, zer0: 3543
Bias calculated: 0.4942428217461011
----------
Loop 16 of sampler_1_Net8_count_96.cnf:
----------
file was constructed with these [67, 68, 69, -70, -71, -72, 73, 74, -75, -76, -77, 78, 79, 80, 81, 82, 83, 84, 85, -86, -87, 88, 89, -90, 91, -92, 93, -94, -95, -96, -97, -98, 99, 100, -101, 102, 103, 104, 105, 106, -107, 108, -109, 110, 111, -112, -113, -114, -115, 116, -117, 118, 119, 120, -121, -122, 123, -124, -125, 126, 127, 128, -129, -130, -131, 132, -133, -134, 135, -136, -137, 138, -139, 140, 141, -142, -143, -144, 145, 146, 147, 148, 149, 150, 151, 152, 153, 154, 155, -156, -157, -158, -159, 160, -161, -162, 0], [67, 68, 69, 70, 71, 72, -73, 74, 75, 76, 77, 78, 79, 80, 81, 82, -83, 84, 85, 86, 87, 88, 89, 90, -91, -92, -93, 94, 95, 96, 97, 98, 99, -100, 101, 102, 103, 104, 105, 106, 107, 108, 109, -110, 111, 112, 113, 114, 115, 116, 117, 118, 119, 120, 121, -122, 123, 124, 125, 126, -127, 128, 129, 130, -131, 132, 133, -134, -135, 136, 137, -138, 139, 140, -141, 142, -143, 144, -145, 146, -147, -148, 149, -150, 151, 152, 153, 154, -155, 156, 157, 158, -159, 160, -161, 162] 
sigma1: 3340, sigma2: 3510, zer0: 3554
Bias calculated: 0.48759124087591244
----------
Loop 17 of sampler_1_Net8_count_96.cnf:
----------
file was constructed with these [-67, -68, 69, 70, -71, -72, -73, 74, 75, 76, -77, 78, 79, -80, 81, -82, 83, -84, 85, -86, 87, -88, -89, -90, -91, -92, -93, -94, -95, 96, 97, -98, -99, -100, 101, -102, -103, -104, 105, 106, -107, -108, -109, 110, 111, 112, -113, -114, 115, -116, 117, 118, 119, 120, -121, 122, 123, -124, -125, -126, 127, -128, 129, 130, 131, 132, -133, -134, 135, -136, 137, 138, -139, 140, -141, -142, 143, -144, 145, 146, -147, 148, 149, -150, 151, -152, -153, 154, -155, -156, 157, 158, 159, 160, -161, 162, 0], [67, -68, -69, 70, -71, -72, 73, 74, 75, 76, -77, 78, 79, 80, 81, 82, -83, -84, 85, 86, 87, 88, -89, 90, -91, 92, 93, -94, -95, 96, -97, -98, -99, 100, 101, -102, -103, 104, 105, 106, 107, 108, 109, 110, 111, 112, 113, 114, 115, 116, 117, -118, 119, 120, 121, -122, 123, -124, 125, 126, 127, 128, -129, -130, 131, -132, -133, 134, 135, 136, 137, 138, -139, 140, 141, 142, -143, -144, -145, 146, -147, 148, -149, 150, 151, 152, 153, 154, 155, -156, 157, 158, -159, -160, 161, 162] 
sigma1: 3489, sigma2: 3601, zer0: 3314
Bias calculated: 0.4921015514809591
----------
Loop 18 of sampler_1_Net8_count_96.cnf:
----------
file was constructed with these [-67, -68, -69, -70, -71, 72, -73, 74, -75, 76, 77, 78, 79, 80, 81, -82, 83, -84, 85, -86, 87, -88, 89, 90, 91, -92, 93, 94, 95, -96, 97, -98, 99, -100, -101, 102, -103, -104, -105, 106, 107, 108, 109, 110, -111, 112, 113, -114, 115, 116, -117, 118, 119, 120, -121, -122, -123, -124, -125, -126, -127, -128, 129, 130, -131, 132, -133, 134, 135, -136, 137, 138, -139, -140, 141, 142, 143, -144, -145, -146, -147, 148, 149, -150, -151, 152, -153, 154, 155, 156, 157, 158, -159, 160, -161, -162, 0], [67, 68, 69, 70, 71, 72, -73, 74, 75, 76, 77, 78, -79, 80, -81, 82, 83, 84, 85, -86, -87, 88, 89, 90, -91, 92, 93, 94, 95, 96, 97, 98, -99, 100, 101, -102, 103, 104, -105, 106, 107, 108, 109, 110, 111, 112, -113, 114, -115, 116, 117, 118, -119, -120, -121, 122, 123, 124, 125, 126, -127, 128, 129, -130, 131, -132, -133, 134, 135, 136, 137, 138, 139, 140, -141, 142, 143, -144, 145, 146, 147, 148, 149, 150, 151, -152, 153, -154, 155, -156, 157, 158, -159, -160, 161, 162] 
sigma1: 3353, sigma2: 3566, zer0: 3485
Bias calculated: 0.4846076022546611
----------
Loop 19 of sampler_1_Net8_count_96.cnf:
----------
file was constructed with these [-67, 68, -69, 70, 71, -72, -73, -74, -75, 76, -77, 78, -79, -80, 81, -82, -83, -84, -85, -86, 87, 88, -89, -90, -91, -92, 93, 94, -95, 96, -97, 98, 99, -100, -101, 102, 103, 104, 105, -106, -107, 108, -109, 110, 111, -112, -113, 114, -115, 116, -117, -118, -119, 120, -121, -122, 123, -124, -125, 126, 127, 128, -129, 130, 131, 132, -133, -134, -135, -136, -137, -138, 139, -140, 141, -142, -143, 144, -145, -146, -147, 148, -149, -150, 151, 152, -153, 154, -155, -156, 157, 158, 159, 160, -161, -162, 0], [67, 68, 69, 70, -71, 72, 73, 74, 75, 76, 77, 78, 79, 80, 81, 82, 83, 84, 85, 86, 87, 88, 89, 90, 91, 92, -93, 94, 95, 96, 97, 98, -99, 100, -101, -102, 103, 104, -105, 106, -107, 108, 109, 110, 111, 112, 113, 114, -115, 116, -117, 118, -119, 120, 121, -122, 123, -124, -125, 126, 127, 128, -129, -130, 131, -132, 133, 134, 135, 136, -137, 138, 139, 140, 141, 142, -143, 144, 145, 146, -147, 148, -149, 150, -151, 152, -153, -154, 155, 156, 157, -158, 159, 160, 161, -162] 
sigma1: 3522, sigma2: 3535, zer0: 3347
Bias calculated: 0.4990789287232535
----------
Loop 20 of sampler_1_Net8_count_96.cnf:
----------
file was constructed with these [-67, 68, -69, 70, 71, -72, -73, -74, -75, 76, -77, 78, -79, -80, 81, -82, -83, -84, -85, -86, 87, 88, -89, -90, -91, -92, 93, 94, -95, 96, -97, 98, 99, -100, -101, 102, 103, 104, 105, -106, -107, 108, -109, 110, 111, -112, -113, 114, -115, 116, -117, -118, -119, 120, -121, -122, 123, -124, -125, 126, 127, 128, -129, 130, 131, 132, -133, -134, -135, -136, -137, -138, 139, -140, 141, -142, -143, 144, -145, -146, -147, 148, -149, -150, 151, 152, -153, 154, -155, -156, 157, 158, 159, 160, -161, -162, 0], [-67, 68, 69, 70, -71, 72, 73, 74, -75, 76, -77, -78, 79, 80, -81, 82, -83, 84, 85, 86, -87, 88, 89, 90, 91, 92, -93, 94, 95, 96, 97, 98, 99, 100, 101, 102, 103, -104, -105, 106, 107, 108, 109, 110, -111, 112, 113, 114, 115, 116, -117, 118, -119, -120, 121, -122, 123, 124, 125, 126, 127, 128, 129, 130, -131, -132, 133, 134, 135, 136, 137, -138, 139, 140, -141, 142, 143, -144, 145, -146, -147, -148, -149, 150, 151, 152, -153, -154, 155, -156, 157, -158, 159, -160, -161, 162] 
sigma1: 3547, sigma2: 3352, zer0: 3505
Bias calculated: 0.5141324829685462
Sampler: UniGen3 Accept:1 TotalSolutionsGenerated: 218505 TotalIdealSamples: 21


 time taken : 664.0297017097473
