 t: 21 delta: 0.1
 eta: 0.1
 epsilon: 0.1
L: 0.55	 H: 0.6190476190476191	 Threshold T : 0.5845238095238096
numSolutions : 6232	 MaxSolutions : 10404

----------
Loop 0 of sampler_2_Net29_count_164.cnf:
----------
file was constructed with these [117, 118, -119, 120, -121, 122, 123, 124, -125, -126, -127, -128, -129, -130, 131, -132, -133, -134, 135, 136, -137, 138, 139, -140, -141, -142, -143, -144, 145, -146, 147, -148, -149, -150, -151, -152, 153, 154, 155, 156, -157, -158, 159, -160, -161, -162, 163, -164, 165, -166, -167, 168, 169, 170, 171, 172, 173, 174, 175, -176, -177, 178, -179, -180, 181, 182, -183, 184, -185, -186, -187, -188, -189, -190, 191, -192, -193, -194, -195, 196, -197, -198, -199, -200, 201, -202, 203, 204, 205, 206, 207, 208, -209, -210, 211, 212, 213, -214, -215, 216, -217, 218, -219, -220, 221, 222, -223, 224, 225, -226, 227, 228, 229, 230, 231, -232, 233, 234, 235, 236, -237, 238, -239, -240, 241, -242, 243, -244, -245, -246, 247, -248, 249, 250, -251, -252, -253, -254, 255, 256, -257, -258, 259, 260, -261, -262, -263, 264, 265, 266, -267, 268, -269, 270, 271, 272, 273, 274, 275, 276, 277, 278, 279, -280], [117, 118, 119, 120, 121, 122, 123, 124, 125, -126, -127, -128, 129, 130, 131, 132, 133, 134, 135, -136, -137, 138, -139, 140, 141, 142, 143, -144, -145, 146, 147, 148, -149, 150, 151, 152, 153, 154, 155, -156, 157, 158, -159, 160, 161, -162, 163, 164, -165, 166, 167, -168, -169, 170, -171, -172, -173, 174, -175, 176, -177, 178, -179, -180, -181, 182, 183, 184, 185, 186, -187, 188, 189, 190, 191, 192, 193, 194, 195, 196, 197, -198, 199, -200, 201, 202, 203, 204, 205, -206, -207, -208, 209, 210, -211, 212, 213, -214, -215, -216, 217, -218, 219, 220, 221, -222, -223, -224, -225, 226, -227, 228, -229, 230, 231, 232, 233, -234, -235, 236, 237, -238, -239, 240, -241, 242, 243, 244, 245, 246, -247, 248, 249, 250, -251, 252, 253, 254, -255, 256, 257, 258, -259, -260, -261, 262, 263, -264, -265, 266, 267, 268, -269, 270, 271, 272, 273, -274, 275, 276, 277, -278, 279, -280] 
sigma1: 3852, sigma2: 2977, zer0: 3575
Bias calculated: 0.5640650168399473
----------
Loop 1 of sampler_2_Net29_count_164.cnf:
----------
file was constructed with these [-117, 118, 119, 120, 121, -122, -123, 124, -125, -126, 127, -128, 129, -130, 131, 132, 133, -134, 135, 136, 137, -138, -139, 140, -141, -142, -143, 144, -145, 146, 147, 148, -149, 150, 151, 152, 153, 154, 155, 156, 157, -158, 159, 160, -161, 162, -163, 164, 165, 166, -167, -168, 169, 170, 171, 172, 173, -174, 175, 176, 177, -178, -179, -180, 181, -182, 183, -184, 185, -186, -187, 188, -189, 190, -191, -192, -193, -194, -195, 196, 197, -198, 199, -200, 201, 202, -203, 204, 205, 206, -207, -208, 209, 210, -211, 212, 213, -214, 215, -216, -217, 218, 219, 220, 221, 222, 223, 224, 225, 226, 227, -228, -229, -230, 231, 232, 233, 234, -235, -236, -237, 238, 239, 240, -241, 242, -243, 244, 245, -246, 247, -248, 249, 250, 251, -252, -253, -254, -255, -256, -257, 258, -259, -260, 261, 262, 263, 264, -265, -266, 267, -268, 269, -270, -271, 272, -273, -274, -275, 276, -277, 278, 279, -280], [117, 118, 119, -120, 121, 122, 123, 124, 125, 126, 127, 128, 129, -130, 131, 132, 133, -134, 135, 136, 137, -138, 139, -140, 141, 142, 143, 144, 145, 146, 147, 148, 149, 150, 151, 152, 153, 154, 155, -156, -157, 158, 159, 160, 161, -162, 163, 164, -165, 166, 167, -168, 169, 170, -171, -172, 173, 174, 175, 176, 177, -178, 179, 180, 181, 182, 183, -184, 185, 186, 187, 188, -189, -190, -191, 192, -193, -194, -195, -196, 197, 198, 199, 200, 201, 202, 203, 204, 205, 206, 207, 208, 209, 210, 211, 212, 213, 214, 215, 216, -217, 218, 219, -220, -221, -222, 223, 224, 225, 226, -227, -228, 229, -230, 231, -232, 233, 234, 235, 236, 237, -238, 239, 240, 241, 242, 243, 244, 245, 246, -247, -248, 249, 250, 251, 252, 253, 254, -255, 256, -257, -258, 259, 260, 261, 262, 263, 264, 265, 266, 267, 268, 269, 270, 271, 272, 273, -274, -275, 276, 277, 278, 279, 280] 
sigma1: 3228, sigma2: 4022, zer0: 3154
Bias calculated: 0.44524137931034485
----------
Loop 2 of sampler_2_Net29_count_164.cnf:
----------
file was constructed with these [-117, -118, 119, -120, -121, -122, -123, 124, -125, 126, 127, 128, -129, 130, 131, 132, 133, -134, 135, -136, 137, -138, -139, 140, -141, 142, 143, 144, -145, -146, 147, 148, 149, 150, -151, 152, 153, -154, -155, -156, -157, -158, 159, -160, 161, 162, 163, -164, 165, 166, -167, -168, 169, -170, 171, 172, 173, -174, -175, -176, -177, -178, 179, 180, 181, 182, -183, 184, -185, 186, 187, -188, 189, -190, -191, -192, 193, 194, 195, -196, -197, 198, 199, -200, -201, -202, 203, 204, 205, -206, 207, 208, -209, -210, 211, 212, -213, 214, -215, -216, -217, 218, -219, 220, -221, -222, -223, 224, 225, 226, -227, -228, -229, 230, -231, -232, 233, 234, -235, -236, 237, 238, -239, 240, -241, 242, 243, -244, -245, 246, -247, 248, 249, -250, -251, 252, -253, -254, -255, 256, 257, -258, 259, -260, 261, 262, -263, 264, 265, -266, 267, -268, -269, 270, -271, -272, -273, 274, -275, 276, -277, -278, -279, 280], [-117, 118, 119, 120, 121, 122, -123, 124, 125, 126, 127, 128, 129, 130, 131, 132, 133, 134, 135, 136, -137, 138, 139, -140, 141, 142, 143, 144, -145, 146, 147, 148, 149, 150, 151, 152, -153, 154, 155, 156, 157, 158, 159, 160, 161, 162, 163, 164, -165, 166, 167, 168, 169, 170, 171, -172, 173, 174, -175, 176, 177, -178, -179, -180, -181, -182, 183, 184, 185, 186, 187, 188, 189, -190, 191, -192, -193, 194, 195, 196, -197, 198, 199, -200, -201, -202, 203, 204, 205, 206, 207, 208, 209, -210, -211, 212, 213, 214, 215, -216, 217, 218, 219, -220, 221, 222, -223, -224, 225, 226, 227, 228, -229, 230, 231, 232, -233, 234, -235, 236, 237, 238, -239, 240, -241, 242, -243, 244, 245, 246, -247, -248, -249, 250, 251, 252, 253, 254, -255, 256, 257, 258, 259, 260, 261, 262, 263, 264, 265, 266, 267, 268, 269, 270, 271, -272, 273, 274, -275, -276, -277, -278, -279, 280] 
sigma1: 4080, sigma2: 2915, zer0: 3409
Bias calculated: 0.5832737669764118
----------
Loop 3 of sampler_2_Net29_count_164.cnf:
----------
file was constructed with these [-117, -118, -119, -120, 121, -122, -123, -124, -125, 126, -127, 128, 129, -130, -131, -132, 133, -134, -135, -136, 137, 138, -139, 140, 141, 142, 143, 144, 145, -146, -147, 148, 149, -150, -151, -152, -153, -154, 155, -156, -157, 158, -159, 160, 161, -162, 163, 164, -165, 166, 167, 168, 169, 170, -171, -172, 173, -174, 175, -176, -177, 178, 179, -180, 181, 182, -183, 184, -185, 186, -187, -188, 189, -190, 191, -192, -193, -194, 195, -196, -197, -198, 199, 200, -201, -202, 203, 204, -205, -206, 207, -208, -209, 210, -211, 212, -213, 214, 215, -216, -217, 218, -219, 220, 221, 222, -223, 224, -225, 226, 227, -228, -229, -230, 231, -232, -233, -234, 235, -236, -237, -238, 239, -240, 241, 242, -243, -244, -245, 246, -247, 248, -249, 250, -251, 252, -253, -254, -255, -256, -257, 258, -259, -260, 261, 262, -263, -264, 265, 266, -267, -268, 269, 270, -271, 272, 273, -274, 275, 276, 277, 278, -279, 280], [-117, 118, 119, 120, 121, 122, 123, 124, 125, -126, -127, 128, -129, 130, 131, 132, -133, 134, -135, 136, 137, -138, 139, -140, 141, 142, -143, -144, 145, -146, -147, 148, 149, 150, 151, -152, 153, 154, 155, 156, -157, -158, 159, 160, 161, -162, 163, -164, 165, -166, 167, -168, 169, 170, 171, 172, 173, 174, 175, 176, 177, 178, 179, 180, 181, 182, 183, 184, -185, -186, -187, -188, 189, 190, 191, 192, 193, 194, 195, 196, 197, -198, 199, -200, -201, 202, -203, 204, -205, 206, -207, 208, -209, 210, 211, 212, 213, 214, 215, 216, 217, -218, -219, -220, 221, -222, 223, 224, 225, 226, -227, 228, 229, 230, 231, 232, 233, 234, 235, 236, 237, 238, -239, 240, -241, 242, 243, -244, 245, 246, -247, 248, -249, 250, -251, -252, 253, 254, 255, 256, -257, 258, -259, 260, 261, -262, -263, -264, 265, 266, -267, 268, 269, 270, 271, -272, 273, 274, 275, 276, -277, 278, -279, 280] 
sigma1: 3789, sigma2: 3535, zer0: 3080
Bias calculated: 0.5173402512288368
----------
Loop 4 of sampler_2_Net29_count_164.cnf:
----------
file was constructed with these [117, -118, 119, 120, -121, -122, -123, 124, -125, 126, 127, -128, -129, 130, -131, -132, 133, 134, -135, 136, 137, -138, 139, -140, -141, 142, 143, -144, -145, 146, -147, -148, 149, -150, 151, 152, -153, 154, -155, -156, -157, -158, -159, 160, 161, 162, 163, -164, -165, 166, 167, 168, -169, 170, -171, -172, -173, 174, -175, 176, -177, -178, 179, 180, -181, -182, 183, -184, 185, 186, 187, -188, 189, 190, 191, -192, -193, -194, 195, 196, 197, -198, -199, 200, 201, -202, 203, -204, 205, 206, 207, 208, 209, -210, 211, 212, 213, -214, -215, -216, 217, 218, -219, 220, -221, 222, 223, 224, 225, -226, -227, 228, 229, -230, -231, -232, 233, -234, -235, -236, 237, 238, -239, 240, -241, 242, -243, 244, 245, -246, 247, -248, 249, -250, 251, -252, 253, 254, 255, 256, 257, 258, -259, -260, 261, -262, 263, -264, -265, 266, 267, -268, 269, 270, 271, 272, -273, 274, -275, 276, -277, 278, 279, 280], [117, 118, 119, 120, 121, -122, -123, 124, 125, 126, -127, 128, 129, -130, 131, 132, 133, 134, -135, -136, -137, 138, -139, 140, 141, -142, -143, -144, 145, 146, 147, 148, 149, 150, 151, 152, -153, 154, 155, 156, 157, 158, 159, 160, 161, -162, 163, 164, -165, 166, 167, -168, 169, 170, -171, 172, 173, -174, 175, 176, -177, -178, -179, 180, 181, 182, -183, 184, 185, -186, -187, 188, -189, 190, 191, 192, 193, 194, 195, 196, 197, 198, 199, 200, 201, 202, 203, 204, -205, 206, 207, 208, 209, -210, -211, -212, 213, 214, 215, 216, 217, 218, 219, 220, 221, 222, 223, 224, -225, 226, -227, 228, 229, 230, 231, 232, 233, 234, -235, 236, -237, 238, 239, 240, 241, 242, 243, -244, -245, -246, 247, -248, 249, 250, -251, 252, -253, 254, 255, -256, 257, 258, 259, 260, -261, -262, 263, -264, 265, 266, 267, 268, -269, 270, -271, 272, 273, -274, -275, -276, -277, -278, 279, -280] 
sigma1: 4124, sigma2: 3315, zer0: 2965
Bias calculated: 0.5543755881166823
----------
Loop 5 of sampler_2_Net29_count_164.cnf:
----------
file was constructed with these [117, 118, -119, -120, -121, -122, -123, 124, 125, -126, -127, 128, 129, 130, -131, 132, -133, 134, -135, -136, -137, -138, -139, -140, -141, 142, 143, -144, 145, 146, -147, 148, 149, 150, -151, 152, 153, -154, -155, -156, 157, -158, 159, -160, 161, 162, 163, -164, 165, -166, -167, 168, -169, -170, -171, -172, 173, 174, -175, 176, -177, 178, -179, 180, -181, -182, 183, 184, 185, 186, 187, -188, -189, 190, -191, 192, -193, -194, 195, 196, -197, 198, 199, -200, -201, 202, -203, 204, -205, 206, -207, -208, -209, -210, 211, -212, 213, -214, 215, -216, -217, -218, -219, -220, 221, -222, 223, -224, -225, 226, 227, -228, -229, -230, -231, -232, 233, 234, -235, 236, -237, -238, 239, -240, 241, 242, -243, -244, 245, 246, -247, 248, 249, -250, 251, 252, -253, -254, 255, 256, -257, -258, 259, -260, 261, -262, 263, -264, 265, 266, -267, 268, 269, 270, 271, -272, -273, 274, -275, -276, -277, -278, 279, 280], [117, 118, 119, -120, 121, 122, 123, 124, 125, 126, 127, 128, 129, -130, 131, 132, 133, -134, 135, 136, 137, 138, -139, -140, 141, 142, 143, 144, 145, 146, 147, 148, 149, 150, 151, 152, 153, -154, 155, 156, 157, 158, 159, -160, 161, -162, 163, 164, -165, 166, 167, 168, -169, 170, 171, 172, 173, 174, -175, 176, 177, -178, -179, 180, 181, 182, 183, -184, 185, -186, 187, 188, 189, 190, -191, -192, 193, -194, -195, -196, 197, 198, 199, 200, 201, 202, 203, 204, 205, -206, 207, 208, -209, 210, 211, 212, 213, 214, 215, -216, -217, 218, 219, 220, 221, 222, 223, -224, 225, -226, 227, 228, 229, -230, 231, 232, 233, 234, 235, 236, -237, 238, 239, 240, -241, 242, 243, 244, 245, -246, 247, -248, 249, -250, 251, 252, 253, 254, 255, 256, 257, 258, -259, 260, 261, -262, 263, 264, 265, 266, 267, 268, -269, 270, 271, 272, -273, -274, 275, 276, -277, 278, 279, 280] 
sigma1: 2464, sigma2: 4777, zer0: 3163
Bias calculated: 0.34028449109239056
----------
Loop 6 of sampler_2_Net29_count_164.cnf:
----------
file was constructed with these [-117, 118, 119, -120, 121, 122, -123, -124, -125, -126, 127, -128, 129, 130, 131, 132, 133, 134, -135, 136, 137, -138, 139, 140, -141, -142, 143, -144, -145, 146, -147, -148, 149, 150, -151, -152, -153, -154, -155, -156, -157, -158, 159, -160, 161, -162, 163, -164, -165, 166, -167, 168, -169, 170, -171, -172, 173, 174, 175, 176, 177, 178, -179, -180, -181, -182, -183, -184, -185, -186, -187, -188, -189, 190, -191, 192, -193, 194, -195, -196, 197, -198, 199, 200, 201, 202, 203, -204, -205, -206, -207, 208, 209, -210, 211, 212, -213, 214, 215, -216, -217, -218, -219, -220, 221, 222, -223, 224, -225, -226, 227, 228, -229, -230, -231, 232, 233, -234, 235, -236, -237, 238, 239, -240, 241, 242, 243, 244, -245, 246, 247, -248, 249, -250, 251, -252, 253, 254, -255, 256, 257, 258, 259, 260, -261, 262, -263, 264, 265, 266, 267, -268, 269, 270, -271, -272, -273, 274, -275, -276, -277, 278, 279, 280], [117, -118, 119, -120, 121, -122, 123, -124, 125, 126, 127, 128, 129, 130, 131, 132, 133, 134, -135, -136, 137, 138, 139, 140, 141, 142, 143, 144, -145, 146, -147, 148, 149, 150, 151, 152, 153, 154, 155, 156, 157, 158, 159, 160, 161, -162, 163, 164, 165, 166, 167, -168, 169, 170, 171, -172, 173, 174, 175, 176, 177, 178, -179, 180, 181, -182, -183, 184, 185, 186, 187, -188, -189, -190, -191, 192, 193, -194, -195, -196, 197, 198, 199, -200, 201, 202, -203, -204, 205, 206, 207, 208, 209, 210, 211, 212, 213, 214, 215, -216, -217, 218, -219, 220, 221, 222, 223, 224, 225, -226, 227, -228, 229, -230, 231, -232, 233, -234, 235, -236, 237, 238, 239, -240, 241, 242, -243, 244, -245, -246, -247, 248, 249, -250, 251, -252, 253, -254, -255, 256, 257, 258, 259, 260, 261, -262, 263, 264, 265, 266, 267, 268, 269, 270, -271, 272, -273, -274, -275, -276, -277, -278, 279, -280] 
sigma1: 4010, sigma2: 3372, zer0: 3022
Bias calculated: 0.5432132213492279
----------
Loop 7 of sampler_2_Net29_count_164.cnf:
----------
file was constructed with these [-117, -118, 119, -120, -121, -122, -123, -124, -125, 126, 127, 128, 129, -130, 131, -132, 133, 134, 135, 136, 137, -138, -139, -140, 141, 142, -143, 144, -145, 146, 147, -148, 149, 150, 151, -152, 153, 154, 155, -156, -157, 158, 159, 160, 161, -162, -163, 164, 165, 166, -167, 168, 169, -170, 171, 172, 173, 174, -175, 176, -177, 178, -179, 180, -181, 182, -183, 184, -185, -186, 187, 188, 189, -190, -191, -192, 193, -194, 195, -196, -197, -198, 199, 200, -201, -202, -203, -204, 205, -206, 207, 208, 209, 210, -211, 212, -213, 214, 215, 216, 217, -218, -219, -220, 221, -222, -223, -224, 225, -226, -227, 228, -229, -230, -231, -232, -233, 234, -235, -236, 237, -238, 239, 240, 241, -242, -243, -244, 245, 246, 247, -248, -249, 250, -251, 252, 253, -254, 255, -256, -257, 258, 259, -260, 261, -262, 263, -264, 265, 266, -267, -268, 269, 270, 271, 272, 273, -274, 275, -276, 277, -278, -279, 280], [117, 118, -119, 120, 121, 122, 123, 124, 125, -126, 127, -128, 129, -130, -131, 132, 133, -134, -135, -136, 137, 138, 139, -140, 141, 142, 143, 144, 145, -146, 147, 148, -149, 150, 151, -152, -153, -154, -155, -156, 157, 158, 159, 160, -161, 162, 163, 164, 165, -166, -167, 168, 169, 170, -171, 172, 173, 174, -175, 176, 177, 178, 179, -180, 181, -182, 183, 184, 185, -186, 187, 188, 189, -190, -191, 192, 193, 194, 195, -196, 197, -198, 199, 200, 201, 202, -203, -204, 205, 206, 207, -208, 209, -210, -211, -212, -213, 214, 215, 216, 217, 218, -219, -220, 221, -222, 223, -224, 225, 226, 227, 228, -229, 230, 231, 232, 233, -234, 235, -236, 237, 238, -239, 240, 241, -242, 243, 244, 245, -246, -247, -248, 249, -250, 251, 252, 253, -254, 255, 256, 257, 258, 259, 260, 261, -262, 263, 264, 265, -266, 267, 268, 269, 270, 271, 272, -273, 274, 275, 276, 277, -278, 279, 280] 
sigma1: 3792, sigma2: 3219, zer0: 3393
Bias calculated: 0.5408643560119811
----------
Loop 8 of sampler_2_Net29_count_164.cnf:
----------
file was constructed with these [-117, -118, 119, -120, -121, -122, -123, -124, -125, 126, 127, -128, 129, 130, 131, 132, 133, 134, 135, 136, 137, -138, 139, -140, -141, -142, 143, -144, 145, -146, -147, 148, 149, -150, -151, 152, -153, -154, 155, -156, 157, -158, -159, 160, 161, 162, -163, 164, -165, 166, -167, -168, -169, 170, -171, -172, 173, 174, -175, -176, 177, -178, -179, -180, 181, -182, 183, 184, -185, -186, -187, -188, -189, -190, 191, -192, -193, 194, 195, -196, -197, 198, -199, -200, -201, -202, 203, 204, 205, 206, -207, 208, -209, -210, 211, 212, -213, 214, -215, -216, 217, -218, -219, -220, 221, 222, -223, 224, -225, 226, 227, 228, -229, -230, 231, -232, -233, -234, 235, -236, -237, 238, 239, -240, 241, -242, 243, 244, 245, 246, -247, 248, -249, -250, 251, 252, -253, 254, -255, -256, -257, 258, 259, -260, 261, 262, -263, -264, 265, 266, -267, 268, 269, 270, 271, -272, 273, -274, -275, 276, -277, -278, -279, -280], [117, 118, -119, 120, -121, 122, 123, 124, 125, 126, 127, 128, -129, -130, 131, -132, 133, 134, 135, 136, 137, -138, 139, -140, -141, 142, 143, 144, 145, 146, 147, 148, -149, 150, -151, -152, 153, 154, 155, -156, -157, 158, 159, -160, -161, -162, 163, -164, -165, 166, 167, 168, -169, 170, 171, -172, 173, -174, 175, 176, 177, 178, 179, -180, 181, 182, 183, 184, 185, 186, 187, 188, 189, 190, -191, 192, -193, -194, 195, 196, -197, 198, -199, -200, 201, 202, -203, -204, 205, 206, 207, 208, 209, -210, -211, 212, -213, 214, 215, 216, 217, -218, 219, 220, 221, -222, 223, 224, 225, -226, 227, -228, -229, 230, -231, 232, 233, 234, 235, -236, 237, 238, 239, 240, 241, 242, 243, 244, 245, 246, 247, 248, 249, 250, 251, 252, 253, 254, -255, 256, -257, -258, 259, -260, 261, 262, 263, 264, 265, -266, -267, -268, -269, 270, -271, 272, 273, -274, 275, 276, -277, -278, 279, -280] 
sigma1: 3344, sigma2: 3805, zer0: 3255
Bias calculated: 0.4677577283536159
----------
Loop 9 of sampler_2_Net29_count_164.cnf:
----------
file was constructed with these [-117, 118, 119, 120, -121, -122, 123, 124, 125, -126, 127, 128, 129, 130, 131, -132, 133, 134, -135, -136, 137, -138, 139, 140, 141, 142, 143, 144, 145, 146, 147, 148, 149, 150, -151, 152, -153, 154, -155, 156, -157, 158, -159, 160, -161, 162, 163, 164, -165, 166, -167, -168, 169, 170, 171, 172, 173, -174, -175, -176, -177, -178, -179, 180, 181, -182, -183, 184, -185, -186, -187, -188, -189, -190, 191, -192, 193, -194, -195, -196, 197, -198, -199, -200, 201, 202, 203, -204, -205, -206, 207, -208, -209, 210, 211, 212, 213, 214, 215, 216, 217, 218, 219, 220, -221, -222, -223, 224, -225, -226, 227, 228, -229, 230, -231, 232, 233, 234, -235, 236, 237, 238, 239, 240, -241, -242, 243, 244, 245, -246, 247, -248, 249, -250, -251, 252, 253, -254, 255, 256, -257, -258, 259, -260, -261, 262, 263, 264, -265, 266, -267, -268, -269, 270, 271, -272, 273, -274, -275, -276, -277, 278, -279, -280], [-117, 118, 119, 120, 121, 122, 123, -124, -125, 126, 127, 128, 129, 130, -131, 132, 133, 134, 135, 136, 137, -138, -139, 140, -141, -142, 143, -144, 145, -146, -147, -148, 149, -150, -151, -152, 153, -154, -155, 156, -157, 158, -159, 160, 161, 162, 163, 164, 165, -166, 167, 168, 169, -170, 171, -172, 173, 174, 175, 176, 177, 178, 179, 180, -181, 182, -183, 184, 185, -186, 187, 188, -189, -190, 191, 192, 193, 194, -195, 196, 197, 198, -199, -200, -201, -202, -203, 204, -205, -206, 207, -208, -209, 210, 211, 212, 213, 214, -215, 216, -217, -218, 219, 220, 221, 222, -223, 224, 225, -226, 227, 228, 229, 230, -231, -232, -233, -234, 235, -236, -237, 238, 239, 240, -241, 242, -243, 244, 245, 246, 247, 248, 249, 250, 251, 252, -253, 254, -255, -256, -257, 258, 259, 260, 261, -262, 263, -264, -265, -266, 267, -268, 269, 270, -271, 272, 273, -274, 275, 276, 277, 278, 279, 280] 
sigma1: 2866, sigma2: 4680, zer0: 2858
Bias calculated: 0.37980386959978796
----------
Loop 10 of sampler_2_Net29_count_164.cnf:
----------
file was constructed with these [-117, 118, 119, -120, -121, -122, -123, -124, 125, 126, -127, -128, 129, 130, 131, 132, -133, -134, 135, -136, -137, 138, 139, -140, -141, 142, 143, 144, -145, -146, -147, 148, 149, 150, -151, 152, 153, -154, 155, -156, 157, 158, 159, -160, -161, -162, 163, 164, 165, -166, 167, 168, 169, 170, 171, 172, -173, -174, -175, -176, 177, 178, 179, -180, -181, 182, 183, -184, -185, -186, -187, 188, 189, 190, -191, 192, -193, 194, -195, 196, -197, -198, -199, 200, 201, 202, 203, 204, 205, 206, 207, -208, -209, -210, -211, 212, -213, 214, 215, -216, 217, 218, 219, -220, 221, 222, -223, 224, 225, -226, -227, 228, -229, -230, -231, 232, 233, 234, -235, -236, 237, 238, 239, 240, -241, 242, -243, -244, 245, 246, -247, -248, 249, 250, 251, -252, 253, 254, 255, -256, 257, 258, 259, -260, 261, 262, 263, -264, 265, -266, -267, -268, 269, 270, 271, 272, 273, -274, 275, -276, 277, 278, -279, -280], [117, 118, 119, 120, 121, -122, 123, 124, 125, 126, 127, 128, 129, 130, 131, 132, 133, 134, -135, -136, -137, 138, 139, 140, 141, 142, 143, 144, 145, 146, 147, 148, 149, 150, 151, 152, 153, -154, 155, -156, -157, 158, 159, 160, 161, 162, 163, 164, 165, 166, 167, -168, 169, -170, -171, 172, 173, 174, 175, 176, 177, 178, 179, 180, 181, 182, 183, 184, 185, 186, 187, 188, 189, 190, 191, 192, -193, 194, 195, 196, 197, 198, 199, 200, 201, 202, 203, 204, 205, -206, 207, 208, -209, 210, 211, 212, -213, 214, 215, 216, -217, 218, 219, 220, 221, 222, -223, 224, 225, -226, -227, 228, 229, 230, 231, 232, 233, -234, 235, 236, 237, 238, -239, 240, -241, -242, 243, 244, -245, -246, -247, 248, -249, 250, 251, 252, -253, -254, 255, 256, 257, 258, -259, 260, 261, 262, -263, 264, 265, 266, 267, 268, 269, 270, 271, 272, 273, 274, -275, -276, -277, 278, -279, 280] 
sigma1: 4370, sigma2: 2873, zer0: 3161
Bias calculated: 0.6033411569791522
Sampler: QuickSampler RejectIteration:10 TotalSolutionsGenerated:114455 TotalIdealSamples:11


 time taken : 210.1051163673401
