 t: 21 delta: 0.1
 eta: 0.1
 epsilon: 0.1
L: 0.55	 H: 0.6190476190476191	 Threshold T : 0.5845238095238096
numSolutions : 6232	 MaxSolutions : 10404

----------
Loop 0 of sampler_2_Net22_count_116.cnf:
----------
file was constructed with these [-104, 105, 106, 107, -108, 109, 110, 111, -112, -113, -114, -115, -116, -117, 118, -119, -120, -121, 122, 123, -124, 125, 126, -127, -128, -129, -130, -131, 132, -133, 134, -135, -136, -137, -138, -139, 140, 141, 142, 143, -144, -145, 146, -147, -148, -149, 150, -151, 152, -153, -154, 155, 156, 157, 158, 159, 160, 161, 162, -163, -164, 165, -166, -167, 168, 169, -170, 171, -172, -173, -174, -175, -176, -177, 178, -179, -180, -181, -182, 183, -184, -185, -186, -187, 188, -189, 190, 191, 192, 193, 194, 195, -196, -197, 198, 199, 200, -201, -202, 203, -204, 205, -206, -207, 208, 209, -210, 211, 212, -213, 214, 215, 216, 217, 218, -219], [104, 105, 106, 107, 108, 109, 110, -111, 112, 113, 114, 115, 116, 117, 118, 119, -120, 121, 122, 123, 124, 125, 126, -127, 128, -129, -130, 131, 132, -133, 134, 135, -136, -137, 138, -139, -140, 141, 142, 143, 144, 145, 146, 147, 148, 149, 150, 151, 152, 153, 154, 155, 156, -157, 158, -159, 160, 161, 162, 163, -164, 165, 166, 167, 168, 169, 170, 171, -172, 173, -174, -175, 176, 177, -178, -179, 180, 181, -182, 183, -184, 185, -186, 187, 188, 189, -190, 191, 192, -193, 194, -195, -196, -197, -198, 199, 200, 201, 202, 203, 204, 205, 206, -207, 208, 209, -210, 211, 212, -213, 214, 215, 216, 217, 218, 219] 
sigma1: 3240, sigma2: 4426, zer0: 2738
Bias calculated: 0.4226454474302113
----------
Loop 1 of sampler_2_Net22_count_116.cnf:
----------
file was constructed with these [104, -105, -106, -107, 108, -109, 110, 111, 112, -113, -114, 115, -116, 117, 118, 119, -120, -121, -122, -123, 124, -125, -126, 127, -128, 129, -130, -131, 132, 133, 134, -135, -136, 137, -138, 139, 140, 141, 142, 143, 144, 145, -146, 147, -148, -149, 150, -151, -152, 153, -154, 155, -156, -157, 158, -159, -160, 161, -162, 163, -164, 165, 166, -167, -168, 169, -170, 171, 172, 173, -174, -175, -176, 177, -178, -179, 180, 181, 182, 183, -184, 185, -186, -187, -188, 189, -190, -191, 192, -193, 194, 195, 196, -197, -198, 199, 200, -201, 202, -203, 204, 205, 206, 207, -208, 209, 210, 211, -212, -213, -214, -215, -216, 217, 218, -219], [104, -105, -106, 107, 108, -109, 110, 111, -112, -113, -114, 115, 116, 117, 118, -119, 120, 121, -122, -123, -124, -125, 126, 127, 128, 129, 130, 131, 132, -133, 134, -135, 136, -137, -138, 139, -140, 141, 142, 143, 144, 145, -146, 147, -148, 149, 150, -151, -152, -153, -154, 155, -156, -157, 158, 159, 160, 161, 162, 163, 164, 165, 166, 167, 168, 169, 170, 171, -172, -173, -174, 175, -176, 177, -178, 179, -180, 181, 182, 183, 184, -185, 186, 187, 188, 189, 190, -191, 192, 193, 194, 195, 196, 197, 198, 199, -200, 201, -202, 203, 204, -205, 206, 207, 208, 209, 210, 211, 212, -213, 214, 215, 216, -217, 218, -219] 
sigma1: 4325, sigma2: 3366, zer0: 2713
Bias calculated: 0.5623455987517878
----------
Loop 2 of sampler_2_Net22_count_116.cnf:
----------
file was constructed with these [-104, 105, -106, 107, -108, 109, -110, -111, 112, -113, -114, -115, 116, -117, 118, 119, -120, -121, 122, 123, 124, -125, 126, 127, 128, 129, 130, -131, 132, 133, -134, -135, -136, 137, 138, 139, -140, 141, 142, 143, 144, 145, 146, -147, 148, 149, 150, 151, 152, 153, -154, 155, 156, -157, -158, 159, 160, 161, 162, 163, -164, -165, 166, 167, 168, -169, -170, 171, 172, 173, -174, 175, 176, 177, 178, -179, -180, 181, -182, -183, -184, -185, 186, 187, -188, 189, -190, -191, 192, -193, 194, 195, -196, -197, -198, 199, -200, -201, -202, 203, -204, -205, -206, 207, 208, -209, 210, -211, 212, 213, -214, 215, -216, 217, -218, -219], [-104, -105, 106, 107, 108, -109, -110, 111, 112, 113, -114, -115, -116, 117, -118, 119, -120, 121, -122, 123, -124, -125, -126, -127, 128, -129, 130, 131, 132, -133, 134, 135, 136, 137, 138, -139, 140, 141, 142, 143, 144, 145, -146, 147, 148, 149, -150, 151, 152, 153, -154, -155, 156, 157, 158, 159, -160, 161, -162, 163, 164, -165, 166, 167, -168, -169, -170, 171, 172, 173, -174, 175, -176, 177, -178, 179, 180, 181, -182, -183, -184, 185, 186, 187, 188, -189, -190, 191, 192, 193, 194, -195, 196, 197, -198, -199, 200, -201, -202, 203, -204, -205, 206, 207, 208, 209, 210, 211, 212, 213, 214, 215, -216, 217, 218, 219] 
sigma1: 3206, sigma2: 3614, zer0: 3584
Bias calculated: 0.47008797653958945
----------
Loop 3 of sampler_2_Net22_count_116.cnf:
----------
file was constructed with these [-104, 105, 106, 107, 108, 109, 110, 111, -112, -113, -114, -115, 116, -117, -118, -119, 120, -121, -122, -123, 124, -125, 126, 127, -128, 129, -130, -131, -132, -133, -134, -135, -136, 137, 138, 139, -140, -141, 142, -143, -144, 145, -146, -147, 148, -149, -150, -151, 152, -153, 154, -155, -156, -157, 158, -159, -160, -161, -162, -163, -164, 165, -166, 167, -168, 169, -170, -171, 172, 173, -174, -175, 176, -177, -178, -179, 180, -181, 182, -183, -184, -185, -186, -187, -188, -189, 190, -191, -192, 193, -194, -195, -196, -197, 198, -199, 200, -201, -202, 203, 204, -205, 206, -207, 208, 209, 210, -211, 212, -213, -214, 215, -216, -217, 218, -219], [104, 105, -106, -107, 108, -109, -110, -111, 112, -113, 114, 115, 116, 117, 118, 119, -120, -121, 122, -123, 124, 125, -126, -127, -128, 129, -130, -131, 132, 133, 134, 135, 136, -137, 138, 139, -140, 141, -142, 143, -144, -145, 146, 147, 148, 149, 150, -151, -152, 153, 154, 155, 156, 157, 158, -159, 160, 161, 162, 163, 164, 165, 166, -167, 168, 169, 170, -171, 172, -173, 174, 175, 176, 177, 178, -179, 180, 181, 182, 183, 184, 185, -186, 187, 188, -189, 190, 191, -192, 193, 194, 195, 196, 197, 198, 199, 200, 201, -202, 203, 204, 205, 206, 207, -208, 209, 210, 211, 212, 213, -214, 215, 216, 217, -218, 219] 
sigma1: 3858, sigma2: 3800, zer0: 2746
Bias calculated: 0.5037868895272917
----------
Loop 4 of sampler_2_Net22_count_116.cnf:
----------
file was constructed with these [104, 105, -106, 107, 108, -109, 110, -111, -112, -113, 114, -115, 116, 117, 118, -119, -120, -121, 122, -123, 124, 125, -126, -127, -128, -129, -130, -131, -132, 133, 134, 135, -136, -137, -138, 139, 140, 141, -142, 143, 144, 145, -146, 147, -148, 149, 150, 151, 152, -153, 154, -155, -156, 157, -158, -159, -160, -161, -162, -163, -164, 165, -166, -167, -168, -169, 170, 171, 172, 173, -174, 175, -176, -177, -178, 179, 180, 181, -182, 183, -184, 185, 186, -187, 188, -189, -190, 191, -192, -193, 194, -195, -196, 197, -198, -199, 200, -201, 202, 203, 204, 205, -206, -207, -208, -209, 210, 211, 212, 213, -214, 215, -216, -217, 218, 219], [104, 105, 106, 107, 108, 109, 110, 111, 112, 113, 114, 115, -116, 117, 118, -119, 120, 121, 122, -123, -124, 125, 126, -127, 128, 129, 130, 131, -132, -133, 134, -135, 136, 137, 138, 139, 140, 141, 142, 143, 144, 145, 146, 147, 148, 149, 150, 151, -152, -153, -154, 155, 156, 157, 158, 159, 160, -161, -162, -163, 164, 165, 166, -167, 168, -169, 170, 171, 172, 173, 174, 175, 176, 177, 178, -179, 180, 181, 182, 183, 184, 185, 186, 187, 188, -189, -190, 191, -192, 193, 194, 195, 196, 197, -198, 199, 200, 201, 202, 203, 204, 205, -206, -207, -208, -209, 210, 211, -212, -213, -214, -215, 216, 217, 218, 219] 
sigma1: 3568, sigma2: 3141, zer0: 3695
Bias calculated: 0.5318229244298703
----------
Loop 5 of sampler_2_Net22_count_116.cnf:
----------
file was constructed with these [-104, 105, -106, 107, 108, 109, 110, -111, -112, -113, 114, 115, 116, 117, -118, 119, 120, 121, 122, -123, -124, 125, 126, -127, -128, -129, 130, 131, 132, -133, -134, 135, 136, -137, 138, -139, 140, -141, -142, 143, -144, 145, -146, 147, -148, -149, 150, 151, -152, -153, 154, -155, 156, 157, -158, 159, 160, -161, 162, -163, -164, 165, 166, 167, 168, 169, 170, -171, 172, 173, 174, -175, -176, -177, 178, -179, -180, -181, -182, -183, -184, 185, -186, 187, -188, 189, 190, -191, 192, -193, -194, 195, 196, -197, 198, 199, 200, -201, 202, -203, -204, 205, -206, -207, 208, -209, 210, 211, -212, 213, -214, 215, -216, -217, -218, 219], [104, 105, 106, 107, 108, 109, 110, 111, 112, 113, 114, 115, 116, -117, 118, 119, 120, 121, -122, 123, 124, 125, -126, 127, 128, 129, 130, 131, 132, -133, -134, -135, 136, 137, 138, 139, 140, 141, 142, -143, -144, -145, 146, 147, -148, 149, 150, 151, -152, -153, 154, 155, 156, 157, 158, 159, -160, 161, -162, -163, -164, 165, 166, -167, 168, -169, 170, -171, 172, 173, 174, 175, -176, 177, 178, 179, -180, 181, 182, 183, 184, 185, 186, -187, -188, 189, 190, 191, -192, 193, 194, -195, 196, -197, 198, 199, 200, 201, 202, -203, 204, 205, 206, 207, -208, 209, 210, 211, 212, -213, 214, 215, 216, 217, 218, 219] 
sigma1: 3352, sigma2: 3704, zer0: 3348
Bias calculated: 0.47505668934240364
----------
Loop 6 of sampler_2_Net22_count_116.cnf:
----------
file was constructed with these [104, -105, -106, 107, 108, -109, -110, -111, -112, 113, -114, 115, -116, 117, -118, 119, -120, 121, -122, 123, -124, 125, -126, 127, -128, 129, -130, -131, -132, -133, -134, -135, -136, -137, -138, 139, 140, -141, 142, 143, -144, 145, -146, -147, 148, -149, 150, 151, 152, 153, -154, -155, 156, 157, 158, 159, -160, 161, 162, -163, 164, 165, 166, 167, -168, 169, -170, 171, 172, -173, -174, 175, 176, -177, 178, -179, -180, 181, -182, 183, -184, -185, 186, 187, 188, 189, -190, -191, -192, 193, -194, -195, 196, 197, 198, 199, -200, -201, -202, -203, -204, -205, 206, 207, -208, 209, -210, -211, -212, -213, 214, -215, -216, 217, -218, -219], [-104, -105, 106, 107, 108, 109, 110, 111, 112, 113, 114, 115, 116, 117, 118, -119, 120, -121, 122, 123, -124, 125, -126, 127, -128, 129, 130, 131, -132, 133, 134, -135, -136, 137, 138, 139, 140, 141, -142, -143, -144, 145, -146, 147, 148, 149, 150, 151, 152, 153, 154, -155, 156, 157, -158, 159, -160, 161, 162, -163, 164, 165, 166, -167, 168, 169, 170, -171, -172, 173, 174, 175, 176, -177, -178, 179, 180, 181, 182, 183, 184, 185, 186, -187, 188, -189, -190, 191, -192, -193, 194, 195, 196, 197, 198, 199, 200, 201, -202, -203, -204, -205, 206, 207, 208, 209, 210, 211, -212, 213, 214, 215, 216, 217, 218, 219] 
sigma1: 5235, sigma2: 2898, zer0: 2271
Bias calculated: 0.6436739210623387
Sampler: QuickSampler RejectIteration:6 TotalSolutionsGenerated:72835 TotalIdealSamples:7


 time taken : 94.26947450637817
