 t: 21 delta: 0.1
 eta: 0.1
 epsilon: 0.1
L: 0.55	 H: 0.6190476190476191	 Threshold T : 0.5845238095238096
numSolutions : 6232	 MaxSolutions : 10404

----------
Loop 0 of sampler_2_Net27_count_118.cnf:
----------
file was constructed with these [113, -114, 115, 116, -117, 118, 119, 120, -121, -122, -123, -124, -125, -126, 127, -128, -129, -130, 131, 132, -133, 134, 135, -136, -137, -138, -139, -140, 141, -142, 143, -144, -145, -146, -147, -148, 149, 150, 151, 152, -153, -154, 155, -156, -157, -158, 159, -160, 161, -162, -163, 164, 165, 166, 167, 168, 169, 170, 171, -172, -173, 174, -175, -176, 177, 178, -179, 180, -181, -182, -183, -184, -185, -186, 187, -188, -189, -190, -191, 192, -193, -194, -195, -196, 197, -198, 199, 200, 201, 202, 203, 204, -205, -206, 207, 208, 209, -210, -211, 212, -213, 214, -215, -216, 217, 218, -219, 220, 221, -222, 223, 224, 225, 226, 227, -228, 229, 230], [113, -114, 115, 116, 117, -118, 119, 120, 121, 122, 123, 124, 125, 126, 127, 128, -129, 130, 131, -132, -133, -134, 135, -136, -137, -138, 139, 140, 141, 142, 143, 144, 145, -146, -147, 148, 149, -150, -151, 152, 153, -154, 155, 156, 157, 158, -159, -160, -161, -162, 163, -164, 165, -166, 167, 168, 169, -170, -171, 172, -173, 174, -175, 176, -177, 178, 179, 180, -181, 182, 183, 184, -185, 186, 187, -188, 189, 190, 191, 192, -193, 194, -195, -196, 197, -198, 199, -200, 201, 202, 203, 204, 205, 206, -207, 208, -209, 210, 211, 212, 213, 214, -215, 216, 217, -218, 219, 220, 221, 222, 223, 224, 225, -226, 227, 228, 229, 230] 
sigma1: 2810, sigma2: 4916, zer0: 2678
Bias calculated: 0.3637069634998706
----------
Loop 1 of sampler_2_Net27_count_118.cnf:
----------
file was constructed with these [113, 114, 115, 116, 117, -118, 119, 120, 121, -122, -123, 124, -125, 126, 127, 128, -129, -130, -131, -132, 133, -134, -135, 136, -137, 138, -139, -140, 141, 142, 143, -144, -145, 146, -147, 148, 149, 150, 151, 152, 153, 154, -155, 156, -157, -158, 159, -160, -161, 162, -163, 164, -165, -166, 167, -168, -169, 170, -171, 172, -173, 174, 175, -176, -177, 178, -179, 180, 181, 182, -183, -184, -185, 186, -187, -188, 189, 190, 191, 192, -193, 194, -195, -196, -197, 198, -199, -200, 201, -202, 203, 204, 205, -206, -207, 208, 209, -210, 211, -212, 213, 214, 215, 216, -217, 218, 219, 220, -221, -222, -223, -224, -225, 226, 227, -228, -229, 230], [113, -114, 115, 116, 117, 118, 119, -120, 121, -122, 123, 124, 125, 126, -127, 128, 129, -130, -131, 132, 133, 134, -135, 136, 137, 138, 139, 140, -141, -142, -143, 144, 145, -146, 147, 148, -149, 150, 151, 152, -153, 154, -155, 156, 157, 158, 159, -160, 161, 162, 163, 164, 165, -166, 167, -168, 169, 170, 171, 172, 173, -174, -175, -176, 177, -178, -179, 180, 181, 182, 183, 184, 185, 186, 187, 188, 189, 190, 191, 192, 193, -194, 195, -196, 197, 198, 199, 200, 201, 202, 203, 204, 205, 206, 207, -208, 209, -210, 211, 212, -213, 214, 215, -216, -217, 218, -219, 220, 221, -222, 223, 224, 225, -226, 227, 228, 229, 230] 
sigma1: 4055, sigma2: 3315, zer0: 3034
Bias calculated: 0.5502035278154681
----------
Loop 2 of sampler_2_Net27_count_118.cnf:
----------
file was constructed with these [113, -114, -115, 116, -117, 118, -119, -120, 121, -122, -123, -124, 125, -126, 127, 128, -129, -130, 131, 132, 133, -134, 135, 136, 137, 138, 139, -140, 141, 142, -143, -144, -145, 146, 147, 148, -149, 150, 151, 152, 153, 154, 155, -156, 157, 158, 159, 160, 161, 162, -163, 164, 165, -166, -167, 168, 169, 170, 171, 172, -173, -174, 175, 176, 177, -178, -179, 180, 181, 182, -183, 184, 185, 186, 187, -188, -189, 190, -191, -192, -193, -194, 195, 196, -197, 198, -199, -200, 201, -202, 203, 204, -205, -206, -207, 208, -209, -210, -211, 212, -213, -214, -215, 216, 217, -218, 219, -220, 221, 222, -223, 224, -225, 226, -227, -228, -229, 230], [113, 114, 115, 116, 117, 118, -119, 120, -121, 122, 123, -124, 125, 126, 127, 128, 129, 130, 131, 132, -133, -134, -135, 136, 137, 138, 139, 140, 141, 142, -143, -144, -145, 146, -147, -148, 149, -150, 151, 152, 153, 154, 155, -156, 157, -158, 159, 160, -161, 162, 163, 164, -165, 166, -167, 168, -169, 170, -171, -172, -173, 174, 175, 176, 177, 178, 179, 180, 181, 182, -183, 184, 185, 186, 187, 188, 189, 190, 191, 192, 193, -194, -195, -196, -197, 198, -199, 200, 201, 202, 203, -204, 205, -206, 207, 208, 209, 210, 211, 212, -213, 214, 215, -216, 217, 218, -219, 220, -221, 222, 223, 224, 225, -226, -227, 228, 229, 230] 
sigma1: 4216, sigma2: 3198, zer0: 2990
Bias calculated: 0.5686538980307526
----------
Loop 3 of sampler_2_Net27_count_118.cnf:
----------
file was constructed with these [113, -114, -115, -116, 117, 118, 119, 120, -121, -122, -123, -124, 125, -126, -127, -128, 129, -130, -131, -132, 133, -134, 135, 136, -137, 138, -139, -140, -141, -142, -143, -144, -145, 146, 147, 148, -149, -150, 151, -152, -153, 154, -155, -156, 157, -158, -159, -160, 161, -162, 163, -164, -165, -166, 167, -168, -169, -170, -171, -172, -173, 174, -175, 176, -177, 178, -179, -180, 181, 182, -183, -184, 185, -186, -187, -188, 189, -190, 191, -192, -193, -194, -195, -196, -197, -198, 199, -200, -201, 202, -203, -204, -205, -206, 207, -208, 209, -210, -211, 212, 213, -214, 215, -216, 217, 218, 219, -220, 221, -222, -223, 224, -225, -226, 227, -228, -229, -230], [113, 114, 115, 116, 117, 118, 119, 120, 121, -122, 123, 124, 125, 126, -127, 128, -129, 130, -131, -132, -133, 134, 135, 136, -137, 138, 139, 140, -141, 142, -143, 144, -145, 146, 147, -148, 149, -150, 151, 152, 153, 154, 155, 156, -157, 158, -159, 160, 161, 162, -163, -164, 165, 166, 167, 168, 169, -170, 171, -172, 173, 174, 175, 176, 177, 178, -179, -180, 181, 182, 183, 184, 185, -186, 187, 188, -189, -190, 191, 192, -193, 194, 195, 196, -197, 198, -199, 200, 201, -202, 203, 204, -205, -206, 207, 208, -209, 210, -211, -212, 213, 214, 215, 216, 217, -218, 219, 220, 221, 222, 223, 224, 225, -226, 227, 228, 229, -230] 
sigma1: 3412, sigma2: 3845, zer0: 3147
Bias calculated: 0.47016673556566074
----------
Loop 4 of sampler_2_Net27_count_118.cnf:
----------
file was constructed with these [113, 114, -115, 116, 117, -118, 119, -120, -121, -122, 123, -124, 125, 126, 127, -128, -129, -130, 131, -132, 133, 134, -135, -136, -137, -138, -139, -140, -141, 142, 143, 144, -145, -146, -147, 148, 149, 150, -151, 152, 153, 154, -155, 156, -157, 158, 159, 160, 161, -162, 163, -164, -165, 166, -167, -168, -169, -170, -171, -172, -173, 174, -175, -176, -177, -178, 179, 180, 181, 182, -183, 184, -185, -186, -187, 188, 189, 190, -191, 192, -193, 194, 195, -196, 197, -198, -199, 200, -201, -202, 203, -204, -205, 206, -207, -208, 209, -210, 211, 212, 213, 214, -215, -216, -217, -218, 219, 220, 221, 222, -223, 224, -225, -226, 227, 228, -229, 230], [113, 114, -115, 116, -117, 118, -119, -120, 121, 122, -123, 124, -125, 126, 127, 128, 129, 130, -131, 132, -133, -134, -135, 136, 137, 138, 139, -140, 141, 142, 143, 144, 145, 146, -147, -148, -149, -150, 151, -152, 153, -154, 155, -156, 157, 158, 159, -160, -161, 162, 163, 164, 165, 166, 167, 168, 169, 170, 171, 172, 173, 174, 175, 176, -177, 178, 179, 180, 181, 182, 183, 184, -185, -186, -187, 188, 189, 190, -191, -192, 193, -194, 195, -196, 197, 198, 199, -200, -201, -202, 203, -204, 205, -206, -207, 208, 209, 210, 211, 212, 213, 214, 215, -216, 217, 218, 219, 220, 221, 222, -223, 224, 225, -226, 227, 228, 229, 230] 
sigma1: 3920, sigma2: 3549, zer0: 2935
Bias calculated: 0.5248359887535146
----------
Loop 5 of sampler_2_Net27_count_118.cnf:
----------
file was constructed with these [-113, -114, 115, 116, 117, -118, 119, 120, 121, 122, 123, 124, 125, 126, 127, -128, 129, -130, 131, 132, 133, -134, 135, -136, -137, 138, -139, -140, 141, 142, -143, -144, 145, -146, 147, -148, -149, -150, -151, 152, 153, 154, -155, 156, -157, -158, 159, -160, -161, -162, 163, 164, -165, 166, -167, -168, -169, -170, -171, 172, 173, 174, -175, -176, 177, 178, -179, 180, 181, -182, 183, -184, -185, 186, 187, -188, 189, -190, -191, -192, -193, -194, 195, -196, 197, 198, -199, 200, 201, 202, 203, -204, -205, 206, -207, 208, -209, 210, -211, 212, 213, 214, 215, 216, 217, 218, -219, -220, 221, -222, -223, -224, -225, -226, -227, 228, 229, 230], [113, 114, -115, 116, 117, 118, 119, -120, 121, 122, 123, -124, 125, 126, 127, 128, 129, -130, -131, 132, -133, 134, 135, 136, 137, 138, 139, 140, -141, -142, 143, 144, 145, 146, 147, 148, -149, 150, 151, 152, 153, -154, 155, 156, -157, 158, 159, -160, 161, -162, 163, -164, 165, 166, 167, 168, -169, -170, 171, 172, 173, 174, -175, -176, -177, 178, 179, 180, -181, 182, -183, 184, 185, -186, 187, 188, 189, -190, -191, -192, 193, 194, 195, 196, 197, 198, -199, 200, 201, 202, 203, 204, 205, 206, 207, 208, -209, -210, 211, -212, 213, 214, -215, 216, -217, -218, 219, -220, 221, 222, 223, 224, 225, -226, 227, 228, 229, 230] 
sigma1: 3184, sigma2: 3205, zer0: 4015
Bias calculated: 0.498356550320864
----------
Loop 6 of sampler_2_Net27_count_118.cnf:
----------
file was constructed with these [113, 114, 115, -116, -117, 118, -119, -120, 121, 122, -123, -124, 125, 126, -127, 128, 129, -130, 131, -132, -133, -134, -135, 136, 137, -138, -139, 140, 141, 142, 143, 144, -145, 146, -147, -148, -149, 150, -151, 152, -153, -154, 155, 156, 157, 158, 159, -160, 161, -162, 163, -164, -165, 166, 167, 168, 169, 170, 171, 172, -173, -174, -175, -176, 177, -178, -179, 180, 181, -182, -183, 184, -185, 186, 187, 188, -189, -190, -191, 192, -193, 194, 195, 196, -197, -198, -199, -200, -201, 202, 203, -204, 205, 206, 207, -208, 209, 210, 211, 212, -213, 214, -215, -216, -217, 218, -219, -220, 221, -222, -223, -224, 225, 226, 227, 228, -229, 230], [-113, -114, 115, -116, -117, 118, -119, 120, -121, 122, 123, 124, 125, 126, 127, 128, 129, -130, 131, 132, 133, 134, -135, -136, 137, 138, 139, -140, 141, 142, 143, 144, 145, 146, 147, -148, -149, -150, 151, -152, 153, -154, -155, -156, 157, -158, -159, 160, 161, 162, 163, 164, 165, 166, 167, -168, -169, 170, -171, 172, 173, 174, 175, -176, 177, -178, 179, 180, -181, -182, 183, 184, 185, -186, 187, 188, -189, 190, 191, -192, 193, 194, 195, 196, 197, 198, -199, 200, 201, -202, 203, 204, 205, 206, 207, 208, 209, 210, 211, 212, -213, 214, 215, -216, -217, -218, 219, 220, 221, 222, -223, 224, 225, 226, -227, 228, 229, -230] 
sigma1: 4697, sigma2: 2514, zer0: 3193
Bias calculated: 0.6513659686589932
Sampler: QuickSampler RejectIteration:6 TotalSolutionsGenerated:72835 TotalIdealSamples:7


 time taken : 97.30849719047546
