 t: 21 delta: 0.1
 eta: 0.1
 epsilon: 0.1
L: 0.55	 H: 0.6190476190476191	 Threshold T : 0.5845238095238096
numSolutions : 6232	 MaxSolutions : 10404

----------
Loop 0 of sampler_1_Net12_count_106.cnf:
----------
file was constructed with these [86, -87, 88, 89, 90, 91, -92, -93, 94, -95, -96, 97, -98, 99, 100, 101, -102, 103, -104, -105, 106, 107, 108, 109, -110, 111, -112, -113, -114, -115, 116, -117, 118, 119, 120, -121, -122, -123, -124, -125, 126, 127, 128, 129, -130, 131, -132, 133, -134, 135, -136, -137, -138, -139, -140, 141, -142, 143, -144, 145, 146, 147, 148, -149, 150, 151, 152, -153, -154, -155, -156, -157, -158, 159, -160, -161, 162, -163, -164, 165, -166, -167, 168, -169, -170, -171, -172, -173, 174, 175, -176, 177, 178, -179, -180, 181, 182, -183, 184, -185, 186, 187, -188, 189, -190, -191, 0], [-86, 87, 88, 89, 90, -91, 92, -93, -94, 95, 96, -97, 98, 99, -100, 101, 102, 103, -104, 105, -106, -107, -108, 109, 110, 111, 112, -113, 114, 115, -116, 117, -118, -119, 120, 121, -122, 123, -124, 125, -126, -127, -128, 129, 130, 131, -132, -133, -134, 135, 136, -137, 138, 139, 140, -141, 142, -143, 144, 145, -146, 147, -148, -149, 150, 151, 152, -153, -154, 155, -156, 157, 158, 159, -160, 161, 162, 163, 164, 165, -166, 167, 168, 169, 170, 171, -172, 173, 174, 175, 176, 177, 178, 179, 180, 181, -182, 183, 184, 185, 186, -187, 188, 189, -190, -191] 
sigma1: 3236, sigma2: 3400, zer0: 3768
Bias calculated: 0.48764315852923446
----------
Loop 1 of sampler_1_Net12_count_106.cnf:
----------
file was constructed with these [-86, -87, -88, 89, 90, 91, 92, -93, -94, -95, -96, -97, -98, -99, 100, -101, -102, -103, -104, -105, 106, -107, -108, 109, 110, 111, -112, -113, -114, 115, -116, 117, 118, -119, 120, 121, -122, -123, -124, 125, 126, 127, 128, -129, 130, 131, 132, -133, 134, 135, 136, -137, 138, 139, -140, 141, 142, 143, 144, 145, 146, 147, -148, -149, -150, -151, -152, 153, -154, -155, -156, -157, 158, -159, -160, 161, 162, 163, 164, 165, 166, -167, 168, -169, 170, -171, 172, -173, -174, -175, 176, -177, 178, -179, -180, 181, 182, 183, 184, 185, 186, -187, 188, -189, -190, 191, 0], [86, 87, 88, 89, -90, 91, -92, 93, 94, 95, 96, 97, 98, 99, 100, 101, 102, 103, 104, 105, 106, -107, 108, -109, -110, 111, 112, 113, 114, -115, -116, 117, -118, 119, 120, 121, -122, -123, 124, 125, -126, 127, -128, 129, -130, -131, 132, -133, 134, 135, 136, 137, 138, 139, 140, 141, 142, 143, -144, -145, 146, 147, -148, 149, 150, -151, 152, 153, 154, -155, -156, 157, -158, 159, 160, 161, -162, -163, 164, -165, -166, 167, 168, -169, 170, -171, 172, 173, 174, 175, 176, 177, 178, 179, -180, -181, 182, 183, 184, 185, 186, 187, 188, 189, 190, 191] 
sigma1: 3505, sigma2: 3405, zer0: 3494
Bias calculated: 0.5072358900144718
----------
Loop 2 of sampler_1_Net12_count_106.cnf:
----------
file was constructed with these [-86, -87, -88, 89, 90, 91, 92, -93, -94, -95, -96, -97, -98, -99, 100, -101, -102, -103, -104, -105, 106, -107, -108, 109, 110, 111, -112, -113, -114, 115, -116, 117, 118, -119, 120, 121, -122, -123, -124, 125, 126, 127, 128, -129, 130, 131, 132, -133, 134, 135, 136, -137, 138, 139, -140, 141, 142, 143, 144, 145, 146, 147, -148, -149, -150, -151, -152, 153, -154, -155, -156, -157, 158, -159, -160, 161, 162, 163, 164, 165, 166, -167, 168, -169, 170, -171, 172, -173, -174, -175, 176, -177, 178, -179, -180, 181, 182, 183, 184, 185, 186, -187, 188, -189, -190, 191, 0], [-86, 87, 88, 89, 90, 91, 92, -93, 94, -95, -96, -97, -98, -99, -100, 101, 102, -103, -104, 105, -106, -107, 108, 109, -110, 111, -112, 113, 114, -115, 116, 117, 118, 119, 120, -121, 122, 123, 124, 125, 126, -127, 128, 129, 130, 131, -132, 133, 134, 135, 136, 137, 138, 139, 140, -141, 142, 143, 144, 145, -146, 147, 148, 149, -150, 151, 152, 153, 154, -155, 156, 157, 158, 159, -160, 161, 162, -163, 164, -165, 166, 167, -168, 169, -170, 171, 172, 173, 174, 175, -176, 177, 178, -179, 180, -181, 182, 183, 184, 185, -186, 187, 188, 189, 190, -191] 
sigma1: 3707, sigma2: 3312, zer0: 3385
Bias calculated: 0.528137911383388
----------
Loop 3 of sampler_1_Net12_count_106.cnf:
----------
file was constructed with these [86, 87, -88, -89, 90, -91, 92, -93, 94, -95, -96, -97, 98, -99, -100, -101, -102, -103, 104, 105, -106, 107, -108, 109, 110, -111, 112, 113, 114, 115, 116, 117, 118, 119, 120, -121, 122, -123, -124, 125, -126, -127, -128, -129, 130, -131, -132, -133, -134, -135, 136, 137, 138, -139, 140, 141, -142, 143, -144, 145, -146, 147, 148, -149, -150, -151, -152, -153, 154, 155, -156, -157, -158, -159, -160, 161, -162, -163, -164, -165, -166, -167, -168, -169, -170, 171, 172, 173, -174, -175, -176, -177, 178, 179, -180, -181, -182, 183, 184, -185, 186, 187, -188, 189, 190, 191, 0], [86, 87, 88, 89, 90, 91, 92, 93, -94, 95, 96, -97, 98, -99, 100, 101, 102, 103, -104, 105, 106, 107, -108, 109, -110, -111, 112, 113, 114, -115, 116, 117, 118, 119, 120, 121, 122, 123, 124, 125, 126, -127, 128, 129, 130, 131, -132, 133, 134, -135, -136, -137, 138, 139, -140, -141, 142, 143, 144, 145, 146, -147, -148, 149, 150, 151, 152, -153, 154, -155, 156, -157, -158, 159, -160, 161, -162, 163, 164, -165, 166, 167, 168, -169, -170, -171, 172, -173, -174, -175, 176, -177, -178, 179, -180, 181, 182, -183, 184, 185, 186, -187, 188, 189, 190, 191] 
sigma1: 3477, sigma2: 3490, zer0: 3437
Bias calculated: 0.49906703028563226
----------
Loop 4 of sampler_1_Net12_count_106.cnf:
----------
file was constructed with these [86, -87, -88, -89, 90, -91, -92, -93, 94, 95, -96, -97, -98, 99, -100, -101, -102, 103, 104, -105, -106, -107, -108, 109, -110, 111, -112, -113, -114, 115, 116, -117, -118, 119, -120, -121, 122, 123, -124, -125, 126, 127, -128, -129, -130, -131, -132, 133, -134, 135, -136, 137, 138, -139, -140, -141, 142, 143, -144, 145, -146, -147, -148, -149, -150, -151, -152, -153, 154, 155, 156, 157, -158, -159, 160, -161, -162, 163, -164, 165, 166, 167, -168, -169, -170, 171, 172, -173, 174, -175, -176, 177, 178, 179, 180, -181, 182, 183, 184, -185, -186, 187, -188, 189, -190, 191, 0], [86, 87, -88, 89, 90, -91, 92, -93, 94, 95, -96, 97, -98, -99, 100, 101, -102, -103, -104, 105, -106, -107, -108, 109, -110, 111, -112, -113, -114, 115, 116, -117, -118, 119, -120, 121, 122, -123, -124, 125, -126, -127, -128, 129, -130, 131, 132, -133, -134, -135, 136, 137, -138, 139, 140, -141, 142, -143, 144, 145, 146, 147, 148, 149, 150, 151, -152, 153, 154, -155, 156, 157, 158, -159, -160, -161, 162, 163, 164, 165, 166, 167, 168, 169, -170, -171, 172, 173, -174, 175, 176, 177, -178, 179, 180, 181, -182, 183, 184, 185, -186, 187, -188, -189, 190, -191] 
sigma1: 3446, sigma2: 3408, zer0: 3550
Bias calculated: 0.5027721038809454
----------
Loop 5 of sampler_1_Net12_count_106.cnf:
----------
file was constructed with these [86, 87, -88, -89, 90, -91, 92, -93, 94, -95, -96, -97, 98, -99, -100, -101, -102, -103, 104, 105, -106, 107, -108, 109, 110, -111, 112, 113, 114, 115, 116, 117, 118, 119, 120, -121, 122, -123, -124, 125, -126, -127, -128, -129, 130, -131, -132, -133, -134, -135, 136, 137, 138, -139, 140, 141, -142, 143, -144, 145, -146, 147, 148, -149, -150, -151, -152, -153, 154, 155, -156, -157, -158, -159, -160, 161, -162, -163, -164, -165, -166, -167, -168, -169, -170, 171, 172, 173, -174, -175, -176, -177, 178, 179, -180, -181, -182, 183, 184, -185, 186, 187, -188, 189, 190, 191, 0], [86, 87, 88, 89, -90, 91, -92, 93, 94, 95, 96, 97, 98, 99, 100, -101, 102, 103, 104, 105, 106, 107, 108, -109, -110, -111, 112, 113, -114, 115, 116, 117, -118, 119, -120, -121, 122, 123, 124, -125, -126, 127, -128, -129, 130, -131, 132, 133, -134, 135, -136, 137, 138, 139, 140, 141, -142, 143, -144, -145, 146, 147, 148, 149, -150, 151, 152, -153, -154, -155, 156, 157, -158, -159, 160, 161, 162, -163, 164, 165, -166, 167, 168, 169, 170, 171, 172, 173, 174, 175, -176, -177, 178, -179, 180, -181, 182, 183, 184, 185, 186, -187, -188, -189, -190, 191] 
sigma1: 3539, sigma2: 3458, zer0: 3407
Bias calculated: 0.5057881949406888
----------
Loop 6 of sampler_1_Net12_count_106.cnf:
----------
file was constructed with these [86, -87, 88, 89, 90, 91, -92, -93, 94, -95, -96, 97, -98, 99, 100, 101, -102, 103, -104, -105, 106, 107, 108, 109, -110, 111, -112, -113, -114, -115, 116, -117, 118, 119, 120, -121, -122, -123, -124, -125, 126, 127, 128, 129, -130, 131, -132, 133, -134, 135, -136, -137, -138, -139, -140, 141, -142, 143, -144, 145, 146, 147, 148, -149, 150, 151, 152, -153, -154, -155, -156, -157, -158, 159, -160, -161, 162, -163, -164, 165, -166, -167, 168, -169, -170, -171, -172, -173, 174, 175, -176, 177, 178, -179, -180, 181, 182, -183, 184, -185, 186, 187, -188, 189, -190, -191, 0], [86, 87, 88, 89, 90, 91, 92, 93, 94, -95, 96, 97, 98, -99, 100, 101, 102, -103, 104, 105, 106, 107, -108, 109, -110, 111, -112, 113, 114, 115, -116, -117, 118, 119, 120, -121, -122, -123, -124, 125, 126, -127, 128, 129, -130, -131, 132, 133, 134, -135, 136, -137, 138, 139, -140, 141, 142, -143, 144, -145, -146, 147, 148, 149, 150, -151, 152, -153, 154, 155, 156, -157, 158, 159, 160, 161, -162, 163, 164, 165, 166, -167, 168, 169, 170, 171, -172, 173, 174, -175, -176, 177, 178, -179, 180, -181, 182, 183, 184, 185, 186, 187, 188, 189, 190, 191] 
sigma1: 3273, sigma2: 3356, zer0: 3775
Bias calculated: 0.49373962890330364
----------
Loop 7 of sampler_1_Net12_count_106.cnf:
----------
file was constructed with these [-86, -87, -88, -89, -90, 91, -92, -93, 94, -95, 96, 97, -98, -99, 100, 101, 102, 103, 104, 105, 106, -107, -108, -109, -110, -111, -112, 113, 114, 115, -116, -117, 118, 119, -120, 121, -122, -123, -124, -125, -126, 127, 128, -129, -130, 131, 132, -133, 134, 135, -136, -137, 138, 139, -140, -141, -142, -143, -144, -145, 146, 147, 148, -149, 150, -151, -152, -153, -154, 155, 156, 157, -158, 159, -160, -161, -162, 163, -164, 165, -166, 167, 168, -169, 170, -171, -172, -173, -174, 175, 176, 177, -178, -179, -180, -181, -182, -183, 184, 185, 186, -187, 188, 189, -190, -191, 0], [86, 87, 88, 89, -90, 91, 92, 93, 94, -95, -96, 97, 98, 99, -100, -101, 102, 103, 104, 105, -106, 107, 108, 109, -110, 111, 112, 113, -114, 115, 116, -117, -118, 119, 120, 121, -122, 123, 124, 125, 126, 127, 128, -129, -130, 131, -132, -133, -134, 135, 136, 137, -138, 139, 140, -141, 142, -143, 144, 145, 146, 147, 148, 149, 150, 151, 152, -153, 154, 155, -156, 157, 158, -159, 160, -161, 162, -163, 164, -165, 166, 167, 168, -169, -170, 171, -172, 173, -174, -175, 176, 177, 178, -179, -180, 181, 182, 183, 184, -185, -186, -187, 188, 189, 190, 191] 
sigma1: 3484, sigma2: 3421, zer0: 3499
Bias calculated: 0.5045619116582187
----------
Loop 8 of sampler_1_Net12_count_106.cnf:
----------
file was constructed with these [86, -87, 88, 89, 90, 91, -92, -93, 94, -95, -96, 97, -98, 99, 100, 101, -102, 103, -104, -105, 106, 107, 108, 109, -110, 111, -112, -113, -114, -115, 116, -117, 118, 119, 120, -121, -122, -123, -124, -125, 126, 127, 128, 129, -130, 131, -132, 133, -134, 135, -136, -137, -138, -139, -140, 141, -142, 143, -144, 145, 146, 147, 148, -149, 150, 151, 152, -153, -154, -155, -156, -157, -158, 159, -160, -161, 162, -163, -164, 165, -166, -167, 168, -169, -170, -171, -172, -173, 174, 175, -176, 177, 178, -179, -180, 181, 182, -183, 184, -185, 186, 187, -188, 189, -190, -191, 0], [86, 87, 88, 89, -90, 91, 92, 93, -94, 95, -96, -97, 98, 99, 100, 101, 102, 103, 104, 105, -106, 107, -108, 109, 110, -111, 112, 113, -114, -115, 116, 117, 118, 119, -120, -121, -122, -123, -124, 125, 126, 127, -128, 129, -130, -131, -132, 133, 134, 135, 136, 137, 138, -139, 140, -141, 142, -143, -144, 145, 146, -147, -148, -149, -150, 151, -152, 153, -154, 155, -156, 157, -158, 159, -160, -161, -162, -163, 164, 165, 166, -167, -168, -169, 170, 171, 172, -173, 174, 175, 176, 177, -178, 179, 180, 181, -182, 183, 184, 185, -186, 187, -188, -189, 190, -191] 
sigma1: 3663, sigma2: 3429, zer0: 3312
Bias calculated: 0.516497461928934
----------
Loop 9 of sampler_1_Net12_count_106.cnf:
----------
file was constructed with these [86, 87, -88, -89, 90, -91, 92, -93, 94, -95, -96, -97, 98, -99, -100, -101, -102, -103, 104, 105, -106, 107, -108, 109, 110, -111, 112, 113, 114, 115, 116, 117, 118, 119, 120, -121, 122, -123, -124, 125, -126, -127, -128, -129, 130, -131, -132, -133, -134, -135, 136, 137, 138, -139, 140, 141, -142, 143, -144, 145, -146, 147, 148, -149, -150, -151, -152, -153, 154, 155, -156, -157, -158, -159, -160, 161, -162, -163, -164, -165, -166, -167, -168, -169, -170, 171, 172, 173, -174, -175, -176, -177, 178, 179, -180, -181, -182, 183, 184, -185, 186, 187, -188, 189, 190, 191, 0], [86, 87, 88, 89, 90, 91, 92, 93, 94, 95, -96, 97, 98, 99, 100, 101, 102, 103, 104, 105, 106, -107, -108, 109, -110, 111, 112, 113, 114, 115, 116, 117, -118, 119, 120, 121, -122, 123, -124, 125, 126, 127, 128, 129, 130, 131, 132, 133, -134, 135, 136, 137, 138, 139, -140, -141, 142, 143, -144, 145, -146, -147, -148, -149, 150, -151, -152, 153, 154, -155, 156, 157, -158, -159, 160, 161, 162, 163, 164, 165, 166, 167, 168, 169, 170, 171, 172, 173, -174, 175, 176, 177, 178, 179, -180, -181, 182, 183, 184, 185, -186, 187, 188, 189, 190, -191] 
sigma1: 3422, sigma2: 3326, zer0: 3656
Bias calculated: 0.507113218731476
----------
Loop 10 of sampler_1_Net12_count_106.cnf:
----------
file was constructed with these [86, -87, 88, 89, 90, 91, -92, -93, 94, -95, -96, 97, -98, 99, 100, 101, -102, 103, -104, -105, 106, 107, 108, 109, -110, 111, -112, -113, -114, -115, 116, -117, 118, 119, 120, -121, -122, -123, -124, -125, 126, 127, 128, 129, -130, 131, -132, 133, -134, 135, -136, -137, -138, -139, -140, 141, -142, 143, -144, 145, 146, 147, 148, -149, 150, 151, 152, -153, -154, -155, -156, -157, -158, 159, -160, -161, 162, -163, -164, 165, -166, -167, 168, -169, -170, -171, -172, -173, 174, 175, -176, 177, 178, -179, -180, 181, 182, -183, 184, -185, 186, 187, -188, 189, -190, -191, 0], [86, 87, 88, 89, 90, 91, 92, 93, 94, 95, 96, 97, 98, -99, -100, -101, 102, -103, 104, 105, 106, -107, 108, 109, 110, -111, -112, 113, 114, 115, 116, 117, -118, -119, -120, 121, 122, -123, -124, 125, -126, 127, 128, -129, 130, -131, -132, 133, 134, 135, -136, 137, -138, 139, 140, 141, -142, 143, -144, -145, 146, 147, 148, 149, 150, 151, 152, 153, 154, 155, 156, 157, 158, 159, -160, 161, -162, 163, 164, -165, -166, 167, 168, 169, -170, 171, 172, 173, 174, 175, 176, 177, 178, 179, 180, -181, 182, -183, -184, -185, -186, 187, 188, 189, 190, -191] 
sigma1: 3449, sigma2: 3426, zer0: 3529
Bias calculated: 0.5016727272727273
----------
Loop 11 of sampler_1_Net12_count_106.cnf:
----------
file was constructed with these [-86, -87, -88, -89, -90, 91, 92, 93, 94, -95, 96, 97, 98, 99, 100, -101, -102, -103, 104, -105, -106, 107, -108, -109, 110, 111, -112, -113, -114, -115, -116, 117, 118, 119, 120, 121, -122, -123, 124, 125, 126, 127, -128, 129, -130, -131, 132, -133, 134, 135, 136, 137, -138, 139, -140, 141, 142, 143, 144, 145, -146, 147, 148, -149, 150, -151, 152, -153, -154, -155, 156, -157, 158, -159, 160, -161, 162, -163, -164, 165, -166, -167, -168, -169, -170, -171, 172, -173, 174, 175, 176, 177, 178, -179, -180, -181, -182, -183, -184, -185, 186, -187, -188, -189, -190, 191, 0], [86, -87, 88, 89, 90, -91, -92, 93, -94, 95, 96, 97, -98, 99, 100, 101, -102, 103, 104, -105, 106, -107, -108, 109, -110, -111, -112, 113, 114, 115, 116, -117, -118, 119, 120, 121, 122, 123, -124, 125, 126, 127, 128, 129, -130, 131, 132, 133, 134, -135, -136, 137, -138, -139, 140, 141, 142, 143, -144, -145, -146, -147, 148, -149, 150, 151, 152, -153, -154, 155, 156, 157, -158, 159, 160, 161, 162, 163, -164, -165, 166, -167, 168, 169, 170, 171, 172, 173, 174, -175, 176, -177, 178, 179, -180, 181, 182, 183, -184, 185, 186, -187, -188, -189, 190, -191] 
sigma1: 3569, sigma2: 3594, zer0: 3241
Bias calculated: 0.49825492112243475
----------
Loop 12 of sampler_1_Net12_count_106.cnf:
----------
file was constructed with these [-86, 87, -88, -89, 90, 91, -92, -93, 94, 95, -96, -97, -98, -99, 100, -101, 102, 103, -104, -105, 106, 107, -108, 109, -110, -111, -112, 113, -114, -115, -116, -117, 118, 119, -120, -121, -122, 123, -124, -125, 126, -127, 128, 129, 130, -131, 132, -133, 134, 135, -136, 137, 138, 139, -140, 141, -142, -143, -144, 145, -146, 147, 148, 149, -150, -151, 152, 153, 154, 155, -156, -157, 158, -159, -160, 161, 162, -163, 164, -165, 166, -167, -168, -169, 170, -171, -172, 173, 174, 175, -176, 177, -178, 179, 180, 181, -182, 183, 184, -185, 186, -187, 188, 189, 190, 191, 0], [86, 87, 88, 89, 90, 91, 92, 93, 94, 95, -96, 97, 98, 99, 100, 101, 102, 103, 104, 105, 106, 107, 108, 109, -110, 111, 112, 113, -114, -115, -116, 117, 118, 119, 120, -121, 122, 123, 124, -125, -126, 127, 128, 129, -130, 131, -132, -133, 134, 135, 136, -137, 138, 139, -140, 141, 142, 143, -144, -145, -146, -147, 148, -149, -150, 151, 152, 153, -154, 155, 156, -157, -158, 159, 160, -161, -162, 163, -164, 165, 166, 167, 168, -169, 170, 171, 172, 173, -174, -175, -176, 177, 178, 179, -180, 181, 182, 183, -184, 185, -186, 187, -188, 189, -190, 191] 
sigma1: 3578, sigma2: 3197, zer0: 3629
Bias calculated: 0.5281180811808118
----------
Loop 13 of sampler_1_Net12_count_106.cnf:
----------
file was constructed with these [86, -87, 88, 89, 90, 91, -92, -93, 94, -95, -96, 97, -98, 99, 100, 101, -102, 103, -104, -105, 106, 107, 108, 109, -110, 111, -112, -113, -114, -115, 116, -117, 118, 119, 120, -121, -122, -123, -124, -125, 126, 127, 128, 129, -130, 131, -132, 133, -134, 135, -136, -137, -138, -139, -140, 141, -142, 143, -144, 145, 146, 147, 148, -149, 150, 151, 152, -153, -154, -155, -156, -157, -158, 159, -160, -161, 162, -163, -164, 165, -166, -167, 168, -169, -170, -171, -172, -173, 174, 175, -176, 177, 178, -179, -180, 181, 182, -183, 184, -185, 186, 187, -188, 189, -190, -191, 0], [86, 87, 88, 89, 90, -91, 92, 93, 94, 95, 96, -97, -98, -99, -100, 101, 102, 103, -104, 105, 106, 107, -108, 109, -110, 111, 112, -113, 114, -115, 116, -117, 118, 119, 120, 121, 122, -123, -124, 125, -126, 127, -128, -129, 130, 131, -132, 133, 134, 135, 136, -137, 138, 139, 140, 141, -142, 143, 144, 145, -146, -147, 148, 149, -150, 151, -152, 153, -154, 155, -156, 157, 158, -159, 160, 161, 162, -163, -164, 165, 166, 167, 168, -169, -170, 171, 172, 173, 174, -175, -176, -177, 178, 179, 180, -181, 182, 183, -184, 185, -186, 187, -188, -189, 190, -191] 
sigma1: 3319, sigma2: 3522, zer0: 3563
Bias calculated: 0.48516298786727086
----------
Loop 14 of sampler_1_Net12_count_106.cnf:
----------
file was constructed with these [-86, -87, -88, -89, -90, 91, 92, 93, 94, -95, 96, 97, 98, 99, 100, -101, -102, -103, 104, -105, -106, 107, -108, -109, 110, 111, -112, -113, -114, -115, -116, 117, 118, 119, 120, 121, -122, -123, 124, 125, 126, 127, -128, 129, -130, -131, 132, -133, 134, 135, 136, 137, -138, 139, -140, 141, 142, 143, 144, 145, -146, 147, 148, -149, 150, -151, 152, -153, -154, -155, 156, -157, 158, -159, 160, -161, 162, -163, -164, 165, -166, -167, -168, -169, -170, -171, 172, -173, 174, 175, 176, 177, 178, -179, -180, -181, -182, -183, -184, -185, 186, -187, -188, -189, -190, 191, 0], [86, 87, 88, 89, 90, 91, 92, 93, 94, 95, -96, 97, 98, -99, 100, -101, 102, 103, 104, 105, 106, 107, 108, 109, 110, 111, 112, -113, 114, 115, 116, 117, 118, -119, 120, 121, 122, 123, -124, 125, -126, 127, 128, -129, 130, 131, 132, 133, 134, 135, 136, 137, 138, 139, -140, 141, -142, 143, 144, 145, 146, 147, 148, 149, 150, -151, 152, 153, -154, 155, 156, -157, 158, 159, 160, 161, 162, 163, 164, -165, -166, 167, 168, 169, 170, 171, 172, 173, 174, 175, 176, 177, 178, 179, 180, 181, 182, 183, 184, 185, 186, 187, 188, 189, 190, 191] 
sigma1: 3682, sigma2: 3304, zer0: 3418
Bias calculated: 0.5270541082164328
----------
Loop 15 of sampler_1_Net12_count_106.cnf:
----------
file was constructed with these [-86, -87, -88, -89, -90, 91, -92, -93, 94, -95, 96, 97, -98, -99, 100, 101, 102, 103, 104, 105, 106, -107, -108, -109, -110, -111, -112, 113, 114, 115, -116, -117, 118, 119, -120, 121, -122, -123, -124, -125, -126, 127, 128, -129, -130, 131, 132, -133, 134, 135, -136, -137, 138, 139, -140, -141, -142, -143, -144, -145, 146, 147, 148, -149, 150, -151, -152, -153, -154, 155, 156, 157, -158, 159, -160, -161, -162, 163, -164, 165, -166, 167, 168, -169, 170, -171, -172, -173, -174, 175, 176, 177, -178, -179, -180, -181, -182, -183, 184, 185, 186, -187, 188, 189, -190, -191, 0], [-86, 87, 88, -89, 90, -91, -92, -93, -94, 95, 96, 97, 98, 99, -100, -101, 102, 103, -104, 105, 106, 107, -108, 109, 110, -111, -112, 113, -114, 115, 116, 117, -118, -119, -120, -121, 122, 123, 124, 125, -126, 127, -128, 129, 130, -131, 132, -133, -134, -135, 136, 137, -138, -139, -140, -141, -142, 143, 144, 145, 146, -147, 148, 149, -150, -151, -152, -153, -154, 155, 156, -157, -158, 159, 160, 161, 162, 163, 164, 165, -166, 167, 168, 169, -170, -171, 172, 173, -174, 175, 176, -177, 178, 179, -180, 181, 182, -183, 184, -185, 186, 187, -188, -189, -190, 191] 
sigma1: 3540, sigma2: 3447, zer0: 3417
Bias calculated: 0.506655216831258
----------
Loop 16 of sampler_1_Net12_count_106.cnf:
----------
file was constructed with these [-86, -87, -88, -89, -90, 91, 92, 93, 94, -95, 96, 97, 98, 99, 100, -101, -102, -103, 104, -105, -106, 107, -108, -109, 110, 111, -112, -113, -114, -115, -116, 117, 118, 119, 120, 121, -122, -123, 124, 125, 126, 127, -128, 129, -130, -131, 132, -133, 134, 135, 136, 137, -138, 139, -140, 141, 142, 143, 144, 145, -146, 147, 148, -149, 150, -151, 152, -153, -154, -155, 156, -157, 158, -159, 160, -161, 162, -163, -164, 165, -166, -167, -168, -169, -170, -171, 172, -173, 174, 175, 176, 177, 178, -179, -180, -181, -182, -183, -184, -185, 186, -187, -188, -189, -190, 191, 0], [86, -87, -88, 89, -90, 91, -92, -93, 94, -95, 96, 97, 98, -99, -100, 101, 102, -103, 104, 105, -106, 107, 108, -109, 110, -111, 112, 113, -114, 115, 116, -117, -118, 119, 120, -121, 122, 123, 124, -125, 126, 127, 128, 129, 130, 131, 132, 133, -134, 135, 136, -137, -138, 139, -140, -141, 142, 143, -144, -145, -146, 147, -148, 149, 150, 151, -152, -153, 154, 155, 156, -157, -158, -159, 160, 161, 162, 163, 164, -165, 166, 167, 168, -169, -170, -171, 172, 173, 174, 175, -176, 177, 178, -179, 180, 181, 182, -183, -184, 185, 186, 187, -188, 189, 190, 191] 
sigma1: 3341, sigma2: 3312, zer0: 3751
Bias calculated: 0.5021794679092139
----------
Loop 17 of sampler_1_Net12_count_106.cnf:
----------
file was constructed with these [86, -87, -88, -89, 90, -91, -92, -93, 94, 95, -96, -97, -98, 99, -100, -101, -102, 103, 104, -105, -106, -107, -108, 109, -110, 111, -112, -113, -114, 115, 116, -117, -118, 119, -120, -121, 122, 123, -124, -125, 126, 127, -128, -129, -130, -131, -132, 133, -134, 135, -136, 137, 138, -139, -140, -141, 142, 143, -144, 145, -146, -147, -148, -149, -150, -151, -152, -153, 154, 155, 156, 157, -158, -159, 160, -161, -162, 163, -164, 165, 166, 167, -168, -169, -170, 171, 172, -173, 174, -175, -176, 177, 178, 179, 180, -181, 182, 183, 184, -185, -186, 187, -188, 189, -190, 191, 0], [86, 87, 88, 89, -90, 91, -92, 93, 94, 95, 96, -97, 98, 99, 100, 101, 102, 103, -104, -105, 106, 107, 108, -109, -110, 111, 112, 113, 114, 115, 116, 117, -118, -119, 120, 121, 122, 123, 124, -125, -126, 127, 128, -129, -130, 131, 132, 133, 134, -135, 136, 137, 138, 139, 140, 141, 142, 143, 144, 145, 146, 147, -148, -149, -150, 151, 152, 153, 154, -155, 156, -157, -158, 159, 160, 161, 162, 163, 164, 165, -166, 167, 168, -169, -170, 171, 172, 173, 174, -175, 176, -177, -178, -179, -180, 181, 182, 183, -184, 185, 186, 187, 188, 189, 190, -191] 
sigma1: 3478, sigma2: 3828, zer0: 3098
Bias calculated: 0.4760470845880099
----------
Loop 18 of sampler_1_Net12_count_106.cnf:
----------
file was constructed with these [86, -87, 88, 89, 90, 91, -92, -93, 94, -95, -96, 97, -98, 99, 100, 101, -102, 103, -104, -105, 106, 107, 108, 109, -110, 111, -112, -113, -114, -115, 116, -117, 118, 119, 120, -121, -122, -123, -124, -125, 126, 127, 128, 129, -130, 131, -132, 133, -134, 135, -136, -137, -138, -139, -140, 141, -142, 143, -144, 145, 146, 147, 148, -149, 150, 151, 152, -153, -154, -155, -156, -157, -158, 159, -160, -161, 162, -163, -164, 165, -166, -167, 168, -169, -170, -171, -172, -173, 174, 175, -176, 177, 178, -179, -180, 181, 182, -183, 184, -185, 186, 187, -188, 189, -190, -191, 0], [-86, 87, -88, -89, 90, 91, 92, 93, 94, 95, 96, -97, -98, -99, 100, -101, -102, 103, -104, -105, 106, -107, 108, 109, 110, 111, -112, 113, -114, 115, 116, -117, 118, 119, 120, 121, 122, 123, 124, -125, 126, 127, 128, 129, 130, -131, 132, 133, 134, -135, 136, 137, -138, 139, 140, -141, -142, -143, 144, 145, 146, 147, 148, 149, 150, 151, -152, 153, 154, -155, 156, -157, -158, -159, 160, -161, 162, 163, -164, 165, 166, 167, 168, -169, 170, 171, 172, 173, -174, 175, 176, 177, 178, -179, -180, 181, 182, 183, 184, 185, 186, -187, 188, 189, 190, 191] 
sigma1: 3288, sigma2: 3763, zer0: 3353
Bias calculated: 0.46631683449156147
----------
Loop 19 of sampler_1_Net12_count_106.cnf:
----------
file was constructed with these [86, -87, 88, 89, 90, 91, -92, -93, 94, -95, -96, 97, -98, 99, 100, 101, -102, 103, -104, -105, 106, 107, 108, 109, -110, 111, -112, -113, -114, -115, 116, -117, 118, 119, 120, -121, -122, -123, -124, -125, 126, 127, 128, 129, -130, 131, -132, 133, -134, 135, -136, -137, -138, -139, -140, 141, -142, 143, -144, 145, 146, 147, 148, -149, 150, 151, 152, -153, -154, -155, -156, -157, -158, 159, -160, -161, 162, -163, -164, 165, -166, -167, 168, -169, -170, -171, -172, -173, 174, 175, -176, 177, 178, -179, -180, 181, 182, -183, 184, -185, 186, 187, -188, 189, -190, -191, 0], [86, -87, 88, 89, 90, 91, 92, 93, -94, 95, 96, -97, 98, 99, -100, 101, -102, -103, -104, 105, 106, -107, 108, 109, -110, -111, 112, -113, 114, 115, 116, 117, 118, 119, -120, 121, 122, -123, 124, -125, 126, 127, -128, 129, 130, -131, 132, 133, 134, -135, 136, 137, -138, 139, -140, 141, -142, -143, 144, -145, -146, -147, 148, 149, 150, 151, -152, 153, 154, -155, -156, 157, 158, 159, 160, 161, 162, 163, -164, 165, 166, 167, 168, -169, -170, -171, 172, -173, 174, -175, 176, -177, -178, 179, -180, 181, 182, 183, 184, 185, 186, -187, 188, 189, 190, -191] 
sigma1: 3574, sigma2: 3524, zer0: 3306
Bias calculated: 0.5035221189067343
----------
Loop 20 of sampler_1_Net12_count_106.cnf:
----------
file was constructed with these [-86, -87, -88, 89, 90, 91, 92, -93, -94, -95, -96, -97, -98, -99, 100, -101, -102, -103, -104, -105, 106, -107, -108, 109, 110, 111, -112, -113, -114, 115, -116, 117, 118, -119, 120, 121, -122, -123, -124, 125, 126, 127, 128, -129, 130, 131, 132, -133, 134, 135, 136, -137, 138, 139, -140, 141, 142, 143, 144, 145, 146, 147, -148, -149, -150, -151, -152, 153, -154, -155, -156, -157, 158, -159, -160, 161, 162, 163, 164, 165, 166, -167, 168, -169, 170, -171, 172, -173, -174, -175, 176, -177, 178, -179, -180, 181, 182, 183, 184, 185, 186, -187, 188, -189, -190, 191, 0], [86, 87, 88, 89, 90, 91, 92, 93, 94, -95, 96, 97, 98, 99, 100, 101, 102, 103, -104, -105, 106, -107, -108, -109, -110, 111, 112, -113, 114, 115, 116, -117, 118, 119, -120, 121, 122, 123, 124, -125, 126, 127, 128, 129, 130, -131, 132, 133, 134, 135, -136, 137, -138, -139, 140, 141, 142, 143, -144, -145, -146, -147, 148, 149, 150, -151, -152, 153, 154, 155, -156, 157, 158, 159, 160, -161, 162, 163, -164, -165, -166, 167, -168, -169, -170, 171, 172, -173, -174, -175, -176, 177, 178, 179, 180, 181, -182, -183, 184, -185, -186, 187, 188, 189, -190, -191] 
sigma1: 3254, sigma2: 3761, zer0: 3389
Bias calculated: 0.4638631503920171
Sampler: UniGen3 Accept:1 TotalSolutionsGenerated: 218505 TotalIdealSamples: 21


 time taken : 709.3824667930603
